[ 2016-02-20T12:03:03+08:00 ] ::1 /mailist_tp/index.php/Home/Index/index
INFO: [ app_init ] --START--
INFO: Run Behavior\BuildLiteBehavior [ RunTime:0.000093s ]
INFO: [ app_init ] --END-- [ RunTime:0.005220s ]
INFO: [ app_begin ] --START--
INFO: Run Behavior\ReadHtmlCacheBehavior [ RunTime:0.005389s ]
INFO: [ app_begin ] --END-- [ RunTime:0.005854s ]
INFO: [ view_parse ] --START--
INFO: [ template_filter ] --START--
INFO: Run Behavior\ContentReplaceBehavior [ RunTime:0.000308s ]
INFO: [ template_filter ] --END-- [ RunTime:0.000738s ]
INFO: Run Behavior\ParseTemplateBehavior [ RunTime:0.064842s ]
INFO: [ view_parse ] --END-- [ RunTime:0.065265s ]
INFO: [ view_filter ] --START--
INFO: Run Behavior\WriteHtmlCacheBehavior [ RunTime:0.006344s ]
INFO: [ view_filter ] --END-- [ RunTime:0.006868s ]
INFO: [ app_end ] --START--
INFO: Run Behavior\ShowPageTraceBehavior [ RunTime:0.013998s ]
INFO: [ app_end ] --END-- [ RunTime:0.014746s ]

[ 2016-02-20T12:03:04+08:00 ] ::1 /mailist_tp/index.php/Home/Index/imglist/%E6%98%8E%E6%98%9F%E3%83%AD%E3%82%B1%E3%83%83%E3%83%88.png
INFO: [ app_init ] --START--
INFO: Run Behavior\BuildLiteBehavior [ RunTime:0.000150s ]
INFO: [ app_init ] --END-- [ RunTime:0.001278s ]

[ 2016-02-20T12:03:04+08:00 ] ::1 /mailist_tp/index.php/Home/Index/readlist
INFO: [ app_init ] --START--
INFO: Run Behavior\BuildLiteBehavior [ RunTime:0.000155s ]
INFO: [ app_init ] --END-- [ RunTime:0.001381s ]
INFO: [ app_begin ] --START--
INFO: Run Behavior\ReadHtmlCacheBehavior [ RunTime:0.000957s ]
INFO: [ app_begin ] --END-- [ RunTime:0.001914s ]
SQL: SHOW COLUMNS FROM `maidata` [ RunTime:0.0178s ]
SQL: SELECT * FROM `maidata` WHERE `track_type` = 'JOYPOLIS'  [ RunTime:0.0030s ]

[ 2016-02-20T12:03:04+08:00 ] ::1 /mailist_tp/index.php/Home/Index/readlist
INFO: [ app_init ] --START--
INFO: Run Behavior\BuildLiteBehavior [ RunTime:0.000202s ]
INFO: [ app_init ] --END-- [ RunTime:0.001542s ]
INFO: [ app_begin ] --START--
INFO: Run Behavior\ReadHtmlCacheBehavior [ RunTime:0.000902s ]
INFO: [ app_begin ] --END-- [ RunTime:0.001912s ]
SQL: SHOW COLUMNS FROM `maidata` [ RunTime:0.0058s ]
SQL: SELECT * FROM `maidata` WHERE `track_type` = 'COLLABO'  [ RunTime:0.0019s ]

[ 2016-02-20T12:03:04+08:00 ] ::1 /mailist_tp/index.php/Home/Index/readlist
INFO: [ app_init ] --START--
INFO: Run Behavior\BuildLiteBehavior [ RunTime:0.000187s ]
INFO: [ app_init ] --END-- [ RunTime:0.002151s ]
INFO: [ app_begin ] --START--
INFO: Run Behavior\ReadHtmlCacheBehavior [ RunTime:0.001241s ]
INFO: [ app_begin ] --END-- [ RunTime:0.002464s ]
SQL: SHOW COLUMNS FROM `maidata` [ RunTime:0.0045s ]
SQL: SELECT * FROM `maidata` WHERE `track_type` = 'ANIME'  [ RunTime:0.0024s ]

[ 2016-02-20T12:03:04+08:00 ] ::1 /mailist_tp/index.php/Home/Index/readlist
INFO: [ app_init ] --START--
INFO: Run Behavior\BuildLiteBehavior [ RunTime:0.000357s ]
INFO: [ app_init ] --END-- [ RunTime:0.001628s ]
INFO: [ app_begin ] --START--
INFO: Run Behavior\ReadHtmlCacheBehavior [ RunTime:0.001178s ]
INFO: [ app_begin ] --END-- [ RunTime:0.002356s ]
SQL: SHOW COLUMNS FROM `maidata` [ RunTime:0.0059s ]
SQL: SELECT * FROM `maidata` WHERE `track_type` = 'niconico'  [ RunTime:0.0026s ]

[ 2016-02-20T12:03:04+08:00 ] ::1 /mailist_tp/index.php/Home/Index/readlist
INFO: [ app_init ] --START--
INFO: Run Behavior\BuildLiteBehavior [ RunTime:0.000160s ]
INFO: [ app_init ] --END-- [ RunTime:0.001607s ]
INFO: [ app_begin ] --START--
INFO: Run Behavior\ReadHtmlCacheBehavior [ RunTime:0.000932s ]
INFO: [ app_begin ] --END-- [ RunTime:0.001508s ]
SQL: SHOW COLUMNS FROM `maidata` [ RunTime:0.0044s ]
SQL: SELECT * FROM `maidata` WHERE `track_type` = '東方project'  [ RunTime:0.0016s ]

[ 2016-02-20T12:03:04+08:00 ] ::1 /mailist_tp/index.php/Home/Index/readlist
INFO: [ app_init ] --START--
INFO: Run Behavior\BuildLiteBehavior [ RunTime:0.000338s ]
INFO: [ app_init ] --END-- [ RunTime:0.004022s ]
INFO: [ app_begin ] --START--
INFO: Run Behavior\ReadHtmlCacheBehavior [ RunTime:0.000948s ]
INFO: [ app_begin ] --END-- [ RunTime:0.001629s ]
SQL: SHOW COLUMNS FROM `maidata` [ RunTime:0.0048s ]
SQL: SELECT * FROM `maidata` WHERE `track_type` = 'GAME'  [ RunTime:0.0022s ]

[ 2016-02-20T12:03:04+08:00 ] ::1 /mailist_tp/index.php/Home/Index/readlist
INFO: [ app_init ] --START--
INFO: Run Behavior\BuildLiteBehavior [ RunTime:0.000198s ]
INFO: [ app_init ] --END-- [ RunTime:0.001853s ]
INFO: [ app_begin ] --START--
INFO: Run Behavior\ReadHtmlCacheBehavior [ RunTime:0.000878s ]
INFO: [ app_begin ] --END-- [ RunTime:0.001585s ]
SQL: SHOW COLUMNS FROM `maidata` [ RunTime:0.0061s ]
SQL: SELECT * FROM `maidata` WHERE `track_type` = 'ORIGINAL'  [ RunTime:0.0020s ]

[ 2016-02-20T12:03:04+08:00 ] ::1 /mailist_tp/index.php/Home/Index/readlist
INFO: [ app_init ] --START--
INFO: Run Behavior\BuildLiteBehavior [ RunTime:0.000165s ]
INFO: [ app_init ] --END-- [ RunTime:0.001365s ]
INFO: [ app_begin ] --START--
INFO: Run Behavior\ReadHtmlCacheBehavior [ RunTime:0.001333s ]
INFO: [ app_begin ] --END-- [ RunTime:0.002125s ]
SQL: SHOW COLUMNS FROM `maidata` [ RunTime:0.0061s ]
SQL: SELECT * FROM `maidata` WHERE `track_type` = 'POPS'  [ RunTime:0.0017s ]

[ 2016-02-20T12:03:04+08:00 ] ::1 /mailist_tp/index.php/Home/Index/readlist
INFO: [ app_init ] --START--
INFO: Run Behavior\BuildLiteBehavior [ RunTime:0.000207s ]
INFO: [ app_init ] --END-- [ RunTime:0.001406s ]
INFO: [ app_begin ] --START--
INFO: Run Behavior\ReadHtmlCacheBehavior [ RunTime:0.001381s ]
INFO: [ app_begin ] --END-- [ RunTime:0.002225s ]
SQL: SHOW COLUMNS FROM `maidata` [ RunTime:0.0096s ]
SQL: SELECT * FROM `maidata` WHERE `track_type` = 'VARIETY'  [ RunTime:0.0020s ]

[ 2016-02-20T12:03:06+08:00 ] ::1 /mailist_tp/index.php/Home/Index/detail/id/247
INFO: [ app_init ] --START--
INFO: Run Behavior\BuildLiteBehavior [ RunTime:0.000081s ]
INFO: [ app_init ] --END-- [ RunTime:0.000780s ]
INFO: [ app_begin ] --START--
INFO: Run Behavior\ReadHtmlCacheBehavior [ RunTime:0.000614s ]
INFO: [ app_begin ] --END-- [ RunTime:0.001015s ]
SQL: SHOW COLUMNS FROM `maidata` [ RunTime:0.0061s ]
SQL: SELECT * FROM `maidata` WHERE `id` = 247 LIMIT 1   [ RunTime:0.0005s ]
INFO: [ view_parse ] --START--
INFO: [ template_filter ] --START--
INFO: Run Behavior\ContentReplaceBehavior [ RunTime:0.000264s ]
INFO: [ template_filter ] --END-- [ RunTime:0.000701s ]
INFO: Run Behavior\ParseTemplateBehavior [ RunTime:0.087930s ]
INFO: [ view_parse ] --END-- [ RunTime:0.088520s ]
INFO: [ view_filter ] --START--
INFO: Run Behavior\WriteHtmlCacheBehavior [ RunTime:0.000477s ]
INFO: [ view_filter ] --END-- [ RunTime:0.001025s ]
INFO: [ app_end ] --START--
INFO: Run Behavior\ShowPageTraceBehavior [ RunTime:0.000856s ]
INFO: [ app_end ] --END-- [ RunTime:0.001411s ]

[ 2016-02-20T12:03:06+08:00 ] ::1 /mailist_tp/index.php/Home/Index/get_res
INFO: [ app_init ] --START--
INFO: Run Behavior\BuildLiteBehavior [ RunTime:0.000202s ]
INFO: [ app_init ] --END-- [ RunTime:0.001423s ]
INFO: [ app_begin ] --START--
INFO: Run Behavior\ReadHtmlCacheBehavior [ RunTime:0.000802s ]
INFO: [ app_begin ] --END-- [ RunTime:0.001350s ]
SQL: SHOW COLUMNS FROM `mai_res` [ RunTime:0.0078s ]
SQL: SELECT * FROM `mai_res` WHERE `maidata_id` = 247  [ RunTime:0.0007s ]

[ 2016-02-20T12:03:08+08:00 ] ::1 /mailist_tp/index.php/Home/Index/readlist
INFO: [ app_init ] --START--
INFO: Run Behavior\BuildLiteBehavior [ RunTime:0.000157s ]
INFO: [ app_init ] --END-- [ RunTime:0.001381s ]
INFO: [ app_begin ] --START--
INFO: Run Behavior\ReadHtmlCacheBehavior [ RunTime:0.000999s ]
INFO: [ app_begin ] --END-- [ RunTime:0.004131s ]
SQL: SHOW COLUMNS FROM `maidata` [ RunTime:0.0073s ]
SQL: SELECT * FROM `maidata` WHERE `track_type` = 'ANIME'  [ RunTime:0.0013s ]

[ 2016-02-20T12:03:08+08:00 ] ::1 /mailist_tp/index.php/Home/Index/readlist
INFO: [ app_init ] --START--
INFO: Run Behavior\BuildLiteBehavior [ RunTime:0.000147s ]
INFO: [ app_init ] --END-- [ RunTime:0.003217s ]
INFO: [ app_begin ] --START--
INFO: Run Behavior\ReadHtmlCacheBehavior [ RunTime:0.000805s ]
INFO: [ app_begin ] --END-- [ RunTime:0.001484s ]
SQL: SHOW COLUMNS FROM `maidata` [ RunTime:0.0103s ]
SQL: SELECT * FROM `maidata` WHERE `track_type` = 'JOYPOLIS'  [ RunTime:0.0025s ]

[ 2016-02-20T12:03:08+08:00 ] ::1 /mailist_tp/index.php/Home/Index/readlist
INFO: [ app_init ] --START--
INFO: Run Behavior\BuildLiteBehavior [ RunTime:0.000168s ]
INFO: [ app_init ] --END-- [ RunTime:0.005617s ]
INFO: [ app_begin ] --START--
INFO: Run Behavior\ReadHtmlCacheBehavior [ RunTime:0.000791s ]
INFO: [ app_begin ] --END-- [ RunTime:0.001417s ]
SQL: SHOW COLUMNS FROM `maidata` [ RunTime:0.0045s ]
SQL: SELECT * FROM `maidata` WHERE `track_type` = 'niconico'  [ RunTime:0.0022s ]

[ 2016-02-20T12:03:08+08:00 ] ::1 /mailist_tp/index.php/Home/Index/readlist
INFO: [ app_init ] --START--
INFO: Run Behavior\BuildLiteBehavior [ RunTime:0.000168s ]
INFO: [ app_init ] --END-- [ RunTime:0.001631s ]
INFO: [ app_begin ] --START--
INFO: Run Behavior\ReadHtmlCacheBehavior [ RunTime:0.000805s ]
INFO: [ app_begin ] --END-- [ RunTime:0.001483s ]
SQL: SHOW COLUMNS FROM `maidata` [ RunTime:0.0050s ]
SQL: SELECT * FROM `maidata` WHERE `track_type` = 'GAME'  [ RunTime:0.0023s ]

[ 2016-02-20T12:03:08+08:00 ] ::1 /mailist_tp/index.php/Home/Index/readlist
INFO: [ app_init ] --START--
INFO: Run Behavior\BuildLiteBehavior [ RunTime:0.000154s ]
INFO: [ app_init ] --END-- [ RunTime:0.001357s ]
INFO: [ app_begin ] --START--
INFO: Run Behavior\ReadHtmlCacheBehavior [ RunTime:0.000665s ]
INFO: [ app_begin ] --END-- [ RunTime:0.001196s ]
SQL: SHOW COLUMNS FROM `maidata` [ RunTime:0.0075s ]
SQL: SELECT * FROM `maidata` WHERE `track_type` = 'COLLABO'  [ RunTime:0.0015s ]

[ 2016-02-20T12:03:08+08:00 ] ::1 /mailist_tp/index.php/Home/Index/readlist
INFO: [ app_init ] --START--
INFO: Run Behavior\BuildLiteBehavior [ RunTime:0.001091s ]
INFO: [ app_init ] --END-- [ RunTime:0.002536s ]
INFO: [ app_begin ] --START--
INFO: Run Behavior\ReadHtmlCacheBehavior [ RunTime:0.000772s ]
INFO: [ app_begin ] --END-- [ RunTime:0.001246s ]
SQL: SHOW COLUMNS FROM `maidata` [ RunTime:0.0051s ]
SQL: SELECT * FROM `maidata` WHERE `track_type` = '東方project'  [ RunTime:0.0021s ]

[ 2016-02-20T12:03:08+08:00 ] ::1 /mailist_tp/index.php/Home/Index/readlist
INFO: [ app_init ] --START--
INFO: Run Behavior\BuildLiteBehavior [ RunTime:0.000106s ]
INFO: [ app_init ] --END-- [ RunTime:0.000766s ]
INFO: [ app_begin ] --START--
INFO: Run Behavior\ReadHtmlCacheBehavior [ RunTime:0.001040s ]
INFO: [ app_begin ] --END-- [ RunTime:0.001710s ]
SQL: SHOW COLUMNS FROM `maidata` [ RunTime:0.0075s ]
SQL: SELECT * FROM `maidata` WHERE `track_type` = 'ORIGINAL'  [ RunTime:0.0015s ]

[ 2016-02-20T12:03:08+08:00 ] ::1 /mailist_tp/index.php/Home/Index/readlist
INFO: [ app_init ] --START--
INFO: Run Behavior\BuildLiteBehavior [ RunTime:0.000151s ]
INFO: [ app_init ] --END-- [ RunTime:0.001466s ]
INFO: [ app_begin ] --START--
INFO: Run Behavior\ReadHtmlCacheBehavior [ RunTime:0.000778s ]
INFO: [ app_begin ] --END-- [ RunTime:0.001423s ]
SQL: SHOW COLUMNS FROM `maidata` [ RunTime:0.0073s ]
SQL: SELECT * FROM `maidata` WHERE `track_type` = 'POPS'  [ RunTime:0.0022s ]

[ 2016-02-20T12:03:08+08:00 ] ::1 /mailist_tp/index.php/Home/Index/readlist
INFO: [ app_init ] --START--
INFO: Run Behavior\BuildLiteBehavior [ RunTime:0.000093s ]
INFO: [ app_init ] --END-- [ RunTime:0.001058s ]
INFO: [ app_begin ] --START--
INFO: Run Behavior\ReadHtmlCacheBehavior [ RunTime:0.000517s ]
INFO: [ app_begin ] --END-- [ RunTime:0.000895s ]
SQL: SHOW COLUMNS FROM `maidata` [ RunTime:0.0053s ]
SQL: SELECT * FROM `maidata` WHERE `track_type` = 'VARIETY'  [ RunTime:0.0016s ]

[ 2016-02-20T12:03:10+08:00 ] ::1 /mailist_tp/index.php/Home/Index/detail/id/108
INFO: [ app_init ] --START--
INFO: Run Behavior\BuildLiteBehavior [ RunTime:0.000082s ]
INFO: [ app_init ] --END-- [ RunTime:0.000734s ]
INFO: [ app_begin ] --START--
INFO: Run Behavior\ReadHtmlCacheBehavior [ RunTime:0.000634s ]
INFO: [ app_begin ] --END-- [ RunTime:0.001130s ]
SQL: SHOW COLUMNS FROM `maidata` [ RunTime:0.0088s ]
SQL: SELECT * FROM `maidata` WHERE `id` = 108 LIMIT 1   [ RunTime:0.0005s ]
INFO: [ view_parse ] --START--
INFO: [ template_filter ] --START--
INFO: Run Behavior\ContentReplaceBehavior [ RunTime:0.000265s ]
INFO: [ template_filter ] --END-- [ RunTime:0.000698s ]
INFO: Run Behavior\ParseTemplateBehavior [ RunTime:0.081840s ]
INFO: [ view_parse ] --END-- [ RunTime:0.082283s ]
INFO: [ view_filter ] --START--
INFO: Run Behavior\WriteHtmlCacheBehavior [ RunTime:0.000501s ]
INFO: [ view_filter ] --END-- [ RunTime:0.000880s ]
INFO: [ app_end ] --START--
INFO: Run Behavior\ShowPageTraceBehavior [ RunTime:0.000864s ]
INFO: [ app_end ] --END-- [ RunTime:0.001300s ]

[ 2016-02-20T12:03:10+08:00 ] ::1 /mailist_tp/index.php/Home/Index/get_res
INFO: [ app_init ] --START--
INFO: Run Behavior\BuildLiteBehavior [ RunTime:0.000150s ]
INFO: [ app_init ] --END-- [ RunTime:0.001311s ]
INFO: [ app_begin ] --START--
INFO: Run Behavior\ReadHtmlCacheBehavior [ RunTime:0.000678s ]
INFO: [ app_begin ] --END-- [ RunTime:0.001022s ]
SQL: SHOW COLUMNS FROM `mai_res` [ RunTime:0.0066s ]
SQL: SELECT * FROM `mai_res` WHERE `maidata_id` = 108  [ RunTime:0.0004s ]

[ 2016-02-20T12:03:14+08:00 ] ::1 /mailist_tp/index.php/Home/Index/readlist
INFO: [ app_init ] --START--
INFO: Run Behavior\BuildLiteBehavior [ RunTime:0.000154s ]
INFO: [ app_init ] --END-- [ RunTime:0.002463s ]
INFO: [ app_begin ] --START--
INFO: Run Behavior\ReadHtmlCacheBehavior [ RunTime:0.000857s ]
INFO: [ app_begin ] --END-- [ RunTime:0.001539s ]
SQL: SHOW COLUMNS FROM `maidata` [ RunTime:0.0107s ]
SQL: SELECT * FROM `maidata` WHERE `track_type` = '東方project'  [ RunTime:0.0014s ]

[ 2016-02-20T12:03:14+08:00 ] ::1 /mailist_tp/index.php/Home/Index/readlist
INFO: [ app_init ] --START--
INFO: Run Behavior\BuildLiteBehavior [ RunTime:0.000193s ]
INFO: [ app_init ] --END-- [ RunTime:0.002749s ]
INFO: [ app_begin ] --START--
INFO: Run Behavior\ReadHtmlCacheBehavior [ RunTime:0.000979s ]
INFO: [ app_begin ] --END-- [ RunTime:0.001711s ]
SQL: SHOW COLUMNS FROM `maidata` [ RunTime:0.0037s ]
SQL: SELECT * FROM `maidata` WHERE `track_type` = 'COLLABO'  [ RunTime:0.0012s ]

[ 2016-02-20T12:03:14+08:00 ] ::1 /mailist_tp/index.php/Home/Index/readlist
INFO: [ app_init ] --START--
INFO: Run Behavior\BuildLiteBehavior [ RunTime:0.000171s ]
INFO: [ app_init ] --END-- [ RunTime:0.001551s ]
INFO: [ app_begin ] --START--
INFO: Run Behavior\ReadHtmlCacheBehavior [ RunTime:0.000782s ]
INFO: [ app_begin ] --END-- [ RunTime:0.001464s ]
SQL: SHOW COLUMNS FROM `maidata` [ RunTime:0.0049s ]
SQL: SELECT * FROM `maidata` WHERE `track_type` = 'JOYPOLIS'  [ RunTime:0.0021s ]

[ 2016-02-20T12:03:14+08:00 ] ::1 /mailist_tp/index.php/Home/Index/readlist
INFO: [ app_init ] --START--
INFO: Run Behavior\BuildLiteBehavior [ RunTime:0.000327s ]
INFO: [ app_init ] --END-- [ RunTime:0.001935s ]
INFO: [ app_begin ] --START--
INFO: Run Behavior\ReadHtmlCacheBehavior [ RunTime:0.000481s ]
INFO: [ app_begin ] --END-- [ RunTime:0.000979s ]
SQL: SHOW COLUMNS FROM `maidata` [ RunTime:0.0057s ]
SQL: SELECT * FROM `maidata` WHERE `track_type` = 'GAME'  [ RunTime:0.0016s ]

[ 2016-02-20T12:03:14+08:00 ] ::1 /mailist_tp/index.php/Home/Index/readlist
INFO: [ app_init ] --START--
INFO: Run Behavior\BuildLiteBehavior [ RunTime:0.000161s ]
INFO: [ app_init ] --END-- [ RunTime:0.001343s ]
INFO: [ app_begin ] --START--
INFO: Run Behavior\ReadHtmlCacheBehavior [ RunTime:0.000754s ]
INFO: [ app_begin ] --END-- [ RunTime:0.001254s ]
SQL: SHOW COLUMNS FROM `maidata` [ RunTime:0.0054s ]
SQL: SELECT * FROM `maidata` WHERE `track_type` = 'ANIME'  [ RunTime:0.0018s ]

[ 2016-02-20T12:03:14+08:00 ] ::1 /mailist_tp/index.php/Home/Index/readlist
INFO: [ app_init ] --START--
INFO: Run Behavior\BuildLiteBehavior [ RunTime:0.000081s ]
INFO: [ app_init ] --END-- [ RunTime:0.000732s ]
INFO: [ app_begin ] --START--
INFO: Run Behavior\ReadHtmlCacheBehavior [ RunTime:0.000597s ]
INFO: [ app_begin ] --END-- [ RunTime:0.001041s ]
SQL: SHOW COLUMNS FROM `maidata` [ RunTime:0.0053s ]
SQL: SELECT * FROM `maidata` WHERE `track_type` = 'niconico'  [ RunTime:0.0016s ]

[ 2016-02-20T12:03:14+08:00 ] ::1 /mailist_tp/index.php/Home/Index/readlist
INFO: [ app_init ] --START--
INFO: Run Behavior\BuildLiteBehavior [ RunTime:0.000080s ]
INFO: [ app_init ] --END-- [ RunTime:0.000748s ]
INFO: [ app_begin ] --START--
INFO: Run Behavior\ReadHtmlCacheBehavior [ RunTime:0.000466s ]
INFO: [ app_begin ] --END-- [ RunTime:0.000785s ]
SQL: SHOW COLUMNS FROM `maidata` [ RunTime:0.0050s ]
SQL: SELECT * FROM `maidata` WHERE `track_type` = 'ORIGINAL'  [ RunTime:0.0013s ]

[ 2016-02-20T12:03:14+08:00 ] ::1 /mailist_tp/index.php/Home/Index/readlist
INFO: [ app_init ] --START--
INFO: Run Behavior\BuildLiteBehavior [ RunTime:0.000115s ]
INFO: [ app_init ] --END-- [ RunTime:0.001093s ]
INFO: [ app_begin ] --START--
INFO: Run Behavior\ReadHtmlCacheBehavior [ RunTime:0.000506s ]
INFO: [ app_begin ] --END-- [ RunTime:0.000906s ]
SQL: SHOW COLUMNS FROM `maidata` [ RunTime:0.0037s ]
SQL: SELECT * FROM `maidata` WHERE `track_type` = 'POPS'  [ RunTime:0.0013s ]

[ 2016-02-20T12:03:14+08:00 ] ::1 /mailist_tp/index.php/Home/Index/readlist
INFO: [ app_init ] --START--
INFO: Run Behavior\BuildLiteBehavior [ RunTime:0.000097s ]
INFO: [ app_init ] --END-- [ RunTime:0.001004s ]
INFO: [ app_begin ] --START--
INFO: Run Behavior\ReadHtmlCacheBehavior [ RunTime:0.000571s ]
INFO: [ app_begin ] --END-- [ RunTime:0.001003s ]
SQL: SHOW COLUMNS FROM `maidata` [ RunTime:0.0035s ]
SQL: SELECT * FROM `maidata` WHERE `track_type` = 'VARIETY'  [ RunTime:0.0011s ]

[ 2016-02-20T12:03:16+08:00 ] ::1 /mailist_tp/index.php/Home/Index/detail/id/116
INFO: [ app_init ] --START--
INFO: Run Behavior\BuildLiteBehavior [ RunTime:0.000090s ]
INFO: [ app_init ] --END-- [ RunTime:0.000773s ]
INFO: [ app_begin ] --START--
INFO: Run Behavior\ReadHtmlCacheBehavior [ RunTime:0.000541s ]
INFO: [ app_begin ] --END-- [ RunTime:0.000996s ]
SQL: SHOW COLUMNS FROM `maidata` [ RunTime:0.0070s ]
SQL: SELECT * FROM `maidata` WHERE `id` = 116 LIMIT 1   [ RunTime:0.0007s ]
INFO: [ view_parse ] --START--
INFO: [ template_filter ] --START--
INFO: Run Behavior\ContentReplaceBehavior [ RunTime:0.000299s ]
INFO: [ template_filter ] --END-- [ RunTime:0.000735s ]
INFO: Run Behavior\ParseTemplateBehavior [ RunTime:0.087255s ]
INFO: [ view_parse ] --END-- [ RunTime:0.087804s ]
INFO: [ view_filter ] --START--
INFO: Run Behavior\WriteHtmlCacheBehavior [ RunTime:0.000443s ]
INFO: [ view_filter ] --END-- [ RunTime:0.000872s ]
INFO: [ app_end ] --START--
INFO: Run Behavior\ShowPageTraceBehavior [ RunTime:0.000631s ]
INFO: [ app_end ] --END-- [ RunTime:0.001160s ]

[ 2016-02-20T12:03:16+08:00 ] ::1 /mailist_tp/index.php/Home/Index/get_res
INFO: [ app_init ] --START--
INFO: Run Behavior\BuildLiteBehavior [ RunTime:0.000090s ]
INFO: [ app_init ] --END-- [ RunTime:0.000757s ]
INFO: [ app_begin ] --START--
INFO: Run Behavior\ReadHtmlCacheBehavior [ RunTime:0.000869s ]
INFO: [ app_begin ] --END-- [ RunTime:0.001399s ]
SQL: SHOW COLUMNS FROM `mai_res` [ RunTime:0.0084s ]
SQL: SELECT * FROM `mai_res` WHERE `maidata_id` = 116  [ RunTime:0.0005s ]

[ 2016-02-20T12:03:18+08:00 ] ::1 /mailist_tp/index.php/Home/Index/readlist
INFO: [ app_init ] --START--
INFO: Run Behavior\BuildLiteBehavior [ RunTime:0.000198s ]
INFO: [ app_init ] --END-- [ RunTime:0.005653s ]
INFO: [ app_begin ] --START--
INFO: Run Behavior\ReadHtmlCacheBehavior [ RunTime:0.000798s ]
INFO: [ app_begin ] --END-- [ RunTime:0.001498s ]
SQL: SHOW COLUMNS FROM `maidata` [ RunTime:0.0089s ]
SQL: SELECT * FROM `maidata` WHERE `track_type` = '東方project'  [ RunTime:0.0013s ]

[ 2016-02-20T12:03:18+08:00 ] ::1 /mailist_tp/index.php/Home/Index/readlist
INFO: [ app_init ] --START--
INFO: Run Behavior\BuildLiteBehavior [ RunTime:0.000186s ]
INFO: [ app_init ] --END-- [ RunTime:0.003409s ]
INFO: [ app_begin ] --START--
INFO: Run Behavior\ReadHtmlCacheBehavior [ RunTime:0.000785s ]
INFO: [ app_begin ] --END-- [ RunTime:0.001445s ]
SQL: SHOW COLUMNS FROM `maidata` [ RunTime:0.0041s ]
SQL: SELECT * FROM `maidata` WHERE `track_type` = 'COLLABO'  [ RunTime:0.0017s ]

[ 2016-02-20T12:03:18+08:00 ] ::1 /mailist_tp/index.php/Home/Index/readlist
INFO: [ app_init ] --START--
INFO: Run Behavior\BuildLiteBehavior [ RunTime:0.000152s ]
INFO: [ app_init ] --END-- [ RunTime:0.001435s ]
INFO: [ app_begin ] --START--
INFO: Run Behavior\ReadHtmlCacheBehavior [ RunTime:0.000793s ]
INFO: [ app_begin ] --END-- [ RunTime:0.001426s ]
SQL: SHOW COLUMNS FROM `maidata` [ RunTime:0.0046s ]
SQL: SELECT * FROM `maidata` WHERE `track_type` = 'ANIME'  [ RunTime:0.0022s ]

[ 2016-02-20T12:03:18+08:00 ] ::1 /mailist_tp/index.php/Home/Index/readlist
INFO: [ app_init ] --START--
INFO: Run Behavior\BuildLiteBehavior [ RunTime:0.000215s ]
INFO: [ app_init ] --END-- [ RunTime:0.001437s ]
INFO: [ app_begin ] --START--
INFO: Run Behavior\ReadHtmlCacheBehavior [ RunTime:0.000709s ]
INFO: [ app_begin ] --END-- [ RunTime:0.001245s ]
SQL: SHOW COLUMNS FROM `maidata` [ RunTime:0.0050s ]
SQL: SELECT * FROM `maidata` WHERE `track_type` = 'JOYPOLIS'  [ RunTime:0.0031s ]

[ 2016-02-20T12:03:18+08:00 ] ::1 /mailist_tp/index.php/Home/Index/readlist
INFO: [ app_init ] --START--
INFO: Run Behavior\BuildLiteBehavior [ RunTime:0.000158s ]
INFO: [ app_init ] --END-- [ RunTime:0.001401s ]
INFO: [ app_begin ] --START--
INFO: Run Behavior\ReadHtmlCacheBehavior [ RunTime:0.000662s ]
INFO: [ app_begin ] --END-- [ RunTime:0.001317s ]
SQL: SHOW COLUMNS FROM `maidata` [ RunTime:0.0051s ]
SQL: SELECT * FROM `maidata` WHERE `track_type` = 'GAME'  [ RunTime:0.0020s ]

[ 2016-02-20T12:03:18+08:00 ] ::1 /mailist_tp/index.php/Home/Index/readlist
INFO: [ app_init ] --START--
INFO: Run Behavior\BuildLiteBehavior [ RunTime:0.000169s ]
INFO: [ app_init ] --END-- [ RunTime:0.001282s ]
INFO: [ app_begin ] --START--
INFO: Run Behavior\ReadHtmlCacheBehavior [ RunTime:0.000714s ]
INFO: [ app_begin ] --END-- [ RunTime:0.001217s ]
SQL: SHOW COLUMNS FROM `maidata` [ RunTime:0.0101s ]
SQL: SELECT * FROM `maidata` WHERE `track_type` = 'niconico'  [ RunTime:0.0015s ]

[ 2016-02-20T12:03:18+08:00 ] ::1 /mailist_tp/index.php/Home/Index/readlist
INFO: [ app_init ] --START--
INFO: Run Behavior\BuildLiteBehavior [ RunTime:0.000089s ]
INFO: [ app_init ] --END-- [ RunTime:0.001122s ]
INFO: [ app_begin ] --START--
INFO: Run Behavior\ReadHtmlCacheBehavior [ RunTime:0.000513s ]
INFO: [ app_begin ] --END-- [ RunTime:0.000941s ]
SQL: SHOW COLUMNS FROM `maidata` [ RunTime:0.0035s ]
SQL: SELECT * FROM `maidata` WHERE `track_type` = 'ORIGINAL'  [ RunTime:0.0014s ]

[ 2016-02-20T12:03:18+08:00 ] ::1 /mailist_tp/index.php/Home/Index/readlist
INFO: [ app_init ] --START--
INFO: Run Behavior\BuildLiteBehavior [ RunTime:0.000236s ]
INFO: [ app_init ] --END-- [ RunTime:0.003996s ]
INFO: [ app_begin ] --START--
INFO: Run Behavior\ReadHtmlCacheBehavior [ RunTime:0.000791s ]
INFO: [ app_begin ] --END-- [ RunTime:0.001341s ]
SQL: SHOW COLUMNS FROM `maidata` [ RunTime:0.0048s ]
SQL: SELECT * FROM `maidata` WHERE `track_type` = 'POPS'  [ RunTime:0.0012s ]

[ 2016-02-20T12:03:18+08:00 ] ::1 /mailist_tp/index.php/Home/Index/readlist
INFO: [ app_init ] --START--
INFO: Run Behavior\BuildLiteBehavior [ RunTime:0.000109s ]
INFO: [ app_init ] --END-- [ RunTime:0.000877s ]
INFO: [ app_begin ] --START--
INFO: Run Behavior\ReadHtmlCacheBehavior [ RunTime:0.001288s ]
INFO: [ app_begin ] --END-- [ RunTime:0.001839s ]
SQL: SHOW COLUMNS FROM `maidata` [ RunTime:0.0048s ]
SQL: SELECT * FROM `maidata` WHERE `track_type` = 'VARIETY'  [ RunTime:0.0025s ]

[ 2016-02-20T12:03:20+08:00 ] ::1 /mailist_tp/index.php/Home/Index/detail/id/122
INFO: [ app_init ] --START--
INFO: Run Behavior\BuildLiteBehavior [ RunTime:0.000083s ]
INFO: [ app_init ] --END-- [ RunTime:0.000777s ]
INFO: [ app_begin ] --START--
INFO: Run Behavior\ReadHtmlCacheBehavior [ RunTime:0.000544s ]
INFO: [ app_begin ] --END-- [ RunTime:0.000953s ]
SQL: SHOW COLUMNS FROM `maidata` [ RunTime:0.0085s ]
SQL: SELECT * FROM `maidata` WHERE `id` = 122 LIMIT 1   [ RunTime:0.0005s ]
INFO: [ view_parse ] --START--
INFO: [ template_filter ] --START--
INFO: Run Behavior\ContentReplaceBehavior [ RunTime:0.000257s ]
INFO: [ template_filter ] --END-- [ RunTime:0.000707s ]
INFO: Run Behavior\ParseTemplateBehavior [ RunTime:0.083107s ]
INFO: [ view_parse ] --END-- [ RunTime:0.083794s ]
INFO: [ view_filter ] --START--
INFO: Run Behavior\WriteHtmlCacheBehavior [ RunTime:0.000496s ]
INFO: [ view_filter ] --END-- [ RunTime:0.000919s ]
INFO: [ app_end ] --START--
INFO: Run Behavior\ShowPageTraceBehavior [ RunTime:0.000623s ]
INFO: [ app_end ] --END-- [ RunTime:0.001040s ]

[ 2016-02-20T12:03:20+08:00 ] ::1 /mailist_tp/index.php/Home/Index/get_res
INFO: [ app_init ] --START--
INFO: Run Behavior\BuildLiteBehavior [ RunTime:0.000093s ]
INFO: [ app_init ] --END-- [ RunTime:0.000939s ]
INFO: [ app_begin ] --START--
INFO: Run Behavior\ReadHtmlCacheBehavior [ RunTime:0.000874s ]
INFO: [ app_begin ] --END-- [ RunTime:0.001520s ]
SQL: SHOW COLUMNS FROM `mai_res` [ RunTime:0.0076s ]
SQL: SELECT * FROM `mai_res` WHERE `maidata_id` = 122  [ RunTime:0.0005s ]

[ 2016-02-20T12:03:23+08:00 ] ::1 /mailist_tp/index.php/Home/Index/readlist
INFO: [ app_init ] --START--
INFO: Run Behavior\BuildLiteBehavior [ RunTime:0.000177s ]
INFO: [ app_init ] --END-- [ RunTime:0.001486s ]
INFO: [ app_begin ] --START--
INFO: Run Behavior\ReadHtmlCacheBehavior [ RunTime:0.000883s ]
INFO: [ app_begin ] --END-- [ RunTime:0.001636s ]
SQL: SHOW COLUMNS FROM `maidata` [ RunTime:0.0095s ]
SQL: SELECT * FROM `maidata` WHERE `track_type` = '東方project'  [ RunTime:0.0013s ]

[ 2016-02-20T12:03:23+08:00 ] ::1 /mailist_tp/index.php/Home/Index/readlist
INFO: [ app_init ] --START--
INFO: Run Behavior\BuildLiteBehavior [ RunTime:0.000157s ]
INFO: [ app_init ] --END-- [ RunTime:0.001333s ]
INFO: [ app_begin ] --START--
INFO: Run Behavior\ReadHtmlCacheBehavior [ RunTime:0.000870s ]
INFO: [ app_begin ] --END-- [ RunTime:0.001852s ]
SQL: SHOW COLUMNS FROM `maidata` [ RunTime:0.0041s ]
SQL: SELECT * FROM `maidata` WHERE `track_type` = 'ANIME'  [ RunTime:0.0027s ]

[ 2016-02-20T12:03:23+08:00 ] ::1 /mailist_tp/index.php/Home/Index/readlist
INFO: [ app_init ] --START--
INFO: Run Behavior\BuildLiteBehavior [ RunTime:0.000171s ]
INFO: [ app_init ] --END-- [ RunTime:0.001314s ]
INFO: [ app_begin ] --START--
INFO: Run Behavior\ReadHtmlCacheBehavior [ RunTime:0.000823s ]
INFO: [ app_begin ] --END-- [ RunTime:0.001600s ]
SQL: SHOW COLUMNS FROM `maidata` [ RunTime:0.0048s ]
SQL: SELECT * FROM `maidata` WHERE `track_type` = 'COLLABO'  [ RunTime:0.0027s ]

[ 2016-02-20T12:03:23+08:00 ] ::1 /mailist_tp/index.php/Home/Index/readlist
INFO: [ app_init ] --START--
INFO: Run Behavior\BuildLiteBehavior [ RunTime:0.000614s ]
INFO: [ app_init ] --END-- [ RunTime:0.002346s ]
INFO: [ app_begin ] --START--
INFO: Run Behavior\ReadHtmlCacheBehavior [ RunTime:0.000979s ]
INFO: [ app_begin ] --END-- [ RunTime:0.001743s ]
SQL: SHOW COLUMNS FROM `maidata` [ RunTime:0.0050s ]
SQL: SELECT * FROM `maidata` WHERE `track_type` = 'GAME'  [ RunTime:0.0022s ]

[ 2016-02-20T12:03:23+08:00 ] ::1 /mailist_tp/index.php/Home/Index/readlist
INFO: [ app_init ] --START--
INFO: Run Behavior\BuildLiteBehavior [ RunTime:0.000147s ]
INFO: [ app_init ] --END-- [ RunTime:0.001346s ]
INFO: [ app_begin ] --START--
INFO: Run Behavior\ReadHtmlCacheBehavior [ RunTime:0.001089s ]
INFO: [ app_begin ] --END-- [ RunTime:0.001888s ]
SQL: SHOW COLUMNS FROM `maidata` [ RunTime:0.0054s ]
SQL: SELECT * FROM `maidata` WHERE `track_type` = 'niconico'  [ RunTime:0.0018s ]

[ 2016-02-20T12:03:23+08:00 ] ::1 /mailist_tp/index.php/Home/Index/readlist
INFO: [ app_init ] --START--
INFO: Run Behavior\BuildLiteBehavior [ RunTime:0.000175s ]
INFO: [ app_init ] --END-- [ RunTime:0.001404s ]
INFO: [ app_begin ] --START--
INFO: Run Behavior\ReadHtmlCacheBehavior [ RunTime:0.001132s ]
INFO: [ app_begin ] --END-- [ RunTime:0.001772s ]
SQL: SHOW COLUMNS FROM `maidata` [ RunTime:0.0049s ]
SQL: SELECT * FROM `maidata` WHERE `track_type` = 'JOYPOLIS'  [ RunTime:0.0014s ]

[ 2016-02-20T12:03:23+08:00 ] ::1 /mailist_tp/index.php/Home/Index/readlist
INFO: [ app_init ] --START--
INFO: Run Behavior\BuildLiteBehavior [ RunTime:0.000352s ]
INFO: [ app_init ] --END-- [ RunTime:0.002736s ]
INFO: [ app_begin ] --START--
INFO: Run Behavior\ReadHtmlCacheBehavior [ RunTime:0.000475s ]
INFO: [ app_begin ] --END-- [ RunTime:0.000795s ]
SQL: SHOW COLUMNS FROM `maidata` [ RunTime:0.0073s ]
SQL: SELECT * FROM `maidata` WHERE `track_type` = 'ORIGINAL'  [ RunTime:0.0021s ]

[ 2016-02-20T12:03:23+08:00 ] ::1 /mailist_tp/index.php/Home/Index/readlist
INFO: [ app_init ] --START--
INFO: Run Behavior\BuildLiteBehavior [ RunTime:0.000343s ]
INFO: [ app_init ] --END-- [ RunTime:0.003358s ]
INFO: [ app_begin ] --START--
INFO: Run Behavior\ReadHtmlCacheBehavior [ RunTime:0.000703s ]
INFO: [ app_begin ] --END-- [ RunTime:0.001216s ]
SQL: SHOW COLUMNS FROM `maidata` [ RunTime:0.0046s ]
SQL: SELECT * FROM `maidata` WHERE `track_type` = 'POPS'  [ RunTime:0.0014s ]

[ 2016-02-20T12:03:23+08:00 ] ::1 /mailist_tp/index.php/Home/Index/readlist
INFO: [ app_init ] --START--
INFO: Run Behavior\BuildLiteBehavior [ RunTime:0.000085s ]
INFO: [ app_init ] --END-- [ RunTime:0.001096s ]
INFO: [ app_begin ] --START--
INFO: Run Behavior\ReadHtmlCacheBehavior [ RunTime:0.000791s ]
INFO: [ app_begin ] --END-- [ RunTime:0.001347s ]
SQL: SHOW COLUMNS FROM `maidata` [ RunTime:0.0048s ]
SQL: SELECT * FROM `maidata` WHERE `track_type` = 'VARIETY'  [ RunTime:0.0011s ]

[ 2016-02-20T12:50:43+08:00 ] ::1 /mailist_tp/index.php/Home/Index/detail/id/221
INFO: [ app_init ] --START--
INFO: Run Behavior\BuildLiteBehavior [ RunTime:0.000089s ]
INFO: [ app_init ] --END-- [ RunTime:0.000799s ]
INFO: [ app_begin ] --START--
INFO: Run Behavior\ReadHtmlCacheBehavior [ RunTime:0.000615s ]
INFO: [ app_begin ] --END-- [ RunTime:0.001047s ]
SQL: SHOW COLUMNS FROM `maidata` [ RunTime:0.0076s ]
SQL: SELECT * FROM `maidata` WHERE `id` = 221 LIMIT 1   [ RunTime:0.0006s ]
INFO: [ view_parse ] --START--
INFO: [ template_filter ] --START--
INFO: Run Behavior\ContentReplaceBehavior [ RunTime:0.000273s ]
INFO: [ template_filter ] --END-- [ RunTime:0.000740s ]
INFO: Run Behavior\ParseTemplateBehavior [ RunTime:0.084337s ]
INFO: [ view_parse ] --END-- [ RunTime:0.084776s ]
INFO: [ view_filter ] --START--
INFO: Run Behavior\WriteHtmlCacheBehavior [ RunTime:0.000406s ]
INFO: [ view_filter ] --END-- [ RunTime:0.000797s ]
INFO: [ app_end ] --START--
INFO: Run Behavior\ShowPageTraceBehavior [ RunTime:0.000726s ]
INFO: [ app_end ] --END-- [ RunTime:0.001173s ]

[ 2016-02-20T12:50:44+08:00 ] ::1 /mailist_tp/index.php/Home/Index/get_res
INFO: [ app_init ] --START--
INFO: Run Behavior\BuildLiteBehavior [ RunTime:0.000164s ]
INFO: [ app_init ] --END-- [ RunTime:0.001432s ]
INFO: [ app_begin ] --START--
INFO: Run Behavior\ReadHtmlCacheBehavior [ RunTime:0.000533s ]
INFO: [ app_begin ] --END-- [ RunTime:0.000907s ]
SQL: SHOW COLUMNS FROM `mai_res` [ RunTime:0.0117s ]
SQL: SELECT * FROM `mai_res` WHERE `maidata_id` = 221  [ RunTime:0.0007s ]

