[ 2016-02-17T00:00:01+08:00 ] ::1 /mailist_tp/index.php/Home/Index/detail/id/144
INFO: [ app_init ] --START--
INFO: Run Behavior\BuildLiteBehavior [ RunTime:0.000113s ]
INFO: [ app_init ] --END-- [ RunTime:0.000796s ]
INFO: [ app_begin ] --START--
INFO: Run Behavior\ReadHtmlCacheBehavior [ RunTime:0.000538s ]
INFO: [ app_begin ] --END-- [ RunTime:0.000975s ]
SQL: SHOW COLUMNS FROM `maidata` [ RunTime:0.0066s ]
SQL: SELECT * FROM `maidata` WHERE `id` = 144 LIMIT 1   [ RunTime:0.0005s ]
INFO: [ view_parse ] --START--
INFO: [ template_filter ] --START--
INFO: Run Behavior\ContentReplaceBehavior [ RunTime:0.000257s ]
INFO: [ template_filter ] --END-- [ RunTime:0.000671s ]
INFO: Run Behavior\ParseTemplateBehavior [ RunTime:0.083456s ]
INFO: [ view_parse ] --END-- [ RunTime:0.083870s ]
INFO: [ view_filter ] --START--
INFO: Run Behavior\WriteHtmlCacheBehavior [ RunTime:0.000443s ]
INFO: [ view_filter ] --END-- [ RunTime:0.000925s ]
INFO: [ app_end ] --START--
INFO: Run Behavior\ShowPageTraceBehavior [ RunTime:0.000781s ]
INFO: [ app_end ] --END-- [ RunTime:0.001269s ]

[ 2016-02-17T00:00:02+08:00 ] ::1 /mailist_tp/index.php/Home/Index/get_res
INFO: [ app_init ] --START--
INFO: Run Behavior\BuildLiteBehavior [ RunTime:0.000110s ]
INFO: [ app_init ] --END-- [ RunTime:0.000798s ]
INFO: [ app_begin ] --START--
INFO: Run Behavior\ReadHtmlCacheBehavior [ RunTime:0.000805s ]
INFO: [ app_begin ] --END-- [ RunTime:0.001295s ]
SQL: SHOW COLUMNS FROM `mai_res` [ RunTime:0.0077s ]
SQL: SELECT * FROM `mai_res` WHERE `maidata_id` = 144  [ RunTime:0.0004s ]

[ 2016-02-17T00:07:21+08:00 ] ::1 /mailist_tp/index.php/Home/Index/index
INFO: [ app_init ] --START--
INFO: Run Behavior\BuildLiteBehavior [ RunTime:0.000090s ]
INFO: [ app_init ] --END-- [ RunTime:0.000792s ]
INFO: [ app_begin ] --START--
INFO: Run Behavior\ReadHtmlCacheBehavior [ RunTime:0.000585s ]
INFO: [ app_begin ] --END-- [ RunTime:0.001021s ]
INFO: [ view_parse ] --START--
INFO: [ template_filter ] --START--
INFO: Run Behavior\ContentReplaceBehavior [ RunTime:0.000297s ]
INFO: [ template_filter ] --END-- [ RunTime:0.000754s ]
INFO: Run Behavior\ParseTemplateBehavior [ RunTime:0.024096s ]
INFO: [ view_parse ] --END-- [ RunTime:0.024622s ]
INFO: [ view_filter ] --START--
INFO: Run Behavior\WriteHtmlCacheBehavior [ RunTime:0.000734s ]
INFO: [ view_filter ] --END-- [ RunTime:0.001239s ]
INFO: [ app_end ] --START--
INFO: Run Behavior\ShowPageTraceBehavior [ RunTime:0.000872s ]
INFO: [ app_end ] --END-- [ RunTime:0.001420s ]

[ 2016-02-17T00:07:21+08:00 ] ::1 /mailist_tp/index.php/Home/Index/imglist/%E6%98%8E%E6%98%9F%E3%83%AD%E3%82%B1%E3%83%83%E3%83%88.png
INFO: [ app_init ] --START--
INFO: Run Behavior\BuildLiteBehavior [ RunTime:0.000169s ]
INFO: [ app_init ] --END-- [ RunTime:0.001393s ]

[ 2016-02-17T00:07:21+08:00 ] ::1 /mailist_tp/index.php/Home/Index/readlist
INFO: [ app_init ] --START--
INFO: Run Behavior\BuildLiteBehavior [ RunTime:0.000188s ]
INFO: [ app_init ] --END-- [ RunTime:0.001661s ]
INFO: [ app_begin ] --START--
INFO: Run Behavior\ReadHtmlCacheBehavior [ RunTime:0.001334s ]
INFO: [ app_begin ] --END-- [ RunTime:0.002245s ]
SQL: SHOW COLUMNS FROM `maidata` [ RunTime:0.0115s ]
SQL: SELECT * FROM `maidata` WHERE `track_type` = 'ANIME'  [ RunTime:0.0013s ]

[ 2016-02-17T00:07:21+08:00 ] ::1 /mailist_tp/index.php/Home/Index/readlist
INFO: [ app_init ] --START--
INFO: Run Behavior\BuildLiteBehavior [ RunTime:0.000288s ]
INFO: [ app_init ] --END-- [ RunTime:0.001575s ]
INFO: [ app_begin ] --START--
INFO: Run Behavior\ReadHtmlCacheBehavior [ RunTime:0.000868s ]
INFO: [ app_begin ] --END-- [ RunTime:0.001497s ]
SQL: SHOW COLUMNS FROM `maidata` [ RunTime:0.0049s ]
SQL: SELECT * FROM `maidata` WHERE `track_type` = 'COLLABO'  [ RunTime:0.0016s ]

[ 2016-02-17T00:07:21+08:00 ] ::1 /mailist_tp/index.php/Home/Index/readlist
INFO: [ app_init ] --START--
INFO: Run Behavior\BuildLiteBehavior [ RunTime:0.000166s ]
INFO: [ app_init ] --END-- [ RunTime:0.005619s ]
INFO: [ app_begin ] --START--
INFO: Run Behavior\ReadHtmlCacheBehavior [ RunTime:0.000780s ]
INFO: [ app_begin ] --END-- [ RunTime:0.001453s ]
SQL: SHOW COLUMNS FROM `maidata` [ RunTime:0.0073s ]
SQL: SELECT * FROM `maidata` WHERE `track_type` = '東方project'  [ RunTime:0.0018s ]

[ 2016-02-17T00:07:21+08:00 ] ::1 /mailist_tp/index.php/Home/Index/readlist
INFO: [ app_init ] --START--
INFO: Run Behavior\BuildLiteBehavior [ RunTime:0.000166s ]
INFO: [ app_init ] --END-- [ RunTime:0.001694s ]
INFO: [ app_begin ] --START--
INFO: Run Behavior\ReadHtmlCacheBehavior [ RunTime:0.000867s ]
INFO: [ app_begin ] --END-- [ RunTime:0.001482s ]
SQL: SHOW COLUMNS FROM `maidata` [ RunTime:0.0064s ]
SQL: SELECT * FROM `maidata` WHERE `track_type` = 'JOYPOLIS'  [ RunTime:0.0020s ]

[ 2016-02-17T00:07:21+08:00 ] ::1 /mailist_tp/index.php/Home/Index/readlist
INFO: [ app_init ] --START--
INFO: Run Behavior\BuildLiteBehavior [ RunTime:0.000161s ]
INFO: [ app_init ] --END-- [ RunTime:0.002065s ]
INFO: [ app_begin ] --START--
INFO: Run Behavior\ReadHtmlCacheBehavior [ RunTime:0.001061s ]
INFO: [ app_begin ] --END-- [ RunTime:0.003168s ]
SQL: SHOW COLUMNS FROM `maidata` [ RunTime:0.0041s ]
SQL: SELECT * FROM `maidata` WHERE `track_type` = 'GAME'  [ RunTime:0.0022s ]

[ 2016-02-17T00:07:21+08:00 ] ::1 /mailist_tp/index.php/Home/Index/readlist
INFO: [ app_init ] --START--
INFO: Run Behavior\BuildLiteBehavior [ RunTime:0.000166s ]
INFO: [ app_init ] --END-- [ RunTime:0.001412s ]
INFO: [ app_begin ] --START--
INFO: Run Behavior\ReadHtmlCacheBehavior [ RunTime:0.000977s ]
INFO: [ app_begin ] --END-- [ RunTime:0.005318s ]
SQL: SHOW COLUMNS FROM `maidata` [ RunTime:0.0033s ]
SQL: SELECT * FROM `maidata` WHERE `track_type` = 'niconico'  [ RunTime:0.0021s ]

[ 2016-02-17T00:07:22+08:00 ] ::1 /mailist_tp/index.php/Home/Index/readlist
INFO: [ app_init ] --START--
INFO: Run Behavior\BuildLiteBehavior [ RunTime:0.000287s ]
INFO: [ app_init ] --END-- [ RunTime:0.001796s ]
INFO: [ app_begin ] --START--
INFO: Run Behavior\ReadHtmlCacheBehavior [ RunTime:0.000866s ]
INFO: [ app_begin ] --END-- [ RunTime:0.001374s ]
SQL: SHOW COLUMNS FROM `maidata` [ RunTime:0.0099s ]
SQL: SELECT * FROM `maidata` WHERE `track_type` = 'ORIGINAL'  [ RunTime:0.0016s ]

[ 2016-02-17T00:07:22+08:00 ] ::1 /mailist_tp/index.php/Home/Index/readlist
INFO: [ app_init ] --START--
INFO: Run Behavior\BuildLiteBehavior [ RunTime:0.000141s ]
INFO: [ app_init ] --END-- [ RunTime:0.001083s ]
INFO: [ app_begin ] --START--
INFO: Run Behavior\ReadHtmlCacheBehavior [ RunTime:0.000670s ]
INFO: [ app_begin ] --END-- [ RunTime:0.001116s ]
SQL: SHOW COLUMNS FROM `maidata` [ RunTime:0.0035s ]
SQL: SELECT * FROM `maidata` WHERE `track_type` = 'POPS'  [ RunTime:0.0017s ]

[ 2016-02-17T00:07:22+08:00 ] ::1 /mailist_tp/index.php/Home/Index/readlist
INFO: [ app_init ] --START--
INFO: Run Behavior\BuildLiteBehavior [ RunTime:0.000156s ]
INFO: [ app_init ] --END-- [ RunTime:0.001229s ]
INFO: [ app_begin ] --START--
INFO: Run Behavior\ReadHtmlCacheBehavior [ RunTime:0.000733s ]
INFO: [ app_begin ] --END-- [ RunTime:0.001274s ]
SQL: SHOW COLUMNS FROM `maidata` [ RunTime:0.0063s ]
SQL: SELECT * FROM `maidata` WHERE `track_type` = 'VARIETY'  [ RunTime:0.0017s ]

[ 2016-02-17T00:07:27+08:00 ] ::1 /mailist_tp/index.php/Home/Index/detail/id/108
INFO: [ app_init ] --START--
INFO: Run Behavior\BuildLiteBehavior [ RunTime:0.000088s ]
INFO: [ app_init ] --END-- [ RunTime:0.000757s ]
INFO: [ app_begin ] --START--
INFO: Run Behavior\ReadHtmlCacheBehavior [ RunTime:0.000509s ]
INFO: [ app_begin ] --END-- [ RunTime:0.000939s ]
SQL: SHOW COLUMNS FROM `maidata` [ RunTime:0.0068s ]
SQL: SELECT * FROM `maidata` WHERE `id` = 108 LIMIT 1   [ RunTime:0.0005s ]
INFO: [ view_parse ] --START--
INFO: [ template_filter ] --START--
INFO: Run Behavior\ContentReplaceBehavior [ RunTime:0.000273s ]
INFO: [ template_filter ] --END-- [ RunTime:0.000709s ]
INFO: Run Behavior\ParseTemplateBehavior [ RunTime:0.081768s ]
INFO: [ view_parse ] --END-- [ RunTime:0.082218s ]
INFO: [ view_filter ] --START--
INFO: Run Behavior\WriteHtmlCacheBehavior [ RunTime:0.000499s ]
INFO: [ view_filter ] --END-- [ RunTime:0.000917s ]
INFO: [ app_end ] --START--
INFO: Run Behavior\ShowPageTraceBehavior [ RunTime:0.000809s ]
INFO: [ app_end ] --END-- [ RunTime:0.001344s ]

[ 2016-02-17T00:07:27+08:00 ] ::1 /mailist_tp/index.php/Home/Index/get_res
INFO: [ app_init ] --START--
INFO: Run Behavior\BuildLiteBehavior [ RunTime:0.000123s ]
INFO: [ app_init ] --END-- [ RunTime:0.001111s ]
INFO: [ app_begin ] --START--
INFO: Run Behavior\ReadHtmlCacheBehavior [ RunTime:0.000643s ]
INFO: [ app_begin ] --END-- [ RunTime:0.001130s ]
SQL: SHOW COLUMNS FROM `mai_res` [ RunTime:0.0047s ]
SQL: SELECT * FROM `mai_res` WHERE `maidata_id` = 108  [ RunTime:0.0006s ]

[ 2016-02-17T00:07:28+08:00 ] ::1 /mailist_tp/index.php/Home/Index/index
INFO: [ app_init ] --START--
INFO: Run Behavior\BuildLiteBehavior [ RunTime:0.000092s ]
INFO: [ app_init ] --END-- [ RunTime:0.000885s ]
INFO: [ app_begin ] --START--
INFO: Run Behavior\ReadHtmlCacheBehavior [ RunTime:0.000534s ]
INFO: [ app_begin ] --END-- [ RunTime:0.001002s ]
INFO: [ view_parse ] --START--
INFO: [ template_filter ] --START--
INFO: Run Behavior\ContentReplaceBehavior [ RunTime:0.000443s ]
INFO: [ template_filter ] --END-- [ RunTime:0.001105s ]
INFO: Run Behavior\ParseTemplateBehavior [ RunTime:0.023466s ]
INFO: [ view_parse ] --END-- [ RunTime:0.023957s ]
INFO: [ view_filter ] --START--
INFO: Run Behavior\WriteHtmlCacheBehavior [ RunTime:0.000625s ]
INFO: [ view_filter ] --END-- [ RunTime:0.001098s ]
INFO: [ app_end ] --START--
INFO: Run Behavior\ShowPageTraceBehavior [ RunTime:0.000637s ]
INFO: [ app_end ] --END-- [ RunTime:0.001063s ]

[ 2016-02-17T00:07:28+08:00 ] ::1 /mailist_tp/index.php/Home/Index/imglist/%E6%98%8E%E6%98%9F%E3%83%AD%E3%82%B1%E3%83%83%E3%83%88.png
INFO: [ app_init ] --START--
INFO: Run Behavior\BuildLiteBehavior [ RunTime:0.000092s ]
INFO: [ app_init ] --END-- [ RunTime:0.000988s ]

[ 2016-02-17T00:07:29+08:00 ] ::1 /mailist_tp/index.php/Home/Index/readlist
INFO: [ app_init ] --START--
INFO: Run Behavior\BuildLiteBehavior [ RunTime:0.000166s ]
INFO: [ app_init ] --END-- [ RunTime:0.001422s ]
INFO: [ app_begin ] --START--
INFO: Run Behavior\ReadHtmlCacheBehavior [ RunTime:0.000914s ]
INFO: [ app_begin ] --END-- [ RunTime:0.001556s ]
SQL: SHOW COLUMNS FROM `maidata` [ RunTime:0.0074s ]
SQL: SELECT * FROM `maidata` WHERE `track_type` = 'GAME'  [ RunTime:0.0015s ]

[ 2016-02-17T00:07:29+08:00 ] ::1 /mailist_tp/index.php/Home/Index/readlist
INFO: [ app_init ] --START--
INFO: Run Behavior\BuildLiteBehavior [ RunTime:0.000442s ]
INFO: [ app_init ] --END-- [ RunTime:0.001761s ]
INFO: [ app_begin ] --START--
INFO: Run Behavior\ReadHtmlCacheBehavior [ RunTime:0.003947s ]
INFO: [ app_begin ] --END-- [ RunTime:0.005022s ]
SQL: SHOW COLUMNS FROM `maidata` [ RunTime:0.0041s ]
SQL: SELECT * FROM `maidata` WHERE `track_type` = 'ANIME'  [ RunTime:0.0012s ]

[ 2016-02-17T00:07:29+08:00 ] ::1 /mailist_tp/index.php/Home/Index/readlist
INFO: [ app_init ] --START--
INFO: Run Behavior\BuildLiteBehavior [ RunTime:0.000156s ]
INFO: [ app_init ] --END-- [ RunTime:0.001324s ]
INFO: [ app_begin ] --START--
INFO: Run Behavior\ReadHtmlCacheBehavior [ RunTime:0.002392s ]
INFO: [ app_begin ] --END-- [ RunTime:0.005874s ]
SQL: SHOW COLUMNS FROM `maidata` [ RunTime:0.0046s ]
SQL: SELECT * FROM `maidata` WHERE `track_type` = '東方project'  [ RunTime:0.0013s ]

[ 2016-02-17T00:07:29+08:00 ] ::1 /mailist_tp/index.php/Home/Index/readlist
INFO: [ app_init ] --START--
INFO: Run Behavior\BuildLiteBehavior [ RunTime:0.000289s ]
INFO: [ app_init ] --END-- [ RunTime:0.001598s ]
INFO: [ app_begin ] --START--
INFO: Run Behavior\ReadHtmlCacheBehavior [ RunTime:0.001001s ]
INFO: [ app_begin ] --END-- [ RunTime:0.001640s ]
SQL: SHOW COLUMNS FROM `maidata` [ RunTime:0.0042s ]
SQL: SELECT * FROM `maidata` WHERE `track_type` = 'niconico'  [ RunTime:0.0018s ]

[ 2016-02-17T00:07:29+08:00 ] ::1 /mailist_tp/index.php/Home/Index/readlist
INFO: [ app_init ] --START--
INFO: Run Behavior\BuildLiteBehavior [ RunTime:0.000325s ]
INFO: [ app_init ] --END-- [ RunTime:0.001865s ]
INFO: [ app_begin ] --START--
INFO: Run Behavior\ReadHtmlCacheBehavior [ RunTime:0.000828s ]
INFO: [ app_begin ] --END-- [ RunTime:0.001478s ]
SQL: SHOW COLUMNS FROM `maidata` [ RunTime:0.0034s ]
SQL: SELECT * FROM `maidata` WHERE `track_type` = 'COLLABO'  [ RunTime:0.0011s ]

[ 2016-02-17T00:07:29+08:00 ] ::1 /mailist_tp/index.php/Home/Index/readlist
INFO: [ app_init ] --START--
INFO: Run Behavior\BuildLiteBehavior [ RunTime:0.000170s ]
INFO: [ app_init ] --END-- [ RunTime:0.002773s ]
INFO: [ app_begin ] --START--
INFO: Run Behavior\ReadHtmlCacheBehavior [ RunTime:0.000718s ]
INFO: [ app_begin ] --END-- [ RunTime:0.001373s ]
SQL: SHOW COLUMNS FROM `maidata` [ RunTime:0.0052s ]
SQL: SELECT * FROM `maidata` WHERE `track_type` = 'JOYPOLIS'  [ RunTime:0.0013s ]

[ 2016-02-17T00:07:29+08:00 ] ::1 /mailist_tp/index.php/Home/Index/readlist
INFO: [ app_init ] --START--
INFO: Run Behavior\BuildLiteBehavior [ RunTime:0.000155s ]
INFO: [ app_init ] --END-- [ RunTime:0.001254s ]
INFO: [ app_begin ] --START--
INFO: Run Behavior\ReadHtmlCacheBehavior [ RunTime:0.000564s ]
INFO: [ app_begin ] --END-- [ RunTime:0.001027s ]
SQL: SHOW COLUMNS FROM `maidata` [ RunTime:0.0029s ]
SQL: SELECT * FROM `maidata` WHERE `track_type` = 'ORIGINAL'  [ RunTime:0.0020s ]

[ 2016-02-17T00:07:29+08:00 ] ::1 /mailist_tp/index.php/Home/Index/readlist
INFO: [ app_init ] --START--
INFO: Run Behavior\BuildLiteBehavior [ RunTime:0.000089s ]
INFO: [ app_init ] --END-- [ RunTime:0.000755s ]
INFO: [ app_begin ] --START--
INFO: Run Behavior\ReadHtmlCacheBehavior [ RunTime:0.000480s ]
INFO: [ app_begin ] --END-- [ RunTime:0.000818s ]
SQL: SHOW COLUMNS FROM `maidata` [ RunTime:0.0035s ]
SQL: SELECT * FROM `maidata` WHERE `track_type` = 'POPS'  [ RunTime:0.0016s ]

[ 2016-02-17T00:07:29+08:00 ] ::1 /mailist_tp/index.php/Home/Index/readlist
INFO: [ app_init ] --START--
INFO: Run Behavior\BuildLiteBehavior [ RunTime:0.000097s ]
INFO: [ app_init ] --END-- [ RunTime:0.000787s ]
INFO: [ app_begin ] --START--
INFO: Run Behavior\ReadHtmlCacheBehavior [ RunTime:0.001216s ]
INFO: [ app_begin ] --END-- [ RunTime:0.001898s ]
SQL: SHOW COLUMNS FROM `maidata` [ RunTime:0.0043s ]
SQL: SELECT * FROM `maidata` WHERE `track_type` = 'VARIETY'  [ RunTime:0.0011s ]

[ 2016-02-17T00:09:52+08:00 ] ::1 /mailist_tp/index.php/Home/Index/detail/id/59
INFO: [ app_init ] --START--
INFO: Run Behavior\BuildLiteBehavior [ RunTime:0.000148s ]
INFO: [ app_init ] --END-- [ RunTime:0.000868s ]
INFO: [ app_begin ] --START--
INFO: Run Behavior\ReadHtmlCacheBehavior [ RunTime:0.000611s ]
INFO: [ app_begin ] --END-- [ RunTime:0.001050s ]
SQL: SHOW COLUMNS FROM `maidata` [ RunTime:0.0075s ]
SQL: SELECT * FROM `maidata` WHERE `id` = 59 LIMIT 1   [ RunTime:0.0005s ]
INFO: [ view_parse ] --START--
INFO: [ template_filter ] --START--
INFO: Run Behavior\ContentReplaceBehavior [ RunTime:0.000261s ]
INFO: [ template_filter ] --END-- [ RunTime:0.000746s ]
INFO: Run Behavior\ParseTemplateBehavior [ RunTime:0.082925s ]
INFO: [ view_parse ] --END-- [ RunTime:0.083465s ]
INFO: [ view_filter ] --START--
INFO: Run Behavior\WriteHtmlCacheBehavior [ RunTime:0.000637s ]
INFO: [ view_filter ] --END-- [ RunTime:0.001301s ]
INFO: [ app_end ] --START--
INFO: Run Behavior\ShowPageTraceBehavior [ RunTime:0.000764s ]
INFO: [ app_end ] --END-- [ RunTime:0.001365s ]

[ 2016-02-17T00:09:52+08:00 ] ::1 /mailist_tp/index.php/Home/Index/get_res
INFO: [ app_init ] --START--
INFO: Run Behavior\BuildLiteBehavior [ RunTime:0.000149s ]
INFO: [ app_init ] --END-- [ RunTime:0.000994s ]
INFO: [ app_begin ] --START--
INFO: Run Behavior\ReadHtmlCacheBehavior [ RunTime:0.000807s ]
INFO: [ app_begin ] --END-- [ RunTime:0.001365s ]
SQL: SHOW COLUMNS FROM `mai_res` [ RunTime:0.0064s ]
SQL: SELECT * FROM `mai_res` WHERE `maidata_id` = 59  [ RunTime:0.0004s ]

[ 2016-02-17T00:09:53+08:00 ] ::1 /mailist_tp/index.php/Home/Index/index
INFO: [ app_init ] --START--
INFO: Run Behavior\BuildLiteBehavior [ RunTime:0.000104s ]
INFO: [ app_init ] --END-- [ RunTime:0.000827s ]
INFO: [ app_begin ] --START--
INFO: Run Behavior\ReadHtmlCacheBehavior [ RunTime:0.000588s ]
INFO: [ app_begin ] --END-- [ RunTime:0.001011s ]
INFO: [ view_parse ] --START--
INFO: [ template_filter ] --START--
INFO: Run Behavior\ContentReplaceBehavior [ RunTime:0.000278s ]
INFO: [ template_filter ] --END-- [ RunTime:0.000703s ]
INFO: Run Behavior\ParseTemplateBehavior [ RunTime:0.024666s ]
INFO: [ view_parse ] --END-- [ RunTime:0.025108s ]
INFO: [ view_filter ] --START--
INFO: Run Behavior\WriteHtmlCacheBehavior [ RunTime:0.000458s ]
INFO: [ view_filter ] --END-- [ RunTime:0.000858s ]
INFO: [ app_end ] --START--
INFO: Run Behavior\ShowPageTraceBehavior [ RunTime:0.000766s ]
INFO: [ app_end ] --END-- [ RunTime:0.001200s ]

[ 2016-02-17T00:09:53+08:00 ] ::1 /mailist_tp/index.php/Home/Index/imglist/%E6%98%8E%E6%98%9F%E3%83%AD%E3%82%B1%E3%83%83%E3%83%88.png
INFO: [ app_init ] --START--
INFO: Run Behavior\BuildLiteBehavior [ RunTime:0.000090s ]
INFO: [ app_init ] --END-- [ RunTime:0.000918s ]

[ 2016-02-17T00:09:53+08:00 ] ::1 /mailist_tp/index.php/Home/Index/readlist
INFO: [ app_init ] --START--
INFO: Run Behavior\BuildLiteBehavior [ RunTime:0.000161s ]
INFO: [ app_init ] --END-- [ RunTime:0.001282s ]
INFO: [ app_begin ] --START--
INFO: Run Behavior\ReadHtmlCacheBehavior [ RunTime:0.001587s ]
INFO: [ app_begin ] --END-- [ RunTime:0.002452s ]
SQL: SHOW COLUMNS FROM `maidata` [ RunTime:0.0085s ]
SQL: SELECT * FROM `maidata` WHERE `track_type` = '東方project'  [ RunTime:0.0013s ]

[ 2016-02-17T00:09:53+08:00 ] ::1 /mailist_tp/index.php/Home/Index/readlist
INFO: [ app_init ] --START--
INFO: Run Behavior\BuildLiteBehavior [ RunTime:0.000153s ]
INFO: [ app_init ] --END-- [ RunTime:0.001374s ]
INFO: [ app_begin ] --START--
INFO: Run Behavior\ReadHtmlCacheBehavior [ RunTime:0.001098s ]
INFO: [ app_begin ] --END-- [ RunTime:0.001832s ]
SQL: SHOW COLUMNS FROM `maidata` [ RunTime:0.0044s ]
SQL: SELECT * FROM `maidata` WHERE `track_type` = 'COLLABO'  [ RunTime:0.0015s ]

[ 2016-02-17T00:09:53+08:00 ] ::1 /mailist_tp/index.php/Home/Index/readlist
INFO: [ app_init ] --START--
INFO: Run Behavior\BuildLiteBehavior [ RunTime:0.000212s ]
INFO: [ app_init ] --END-- [ RunTime:0.003804s ]
INFO: [ app_begin ] --START--
INFO: Run Behavior\ReadHtmlCacheBehavior [ RunTime:0.000922s ]
INFO: [ app_begin ] --END-- [ RunTime:0.001578s ]
SQL: SHOW COLUMNS FROM `maidata` [ RunTime:0.0049s ]
SQL: SELECT * FROM `maidata` WHERE `track_type` = 'GAME'  [ RunTime:0.0026s ]

[ 2016-02-17T00:09:53+08:00 ] ::1 /mailist_tp/index.php/Home/Index/readlist
INFO: [ app_init ] --START--
INFO: Run Behavior\BuildLiteBehavior [ RunTime:0.000150s ]
INFO: [ app_init ] --END-- [ RunTime:0.001276s ]
INFO: [ app_begin ] --START--
INFO: Run Behavior\ReadHtmlCacheBehavior [ RunTime:0.000784s ]
INFO: [ app_begin ] --END-- [ RunTime:0.001381s ]
SQL: SHOW COLUMNS FROM `maidata` [ RunTime:0.0065s ]
SQL: SELECT * FROM `maidata` WHERE `track_type` = 'ANIME'  [ RunTime:0.0013s ]

[ 2016-02-17T00:09:53+08:00 ] ::1 /mailist_tp/index.php/Home/Index/readlist
INFO: [ app_init ] --START--
INFO: Run Behavior\BuildLiteBehavior [ RunTime:0.000223s ]
INFO: [ app_init ] --END-- [ RunTime:0.001797s ]
INFO: [ app_begin ] --START--
INFO: Run Behavior\ReadHtmlCacheBehavior [ RunTime:0.000629s ]
INFO: [ app_begin ] --END-- [ RunTime:0.001098s ]
SQL: SHOW COLUMNS FROM `maidata` [ RunTime:0.0037s ]
SQL: SELECT * FROM `maidata` WHERE `track_type` = 'niconico'  [ RunTime:0.0015s ]

[ 2016-02-17T00:09:53+08:00 ] ::1 /mailist_tp/index.php/Home/Index/readlist
INFO: [ app_init ] --START--
INFO: Run Behavior\BuildLiteBehavior [ RunTime:0.000191s ]
INFO: [ app_init ] --END-- [ RunTime:0.001621s ]
INFO: [ app_begin ] --START--
INFO: Run Behavior\ReadHtmlCacheBehavior [ RunTime:0.000889s ]
INFO: [ app_begin ] --END-- [ RunTime:0.001824s ]
SQL: SHOW COLUMNS FROM `maidata` [ RunTime:0.0033s ]
SQL: SELECT * FROM `maidata` WHERE `track_type` = 'JOYPOLIS'  [ RunTime:0.0019s ]

[ 2016-02-17T00:09:53+08:00 ] ::1 /mailist_tp/index.php/Home/Index/readlist
INFO: [ app_init ] --START--
INFO: Run Behavior\BuildLiteBehavior [ RunTime:0.000082s ]
INFO: [ app_init ] --END-- [ RunTime:0.000739s ]
INFO: [ app_begin ] --START--
INFO: Run Behavior\ReadHtmlCacheBehavior [ RunTime:0.000835s ]
INFO: [ app_begin ] --END-- [ RunTime:0.001471s ]
SQL: SHOW COLUMNS FROM `maidata` [ RunTime:0.0035s ]
SQL: SELECT * FROM `maidata` WHERE `track_type` = 'ORIGINAL'  [ RunTime:0.0013s ]

[ 2016-02-17T00:09:53+08:00 ] ::1 /mailist_tp/index.php/Home/Index/readlist
INFO: [ app_init ] --START--
INFO: Run Behavior\BuildLiteBehavior [ RunTime:0.000219s ]
INFO: [ app_init ] --END-- [ RunTime:0.002395s ]
INFO: [ app_begin ] --START--
INFO: Run Behavior\ReadHtmlCacheBehavior [ RunTime:0.000624s ]
INFO: [ app_begin ] --END-- [ RunTime:0.001188s ]
SQL: SHOW COLUMNS FROM `maidata` [ RunTime:0.0036s ]
SQL: SELECT * FROM `maidata` WHERE `track_type` = 'POPS'  [ RunTime:0.0011s ]

[ 2016-02-17T00:09:53+08:00 ] ::1 /mailist_tp/index.php/Home/Index/readlist
INFO: [ app_init ] --START--
INFO: Run Behavior\BuildLiteBehavior [ RunTime:0.000148s ]
INFO: [ app_init ] --END-- [ RunTime:0.001279s ]
INFO: [ app_begin ] --START--
INFO: Run Behavior\ReadHtmlCacheBehavior [ RunTime:0.000550s ]
INFO: [ app_begin ] --END-- [ RunTime:0.000915s ]
SQL: SHOW COLUMNS FROM `maidata` [ RunTime:0.0040s ]
SQL: SELECT * FROM `maidata` WHERE `track_type` = 'VARIETY'  [ RunTime:0.0012s ]

[ 2016-02-17T12:12:02+08:00 ] ::1 /mailist_tp/index.php/Home/Index/index
INFO: [ app_init ] --START--
INFO: Run Behavior\BuildLiteBehavior [ RunTime:0.000116s ]
INFO: [ app_init ] --END-- [ RunTime:0.000930s ]
INFO: [ app_begin ] --START--
INFO: Run Behavior\ReadHtmlCacheBehavior [ RunTime:0.000654s ]
INFO: [ app_begin ] --END-- [ RunTime:0.001125s ]
INFO: [ view_parse ] --START--
INFO: [ template_filter ] --START--
INFO: Run Behavior\ContentReplaceBehavior [ RunTime:0.000252s ]
INFO: [ template_filter ] --END-- [ RunTime:0.000660s ]
INFO: Run Behavior\ParseTemplateBehavior [ RunTime:0.022941s ]
INFO: [ view_parse ] --END-- [ RunTime:0.023394s ]
INFO: [ view_filter ] --START--
INFO: Run Behavior\WriteHtmlCacheBehavior [ RunTime:0.000410s ]
INFO: [ view_filter ] --END-- [ RunTime:0.000794s ]
INFO: [ app_end ] --START--
INFO: Run Behavior\ShowPageTraceBehavior [ RunTime:0.000739s ]
INFO: [ app_end ] --END-- [ RunTime:0.001213s ]

[ 2016-02-17T12:12:02+08:00 ] ::1 /mailist_tp/index.php/Home/Index/imglist/%E6%98%8E%E6%98%9F%E3%83%AD%E3%82%B1%E3%83%83%E3%83%88.png
INFO: [ app_init ] --START--
INFO: Run Behavior\BuildLiteBehavior [ RunTime:0.000110s ]
INFO: [ app_init ] --END-- [ RunTime:0.000779s ]

[ 2016-02-17T12:12:03+08:00 ] ::1 /mailist_tp/index.php/Home/Index/readlist
INFO: [ app_init ] --START--
INFO: Run Behavior\BuildLiteBehavior [ RunTime:0.000172s ]
INFO: [ app_init ] --END-- [ RunTime:0.001780s ]
INFO: [ app_begin ] --START--
INFO: Run Behavior\ReadHtmlCacheBehavior [ RunTime:0.000738s ]
INFO: [ app_begin ] --END-- [ RunTime:0.001346s ]
SQL: SHOW COLUMNS FROM `maidata` [ RunTime:0.0163s ]
SQL: SELECT * FROM `maidata` WHERE `track_type` = 'COLLABO'  [ RunTime:0.0018s ]

[ 2016-02-17T12:12:03+08:00 ] ::1 /mailist_tp/index.php/Home/Index/readlist
INFO: [ app_init ] --START--
INFO: Run Behavior\BuildLiteBehavior [ RunTime:0.000185s ]
INFO: [ app_init ] --END-- [ RunTime:0.001318s ]
INFO: [ app_begin ] --START--
INFO: Run Behavior\ReadHtmlCacheBehavior [ RunTime:0.000822s ]
INFO: [ app_begin ] --END-- [ RunTime:0.001447s ]
SQL: SHOW COLUMNS FROM `maidata` [ RunTime:0.0053s ]
SQL: SELECT * FROM `maidata` WHERE `track_type` = '東方project'  [ RunTime:0.0018s ]

[ 2016-02-17T12:12:03+08:00 ] ::1 /mailist_tp/index.php/Home/Index/readlist
INFO: [ app_init ] --START--
INFO: Run Behavior\BuildLiteBehavior [ RunTime:0.000167s ]
INFO: [ app_init ] --END-- [ RunTime:0.001672s ]
INFO: [ app_begin ] --START--
INFO: Run Behavior\ReadHtmlCacheBehavior [ RunTime:0.000850s ]
INFO: [ app_begin ] --END-- [ RunTime:0.001472s ]
SQL: SHOW COLUMNS FROM `maidata` [ RunTime:0.0041s ]
SQL: SELECT * FROM `maidata` WHERE `track_type` = 'ANIME'  [ RunTime:0.0013s ]

[ 2016-02-17T12:12:03+08:00 ] ::1 /mailist_tp/index.php/Home/Index/readlist
INFO: [ app_init ] --START--
INFO: Run Behavior\BuildLiteBehavior [ RunTime:0.000179s ]
INFO: [ app_init ] --END-- [ RunTime:0.001408s ]
INFO: [ app_begin ] --START--
INFO: Run Behavior\ReadHtmlCacheBehavior [ RunTime:0.000814s ]
INFO: [ app_begin ] --END-- [ RunTime:0.001275s ]
SQL: SHOW COLUMNS FROM `maidata` [ RunTime:0.0034s ]
SQL: SELECT * FROM `maidata` WHERE `track_type` = 'GAME'  [ RunTime:0.0015s ]

[ 2016-02-17T12:12:03+08:00 ] ::1 /mailist_tp/index.php/Home/Index/readlist
INFO: [ app_init ] --START--
INFO: Run Behavior\BuildLiteBehavior [ RunTime:0.000158s ]
INFO: [ app_init ] --END-- [ RunTime:0.001305s ]
INFO: [ app_begin ] --START--
INFO: Run Behavior\ReadHtmlCacheBehavior [ RunTime:0.000570s ]
INFO: [ app_begin ] --END-- [ RunTime:0.001120s ]
SQL: SHOW COLUMNS FROM `maidata` [ RunTime:0.0035s ]
SQL: SELECT * FROM `maidata` WHERE `track_type` = 'niconico'  [ RunTime:0.0017s ]

[ 2016-02-17T12:12:03+08:00 ] ::1 /mailist_tp/index.php/Home/Index/readlist
INFO: [ app_init ] --START--
INFO: Run Behavior\BuildLiteBehavior [ RunTime:0.000092s ]
INFO: [ app_init ] --END-- [ RunTime:0.000956s ]
INFO: [ app_begin ] --START--
INFO: Run Behavior\ReadHtmlCacheBehavior [ RunTime:0.001002s ]
INFO: [ app_begin ] --END-- [ RunTime:0.001582s ]
SQL: SHOW COLUMNS FROM `maidata` [ RunTime:0.0035s ]
SQL: SELECT * FROM `maidata` WHERE `track_type` = 'JOYPOLIS'  [ RunTime:0.0014s ]

[ 2016-02-17T12:12:03+08:00 ] ::1 /mailist_tp/index.php/Home/Index/readlist
INFO: [ app_init ] --START--
INFO: Run Behavior\BuildLiteBehavior [ RunTime:0.000088s ]
INFO: [ app_init ] --END-- [ RunTime:0.000817s ]
INFO: [ app_begin ] --START--
INFO: Run Behavior\ReadHtmlCacheBehavior [ RunTime:0.000566s ]
INFO: [ app_begin ] --END-- [ RunTime:0.000891s ]
SQL: SHOW COLUMNS FROM `maidata` [ RunTime:0.0071s ]
SQL: SELECT * FROM `maidata` WHERE `track_type` = 'ORIGINAL'  [ RunTime:0.0015s ]

[ 2016-02-17T12:12:03+08:00 ] ::1 /mailist_tp/index.php/Home/Index/readlist
INFO: [ app_init ] --START--
INFO: Run Behavior\BuildLiteBehavior [ RunTime:0.000156s ]
INFO: [ app_init ] --END-- [ RunTime:0.001263s ]
INFO: [ app_begin ] --START--
INFO: Run Behavior\ReadHtmlCacheBehavior [ RunTime:0.000654s ]
INFO: [ app_begin ] --END-- [ RunTime:0.001103s ]
SQL: SHOW COLUMNS FROM `maidata` [ RunTime:0.0045s ]
SQL: SELECT * FROM `maidata` WHERE `track_type` = 'POPS'  [ RunTime:0.0020s ]

[ 2016-02-17T12:12:03+08:00 ] ::1 /mailist_tp/index.php/Home/Index/readlist
INFO: [ app_init ] --START--
INFO: Run Behavior\BuildLiteBehavior [ RunTime:0.000097s ]
INFO: [ app_init ] --END-- [ RunTime:0.000879s ]
INFO: [ app_begin ] --START--
INFO: Run Behavior\ReadHtmlCacheBehavior [ RunTime:0.000478s ]
INFO: [ app_begin ] --END-- [ RunTime:0.000813s ]
SQL: SHOW COLUMNS FROM `maidata` [ RunTime:0.0049s ]
SQL: SELECT * FROM `maidata` WHERE `track_type` = 'VARIETY'  [ RunTime:0.0018s ]

[ 2016-02-17T12:12:12+08:00 ] ::1 /mailist_tp/index.php/Home/Index/detail/id/24
INFO: [ app_init ] --START--
INFO: Run Behavior\BuildLiteBehavior [ RunTime:0.000111s ]
INFO: [ app_init ] --END-- [ RunTime:0.000777s ]
INFO: [ app_begin ] --START--
INFO: Run Behavior\ReadHtmlCacheBehavior [ RunTime:0.000531s ]
INFO: [ app_begin ] --END-- [ RunTime:0.000960s ]
SQL: SHOW COLUMNS FROM `maidata` [ RunTime:0.0068s ]
SQL: SELECT * FROM `maidata` WHERE `id` = 24 LIMIT 1   [ RunTime:0.0005s ]
INFO: [ view_parse ] --START--
INFO: [ template_filter ] --START--
INFO: Run Behavior\ContentReplaceBehavior [ RunTime:0.000282s ]
INFO: [ template_filter ] --END-- [ RunTime:0.000725s ]
INFO: Run Behavior\ParseTemplateBehavior [ RunTime:0.083122s ]
INFO: [ view_parse ] --END-- [ RunTime:0.083554s ]
INFO: [ view_filter ] --START--
INFO: Run Behavior\WriteHtmlCacheBehavior [ RunTime:0.000412s ]
INFO: [ view_filter ] --END-- [ RunTime:0.000806s ]
INFO: [ app_end ] --START--
INFO: Run Behavior\ShowPageTraceBehavior [ RunTime:0.000945s ]
INFO: [ app_end ] --END-- [ RunTime:0.001514s ]

[ 2016-02-17T12:12:12+08:00 ] ::1 /mailist_tp/index.php/Home/Index/get_res
INFO: [ app_init ] --START--
INFO: Run Behavior\BuildLiteBehavior [ RunTime:0.000175s ]
INFO: [ app_init ] --END-- [ RunTime:0.001063s ]
INFO: [ app_begin ] --START--
INFO: Run Behavior\ReadHtmlCacheBehavior [ RunTime:0.000804s ]
INFO: [ app_begin ] --END-- [ RunTime:0.001445s ]
SQL: SHOW COLUMNS FROM `mai_res` [ RunTime:0.0100s ]
SQL: SELECT * FROM `mai_res` WHERE `maidata_id` = 24  [ RunTime:0.0006s ]

[ 2016-02-17T12:12:14+08:00 ] ::1 /mailist_tp/index.php/Home/Index/index
INFO: [ app_init ] --START--
INFO: Run Behavior\BuildLiteBehavior [ RunTime:0.000091s ]
INFO: [ app_init ] --END-- [ RunTime:0.000771s ]
INFO: [ app_begin ] --START--
INFO: Run Behavior\ReadHtmlCacheBehavior [ RunTime:0.000512s ]
INFO: [ app_begin ] --END-- [ RunTime:0.000968s ]
INFO: [ view_parse ] --START--
INFO: [ template_filter ] --START--
INFO: Run Behavior\ContentReplaceBehavior [ RunTime:0.000263s ]
INFO: [ template_filter ] --END-- [ RunTime:0.000709s ]
INFO: Run Behavior\ParseTemplateBehavior [ RunTime:0.024391s ]
INFO: [ view_parse ] --END-- [ RunTime:0.024819s ]
INFO: [ view_filter ] --START--
INFO: Run Behavior\WriteHtmlCacheBehavior [ RunTime:0.000409s ]
INFO: [ view_filter ] --END-- [ RunTime:0.000792s ]
INFO: [ app_end ] --START--
INFO: Run Behavior\ShowPageTraceBehavior [ RunTime:0.000889s ]
INFO: [ app_end ] --END-- [ RunTime:0.001350s ]

[ 2016-02-17T12:12:14+08:00 ] ::1 /mailist_tp/index.php/Home/Index/imglist/%E6%98%8E%E6%98%9F%E3%83%AD%E3%82%B1%E3%83%83%E3%83%88.png
INFO: [ app_init ] --START--
INFO: Run Behavior\BuildLiteBehavior [ RunTime:0.000109s ]
INFO: [ app_init ] --END-- [ RunTime:0.000769s ]

[ 2016-02-17T12:12:14+08:00 ] ::1 /mailist_tp/index.php/Home/Index/readlist
INFO: [ app_init ] --START--
INFO: Run Behavior\BuildLiteBehavior [ RunTime:0.000137s ]
INFO: [ app_init ] --END-- [ RunTime:0.001102s ]
INFO: [ app_begin ] --START--
INFO: Run Behavior\ReadHtmlCacheBehavior [ RunTime:0.000736s ]
INFO: [ app_begin ] --END-- [ RunTime:0.001738s ]
SQL: SHOW COLUMNS FROM `maidata` [ RunTime:0.0074s ]
SQL: SELECT * FROM `maidata` WHERE `track_type` = 'ANIME'  [ RunTime:0.0013s ]

[ 2016-02-17T12:12:14+08:00 ] ::1 /mailist_tp/index.php/Home/Index/readlist
INFO: [ app_init ] --START--
INFO: Run Behavior\BuildLiteBehavior [ RunTime:0.000183s ]
INFO: [ app_init ] --END-- [ RunTime:0.001353s ]
INFO: [ app_begin ] --START--
INFO: Run Behavior\ReadHtmlCacheBehavior [ RunTime:0.000814s ]
INFO: [ app_begin ] --END-- [ RunTime:0.001721s ]
SQL: SHOW COLUMNS FROM `maidata` [ RunTime:0.0053s ]
SQL: SELECT * FROM `maidata` WHERE `track_type` = '東方project'  [ RunTime:0.0018s ]

[ 2016-02-17T12:12:14+08:00 ] ::1 /mailist_tp/index.php/Home/Index/readlist
INFO: [ app_init ] --START--
INFO: Run Behavior\BuildLiteBehavior [ RunTime:0.000339s ]
INFO: [ app_init ] --END-- [ RunTime:0.001368s ]
INFO: [ app_begin ] --START--
INFO: Run Behavior\ReadHtmlCacheBehavior [ RunTime:0.000841s ]
INFO: [ app_begin ] --END-- [ RunTime:0.001486s ]
SQL: SHOW COLUMNS FROM `maidata` [ RunTime:0.0073s ]
SQL: SELECT * FROM `maidata` WHERE `track_type` = 'GAME'  [ RunTime:0.0023s ]

[ 2016-02-17T12:12:14+08:00 ] ::1 /mailist_tp/index.php/Home/Index/readlist
INFO: [ app_init ] --START--
INFO: Run Behavior\BuildLiteBehavior [ RunTime:0.000260s ]
INFO: [ app_init ] --END-- [ RunTime:0.001352s ]
INFO: [ app_begin ] --START--
INFO: Run Behavior\ReadHtmlCacheBehavior [ RunTime:0.000989s ]
INFO: [ app_begin ] --END-- [ RunTime:0.001762s ]
SQL: SHOW COLUMNS FROM `maidata` [ RunTime:0.0049s ]
SQL: SELECT * FROM `maidata` WHERE `track_type` = 'COLLABO'  [ RunTime:0.0017s ]

[ 2016-02-17T12:12:14+08:00 ] ::1 /mailist_tp/index.php/Home/Index/readlist
INFO: [ app_init ] --START--
INFO: Run Behavior\BuildLiteBehavior [ RunTime:0.000155s ]
INFO: [ app_init ] --END-- [ RunTime:0.001416s ]
INFO: [ app_begin ] --START--
INFO: Run Behavior\ReadHtmlCacheBehavior [ RunTime:0.000731s ]
INFO: [ app_begin ] --END-- [ RunTime:0.001367s ]
SQL: SHOW COLUMNS FROM `maidata` [ RunTime:0.0036s ]
SQL: SELECT * FROM `maidata` WHERE `track_type` = 'JOYPOLIS'  [ RunTime:0.0014s ]

[ 2016-02-17T12:12:14+08:00 ] ::1 /mailist_tp/index.php/Home/Index/readlist
INFO: [ app_init ] --START--
INFO: Run Behavior\BuildLiteBehavior [ RunTime:0.000210s ]
INFO: [ app_init ] --END-- [ RunTime:0.001752s ]
INFO: [ app_begin ] --START--
INFO: Run Behavior\ReadHtmlCacheBehavior [ RunTime:0.000594s ]
INFO: [ app_begin ] --END-- [ RunTime:0.001013s ]
SQL: SHOW COLUMNS FROM `maidata` [ RunTime:0.0037s ]
SQL: SELECT * FROM `maidata` WHERE `track_type` = 'niconico'  [ RunTime:0.0025s ]

[ 2016-02-17T12:12:14+08:00 ] ::1 /mailist_tp/index.php/Home/Index/readlist
INFO: [ app_init ] --START--
INFO: Run Behavior\BuildLiteBehavior [ RunTime:0.000145s ]
INFO: [ app_init ] --END-- [ RunTime:0.001289s ]
INFO: [ app_begin ] --START--
INFO: Run Behavior\ReadHtmlCacheBehavior [ RunTime:0.000593s ]
INFO: [ app_begin ] --END-- [ RunTime:0.000926s ]
SQL: SHOW COLUMNS FROM `maidata` [ RunTime:0.0058s ]
SQL: SELECT * FROM `maidata` WHERE `track_type` = 'ORIGINAL'  [ RunTime:0.0012s ]

[ 2016-02-17T12:12:14+08:00 ] ::1 /mailist_tp/index.php/Home/Index/readlist
INFO: [ app_init ] --START--
INFO: Run Behavior\BuildLiteBehavior [ RunTime:0.000201s ]
INFO: [ app_init ] --END-- [ RunTime:0.001380s ]
INFO: [ app_begin ] --START--
INFO: Run Behavior\ReadHtmlCacheBehavior [ RunTime:0.000821s ]
INFO: [ app_begin ] --END-- [ RunTime:0.001479s ]
SQL: SHOW COLUMNS FROM `maidata` [ RunTime:0.0032s ]
SQL: SELECT * FROM `maidata` WHERE `track_type` = 'POPS'  [ RunTime:0.0025s ]

[ 2016-02-17T12:12:14+08:00 ] ::1 /mailist_tp/index.php/Home/Index/readlist
INFO: [ app_init ] --START--
INFO: Run Behavior\BuildLiteBehavior [ RunTime:0.000158s ]
INFO: [ app_init ] --END-- [ RunTime:0.001521s ]
INFO: [ app_begin ] --START--
INFO: Run Behavior\ReadHtmlCacheBehavior [ RunTime:0.000770s ]
INFO: [ app_begin ] --END-- [ RunTime:0.001326s ]
SQL: SHOW COLUMNS FROM `maidata` [ RunTime:0.0046s ]
SQL: SELECT * FROM `maidata` WHERE `track_type` = 'VARIETY'  [ RunTime:0.0011s ]

