[ 2016-02-23T13:51:41+08:00 ] ::1 /mailist_tp/
INFO: [ app_init ] --START--
INFO: Run Behavior\BuildLiteBehavior [ RunTime:0.000087s ]
INFO: [ app_init ] --END-- [ RunTime:0.005342s ]
INFO: [ app_begin ] --START--
INFO: Run Behavior\ReadHtmlCacheBehavior [ RunTime:0.004443s ]
INFO: [ app_begin ] --END-- [ RunTime:0.004900s ]
INFO: [ view_parse ] --START--
INFO: [ template_filter ] --START--
INFO: Run Behavior\ContentReplaceBehavior [ RunTime:0.000743s ]
INFO: [ template_filter ] --END-- [ RunTime:0.001172s ]
INFO: Run Behavior\ParseTemplateBehavior [ RunTime:0.064501s ]
INFO: [ view_parse ] --END-- [ RunTime:0.064972s ]
INFO: [ view_filter ] --START--
INFO: Run Behavior\WriteHtmlCacheBehavior [ RunTime:0.004321s ]
INFO: [ view_filter ] --END-- [ RunTime:0.004729s ]
INFO: [ app_end ] --START--
INFO: Run Behavior\ShowPageTraceBehavior [ RunTime:0.006438s ]
INFO: [ app_end ] --END-- [ RunTime:0.007190s ]

[ 2016-02-23T13:51:41+08:00 ] ::1 /mailist_tp/index.php/Home/Index/readlist
INFO: [ app_init ] --START--
INFO: Run Behavior\BuildLiteBehavior [ RunTime:0.000188s ]
INFO: [ app_init ] --END-- [ RunTime:0.001417s ]
INFO: [ app_begin ] --START--
INFO: Run Behavior\ReadHtmlCacheBehavior [ RunTime:0.000838s ]
INFO: [ app_begin ] --END-- [ RunTime:0.001615s ]
SQL: SHOW COLUMNS FROM `maidata` [ RunTime:0.0162s ]
SQL: SELECT * FROM `maidata` WHERE `track_type` = '東方project'  [ RunTime:0.0053s ]

[ 2016-02-23T13:51:41+08:00 ] ::1 /mailist_tp/index.php/Home/Index/readlist
INFO: [ app_init ] --START--
INFO: Run Behavior\BuildLiteBehavior [ RunTime:0.000146s ]
INFO: [ app_init ] --END-- [ RunTime:0.001388s ]
INFO: [ app_begin ] --START--
INFO: Run Behavior\ReadHtmlCacheBehavior [ RunTime:0.000919s ]
INFO: [ app_begin ] --END-- [ RunTime:0.001573s ]
SQL: SHOW COLUMNS FROM `maidata` [ RunTime:0.0044s ]
SQL: SELECT * FROM `maidata` WHERE `track_type` = 'ANIME'  [ RunTime:0.0012s ]

[ 2016-02-23T13:51:41+08:00 ] ::1 /mailist_tp/index.php/Home/Index/readlist
INFO: [ app_init ] --START--
INFO: Run Behavior\BuildLiteBehavior [ RunTime:0.000177s ]
INFO: [ app_init ] --END-- [ RunTime:0.001377s ]
INFO: [ app_begin ] --START--
INFO: Run Behavior\ReadHtmlCacheBehavior [ RunTime:0.000931s ]
INFO: [ app_begin ] --END-- [ RunTime:0.001579s ]
SQL: SHOW COLUMNS FROM `maidata` [ RunTime:0.0047s ]
SQL: SELECT * FROM `maidata` WHERE `track_type` = 'COLLABO'  [ RunTime:0.0012s ]

[ 2016-02-23T13:51:41+08:00 ] ::1 /mailist_tp/index.php/Home/Index/readlist
INFO: [ app_init ] --START--
INFO: Run Behavior\BuildLiteBehavior [ RunTime:0.000162s ]
INFO: [ app_init ] --END-- [ RunTime:0.001334s ]
INFO: [ app_begin ] --START--
INFO: Run Behavior\ReadHtmlCacheBehavior [ RunTime:0.000888s ]
INFO: [ app_begin ] --END-- [ RunTime:0.001491s ]
SQL: SHOW COLUMNS FROM `maidata` [ RunTime:0.0037s ]
SQL: SELECT * FROM `maidata` WHERE `track_type` = 'GAME'  [ RunTime:0.0016s ]

[ 2016-02-23T13:51:41+08:00 ] ::1 /mailist_tp/index.php/Home/Index/readlist
INFO: [ app_init ] --START--
INFO: Run Behavior\BuildLiteBehavior [ RunTime:0.000155s ]
INFO: [ app_init ] --END-- [ RunTime:0.001368s ]
INFO: [ app_begin ] --START--
INFO: Run Behavior\ReadHtmlCacheBehavior [ RunTime:0.000854s ]
INFO: [ app_begin ] --END-- [ RunTime:0.001405s ]
SQL: SHOW COLUMNS FROM `maidata` [ RunTime:0.0038s ]
SQL: SELECT * FROM `maidata` WHERE `track_type` = 'JOYPOLIS'  [ RunTime:0.0012s ]

[ 2016-02-23T13:51:41+08:00 ] ::1 /mailist_tp/index.php/Home/Index/readlist
INFO: [ app_init ] --START--
INFO: Run Behavior\BuildLiteBehavior [ RunTime:0.000159s ]
INFO: [ app_init ] --END-- [ RunTime:0.001337s ]
INFO: [ app_begin ] --START--
INFO: Run Behavior\ReadHtmlCacheBehavior [ RunTime:0.000852s ]
INFO: [ app_begin ] --END-- [ RunTime:0.001444s ]
SQL: SHOW COLUMNS FROM `maidata` [ RunTime:0.0046s ]
SQL: SELECT * FROM `maidata` WHERE `track_type` = 'niconico'  [ RunTime:0.0019s ]

[ 2016-02-23T13:51:41+08:00 ] ::1 /mailist_tp/index.php/Home/Index/readlist
INFO: [ app_init ] --START--
INFO: Run Behavior\BuildLiteBehavior [ RunTime:0.000085s ]
INFO: [ app_init ] --END-- [ RunTime:0.000824s ]
INFO: [ app_begin ] --START--
INFO: Run Behavior\ReadHtmlCacheBehavior [ RunTime:0.000849s ]
INFO: [ app_begin ] --END-- [ RunTime:0.001534s ]
SQL: SHOW COLUMNS FROM `maidata` [ RunTime:0.0039s ]
SQL: SELECT * FROM `maidata` WHERE `track_type` = 'ORIGINAL'  [ RunTime:0.0020s ]

[ 2016-02-23T13:51:41+08:00 ] ::1 /mailist_tp/index.php/Home/Index/readlist
INFO: [ app_init ] --START--
INFO: Run Behavior\BuildLiteBehavior [ RunTime:0.000149s ]
INFO: [ app_init ] --END-- [ RunTime:0.001172s ]
INFO: [ app_begin ] --START--
INFO: Run Behavior\ReadHtmlCacheBehavior [ RunTime:0.000473s ]
INFO: [ app_begin ] --END-- [ RunTime:0.000802s ]
SQL: SHOW COLUMNS FROM `maidata` [ RunTime:0.0042s ]
SQL: SELECT * FROM `maidata` WHERE `track_type` = 'POPS'  [ RunTime:0.0015s ]

[ 2016-02-23T13:51:41+08:00 ] ::1 /mailist_tp/index.php/Home/Index/readlist
INFO: [ app_init ] --START--
INFO: Run Behavior\BuildLiteBehavior [ RunTime:0.000139s ]
INFO: [ app_init ] --END-- [ RunTime:0.001178s ]
INFO: [ app_begin ] --START--
INFO: Run Behavior\ReadHtmlCacheBehavior [ RunTime:0.000517s ]
INFO: [ app_begin ] --END-- [ RunTime:0.000853s ]
SQL: SHOW COLUMNS FROM `maidata` [ RunTime:0.0041s ]
SQL: SELECT * FROM `maidata` WHERE `track_type` = 'VARIETY'  [ RunTime:0.0017s ]

[ 2016-02-23T14:17:38+08:00 ] ::1 /mailist_tp/
INFO: [ app_init ] --START--
INFO: Run Behavior\BuildLiteBehavior [ RunTime:0.000119s ]
INFO: [ app_init ] --END-- [ RunTime:0.001076s ]
INFO: [ app_begin ] --START--
INFO: Run Behavior\ReadHtmlCacheBehavior [ RunTime:0.000794s ]
INFO: [ app_begin ] --END-- [ RunTime:0.001372s ]
INFO: [ view_parse ] --START--
INFO: [ template_filter ] --START--
INFO: Run Behavior\ContentReplaceBehavior [ RunTime:0.000260s ]
INFO: [ template_filter ] --END-- [ RunTime:0.000688s ]
INFO: Run Behavior\ParseTemplateBehavior [ RunTime:0.026374s ]
INFO: [ view_parse ] --END-- [ RunTime:0.026935s ]
INFO: [ view_filter ] --START--
INFO: Run Behavior\WriteHtmlCacheBehavior [ RunTime:0.000511s ]
INFO: [ view_filter ] --END-- [ RunTime:0.000899s ]
INFO: [ app_end ] --START--
INFO: Run Behavior\ShowPageTraceBehavior [ RunTime:0.000824s ]
INFO: [ app_end ] --END-- [ RunTime:0.001336s ]

[ 2016-02-23T14:17:38+08:00 ] ::1 /mailist_tp/index.php/Home/Index/readlist
INFO: [ app_init ] --START--
INFO: Run Behavior\BuildLiteBehavior [ RunTime:0.000154s ]
INFO: [ app_init ] --END-- [ RunTime:0.001375s ]
INFO: [ app_begin ] --START--
INFO: Run Behavior\ReadHtmlCacheBehavior [ RunTime:0.000707s ]
INFO: [ app_begin ] --END-- [ RunTime:0.001392s ]

[ 2016-02-23T14:17:39+08:00 ] ::1 /mailist_tp/index.php/Home/Index/readlist
INFO: [ app_init ] --START--
INFO: Run Behavior\BuildLiteBehavior [ RunTime:0.000307s ]
INFO: [ app_init ] --END-- [ RunTime:0.001751s ]
INFO: [ app_begin ] --START--
INFO: Run Behavior\ReadHtmlCacheBehavior [ RunTime:0.000840s ]
INFO: [ app_begin ] --END-- [ RunTime:0.001648s ]

[ 2016-02-23T14:17:39+08:00 ] ::1 /mailist_tp/index.php/Home/Index/readlist
INFO: [ app_init ] --START--
INFO: Run Behavior\BuildLiteBehavior [ RunTime:0.000112s ]
INFO: [ app_init ] --END-- [ RunTime:0.001304s ]
INFO: [ app_begin ] --START--
INFO: Run Behavior\ReadHtmlCacheBehavior [ RunTime:0.001033s ]
INFO: [ app_begin ] --END-- [ RunTime:0.001867s ]

[ 2016-02-23T14:17:39+08:00 ] ::1 /mailist_tp/index.php/Home/Index/readlist
INFO: [ app_init ] --START--
INFO: Run Behavior\BuildLiteBehavior [ RunTime:0.000164s ]
INFO: [ app_init ] --END-- [ RunTime:0.001396s ]
INFO: [ app_begin ] --START--
INFO: Run Behavior\ReadHtmlCacheBehavior [ RunTime:0.000673s ]
INFO: [ app_begin ] --END-- [ RunTime:0.001245s ]

[ 2016-02-23T14:17:39+08:00 ] ::1 /mailist_tp/index.php/Home/Index/readlist
INFO: [ app_init ] --START--
INFO: Run Behavior\BuildLiteBehavior [ RunTime:0.000178s ]
INFO: [ app_init ] --END-- [ RunTime:0.001366s ]
INFO: [ app_begin ] --START--
INFO: Run Behavior\ReadHtmlCacheBehavior [ RunTime:0.000539s ]
INFO: [ app_begin ] --END-- [ RunTime:0.000881s ]

[ 2016-02-23T14:17:39+08:00 ] ::1 /mailist_tp/index.php/Home/Index/readlist
INFO: [ app_init ] --START--
INFO: Run Behavior\BuildLiteBehavior [ RunTime:0.000127s ]
INFO: [ app_init ] --END-- [ RunTime:0.001280s ]
INFO: [ app_begin ] --START--
INFO: Run Behavior\ReadHtmlCacheBehavior [ RunTime:0.000542s ]
INFO: [ app_begin ] --END-- [ RunTime:0.000895s ]

[ 2016-02-23T14:17:39+08:00 ] ::1 /mailist_tp/index.php/Home/Index/readlist
INFO: [ app_init ] --START--
INFO: Run Behavior\BuildLiteBehavior [ RunTime:0.000075s ]
INFO: [ app_init ] --END-- [ RunTime:0.000708s ]
INFO: [ app_begin ] --START--
INFO: Run Behavior\ReadHtmlCacheBehavior [ RunTime:0.000808s ]
INFO: [ app_begin ] --END-- [ RunTime:0.001256s ]

[ 2016-02-23T14:17:49+08:00 ] ::1 /mailist_tp/
INFO: [ app_init ] --START--
INFO: Run Behavior\BuildLiteBehavior [ RunTime:0.000101s ]
INFO: [ app_init ] --END-- [ RunTime:0.000742s ]
INFO: [ app_begin ] --START--
INFO: Run Behavior\ReadHtmlCacheBehavior [ RunTime:0.000514s ]
INFO: [ app_begin ] --END-- [ RunTime:0.000912s ]
INFO: [ view_parse ] --START--
INFO: [ template_filter ] --START--
INFO: Run Behavior\ContentReplaceBehavior [ RunTime:0.000260s ]
INFO: [ template_filter ] --END-- [ RunTime:0.000733s ]
INFO: Run Behavior\ParseTemplateBehavior [ RunTime:0.022499s ]
INFO: [ view_parse ] --END-- [ RunTime:0.022967s ]
INFO: [ view_filter ] --START--
INFO: Run Behavior\WriteHtmlCacheBehavior [ RunTime:0.000391s ]
INFO: [ view_filter ] --END-- [ RunTime:0.000780s ]
INFO: [ app_end ] --START--
INFO: Run Behavior\ShowPageTraceBehavior [ RunTime:0.000714s ]
INFO: [ app_end ] --END-- [ RunTime:0.001470s ]

[ 2016-02-23T14:17:49+08:00 ] ::1 /mailist_tp/index.php/Home/Index/readlist
INFO: [ app_init ] --START--
INFO: Run Behavior\BuildLiteBehavior [ RunTime:0.000153s ]
INFO: [ app_init ] --END-- [ RunTime:0.001296s ]
INFO: [ app_begin ] --START--
INFO: Run Behavior\ReadHtmlCacheBehavior [ RunTime:0.000759s ]
INFO: [ app_begin ] --END-- [ RunTime:0.001381s ]

[ 2016-02-23T14:17:49+08:00 ] ::1 /mailist_tp/index.php/Home/Index/readlist
INFO: [ app_init ] --START--
INFO: Run Behavior\BuildLiteBehavior [ RunTime:0.000162s ]
INFO: [ app_init ] --END-- [ RunTime:0.001321s ]
INFO: [ app_begin ] --START--
INFO: Run Behavior\ReadHtmlCacheBehavior [ RunTime:0.000775s ]
INFO: [ app_begin ] --END-- [ RunTime:0.001510s ]

[ 2016-02-23T14:17:49+08:00 ] ::1 /mailist_tp/index.php/Home/Index/readlist
INFO: [ app_init ] --START--
INFO: Run Behavior\BuildLiteBehavior [ RunTime:0.000157s ]
INFO: [ app_init ] --END-- [ RunTime:0.001364s ]
INFO: [ app_begin ] --START--
INFO: Run Behavior\ReadHtmlCacheBehavior [ RunTime:0.000763s ]
INFO: [ app_begin ] --END-- [ RunTime:0.001456s ]

[ 2016-02-23T14:17:49+08:00 ] ::1 /mailist_tp/index.php/Home/Index/readlist
INFO: [ app_init ] --START--
INFO: Run Behavior\BuildLiteBehavior [ RunTime:0.000172s ]
INFO: [ app_init ] --END-- [ RunTime:0.001286s ]
INFO: [ app_begin ] --START--
INFO: Run Behavior\ReadHtmlCacheBehavior [ RunTime:0.000519s ]
INFO: [ app_begin ] --END-- [ RunTime:0.000979s ]

[ 2016-02-23T14:17:49+08:00 ] ::1 /mailist_tp/index.php/Home/Index/readlist
INFO: [ app_init ] --START--
INFO: Run Behavior\BuildLiteBehavior [ RunTime:0.000105s ]
INFO: [ app_init ] --END-- [ RunTime:0.001302s ]
INFO: [ app_begin ] --START--
INFO: Run Behavior\ReadHtmlCacheBehavior [ RunTime:0.000502s ]
INFO: [ app_begin ] --END-- [ RunTime:0.000953s ]

[ 2016-02-23T14:17:49+08:00 ] ::1 /mailist_tp/index.php/Home/Index/readlist
INFO: [ app_init ] --START--
INFO: Run Behavior\BuildLiteBehavior [ RunTime:0.000177s ]
INFO: [ app_init ] --END-- [ RunTime:0.001375s ]
INFO: [ app_begin ] --START--
INFO: Run Behavior\ReadHtmlCacheBehavior [ RunTime:0.000768s ]
INFO: [ app_begin ] --END-- [ RunTime:0.001398s ]

[ 2016-02-23T14:17:49+08:00 ] ::1 /mailist_tp/index.php/Home/Index/readlist
INFO: [ app_init ] --START--
INFO: Run Behavior\BuildLiteBehavior [ RunTime:0.000079s ]
INFO: [ app_init ] --END-- [ RunTime:0.000697s ]
INFO: [ app_begin ] --START--
INFO: Run Behavior\ReadHtmlCacheBehavior [ RunTime:0.000434s ]
INFO: [ app_begin ] --END-- [ RunTime:0.000750s ]

[ 2016-02-23T15:13:12+08:00 ] ::1 /mailist_tp/
INFO: [ app_init ] --START--
INFO: Run Behavior\BuildLiteBehavior [ RunTime:0.000082s ]
INFO: [ app_init ] --END-- [ RunTime:0.000775s ]
INFO: [ app_begin ] --START--
INFO: Run Behavior\ReadHtmlCacheBehavior [ RunTime:0.000634s ]
INFO: [ app_begin ] --END-- [ RunTime:0.001045s ]
INFO: [ view_parse ] --START--
INFO: [ template_filter ] --START--
INFO: Run Behavior\ContentReplaceBehavior [ RunTime:0.000395s ]
INFO: [ template_filter ] --END-- [ RunTime:0.000982s ]
INFO: Run Behavior\ParseTemplateBehavior [ RunTime:0.021974s ]
INFO: [ view_parse ] --END-- [ RunTime:0.022382s ]
INFO: [ view_filter ] --START--
INFO: Run Behavior\WriteHtmlCacheBehavior [ RunTime:0.000506s ]
INFO: [ view_filter ] --END-- [ RunTime:0.000883s ]
INFO: [ app_end ] --START--
INFO: Run Behavior\ShowPageTraceBehavior [ RunTime:0.000652s ]
INFO: [ app_end ] --END-- [ RunTime:0.001301s ]

[ 2016-02-23T15:13:12+08:00 ] ::1 /mailist_tp/index.php/Home/Index/readlist
INFO: [ app_init ] --START--
INFO: Run Behavior\BuildLiteBehavior [ RunTime:0.000215s ]
INFO: [ app_init ] --END-- [ RunTime:0.001355s ]
INFO: [ app_begin ] --START--
INFO: Run Behavior\ReadHtmlCacheBehavior [ RunTime:0.000810s ]
INFO: [ app_begin ] --END-- [ RunTime:0.001565s ]

[ 2016-02-23T15:13:12+08:00 ] ::1 /mailist_tp/index.php/Home/Index/readlist
INFO: [ app_init ] --START--
INFO: Run Behavior\BuildLiteBehavior [ RunTime:0.001489s ]
INFO: [ app_init ] --END-- [ RunTime:0.004129s ]
INFO: [ app_begin ] --START--
INFO: Run Behavior\ReadHtmlCacheBehavior [ RunTime:0.000918s ]
INFO: [ app_begin ] --END-- [ RunTime:0.001597s ]

[ 2016-02-23T15:13:12+08:00 ] ::1 /mailist_tp/index.php/Home/Index/readlist
INFO: [ app_init ] --START--
INFO: Run Behavior\BuildLiteBehavior [ RunTime:0.000461s ]
INFO: [ app_init ] --END-- [ RunTime:0.002219s ]
INFO: [ app_begin ] --START--
INFO: Run Behavior\ReadHtmlCacheBehavior [ RunTime:0.000919s ]
INFO: [ app_begin ] --END-- [ RunTime:0.001878s ]

[ 2016-02-23T15:13:12+08:00 ] ::1 /mailist_tp/index.php/Home/Index/readlist
INFO: [ app_init ] --START--
INFO: Run Behavior\BuildLiteBehavior [ RunTime:0.000206s ]
INFO: [ app_init ] --END-- [ RunTime:0.001428s ]
INFO: [ app_begin ] --START--
INFO: Run Behavior\ReadHtmlCacheBehavior [ RunTime:0.000901s ]
INFO: [ app_begin ] --END-- [ RunTime:0.001563s ]

[ 2016-02-23T15:13:13+08:00 ] ::1 /mailist_tp/index.php/Home/Index/readlist
INFO: [ app_init ] --START--
INFO: Run Behavior\BuildLiteBehavior [ RunTime:0.000169s ]
INFO: [ app_init ] --END-- [ RunTime:0.001706s ]
INFO: [ app_begin ] --START--
INFO: Run Behavior\ReadHtmlCacheBehavior [ RunTime:0.001046s ]
INFO: [ app_begin ] --END-- [ RunTime:0.001965s ]

[ 2016-02-23T15:13:13+08:00 ] ::1 /mailist_tp/index.php/Home/Index/readlist
INFO: [ app_init ] --START--
INFO: Run Behavior\BuildLiteBehavior [ RunTime:0.000161s ]
INFO: [ app_init ] --END-- [ RunTime:0.001790s ]
INFO: [ app_begin ] --START--
INFO: Run Behavior\ReadHtmlCacheBehavior [ RunTime:0.001166s ]
INFO: [ app_begin ] --END-- [ RunTime:0.002005s ]

[ 2016-02-23T15:13:13+08:00 ] ::1 /mailist_tp/index.php/Home/Index/readlist
INFO: [ app_init ] --START--
INFO: Run Behavior\BuildLiteBehavior [ RunTime:0.000149s ]
INFO: [ app_init ] --END-- [ RunTime:0.001188s ]
INFO: [ app_begin ] --START--
INFO: Run Behavior\ReadHtmlCacheBehavior [ RunTime:0.000487s ]
INFO: [ app_begin ] --END-- [ RunTime:0.000809s ]

[ 2016-02-23T15:13:13+08:00 ] ::1 /mailist_tp/index.php/Home/Index/readlist
INFO: [ app_init ] --START--
INFO: Run Behavior\BuildLiteBehavior [ RunTime:0.000083s ]
INFO: [ app_init ] --END-- [ RunTime:0.000759s ]
INFO: [ app_begin ] --START--
INFO: Run Behavior\ReadHtmlCacheBehavior [ RunTime:0.000476s ]
INFO: [ app_begin ] --END-- [ RunTime:0.000798s ]

[ 2016-02-23T15:13:13+08:00 ] ::1 /mailist_tp/index.php/Home/Index/readlist
INFO: [ app_init ] --START--
INFO: Run Behavior\BuildLiteBehavior [ RunTime:0.000082s ]
INFO: [ app_init ] --END-- [ RunTime:0.000768s ]
INFO: [ app_begin ] --START--
INFO: Run Behavior\ReadHtmlCacheBehavior [ RunTime:0.000446s ]
INFO: [ app_begin ] --END-- [ RunTime:0.000752s ]

[ 2016-02-23T16:39:19+08:00 ] ::1 /mailist_tp/
INFO: [ app_init ] --START--
INFO: Run Behavior\BuildLiteBehavior [ RunTime:0.000092s ]
INFO: [ app_init ] --END-- [ RunTime:0.000851s ]
INFO: [ app_begin ] --START--
INFO: Run Behavior\ReadHtmlCacheBehavior [ RunTime:0.000560s ]
INFO: [ app_begin ] --END-- [ RunTime:0.000954s ]
INFO: [ view_parse ] --START--
INFO: [ template_filter ] --START--
INFO: Run Behavior\ContentReplaceBehavior [ RunTime:0.000276s ]
INFO: [ template_filter ] --END-- [ RunTime:0.000796s ]
INFO: Run Behavior\ParseTemplateBehavior [ RunTime:0.023540s ]
INFO: [ view_parse ] --END-- [ RunTime:0.024020s ]
INFO: [ view_filter ] --START--
INFO: Run Behavior\WriteHtmlCacheBehavior [ RunTime:0.000419s ]
INFO: [ view_filter ] --END-- [ RunTime:0.000831s ]
INFO: [ app_end ] --START--
INFO: Run Behavior\ShowPageTraceBehavior [ RunTime:0.000883s ]
INFO: [ app_end ] --END-- [ RunTime:0.001342s ]

[ 2016-02-23T16:39:19+08:00 ] ::1 /mailist_tp/index.php/Home/Index/readlist
INFO: [ app_init ] --START--
INFO: Run Behavior\BuildLiteBehavior [ RunTime:0.000159s ]
INFO: [ app_init ] --END-- [ RunTime:0.001285s ]
INFO: [ app_begin ] --START--
INFO: Run Behavior\ReadHtmlCacheBehavior [ RunTime:0.000834s ]
INFO: [ app_begin ] --END-- [ RunTime:0.001545s ]
SQL: SHOW COLUMNS FROM `maidata` [ RunTime:0.0153s ]
SQL: SELECT * FROM `maidata` WHERE `track_type` = '東方project'  [ RunTime:0.0032s ]

[ 2016-02-23T16:39:19+08:00 ] ::1 /mailist_tp/index.php/Home/Index/readlist
INFO: [ app_init ] --START--
INFO: Run Behavior\BuildLiteBehavior [ RunTime:0.000170s ]
INFO: [ app_init ] --END-- [ RunTime:0.001449s ]
INFO: [ app_begin ] --START--
INFO: Run Behavior\ReadHtmlCacheBehavior [ RunTime:0.000589s ]
INFO: [ app_begin ] --END-- [ RunTime:0.001227s ]
SQL: SHOW COLUMNS FROM `maidata` [ RunTime:0.0039s ]
SQL: SELECT * FROM `maidata` WHERE `track_type` = 'ANIME'  [ RunTime:0.0012s ]

[ 2016-02-23T16:39:19+08:00 ] ::1 /mailist_tp/index.php/Home/Index/readlist
INFO: [ app_init ] --START--
INFO: Run Behavior\BuildLiteBehavior [ RunTime:0.000095s ]
INFO: [ app_init ] --END-- [ RunTime:0.000947s ]
INFO: [ app_begin ] --START--
INFO: Run Behavior\ReadHtmlCacheBehavior [ RunTime:0.000874s ]
INFO: [ app_begin ] --END-- [ RunTime:0.001558s ]
SQL: SHOW COLUMNS FROM `maidata` [ RunTime:0.0038s ]
SQL: SELECT * FROM `maidata` WHERE `track_type` = 'COLLABO'  [ RunTime:0.0011s ]

[ 2016-02-23T16:39:19+08:00 ] ::1 /mailist_tp/index.php/Home/Index/readlist
INFO: [ app_init ] --START--
INFO: Run Behavior\BuildLiteBehavior [ RunTime:0.000210s ]
INFO: [ app_init ] --END-- [ RunTime:0.001527s ]
INFO: [ app_begin ] --START--
INFO: Run Behavior\ReadHtmlCacheBehavior [ RunTime:0.000899s ]
INFO: [ app_begin ] --END-- [ RunTime:0.001519s ]
SQL: SHOW COLUMNS FROM `maidata` [ RunTime:0.0033s ]
SQL: SELECT * FROM `maidata` WHERE `track_type` = 'JOYPOLIS'  [ RunTime:0.0013s ]

[ 2016-02-23T16:39:19+08:00 ] ::1 /mailist_tp/index.php/Home/Index/readlist
INFO: [ app_init ] --START--
INFO: Run Behavior\BuildLiteBehavior [ RunTime:0.000142s ]
INFO: [ app_init ] --END-- [ RunTime:0.001355s ]
INFO: [ app_begin ] --START--
INFO: Run Behavior\ReadHtmlCacheBehavior [ RunTime:0.000630s ]
INFO: [ app_begin ] --END-- [ RunTime:0.001006s ]
SQL: SHOW COLUMNS FROM `maidata` [ RunTime:0.0036s ]
SQL: SELECT * FROM `maidata` WHERE `track_type` = 'GAME'  [ RunTime:0.0016s ]

[ 2016-02-23T16:39:19+08:00 ] ::1 /mailist_tp/index.php/Home/Index/readlist
INFO: [ app_init ] --START--
INFO: Run Behavior\BuildLiteBehavior [ RunTime:0.000114s ]
INFO: [ app_init ] --END-- [ RunTime:0.001170s ]
INFO: [ app_begin ] --START--
INFO: Run Behavior\ReadHtmlCacheBehavior [ RunTime:0.000625s ]
INFO: [ app_begin ] --END-- [ RunTime:0.001141s ]
SQL: SHOW COLUMNS FROM `maidata` [ RunTime:0.0033s ]
SQL: SELECT * FROM `maidata` WHERE `track_type` = 'niconico'  [ RunTime:0.0015s ]

[ 2016-02-23T16:39:20+08:00 ] ::1 /mailist_tp/index.php/Home/Index/readlist
INFO: [ app_init ] --START--
INFO: Run Behavior\BuildLiteBehavior [ RunTime:0.000137s ]
INFO: [ app_init ] --END-- [ RunTime:0.001259s ]
INFO: [ app_begin ] --START--
INFO: Run Behavior\ReadHtmlCacheBehavior [ RunTime:0.000543s ]
INFO: [ app_begin ] --END-- [ RunTime:0.000971s ]
SQL: SHOW COLUMNS FROM `maidata` [ RunTime:0.0038s ]
SQL: SELECT * FROM `maidata` WHERE `track_type` = 'ORIGINAL'  [ RunTime:0.0014s ]

[ 2016-02-23T16:39:20+08:00 ] ::1 /mailist_tp/index.php/Home/Index/readlist
INFO: [ app_init ] --START--
INFO: Run Behavior\BuildLiteBehavior [ RunTime:0.000078s ]
INFO: [ app_init ] --END-- [ RunTime:0.000715s ]
INFO: [ app_begin ] --START--
INFO: Run Behavior\ReadHtmlCacheBehavior [ RunTime:0.000455s ]
INFO: [ app_begin ] --END-- [ RunTime:0.000770s ]
SQL: SHOW COLUMNS FROM `maidata` [ RunTime:0.0071s ]
SQL: SELECT * FROM `maidata` WHERE `track_type` = 'POPS'  [ RunTime:0.0013s ]

[ 2016-02-23T16:39:20+08:00 ] ::1 /mailist_tp/index.php/Home/Index/readlist
INFO: [ app_init ] --START--
INFO: Run Behavior\BuildLiteBehavior [ RunTime:0.000087s ]
INFO: [ app_init ] --END-- [ RunTime:0.000736s ]
INFO: [ app_begin ] --START--
INFO: Run Behavior\ReadHtmlCacheBehavior [ RunTime:0.000753s ]
INFO: [ app_begin ] --END-- [ RunTime:0.001344s ]
SQL: SHOW COLUMNS FROM `maidata` [ RunTime:0.0031s ]
SQL: SELECT * FROM `maidata` WHERE `track_type` = 'VARIETY'  [ RunTime:0.0011s ]

[ 2016-02-23T17:22:50+08:00 ] ::1 /mailist_tp/
INFO: [ app_init ] --START--
INFO: Run Behavior\BuildLiteBehavior [ RunTime:0.000130s ]
INFO: [ app_init ] --END-- [ RunTime:0.001288s ]
INFO: [ app_begin ] --START--
INFO: Run Behavior\ReadHtmlCacheBehavior [ RunTime:0.001122s ]
INFO: [ app_begin ] --END-- [ RunTime:0.001905s ]
INFO: [ view_parse ] --START--
INFO: [ template_filter ] --START--
INFO: Run Behavior\ContentReplaceBehavior [ RunTime:0.000266s ]
INFO: [ template_filter ] --END-- [ RunTime:0.000722s ]
INFO: Run Behavior\ParseTemplateBehavior [ RunTime:0.025237s ]
INFO: [ view_parse ] --END-- [ RunTime:0.025659s ]
INFO: [ view_filter ] --START--
INFO: Run Behavior\WriteHtmlCacheBehavior [ RunTime:0.000555s ]
INFO: [ view_filter ] --END-- [ RunTime:0.000951s ]
INFO: [ app_end ] --START--
INFO: Run Behavior\ShowPageTraceBehavior [ RunTime:0.001681s ]
INFO: [ app_end ] --END-- [ RunTime:0.002538s ]

[ 2016-02-23T17:22:50+08:00 ] ::1 /mailist_tp/index.php/Home/Index/readlist
INFO: [ app_init ] --START--
INFO: Run Behavior\BuildLiteBehavior [ RunTime:0.000088s ]
INFO: [ app_init ] --END-- [ RunTime:0.000885s ]
INFO: [ app_begin ] --START--
INFO: Run Behavior\ReadHtmlCacheBehavior [ RunTime:0.001025s ]
INFO: [ app_begin ] --END-- [ RunTime:0.001643s ]
SQL: SHOW COLUMNS FROM `maidata` [ RunTime:0.0126s ]
SQL: SELECT * FROM `maidata` WHERE `track_type` = '東方project'  [ RunTime:0.0031s ]

[ 2016-02-23T17:22:50+08:00 ] ::1 /mailist_tp/index.php/Home/Index/readlist
INFO: [ app_init ] --START--
INFO: Run Behavior\BuildLiteBehavior [ RunTime:0.000090s ]
INFO: [ app_init ] --END-- [ RunTime:0.001047s ]
INFO: [ app_begin ] --START--
INFO: Run Behavior\ReadHtmlCacheBehavior [ RunTime:0.001292s ]
INFO: [ app_begin ] --END-- [ RunTime:0.001978s ]
SQL: SHOW COLUMNS FROM `maidata` [ RunTime:0.0043s ]
SQL: SELECT * FROM `maidata` WHERE `track_type` = 'COLLABO'  [ RunTime:0.0012s ]

[ 2016-02-23T17:22:50+08:00 ] ::1 /mailist_tp/index.php/Home/Index/readlist
INFO: [ app_init ] --START--
INFO: Run Behavior\BuildLiteBehavior [ RunTime:0.000199s ]
INFO: [ app_init ] --END-- [ RunTime:0.001430s ]
INFO: [ app_begin ] --START--
INFO: Run Behavior\ReadHtmlCacheBehavior [ RunTime:0.000877s ]
INFO: [ app_begin ] --END-- [ RunTime:0.001776s ]
SQL: SHOW COLUMNS FROM `maidata` [ RunTime:0.0040s ]
SQL: SELECT * FROM `maidata` WHERE `track_type` = 'ANIME'  [ RunTime:0.0011s ]

[ 2016-02-23T17:22:50+08:00 ] ::1 /mailist_tp/index.php/Home/Index/readlist
INFO: [ app_init ] --START--
INFO: Run Behavior\BuildLiteBehavior [ RunTime:0.000159s ]
INFO: [ app_init ] --END-- [ RunTime:0.001301s ]
INFO: [ app_begin ] --START--
INFO: Run Behavior\ReadHtmlCacheBehavior [ RunTime:0.000892s ]
INFO: [ app_begin ] --END-- [ RunTime:0.001458s ]
SQL: SHOW COLUMNS FROM `maidata` [ RunTime:0.0040s ]
SQL: SELECT * FROM `maidata` WHERE `track_type` = 'GAME'  [ RunTime:0.0016s ]

[ 2016-02-23T17:22:50+08:00 ] ::1 /mailist_tp/index.php/Home/Index/readlist
INFO: [ app_init ] --START--
INFO: Run Behavior\BuildLiteBehavior [ RunTime:0.000159s ]
INFO: [ app_init ] --END-- [ RunTime:0.001345s ]
INFO: [ app_begin ] --START--
INFO: Run Behavior\ReadHtmlCacheBehavior [ RunTime:0.000710s ]
INFO: [ app_begin ] --END-- [ RunTime:0.001227s ]
SQL: SHOW COLUMNS FROM `maidata` [ RunTime:0.0035s ]
SQL: SELECT * FROM `maidata` WHERE `track_type` = 'JOYPOLIS'  [ RunTime:0.0014s ]

[ 2016-02-23T17:22:50+08:00 ] ::1 /mailist_tp/index.php/Home/Index/readlist
INFO: [ app_init ] --START--
INFO: Run Behavior\BuildLiteBehavior [ RunTime:0.000184s ]
INFO: [ app_init ] --END-- [ RunTime:0.001403s ]
INFO: [ app_begin ] --START--
INFO: Run Behavior\ReadHtmlCacheBehavior [ RunTime:0.000830s ]
INFO: [ app_begin ] --END-- [ RunTime:0.001236s ]
SQL: SHOW COLUMNS FROM `maidata` [ RunTime:0.0048s ]
SQL: SELECT * FROM `maidata` WHERE `track_type` = 'niconico'  [ RunTime:0.0019s ]

[ 2016-02-23T17:22:50+08:00 ] ::1 /mailist_tp/index.php/Home/Index/readlist
INFO: [ app_init ] --START--
INFO: Run Behavior\BuildLiteBehavior [ RunTime:0.000096s ]
INFO: [ app_init ] --END-- [ RunTime:0.000764s ]
INFO: [ app_begin ] --START--
INFO: Run Behavior\ReadHtmlCacheBehavior [ RunTime:0.000660s ]
INFO: [ app_begin ] --END-- [ RunTime:0.000990s ]
SQL: SHOW COLUMNS FROM `maidata` [ RunTime:0.0045s ]
SQL: SELECT * FROM `maidata` WHERE `track_type` = 'ORIGINAL'  [ RunTime:0.0015s ]

[ 2016-02-23T17:22:50+08:00 ] ::1 /mailist_tp/index.php/Home/Index/readlist
INFO: [ app_init ] --START--
INFO: Run Behavior\BuildLiteBehavior [ RunTime:0.000086s ]
INFO: [ app_init ] --END-- [ RunTime:0.000748s ]
INFO: [ app_begin ] --START--
INFO: Run Behavior\ReadHtmlCacheBehavior [ RunTime:0.000563s ]
INFO: [ app_begin ] --END-- [ RunTime:0.000886s ]
SQL: SHOW COLUMNS FROM `maidata` [ RunTime:0.0035s ]
SQL: SELECT * FROM `maidata` WHERE `track_type` = 'POPS'  [ RunTime:0.0012s ]

[ 2016-02-23T17:22:50+08:00 ] ::1 /mailist_tp/index.php/Home/Index/readlist
INFO: [ app_init ] --START--
INFO: Run Behavior\BuildLiteBehavior [ RunTime:0.000148s ]
INFO: [ app_init ] --END-- [ RunTime:0.001216s ]
INFO: [ app_begin ] --START--
INFO: Run Behavior\ReadHtmlCacheBehavior [ RunTime:0.000485s ]
INFO: [ app_begin ] --END-- [ RunTime:0.000815s ]
SQL: SHOW COLUMNS FROM `maidata` [ RunTime:0.0043s ]
SQL: SELECT * FROM `maidata` WHERE `track_type` = 'VARIETY'  [ RunTime:0.0017s ]

[ 2016-02-23T18:34:52+08:00 ] ::1 /mailist_tp/
INFO: [ app_init ] --START--
INFO: Run Behavior\BuildLiteBehavior [ RunTime:0.000104s ]
INFO: [ app_init ] --END-- [ RunTime:0.000758s ]
INFO: [ app_begin ] --START--
INFO: Run Behavior\ReadHtmlCacheBehavior [ RunTime:0.000731s ]
INFO: [ app_begin ] --END-- [ RunTime:0.001257s ]
INFO: [ view_parse ] --START--
INFO: [ template_filter ] --START--
INFO: Run Behavior\ContentReplaceBehavior [ RunTime:0.000291s ]
INFO: [ template_filter ] --END-- [ RunTime:0.000716s ]
INFO: Run Behavior\ParseTemplateBehavior [ RunTime:0.022304s ]
INFO: [ view_parse ] --END-- [ RunTime:0.022710s ]
INFO: [ view_filter ] --START--
INFO: Run Behavior\WriteHtmlCacheBehavior [ RunTime:0.000433s ]
INFO: [ view_filter ] --END-- [ RunTime:0.000812s ]
INFO: [ app_end ] --START--
INFO: Run Behavior\ShowPageTraceBehavior [ RunTime:0.000792s ]
INFO: [ app_end ] --END-- [ RunTime:0.001442s ]

[ 2016-02-23T18:34:53+08:00 ] ::1 /mailist_tp/index.php/Home/Index/readlist
INFO: [ app_init ] --START--
INFO: Run Behavior\BuildLiteBehavior [ RunTime:0.000156s ]
INFO: [ app_init ] --END-- [ RunTime:0.001251s ]
INFO: [ app_begin ] --START--
INFO: Run Behavior\ReadHtmlCacheBehavior [ RunTime:0.000824s ]
INFO: [ app_begin ] --END-- [ RunTime:0.001548s ]
SQL: SHOW COLUMNS FROM `maidata` [ RunTime:0.0103s ]
SQL: SELECT * FROM `maidata` WHERE `track_type` = '東方project'  [ RunTime:0.0017s ]

[ 2016-02-23T18:34:53+08:00 ] ::1 /mailist_tp/index.php/Home/Index/readlist
INFO: [ app_init ] --START--
INFO: Run Behavior\BuildLiteBehavior [ RunTime:0.000164s ]
INFO: [ app_init ] --END-- [ RunTime:0.001412s ]
INFO: [ app_begin ] --START--
INFO: Run Behavior\ReadHtmlCacheBehavior [ RunTime:0.000584s ]
INFO: [ app_begin ] --END-- [ RunTime:0.001100s ]
SQL: SHOW COLUMNS FROM `maidata` [ RunTime:0.0038s ]
SQL: SELECT * FROM `maidata` WHERE `track_type` = 'GAME'  [ RunTime:0.0015s ]

[ 2016-02-23T18:34:53+08:00 ] ::1 /mailist_tp/index.php/Home/Index/readlist
INFO: [ app_init ] --START--
INFO: Run Behavior\BuildLiteBehavior [ RunTime:0.000172s ]
INFO: [ app_init ] --END-- [ RunTime:0.001394s ]
INFO: [ app_begin ] --START--
INFO: Run Behavior\ReadHtmlCacheBehavior [ RunTime:0.000888s ]
INFO: [ app_begin ] --END-- [ RunTime:0.001552s ]
SQL: SHOW COLUMNS FROM `maidata` [ RunTime:0.0041s ]
SQL: SELECT * FROM `maidata` WHERE `track_type` = 'ANIME'  [ RunTime:0.0017s ]

[ 2016-02-23T18:34:53+08:00 ] ::1 /mailist_tp/index.php/Home/Index/readlist
INFO: [ app_init ] --START--
INFO: Run Behavior\BuildLiteBehavior [ RunTime:0.000198s ]
INFO: [ app_init ] --END-- [ RunTime:0.001386s ]
INFO: [ app_begin ] --START--
INFO: Run Behavior\ReadHtmlCacheBehavior [ RunTime:0.000834s ]
INFO: [ app_begin ] --END-- [ RunTime:0.001394s ]
SQL: SHOW COLUMNS FROM `maidata` [ RunTime:0.0038s ]
SQL: SELECT * FROM `maidata` WHERE `track_type` = 'COLLABO'  [ RunTime:0.0012s ]

[ 2016-02-23T18:34:53+08:00 ] ::1 /mailist_tp/index.php/Home/Index/readlist
INFO: [ app_init ] --START--
INFO: Run Behavior\BuildLiteBehavior [ RunTime:0.000166s ]
INFO: [ app_init ] --END-- [ RunTime:0.001362s ]
INFO: [ app_begin ] --START--
INFO: Run Behavior\ReadHtmlCacheBehavior [ RunTime:0.000896s ]
INFO: [ app_begin ] --END-- [ RunTime:0.001458s ]
SQL: SHOW COLUMNS FROM `maidata` [ RunTime:0.0031s ]
SQL: SELECT * FROM `maidata` WHERE `track_type` = 'JOYPOLIS'  [ RunTime:0.0012s ]

[ 2016-02-23T18:34:53+08:00 ] ::1 /mailist_tp/index.php/Home/Index/readlist
INFO: [ app_init ] --START--
INFO: Run Behavior\BuildLiteBehavior [ RunTime:0.000161s ]
INFO: [ app_init ] --END-- [ RunTime:0.001351s ]
INFO: [ app_begin ] --START--
INFO: Run Behavior\ReadHtmlCacheBehavior [ RunTime:0.000762s ]
INFO: [ app_begin ] --END-- [ RunTime:0.001064s ]
SQL: SHOW COLUMNS FROM `maidata` [ RunTime:0.0037s ]
SQL: SELECT * FROM `maidata` WHERE `track_type` = 'niconico'  [ RunTime:0.0018s ]

[ 2016-02-23T18:34:53+08:00 ] ::1 /mailist_tp/index.php/Home/Index/readlist
INFO: [ app_init ] --START--
INFO: Run Behavior\BuildLiteBehavior [ RunTime:0.000085s ]
INFO: [ app_init ] --END-- [ RunTime:0.000715s ]
INFO: [ app_begin ] --START--
INFO: Run Behavior\ReadHtmlCacheBehavior [ RunTime:0.000456s ]
INFO: [ app_begin ] --END-- [ RunTime:0.000782s ]
SQL: SHOW COLUMNS FROM `maidata` [ RunTime:0.0037s ]
SQL: SELECT * FROM `maidata` WHERE `track_type` = 'ORIGINAL'  [ RunTime:0.0014s ]

[ 2016-02-23T18:34:53+08:00 ] ::1 /mailist_tp/index.php/Home/Index/readlist
INFO: [ app_init ] --START--
INFO: Run Behavior\BuildLiteBehavior [ RunTime:0.000085s ]
INFO: [ app_init ] --END-- [ RunTime:0.000737s ]
INFO: [ app_begin ] --START--
INFO: Run Behavior\ReadHtmlCacheBehavior [ RunTime:0.001000s ]
INFO: [ app_begin ] --END-- [ RunTime:0.001479s ]
SQL: SHOW COLUMNS FROM `maidata` [ RunTime:0.0039s ]
SQL: SELECT * FROM `maidata` WHERE `track_type` = 'POPS'  [ RunTime:0.0012s ]

[ 2016-02-23T18:34:53+08:00 ] ::1 /mailist_tp/index.php/Home/Index/readlist
INFO: [ app_init ] --START--
INFO: Run Behavior\BuildLiteBehavior [ RunTime:0.000149s ]
INFO: [ app_init ] --END-- [ RunTime:0.001239s ]
INFO: [ app_begin ] --START--
INFO: Run Behavior\ReadHtmlCacheBehavior [ RunTime:0.000665s ]
INFO: [ app_begin ] --END-- [ RunTime:0.001003s ]
SQL: SHOW COLUMNS FROM `maidata` [ RunTime:0.0040s ]
SQL: SELECT * FROM `maidata` WHERE `track_type` = 'VARIETY'  [ RunTime:0.0011s ]

[ 2016-02-23T18:46:31+08:00 ] ::1 /mailist_tp/
INFO: [ app_init ] --START--
INFO: Run Behavior\BuildLiteBehavior [ RunTime:0.000142s ]
INFO: [ app_init ] --END-- [ RunTime:0.000838s ]
INFO: [ app_begin ] --START--
INFO: Run Behavior\ReadHtmlCacheBehavior [ RunTime:0.000611s ]
INFO: [ app_begin ] --END-- [ RunTime:0.001003s ]
INFO: [ view_parse ] --START--
INFO: [ template_filter ] --START--
INFO: Run Behavior\ContentReplaceBehavior [ RunTime:0.000262s ]
INFO: [ template_filter ] --END-- [ RunTime:0.000711s ]
INFO: Run Behavior\ParseTemplateBehavior [ RunTime:0.022638s ]
INFO: [ view_parse ] --END-- [ RunTime:0.023044s ]
INFO: [ view_filter ] --START--
INFO: Run Behavior\WriteHtmlCacheBehavior [ RunTime:0.000505s ]
INFO: [ view_filter ] --END-- [ RunTime:0.000940s ]
INFO: [ app_end ] --START--
INFO: Run Behavior\ShowPageTraceBehavior [ RunTime:0.000880s ]
INFO: [ app_end ] --END-- [ RunTime:0.001374s ]

[ 2016-02-23T18:46:31+08:00 ] ::1 /mailist_tp/index.php/Home/Index/readlist
INFO: [ app_init ] --START--
INFO: Run Behavior\BuildLiteBehavior [ RunTime:0.000177s ]
INFO: [ app_init ] --END-- [ RunTime:0.001311s ]
INFO: [ app_begin ] --START--
INFO: Run Behavior\ReadHtmlCacheBehavior [ RunTime:0.000899s ]
INFO: [ app_begin ] --END-- [ RunTime:0.001558s ]
SQL: SHOW COLUMNS FROM `maidata` [ RunTime:0.0095s ]
SQL: SELECT * FROM `maidata` WHERE `track_type` = '東方project'  [ RunTime:0.0014s ]

[ 2016-02-23T18:46:31+08:00 ] ::1 /mailist_tp/index.php/Home/Index/readlist
INFO: [ app_init ] --START--
INFO: Run Behavior\BuildLiteBehavior [ RunTime:0.000154s ]
INFO: [ app_init ] --END-- [ RunTime:0.001247s ]
INFO: [ app_begin ] --START--
INFO: Run Behavior\ReadHtmlCacheBehavior [ RunTime:0.001006s ]
INFO: [ app_begin ] --END-- [ RunTime:0.001621s ]
SQL: SHOW COLUMNS FROM `maidata` [ RunTime:0.0033s ]
SQL: SELECT * FROM `maidata` WHERE `track_type` = 'ANIME'  [ RunTime:0.0011s ]

[ 2016-02-23T18:46:31+08:00 ] ::1 /mailist_tp/index.php/Home/Index/readlist
INFO: [ app_init ] --START--
INFO: Run Behavior\BuildLiteBehavior [ RunTime:0.000119s ]
INFO: [ app_init ] --END-- [ RunTime:0.001237s ]
INFO: [ app_begin ] --START--
INFO: Run Behavior\ReadHtmlCacheBehavior [ RunTime:0.000932s ]
INFO: [ app_begin ] --END-- [ RunTime:0.001595s ]
SQL: SHOW COLUMNS FROM `maidata` [ RunTime:0.0044s ]
SQL: SELECT * FROM `maidata` WHERE `track_type` = 'COLLABO'  [ RunTime:0.0013s ]

[ 2016-02-23T18:46:31+08:00 ] ::1 /mailist_tp/index.php/Home/Index/readlist
INFO: [ app_init ] --START--
INFO: Run Behavior\BuildLiteBehavior [ RunTime:0.000146s ]
INFO: [ app_init ] --END-- [ RunTime:0.001356s ]
INFO: [ app_begin ] --START--
INFO: Run Behavior\ReadHtmlCacheBehavior [ RunTime:0.000556s ]
INFO: [ app_begin ] --END-- [ RunTime:0.001031s ]
SQL: SHOW COLUMNS FROM `maidata` [ RunTime:0.0032s ]
SQL: SELECT * FROM `maidata` WHERE `track_type` = 'GAME'  [ RunTime:0.0017s ]

[ 2016-02-23T18:46:31+08:00 ] ::1 /mailist_tp/index.php/Home/Index/readlist
INFO: [ app_init ] --START--
INFO: Run Behavior\BuildLiteBehavior [ RunTime:0.000194s ]
INFO: [ app_init ] --END-- [ RunTime:0.001546s ]
INFO: [ app_begin ] --START--
INFO: Run Behavior\ReadHtmlCacheBehavior [ RunTime:0.000567s ]
INFO: [ app_begin ] --END-- [ RunTime:0.001108s ]
SQL: SHOW COLUMNS FROM `maidata` [ RunTime:0.0034s ]
SQL: SELECT * FROM `maidata` WHERE `track_type` = 'niconico'  [ RunTime:0.0022s ]

[ 2016-02-23T18:46:31+08:00 ] ::1 /mailist_tp/index.php/Home/Index/readlist
INFO: [ app_init ] --START--
INFO: Run Behavior\BuildLiteBehavior [ RunTime:0.000107s ]
INFO: [ app_init ] --END-- [ RunTime:0.001225s ]
INFO: [ app_begin ] --START--
INFO: Run Behavior\ReadHtmlCacheBehavior [ RunTime:0.000621s ]
INFO: [ app_begin ] --END-- [ RunTime:0.001062s ]
SQL: SHOW COLUMNS FROM `maidata` [ RunTime:0.0043s ]
SQL: SELECT * FROM `maidata` WHERE `track_type` = 'JOYPOLIS'  [ RunTime:0.0013s ]

[ 2016-02-23T18:46:31+08:00 ] ::1 /mailist_tp/index.php/Home/Index/readlist
INFO: [ app_init ] --START--
INFO: Run Behavior\BuildLiteBehavior [ RunTime:0.000159s ]
INFO: [ app_init ] --END-- [ RunTime:0.001390s ]
INFO: [ app_begin ] --START--
INFO: Run Behavior\ReadHtmlCacheBehavior [ RunTime:0.000587s ]
INFO: [ app_begin ] --END-- [ RunTime:0.000918s ]
SQL: SHOW COLUMNS FROM `maidata` [ RunTime:0.0040s ]
SQL: SELECT * FROM `maidata` WHERE `track_type` = 'ORIGINAL'  [ RunTime:0.0015s ]

[ 2016-02-23T18:46:31+08:00 ] ::1 /mailist_tp/index.php/Home/Index/readlist
INFO: [ app_init ] --START--
INFO: Run Behavior\BuildLiteBehavior [ RunTime:0.000076s ]
INFO: [ app_init ] --END-- [ RunTime:0.000842s ]
INFO: [ app_begin ] --START--
INFO: Run Behavior\ReadHtmlCacheBehavior [ RunTime:0.000633s ]
INFO: [ app_begin ] --END-- [ RunTime:0.001076s ]
SQL: SHOW COLUMNS FROM `maidata` [ RunTime:0.0040s ]
SQL: SELECT * FROM `maidata` WHERE `track_type` = 'POPS'  [ RunTime:0.0012s ]

[ 2016-02-23T18:46:31+08:00 ] ::1 /mailist_tp/index.php/Home/Index/readlist
INFO: [ app_init ] --START--
INFO: Run Behavior\BuildLiteBehavior [ RunTime:0.000080s ]
INFO: [ app_init ] --END-- [ RunTime:0.000832s ]
INFO: [ app_begin ] --START--
INFO: Run Behavior\ReadHtmlCacheBehavior [ RunTime:0.000519s ]
INFO: [ app_begin ] --END-- [ RunTime:0.000831s ]
SQL: SHOW COLUMNS FROM `maidata` [ RunTime:0.0041s ]
SQL: SELECT * FROM `maidata` WHERE `track_type` = 'VARIETY'  [ RunTime:0.0013s ]

[ 2016-02-23T18:47:01+08:00 ] ::1 /mailist_tp/
INFO: [ app_init ] --START--
INFO: Run Behavior\BuildLiteBehavior [ RunTime:0.000141s ]
INFO: [ app_init ] --END-- [ RunTime:0.001225s ]
INFO: [ app_begin ] --START--
INFO: Run Behavior\ReadHtmlCacheBehavior [ RunTime:0.000597s ]
INFO: [ app_begin ] --END-- [ RunTime:0.001060s ]
INFO: [ view_parse ] --START--
INFO: [ template_filter ] --START--
INFO: Run Behavior\ContentReplaceBehavior [ RunTime:0.000314s ]
INFO: [ template_filter ] --END-- [ RunTime:0.000793s ]
INFO: Run Behavior\ParseTemplateBehavior [ RunTime:0.027381s ]
INFO: [ view_parse ] --END-- [ RunTime:0.027841s ]
INFO: [ view_filter ] --START--
INFO: Run Behavior\WriteHtmlCacheBehavior [ RunTime:0.000534s ]
INFO: [ view_filter ] --END-- [ RunTime:0.000976s ]
INFO: [ app_end ] --START--
INFO: Run Behavior\ShowPageTraceBehavior [ RunTime:0.000802s ]
INFO: [ app_end ] --END-- [ RunTime:0.001292s ]

[ 2016-02-23T18:47:01+08:00 ] ::1 /mailist_tp/index.php/Home/Index/readlist
INFO: [ app_init ] --START--
INFO: Run Behavior\BuildLiteBehavior [ RunTime:0.000264s ]
INFO: [ app_init ] --END-- [ RunTime:0.001465s ]
INFO: [ app_begin ] --START--
INFO: Run Behavior\ReadHtmlCacheBehavior [ RunTime:0.000903s ]
INFO: [ app_begin ] --END-- [ RunTime:0.001582s ]
SQL: SHOW COLUMNS FROM `maidata` [ RunTime:0.0084s ]
SQL: SELECT * FROM `maidata` WHERE `track_type` = 'ANIME'  [ RunTime:0.0032s ]

[ 2016-02-23T18:47:01+08:00 ] ::1 /mailist_tp/index.php/Home/Index/readlist
INFO: [ app_init ] --START--
INFO: Run Behavior\BuildLiteBehavior [ RunTime:0.000257s ]
INFO: [ app_init ] --END-- [ RunTime:0.001610s ]
INFO: [ app_begin ] --START--
INFO: Run Behavior\ReadHtmlCacheBehavior [ RunTime:0.000716s ]
INFO: [ app_begin ] --END-- [ RunTime:0.001429s ]
SQL: SHOW COLUMNS FROM `maidata` [ RunTime:0.0044s ]
SQL: SELECT * FROM `maidata` WHERE `track_type` = '東方project'  [ RunTime:0.0013s ]

[ 2016-02-23T18:47:01+08:00 ] ::1 /mailist_tp/index.php/Home/Index/readlist
INFO: [ app_init ] --START--
INFO: Run Behavior\BuildLiteBehavior [ RunTime:0.000364s ]
INFO: [ app_init ] --END-- [ RunTime:0.001561s ]
INFO: [ app_begin ] --START--
INFO: Run Behavior\ReadHtmlCacheBehavior [ RunTime:0.000737s ]
INFO: [ app_begin ] --END-- [ RunTime:0.001186s ]
SQL: SHOW COLUMNS FROM `maidata` [ RunTime:0.0039s ]
SQL: SELECT * FROM `maidata` WHERE `track_type` = 'COLLABO'  [ RunTime:0.0011s ]

[ 2016-02-23T18:47:01+08:00 ] ::1 /mailist_tp/index.php/Home/Index/readlist
INFO: [ app_init ] --START--
INFO: Run Behavior\BuildLiteBehavior [ RunTime:0.000179s ]
INFO: [ app_init ] --END-- [ RunTime:0.001465s ]
INFO: [ app_begin ] --START--
INFO: Run Behavior\ReadHtmlCacheBehavior [ RunTime:0.000636s ]
INFO: [ app_begin ] --END-- [ RunTime:0.001131s ]
SQL: SHOW COLUMNS FROM `maidata` [ RunTime:0.0030s ]
SQL: SELECT * FROM `maidata` WHERE `track_type` = 'GAME'  [ RunTime:0.0014s ]

[ 2016-02-23T18:47:01+08:00 ] ::1 /mailist_tp/index.php/Home/Index/readlist
INFO: [ app_init ] --START--
INFO: Run Behavior\BuildLiteBehavior [ RunTime:0.000217s ]
INFO: [ app_init ] --END-- [ RunTime:0.001547s ]
INFO: [ app_begin ] --START--
INFO: Run Behavior\ReadHtmlCacheBehavior [ RunTime:0.000604s ]
INFO: [ app_begin ] --END-- [ RunTime:0.000986s ]
SQL: SHOW COLUMNS FROM `maidata` [ RunTime:0.0037s ]
SQL: SELECT * FROM `maidata` WHERE `track_type` = 'JOYPOLIS'  [ RunTime:0.0013s ]

[ 2016-02-23T18:47:01+08:00 ] ::1 /mailist_tp/index.php/Home/Index/readlist
INFO: [ app_init ] --START--
INFO: Run Behavior\BuildLiteBehavior [ RunTime:0.000181s ]
INFO: [ app_init ] --END-- [ RunTime:0.001507s ]
INFO: [ app_begin ] --START--
INFO: Run Behavior\ReadHtmlCacheBehavior [ RunTime:0.000565s ]
INFO: [ app_begin ] --END-- [ RunTime:0.000970s ]
SQL: SHOW COLUMNS FROM `maidata` [ RunTime:0.0032s ]
SQL: SELECT * FROM `maidata` WHERE `track_type` = 'niconico'  [ RunTime:0.0023s ]

[ 2016-02-23T18:47:01+08:00 ] ::1 /mailist_tp/index.php/Home/Index/readlist
INFO: [ app_init ] --START--
INFO: Run Behavior\BuildLiteBehavior [ RunTime:0.000098s ]
INFO: [ app_init ] --END-- [ RunTime:0.000741s ]
INFO: [ app_begin ] --START--
INFO: Run Behavior\ReadHtmlCacheBehavior [ RunTime:0.000439s ]
INFO: [ app_begin ] --END-- [ RunTime:0.000757s ]
SQL: SHOW COLUMNS FROM `maidata` [ RunTime:0.0041s ]
SQL: SELECT * FROM `maidata` WHERE `track_type` = 'ORIGINAL'  [ RunTime:0.0015s ]

[ 2016-02-23T18:47:01+08:00 ] ::1 /mailist_tp/index.php/Home/Index/readlist
INFO: [ app_init ] --START--
INFO: Run Behavior\BuildLiteBehavior [ RunTime:0.000128s ]
INFO: [ app_init ] --END-- [ RunTime:0.000879s ]
INFO: [ app_begin ] --START--
INFO: Run Behavior\ReadHtmlCacheBehavior [ RunTime:0.000498s ]
INFO: [ app_begin ] --END-- [ RunTime:0.000862s ]
SQL: SHOW COLUMNS FROM `maidata` [ RunTime:0.0039s ]
SQL: SELECT * FROM `maidata` WHERE `track_type` = 'POPS'  [ RunTime:0.0013s ]

[ 2016-02-23T18:47:01+08:00 ] ::1 /mailist_tp/index.php/Home/Index/readlist
INFO: [ app_init ] --START--
INFO: Run Behavior\BuildLiteBehavior [ RunTime:0.000079s ]
INFO: [ app_init ] --END-- [ RunTime:0.000723s ]
INFO: [ app_begin ] --START--
INFO: Run Behavior\ReadHtmlCacheBehavior [ RunTime:0.000457s ]
INFO: [ app_begin ] --END-- [ RunTime:0.000865s ]
SQL: SHOW COLUMNS FROM `maidata` [ RunTime:0.0051s ]
SQL: SELECT * FROM `maidata` WHERE `track_type` = 'VARIETY'  [ RunTime:0.0014s ]

[ 2016-02-23T19:01:54+08:00 ] ::1 /mailist_tp/
INFO: [ app_init ] --START--
INFO: Run Behavior\BuildLiteBehavior [ RunTime:0.000093s ]
INFO: [ app_init ] --END-- [ RunTime:0.000810s ]
INFO: [ app_begin ] --START--
INFO: Run Behavior\ReadHtmlCacheBehavior [ RunTime:0.000605s ]
INFO: [ app_begin ] --END-- [ RunTime:0.001049s ]
INFO: [ view_parse ] --START--
INFO: [ template_filter ] --START--
INFO: Run Behavior\ContentReplaceBehavior [ RunTime:0.000260s ]
INFO: [ template_filter ] --END-- [ RunTime:0.000689s ]
INFO: Run Behavior\ParseTemplateBehavior [ RunTime:0.024180s ]
INFO: [ view_parse ] --END-- [ RunTime:0.024636s ]
INFO: [ view_filter ] --START--
INFO: Run Behavior\WriteHtmlCacheBehavior [ RunTime:0.000442s ]
INFO: [ view_filter ] --END-- [ RunTime:0.000866s ]
INFO: [ app_end ] --START--
INFO: Run Behavior\ShowPageTraceBehavior [ RunTime:0.000626s ]
INFO: [ app_end ] --END-- [ RunTime:0.001115s ]

[ 2016-02-23T19:01:54+08:00 ] ::1 /mailist_tp/index.php/Home/Index/readlist
INFO: [ app_init ] --START--
INFO: Run Behavior\BuildLiteBehavior [ RunTime:0.000169s ]
INFO: [ app_init ] --END-- [ RunTime:0.001324s ]
INFO: [ app_begin ] --START--
INFO: Run Behavior\ReadHtmlCacheBehavior [ RunTime:0.000816s ]
INFO: [ app_begin ] --END-- [ RunTime:0.001555s ]
SQL: SHOW COLUMNS FROM `maidata` [ RunTime:0.0140s ]
SQL: SELECT * FROM `maidata` WHERE `track_type` = 'ANIME'  [ RunTime:0.0033s ]

[ 2016-02-23T19:01:54+08:00 ] ::1 /mailist_tp/index.php/Home/Index/readlist
INFO: [ app_init ] --START--
INFO: Run Behavior\BuildLiteBehavior [ RunTime:0.000181s ]
INFO: [ app_init ] --END-- [ RunTime:0.001390s ]
INFO: [ app_begin ] --START--
INFO: Run Behavior\ReadHtmlCacheBehavior [ RunTime:0.000902s ]
INFO: [ app_begin ] --END-- [ RunTime:0.001646s ]
SQL: SHOW COLUMNS FROM `maidata` [ RunTime:0.0039s ]
SQL: SELECT * FROM `maidata` WHERE `track_type` = '東方project'  [ RunTime:0.0013s ]

[ 2016-02-23T19:01:54+08:00 ] ::1 /mailist_tp/index.php/Home/Index/readlist
INFO: [ app_init ] --START--
INFO: Run Behavior\BuildLiteBehavior [ RunTime:0.000166s ]
INFO: [ app_init ] --END-- [ RunTime:0.002792s ]
INFO: [ app_begin ] --START--
INFO: Run Behavior\ReadHtmlCacheBehavior [ RunTime:0.000956s ]
INFO: [ app_begin ] --END-- [ RunTime:0.002209s ]
SQL: SHOW COLUMNS FROM `maidata` [ RunTime:0.0047s ]
SQL: SELECT * FROM `maidata` WHERE `track_type` = 'COLLABO'  [ RunTime:0.0017s ]

[ 2016-02-23T19:01:54+08:00 ] ::1 /mailist_tp/index.php/Home/Index/readlist
INFO: [ app_init ] --START--
INFO: Run Behavior\BuildLiteBehavior [ RunTime:0.000175s ]
INFO: [ app_init ] --END-- [ RunTime:0.001563s ]
INFO: [ app_begin ] --START--
INFO: Run Behavior\ReadHtmlCacheBehavior [ RunTime:0.000806s ]
INFO: [ app_begin ] --END-- [ RunTime:0.001404s ]
SQL: SHOW COLUMNS FROM `maidata` [ RunTime:0.0035s ]
SQL: SELECT * FROM `maidata` WHERE `track_type` = 'JOYPOLIS'  [ RunTime:0.0013s ]

[ 2016-02-23T19:01:55+08:00 ] ::1 /mailist_tp/index.php/Home/Index/readlist
INFO: [ app_init ] --START--
INFO: Run Behavior\BuildLiteBehavior [ RunTime:0.000175s ]
INFO: [ app_init ] --END-- [ RunTime:0.001498s ]
INFO: [ app_begin ] --START--
INFO: Run Behavior\ReadHtmlCacheBehavior [ RunTime:0.000787s ]
INFO: [ app_begin ] --END-- [ RunTime:0.001311s ]
SQL: SHOW COLUMNS FROM `maidata` [ RunTime:0.0050s ]
SQL: SELECT * FROM `maidata` WHERE `track_type` = 'niconico'  [ RunTime:0.0019s ]

[ 2016-02-23T19:01:55+08:00 ] ::1 /mailist_tp/index.php/Home/Index/readlist
INFO: [ app_init ] --START--
INFO: Run Behavior\BuildLiteBehavior [ RunTime:0.000197s ]
INFO: [ app_init ] --END-- [ RunTime:0.002924s ]
INFO: [ app_begin ] --START--
INFO: Run Behavior\ReadHtmlCacheBehavior [ RunTime:0.000775s ]
INFO: [ app_begin ] --END-- [ RunTime:0.001309s ]
SQL: SHOW COLUMNS FROM `maidata` [ RunTime:0.0100s ]
SQL: SELECT * FROM `maidata` WHERE `track_type` = 'GAME'  [ RunTime:0.0019s ]

[ 2016-02-23T19:01:55+08:00 ] ::1 /mailist_tp/index.php/Home/Index/readlist
INFO: [ app_init ] --START--
INFO: Run Behavior\BuildLiteBehavior [ RunTime:0.000151s ]
INFO: [ app_init ] --END-- [ RunTime:0.001458s ]
INFO: [ app_begin ] --START--
INFO: Run Behavior\ReadHtmlCacheBehavior [ RunTime:0.000466s ]
INFO: [ app_begin ] --END-- [ RunTime:0.000789s ]
SQL: SHOW COLUMNS FROM `maidata` [ RunTime:0.0038s ]
SQL: SELECT * FROM `maidata` WHERE `track_type` = 'ORIGINAL'  [ RunTime:0.0020s ]

[ 2016-02-23T19:01:55+08:00 ] ::1 /mailist_tp/index.php/Home/Index/readlist
INFO: [ app_init ] --START--
INFO: Run Behavior\BuildLiteBehavior [ RunTime:0.000145s ]
INFO: [ app_init ] --END-- [ RunTime:0.001067s ]
INFO: [ app_begin ] --START--
INFO: Run Behavior\ReadHtmlCacheBehavior [ RunTime:0.000538s ]
INFO: [ app_begin ] --END-- [ RunTime:0.000975s ]
SQL: SHOW COLUMNS FROM `maidata` [ RunTime:0.0045s ]
SQL: SELECT * FROM `maidata` WHERE `track_type` = 'POPS'  [ RunTime:0.0016s ]

[ 2016-02-23T19:01:55+08:00 ] ::1 /mailist_tp/index.php/Home/Index/readlist
INFO: [ app_init ] --START--
INFO: Run Behavior\BuildLiteBehavior [ RunTime:0.000078s ]
INFO: [ app_init ] --END-- [ RunTime:0.000709s ]
INFO: [ app_begin ] --START--
INFO: Run Behavior\ReadHtmlCacheBehavior [ RunTime:0.000724s ]
INFO: [ app_begin ] --END-- [ RunTime:0.001204s ]
SQL: SHOW COLUMNS FROM `maidata` [ RunTime:0.0036s ]
SQL: SELECT * FROM `maidata` WHERE `track_type` = 'VARIETY'  [ RunTime:0.0012s ]

