[ 2016-02-05T22:30:14+08:00 ] ::1 /mailist_tp/index.php/Home/Index/index
INFO: [ app_init ] --START--
INFO: Run Behavior\BuildLiteBehavior [ RunTime:0.000083s ]
INFO: [ app_init ] --END-- [ RunTime:0.000778s ]
INFO: [ app_begin ] --START--
INFO: Run Behavior\ReadHtmlCacheBehavior [ RunTime:0.000591s ]
INFO: [ app_begin ] --END-- [ RunTime:0.001025s ]
INFO: [ view_parse ] --START--
INFO: [ template_filter ] --START--
INFO: Run Behavior\ContentReplaceBehavior [ RunTime:0.000267s ]
INFO: [ template_filter ] --END-- [ RunTime:0.000679s ]
INFO: Run Behavior\ParseTemplateBehavior [ RunTime:0.023366s ]
INFO: [ view_parse ] --END-- [ RunTime:0.023796s ]
INFO: [ view_filter ] --START--
INFO: Run Behavior\WriteHtmlCacheBehavior [ RunTime:0.000466s ]
INFO: [ view_filter ] --END-- [ RunTime:0.000872s ]
INFO: [ app_end ] --START--
INFO: Run Behavior\ShowPageTraceBehavior [ RunTime:0.000730s ]
INFO: [ app_end ] --END-- [ RunTime:0.001241s ]

[ 2016-02-05T22:30:15+08:00 ] ::1 /mailist_tp/index.php/Home/Index/imglist/%E6%98%8E%E6%98%9F%E3%83%AD%E3%82%B1%E3%83%83%E3%83%88.png
INFO: [ app_init ] --START--
INFO: Run Behavior\BuildLiteBehavior [ RunTime:0.000086s ]
INFO: [ app_init ] --END-- [ RunTime:0.000732s ]

[ 2016-02-05T22:30:15+08:00 ] ::1 /mailist_tp/index.php/Home/Index/readlist
INFO: [ app_init ] --START--
INFO: Run Behavior\BuildLiteBehavior [ RunTime:0.000615s ]
INFO: [ app_init ] --END-- [ RunTime:0.003702s ]
INFO: [ app_begin ] --START--
INFO: Run Behavior\ReadHtmlCacheBehavior [ RunTime:0.000769s ]
INFO: [ app_begin ] --END-- [ RunTime:0.001492s ]
SQL: SHOW COLUMNS FROM `maidata` [ RunTime:0.0127s ]
SQL: SELECT * FROM `maidata` WHERE `track_type` = '東方project'  [ RunTime:0.0017s ]

[ 2016-02-05T22:30:15+08:00 ] ::1 /mailist_tp/index.php/Home/Index/readlist
INFO: [ app_init ] --START--
INFO: Run Behavior\BuildLiteBehavior [ RunTime:0.000156s ]
INFO: [ app_init ] --END-- [ RunTime:0.001428s ]
INFO: [ app_begin ] --START--
INFO: Run Behavior\ReadHtmlCacheBehavior [ RunTime:0.001704s ]
INFO: [ app_begin ] --END-- [ RunTime:0.003356s ]
SQL: SHOW COLUMNS FROM `maidata` [ RunTime:0.0043s ]
SQL: SELECT * FROM `maidata` WHERE `track_type` = 'COLLABO'  [ RunTime:0.0018s ]

[ 2016-02-05T22:30:15+08:00 ] ::1 /mailist_tp/index.php/Home/Index/readlist
INFO: [ app_init ] --START--
INFO: Run Behavior\BuildLiteBehavior [ RunTime:0.000159s ]
INFO: [ app_init ] --END-- [ RunTime:0.001494s ]
INFO: [ app_begin ] --START--
INFO: Run Behavior\ReadHtmlCacheBehavior [ RunTime:0.001116s ]
INFO: [ app_begin ] --END-- [ RunTime:0.001991s ]
SQL: SHOW COLUMNS FROM `maidata` [ RunTime:0.0042s ]
SQL: SELECT * FROM `maidata` WHERE `track_type` = 'GAME'  [ RunTime:0.0023s ]

[ 2016-02-05T22:30:15+08:00 ] ::1 /mailist_tp/index.php/Home/Index/readlist
INFO: [ app_init ] --START--
INFO: Run Behavior\BuildLiteBehavior [ RunTime:0.000217s ]
INFO: [ app_init ] --END-- [ RunTime:0.001468s ]
INFO: [ app_begin ] --START--
INFO: Run Behavior\ReadHtmlCacheBehavior [ RunTime:0.000989s ]
INFO: [ app_begin ] --END-- [ RunTime:0.001720s ]
SQL: SHOW COLUMNS FROM `maidata` [ RunTime:0.0033s ]
SQL: SELECT * FROM `maidata` WHERE `track_type` = 'JOYPOLIS'  [ RunTime:0.0014s ]

[ 2016-02-05T22:30:15+08:00 ] ::1 /mailist_tp/index.php/Home/Index/readlist
INFO: [ app_init ] --START--
INFO: Run Behavior\BuildLiteBehavior [ RunTime:0.000171s ]
INFO: [ app_init ] --END-- [ RunTime:0.001896s ]
INFO: [ app_begin ] --START--
INFO: Run Behavior\ReadHtmlCacheBehavior [ RunTime:0.000939s ]
INFO: [ app_begin ] --END-- [ RunTime:0.001431s ]
SQL: SHOW COLUMNS FROM `maidata` [ RunTime:0.0040s ]
SQL: SELECT * FROM `maidata` WHERE `track_type` = 'niconico'  [ RunTime:0.0021s ]

[ 2016-02-05T22:30:15+08:00 ] ::1 /mailist_tp/index.php/Home/Index/readlist
INFO: [ app_init ] --START--
INFO: Run Behavior\BuildLiteBehavior [ RunTime:0.000169s ]
INFO: [ app_init ] --END-- [ RunTime:0.008675s ]
INFO: [ app_begin ] --START--
INFO: Run Behavior\ReadHtmlCacheBehavior [ RunTime:0.000821s ]
INFO: [ app_begin ] --END-- [ RunTime:0.001319s ]
SQL: SHOW COLUMNS FROM `maidata` [ RunTime:0.0046s ]
SQL: SELECT * FROM `maidata` WHERE `track_type` = 'ANIME'  [ RunTime:0.0017s ]

[ 2016-02-05T22:30:15+08:00 ] ::1 /mailist_tp/index.php/Home/Index/readlist
INFO: [ app_init ] --START--
INFO: Run Behavior\BuildLiteBehavior [ RunTime:0.000141s ]
INFO: [ app_init ] --END-- [ RunTime:0.001229s ]
INFO: [ app_begin ] --START--
INFO: Run Behavior\ReadHtmlCacheBehavior [ RunTime:0.001050s ]
INFO: [ app_begin ] --END-- [ RunTime:0.001673s ]
SQL: SHOW COLUMNS FROM `maidata` [ RunTime:0.0046s ]
SQL: SELECT * FROM `maidata` WHERE `track_type` = 'ORIGINAL'  [ RunTime:0.0022s ]

[ 2016-02-05T22:30:15+08:00 ] ::1 /mailist_tp/index.php/Home/Index/readlist
INFO: [ app_init ] --START--
INFO: Run Behavior\BuildLiteBehavior [ RunTime:0.000148s ]
INFO: [ app_init ] --END-- [ RunTime:0.001248s ]
INFO: [ app_begin ] --START--
INFO: Run Behavior\ReadHtmlCacheBehavior [ RunTime:0.000993s ]
INFO: [ app_begin ] --END-- [ RunTime:0.001616s ]
SQL: SHOW COLUMNS FROM `maidata` [ RunTime:0.0137s ]
SQL: SELECT * FROM `maidata` WHERE `track_type` = 'POPS'  [ RunTime:0.0013s ]

[ 2016-02-05T22:30:15+08:00 ] ::1 /mailist_tp/index.php/Home/Index/readlist
INFO: [ app_init ] --START--
INFO: Run Behavior\BuildLiteBehavior [ RunTime:0.000146s ]
INFO: [ app_init ] --END-- [ RunTime:0.001063s ]
INFO: [ app_begin ] --START--
INFO: Run Behavior\ReadHtmlCacheBehavior [ RunTime:0.000872s ]
INFO: [ app_begin ] --END-- [ RunTime:0.001489s ]
SQL: SHOW COLUMNS FROM `maidata` [ RunTime:0.0040s ]
SQL: SELECT * FROM `maidata` WHERE `track_type` = 'VARIETY'  [ RunTime:0.0014s ]

[ 2016-02-05T22:30:16+08:00 ] ::1 /mailist_tp/index.php/Home/Index/detail/id/247
INFO: [ app_init ] --START--
INFO: Run Behavior\BuildLiteBehavior [ RunTime:0.000082s ]
INFO: [ app_init ] --END-- [ RunTime:0.000702s ]
INFO: [ app_begin ] --START--
INFO: Run Behavior\ReadHtmlCacheBehavior [ RunTime:0.000480s ]
INFO: [ app_begin ] --END-- [ RunTime:0.000922s ]
SQL: SHOW COLUMNS FROM `maidata` [ RunTime:0.0062s ]
SQL: SELECT * FROM `maidata` WHERE `id` = 247 LIMIT 1   [ RunTime:0.0005s ]
INFO: [ view_parse ] --START--
INFO: [ template_filter ] --START--
INFO: Run Behavior\ContentReplaceBehavior [ RunTime:0.000312s ]
INFO: [ template_filter ] --END-- [ RunTime:0.000741s ]
INFO: Run Behavior\ParseTemplateBehavior [ RunTime:0.083266s ]
INFO: [ view_parse ] --END-- [ RunTime:0.083693s ]
INFO: [ view_filter ] --START--
INFO: Run Behavior\WriteHtmlCacheBehavior [ RunTime:0.000448s ]
INFO: [ view_filter ] --END-- [ RunTime:0.000845s ]
INFO: [ app_end ] --START--
INFO: Run Behavior\ShowPageTraceBehavior [ RunTime:0.000732s ]
INFO: [ app_end ] --END-- [ RunTime:0.001174s ]

[ 2016-02-05T22:30:16+08:00 ] ::1 /mailist_tp/index.php/Home/Index/get_res
INFO: [ app_init ] --START--
INFO: Run Behavior\BuildLiteBehavior [ RunTime:0.000090s ]
INFO: [ app_init ] --END-- [ RunTime:0.000893s ]
INFO: [ app_begin ] --START--
INFO: Run Behavior\ReadHtmlCacheBehavior [ RunTime:0.000505s ]
INFO: [ app_begin ] --END-- [ RunTime:0.000824s ]
SQL: SHOW COLUMNS FROM `mai_res` [ RunTime:0.0078s ]
SQL: SELECT * FROM `mai_res` WHERE `maidata_id` = 247  [ RunTime:0.0004s ]

[ 2016-02-05T22:30:18+08:00 ] ::1 /mailist_tp/index.php/Home/Index/readlist
INFO: [ app_init ] --START--
INFO: Run Behavior\BuildLiteBehavior [ RunTime:0.000184s ]
INFO: [ app_init ] --END-- [ RunTime:0.001320s ]
INFO: [ app_begin ] --START--
INFO: Run Behavior\ReadHtmlCacheBehavior [ RunTime:0.001596s ]
INFO: [ app_begin ] --END-- [ RunTime:0.002301s ]
SQL: SHOW COLUMNS FROM `maidata` [ RunTime:0.0066s ]
SQL: SELECT * FROM `maidata` WHERE `track_type` = 'COLLABO'  [ RunTime:0.0011s ]

[ 2016-02-05T22:30:18+08:00 ] ::1 /mailist_tp/index.php/Home/Index/readlist
INFO: [ app_init ] --START--
INFO: Run Behavior\BuildLiteBehavior [ RunTime:0.000156s ]
INFO: [ app_init ] --END-- [ RunTime:0.001338s ]
INFO: [ app_begin ] --START--
INFO: Run Behavior\ReadHtmlCacheBehavior [ RunTime:0.003192s ]
INFO: [ app_begin ] --END-- [ RunTime:0.004352s ]
SQL: SHOW COLUMNS FROM `maidata` [ RunTime:0.0040s ]
SQL: SELECT * FROM `maidata` WHERE `track_type` = 'GAME'  [ RunTime:0.0027s ]

[ 2016-02-05T22:30:18+08:00 ] ::1 /mailist_tp/index.php/Home/Index/readlist
INFO: [ app_init ] --START--
INFO: Run Behavior\BuildLiteBehavior [ RunTime:0.000213s ]
INFO: [ app_init ] --END-- [ RunTime:0.001597s ]
INFO: [ app_begin ] --START--
INFO: Run Behavior\ReadHtmlCacheBehavior [ RunTime:0.000730s ]
INFO: [ app_begin ] --END-- [ RunTime:0.001658s ]
SQL: SHOW COLUMNS FROM `maidata` [ RunTime:0.0035s ]
SQL: SELECT * FROM `maidata` WHERE `track_type` = 'niconico'  [ RunTime:0.0023s ]

[ 2016-02-05T22:30:19+08:00 ] ::1 /mailist_tp/index.php/Home/Index/readlist
INFO: [ app_init ] --START--
INFO: Run Behavior\BuildLiteBehavior [ RunTime:0.000154s ]
INFO: [ app_init ] --END-- [ RunTime:0.001477s ]
INFO: [ app_begin ] --START--
INFO: Run Behavior\ReadHtmlCacheBehavior [ RunTime:0.000715s ]
INFO: [ app_begin ] --END-- [ RunTime:0.001307s ]
SQL: SHOW COLUMNS FROM `maidata` [ RunTime:0.0069s ]
SQL: SELECT * FROM `maidata` WHERE `track_type` = 'JOYPOLIS'  [ RunTime:0.0014s ]

[ 2016-02-05T22:30:19+08:00 ] ::1 /mailist_tp/index.php/Home/Index/readlist
INFO: [ app_init ] --START--
INFO: Run Behavior\BuildLiteBehavior [ RunTime:0.000156s ]
INFO: [ app_init ] --END-- [ RunTime:0.001348s ]
INFO: [ app_begin ] --START--
INFO: Run Behavior\ReadHtmlCacheBehavior [ RunTime:0.000549s ]
INFO: [ app_begin ] --END-- [ RunTime:0.001017s ]
SQL: SHOW COLUMNS FROM `maidata` [ RunTime:0.0034s ]
SQL: SELECT * FROM `maidata` WHERE `track_type` = 'ANIME'  [ RunTime:0.0012s ]

[ 2016-02-05T22:30:19+08:00 ] ::1 /mailist_tp/index.php/Home/Index/readlist
INFO: [ app_init ] --START--
INFO: Run Behavior\BuildLiteBehavior [ RunTime:0.000220s ]
INFO: [ app_init ] --END-- [ RunTime:0.001436s ]
INFO: [ app_begin ] --START--
INFO: Run Behavior\ReadHtmlCacheBehavior [ RunTime:0.000685s ]
INFO: [ app_begin ] --END-- [ RunTime:0.001133s ]
SQL: SHOW COLUMNS FROM `maidata` [ RunTime:0.0033s ]
SQL: SELECT * FROM `maidata` WHERE `track_type` = '東方project'  [ RunTime:0.0014s ]

[ 2016-02-05T22:30:19+08:00 ] ::1 /mailist_tp/index.php/Home/Index/readlist
INFO: [ app_init ] --START--
INFO: Run Behavior\BuildLiteBehavior [ RunTime:0.000144s ]
INFO: [ app_init ] --END-- [ RunTime:0.001210s ]
INFO: [ app_begin ] --START--
INFO: Run Behavior\ReadHtmlCacheBehavior [ RunTime:0.000617s ]
INFO: [ app_begin ] --END-- [ RunTime:0.001096s ]
SQL: SHOW COLUMNS FROM `maidata` [ RunTime:0.0053s ]
SQL: SELECT * FROM `maidata` WHERE `track_type` = 'ORIGINAL'  [ RunTime:0.0014s ]

[ 2016-02-05T22:30:19+08:00 ] ::1 /mailist_tp/index.php/Home/Index/readlist
INFO: [ app_init ] --START--
INFO: Run Behavior\BuildLiteBehavior [ RunTime:0.000155s ]
INFO: [ app_init ] --END-- [ RunTime:0.000983s ]
INFO: [ app_begin ] --START--
INFO: Run Behavior\ReadHtmlCacheBehavior [ RunTime:0.000473s ]
INFO: [ app_begin ] --END-- [ RunTime:0.000800s ]
SQL: SHOW COLUMNS FROM `maidata` [ RunTime:0.0040s ]
SQL: SELECT * FROM `maidata` WHERE `track_type` = 'POPS'  [ RunTime:0.0013s ]

[ 2016-02-05T22:30:19+08:00 ] ::1 /mailist_tp/index.php/Home/Index/readlist
INFO: [ app_init ] --START--
INFO: Run Behavior\BuildLiteBehavior [ RunTime:0.000143s ]
INFO: [ app_init ] --END-- [ RunTime:0.001207s ]
INFO: [ app_begin ] --START--
INFO: Run Behavior\ReadHtmlCacheBehavior [ RunTime:0.000548s ]
INFO: [ app_begin ] --END-- [ RunTime:0.000891s ]
SQL: SHOW COLUMNS FROM `maidata` [ RunTime:0.0036s ]
SQL: SELECT * FROM `maidata` WHERE `track_type` = 'VARIETY'  [ RunTime:0.0012s ]

[ 2016-02-05T22:30:20+08:00 ] ::1 /mailist_tp/index.php/Home/Index/detail/id/248
INFO: [ app_init ] --START--
INFO: Run Behavior\BuildLiteBehavior [ RunTime:0.000091s ]
INFO: [ app_init ] --END-- [ RunTime:0.000765s ]
INFO: [ app_begin ] --START--
INFO: Run Behavior\ReadHtmlCacheBehavior [ RunTime:0.000540s ]
INFO: [ app_begin ] --END-- [ RunTime:0.000977s ]
SQL: SHOW COLUMNS FROM `maidata` [ RunTime:0.0063s ]
SQL: SELECT * FROM `maidata` WHERE `id` = 248 LIMIT 1   [ RunTime:0.0006s ]
INFO: [ view_parse ] --START--
INFO: [ template_filter ] --START--
INFO: Run Behavior\ContentReplaceBehavior [ RunTime:0.000268s ]
INFO: [ template_filter ] --END-- [ RunTime:0.000724s ]
INFO: Run Behavior\ParseTemplateBehavior [ RunTime:0.084599s ]
INFO: [ view_parse ] --END-- [ RunTime:0.085087s ]
INFO: [ view_filter ] --START--
INFO: Run Behavior\WriteHtmlCacheBehavior [ RunTime:0.000416s ]
INFO: [ view_filter ] --END-- [ RunTime:0.000851s ]
INFO: [ app_end ] --START--
INFO: Run Behavior\ShowPageTraceBehavior [ RunTime:0.000651s ]
INFO: [ app_end ] --END-- [ RunTime:0.001125s ]

[ 2016-02-05T22:30:20+08:00 ] ::1 /mailist_tp/index.php/Home/Index/get_res
INFO: [ app_init ] --START--
INFO: Run Behavior\BuildLiteBehavior [ RunTime:0.000086s ]
INFO: [ app_init ] --END-- [ RunTime:0.000779s ]
INFO: [ app_begin ] --START--
INFO: Run Behavior\ReadHtmlCacheBehavior [ RunTime:0.000457s ]
INFO: [ app_begin ] --END-- [ RunTime:0.000822s ]
SQL: SHOW COLUMNS FROM `mai_res` [ RunTime:0.0041s ]
SQL: SELECT * FROM `mai_res` WHERE `maidata_id` = 248  [ RunTime:0.0003s ]

[ 2016-02-05T22:30:22+08:00 ] ::1 /mailist_tp/index.php/Home/Index/readlist
INFO: [ app_init ] --START--
INFO: Run Behavior\BuildLiteBehavior [ RunTime:0.000168s ]
INFO: [ app_init ] --END-- [ RunTime:0.001309s ]
INFO: [ app_begin ] --START--
INFO: Run Behavior\ReadHtmlCacheBehavior [ RunTime:0.000819s ]
INFO: [ app_begin ] --END-- [ RunTime:0.001651s ]
SQL: SHOW COLUMNS FROM `maidata` [ RunTime:0.0074s ]
SQL: SELECT * FROM `maidata` WHERE `track_type` = '東方project'  [ RunTime:0.0013s ]

[ 2016-02-05T22:30:22+08:00 ] ::1 /mailist_tp/index.php/Home/Index/readlist
INFO: [ app_init ] --START--
INFO: Run Behavior\BuildLiteBehavior [ RunTime:0.000153s ]
INFO: [ app_init ] --END-- [ RunTime:0.001329s ]
INFO: [ app_begin ] --START--
INFO: Run Behavior\ReadHtmlCacheBehavior [ RunTime:0.001068s ]
INFO: [ app_begin ] --END-- [ RunTime:0.001893s ]
SQL: SHOW COLUMNS FROM `maidata` [ RunTime:0.0038s ]
SQL: SELECT * FROM `maidata` WHERE `track_type` = 'COLLABO'  [ RunTime:0.0018s ]

[ 2016-02-05T22:30:22+08:00 ] ::1 /mailist_tp/index.php/Home/Index/readlist
INFO: [ app_init ] --START--
INFO: Run Behavior\BuildLiteBehavior [ RunTime:0.002027s ]
INFO: [ app_init ] --END-- [ RunTime:0.004051s ]
INFO: [ app_begin ] --START--
INFO: Run Behavior\ReadHtmlCacheBehavior [ RunTime:0.000640s ]
INFO: [ app_begin ] --END-- [ RunTime:0.001107s ]
SQL: SHOW COLUMNS FROM `maidata` [ RunTime:0.0046s ]
SQL: SELECT * FROM `maidata` WHERE `track_type` = 'GAME'  [ RunTime:0.0016s ]

[ 2016-02-05T22:30:22+08:00 ] ::1 /mailist_tp/index.php/Home/Index/readlist
INFO: [ app_init ] --START--
INFO: Run Behavior\BuildLiteBehavior [ RunTime:0.000157s ]
INFO: [ app_init ] --END-- [ RunTime:0.002986s ]
INFO: [ app_begin ] --START--
INFO: Run Behavior\ReadHtmlCacheBehavior [ RunTime:0.000781s ]
INFO: [ app_begin ] --END-- [ RunTime:0.001467s ]
SQL: SHOW COLUMNS FROM `maidata` [ RunTime:0.0040s ]
SQL: SELECT * FROM `maidata` WHERE `track_type` = 'ANIME'  [ RunTime:0.0015s ]

[ 2016-02-05T22:30:23+08:00 ] ::1 /mailist_tp/index.php/Home/Index/readlist
INFO: [ app_init ] --START--
INFO: Run Behavior\BuildLiteBehavior [ RunTime:0.000129s ]
INFO: [ app_init ] --END-- [ RunTime:0.001057s ]
INFO: [ app_begin ] --START--
INFO: Run Behavior\ReadHtmlCacheBehavior [ RunTime:0.000849s ]
INFO: [ app_begin ] --END-- [ RunTime:0.001460s ]
SQL: SHOW COLUMNS FROM `maidata` [ RunTime:0.0053s ]
SQL: SELECT * FROM `maidata` WHERE `track_type` = 'JOYPOLIS'  [ RunTime:0.0013s ]

[ 2016-02-05T22:30:23+08:00 ] ::1 /mailist_tp/index.php/Home/Index/readlist
INFO: [ app_init ] --START--
INFO: Run Behavior\BuildLiteBehavior [ RunTime:0.000146s ]
INFO: [ app_init ] --END-- [ RunTime:0.001289s ]
INFO: [ app_begin ] --START--
INFO: Run Behavior\ReadHtmlCacheBehavior [ RunTime:0.000494s ]
INFO: [ app_begin ] --END-- [ RunTime:0.000943s ]
SQL: SHOW COLUMNS FROM `maidata` [ RunTime:0.0133s ]
SQL: SELECT * FROM `maidata` WHERE `track_type` = 'niconico'  [ RunTime:0.0020s ]

[ 2016-02-05T22:30:23+08:00 ] ::1 /mailist_tp/index.php/Home/Index/readlist
INFO: [ app_init ] --START--
INFO: Run Behavior\BuildLiteBehavior [ RunTime:0.000137s ]
INFO: [ app_init ] --END-- [ RunTime:0.001067s ]
INFO: [ app_begin ] --START--
INFO: Run Behavior\ReadHtmlCacheBehavior [ RunTime:0.000573s ]
INFO: [ app_begin ] --END-- [ RunTime:0.001003s ]
SQL: SHOW COLUMNS FROM `maidata` [ RunTime:0.0063s ]
SQL: SELECT * FROM `maidata` WHERE `track_type` = 'ORIGINAL'  [ RunTime:0.0020s ]

[ 2016-02-05T22:30:23+08:00 ] ::1 /mailist_tp/index.php/Home/Index/readlist
INFO: [ app_init ] --START--
INFO: Run Behavior\BuildLiteBehavior [ RunTime:0.000091s ]
INFO: [ app_init ] --END-- [ RunTime:0.001006s ]
INFO: [ app_begin ] --START--
INFO: Run Behavior\ReadHtmlCacheBehavior [ RunTime:0.000503s ]
INFO: [ app_begin ] --END-- [ RunTime:0.000845s ]
SQL: SHOW COLUMNS FROM `maidata` [ RunTime:0.0045s ]
SQL: SELECT * FROM `maidata` WHERE `track_type` = 'POPS'  [ RunTime:0.0015s ]

[ 2016-02-05T22:30:23+08:00 ] ::1 /mailist_tp/index.php/Home/Index/readlist
INFO: [ app_init ] --START--
INFO: Run Behavior\BuildLiteBehavior [ RunTime:0.000159s ]
INFO: [ app_init ] --END-- [ RunTime:0.001201s ]
INFO: [ app_begin ] --START--
INFO: Run Behavior\ReadHtmlCacheBehavior [ RunTime:0.000830s ]
INFO: [ app_begin ] --END-- [ RunTime:0.001457s ]
SQL: SHOW COLUMNS FROM `maidata` [ RunTime:0.0038s ]
SQL: SELECT * FROM `maidata` WHERE `track_type` = 'VARIETY'  [ RunTime:0.0015s ]

