[ 2016-01-29T00:52:32+08:00 ] ::1 /tp/
INFO: [ app_init ] --START--
INFO: Run Behavior\BuildLiteBehavior [ RunTime:0.000089s ]
INFO: [ app_init ] --END-- [ RunTime:0.001396s ]
INFO: [ app_begin ] --START--
INFO: Run Behavior\ReadHtmlCacheBehavior [ RunTime:0.000645s ]
INFO: [ app_begin ] --END-- [ RunTime:0.001100s ]
INFO: [ view_parse ] --START--
INFO: [ template_filter ] --START--
INFO: Run Behavior\ContentReplaceBehavior [ RunTime:0.000896s ]
INFO: [ template_filter ] --END-- [ RunTime:0.001344s ]
INFO: Run Behavior\ParseTemplateBehavior [ RunTime:0.012155s ]
INFO: [ view_parse ] --END-- [ RunTime:0.012649s ]
INFO: [ view_filter ] --START--
INFO: Run Behavior\WriteHtmlCacheBehavior [ RunTime:0.000462s ]
INFO: [ view_filter ] --END-- [ RunTime:0.000983s ]
INFO: [ app_end ] --START--
INFO: Run Behavior\ShowPageTraceBehavior [ RunTime:0.000589s ]
INFO: [ app_end ] --END-- [ RunTime:0.000984s ]

[ 2016-01-29T00:57:40+08:00 ] ::1 /tp/
INFO: [ app_init ] --START--
INFO: Run Behavior\BuildLiteBehavior [ RunTime:0.000086s ]
INFO: [ app_init ] --END-- [ RunTime:0.000780s ]
INFO: [ app_begin ] --START--
INFO: Run Behavior\ReadHtmlCacheBehavior [ RunTime:0.000598s ]
INFO: [ app_begin ] --END-- [ RunTime:0.001031s ]
INFO: [ view_parse ] --START--
INFO: Run Behavior\ParseTemplateBehavior [ RunTime:0.000781s ]
INFO: [ view_parse ] --END-- [ RunTime:0.001395s ]
INFO: [ view_filter ] --START--
INFO: Run Behavior\WriteHtmlCacheBehavior [ RunTime:0.000510s ]
INFO: [ view_filter ] --END-- [ RunTime:0.000906s ]
INFO: [ app_end ] --START--
INFO: Run Behavior\ShowPageTraceBehavior [ RunTime:0.000566s ]
INFO: [ app_end ] --END-- [ RunTime:0.000963s ]

[ 2016-01-29T00:57:41+08:00 ] ::1 /tp/
INFO: [ app_init ] --START--
INFO: Run Behavior\BuildLiteBehavior [ RunTime:0.000084s ]
INFO: [ app_init ] --END-- [ RunTime:0.000769s ]
INFO: [ app_begin ] --START--
INFO: Run Behavior\ReadHtmlCacheBehavior [ RunTime:0.000542s ]
INFO: [ app_begin ] --END-- [ RunTime:0.000969s ]
INFO: [ view_parse ] --START--
INFO: Run Behavior\ParseTemplateBehavior [ RunTime:0.000685s ]
INFO: [ view_parse ] --END-- [ RunTime:0.001152s ]
INFO: [ view_filter ] --START--
INFO: Run Behavior\WriteHtmlCacheBehavior [ RunTime:0.000362s ]
INFO: [ view_filter ] --END-- [ RunTime:0.000775s ]
INFO: [ app_end ] --START--
INFO: Run Behavior\ShowPageTraceBehavior [ RunTime:0.000557s ]
INFO: [ app_end ] --END-- [ RunTime:0.000971s ]

[ 2016-01-29T01:00:29+08:00 ] ::1 /tp/
INFO: [ app_init ] --START--
INFO: Run Behavior\BuildLiteBehavior [ RunTime:0.000083s ]
INFO: [ app_init ] --END-- [ RunTime:0.000774s ]
INFO: [ app_begin ] --START--
INFO: Run Behavior\ReadHtmlCacheBehavior [ RunTime:0.000594s ]
INFO: [ app_begin ] --END-- [ RunTime:0.001063s ]
INFO: [ app_end ] --START--
INFO: Run Behavior\ShowPageTraceBehavior [ RunTime:0.000589s ]
INFO: [ app_end ] --END-- [ RunTime:0.001020s ]

[ 2016-01-29T01:04:18+08:00 ] ::1 /tp/
INFO: [ app_init ] --START--
INFO: Run Behavior\BuildLiteBehavior [ RunTime:0.000086s ]
INFO: [ app_init ] --END-- [ RunTime:0.000774s ]
INFO: [ app_begin ] --START--
INFO: Run Behavior\ReadHtmlCacheBehavior [ RunTime:0.000586s ]
INFO: [ app_begin ] --END-- [ RunTime:0.001011s ]
INFO: [ app_end ] --START--
INFO: Run Behavior\ShowPageTraceBehavior [ RunTime:0.000577s ]
INFO: [ app_end ] --END-- [ RunTime:0.000995s ]

[ 2016-01-29T01:04:23+08:00 ] ::1 /tp/
INFO: [ app_init ] --START--
INFO: Run Behavior\BuildLiteBehavior [ RunTime:0.000085s ]
INFO: [ app_init ] --END-- [ RunTime:0.000789s ]
INFO: [ app_begin ] --START--
INFO: Run Behavior\ReadHtmlCacheBehavior [ RunTime:0.000513s ]
INFO: [ app_begin ] --END-- [ RunTime:0.000950s ]
INFO: [ app_end ] --START--
INFO: Run Behavior\ShowPageTraceBehavior [ RunTime:0.000663s ]
INFO: [ app_end ] --END-- [ RunTime:0.001091s ]

[ 2016-01-29T01:06:49+08:00 ] ::1 /tp/index.php/Home/index
INFO: [ app_init ] --START--
INFO: Run Behavior\BuildLiteBehavior [ RunTime:0.000085s ]
INFO: [ app_init ] --END-- [ RunTime:0.000806s ]
INFO: [ app_begin ] --START--
INFO: Run Behavior\ReadHtmlCacheBehavior [ RunTime:0.000604s ]
INFO: [ app_begin ] --END-- [ RunTime:0.001055s ]
INFO: [ app_end ] --START--
INFO: Run Behavior\ShowPageTraceBehavior [ RunTime:0.000586s ]
INFO: [ app_end ] --END-- [ RunTime:0.001052s ]

[ 2016-01-29T01:06:53+08:00 ] ::1 /tp/index.php/Home/aa
INFO: [ app_init ] --START--
INFO: Run Behavior\BuildLiteBehavior [ RunTime:0.000085s ]
INFO: [ app_init ] --END-- [ RunTime:0.000784s ]
INFO: [ app_begin ] --START--
INFO: Run Behavior\ReadHtmlCacheBehavior [ RunTime:0.000512s ]
INFO: [ app_begin ] --END-- [ RunTime:0.000988s ]
ERR: 无法加载控制器:Aa

[ 2016-01-29T01:07:08+08:00 ] ::1 /tp/index.php/Home/bb
INFO: [ app_init ] --START--
INFO: Run Behavior\BuildLiteBehavior [ RunTime:0.000085s ]
INFO: [ app_init ] --END-- [ RunTime:0.000807s ]
INFO: [ app_begin ] --START--
INFO: Run Behavior\ReadHtmlCacheBehavior [ RunTime:0.000616s ]
INFO: [ app_begin ] --END-- [ RunTime:0.001041s ]
ERR: 无法加载控制器:Bb

[ 2016-01-29T01:07:10+08:00 ] ::1 /tp/index.php/Home/aa
INFO: [ app_init ] --START--
INFO: Run Behavior\BuildLiteBehavior [ RunTime:0.000086s ]
INFO: [ app_init ] --END-- [ RunTime:0.000774s ]
INFO: [ app_begin ] --START--
INFO: Run Behavior\ReadHtmlCacheBehavior [ RunTime:0.000540s ]
INFO: [ app_begin ] --END-- [ RunTime:0.000978s ]
ERR: 无法加载控制器:Aa

[ 2016-01-29T01:07:35+08:00 ] ::1 /tp/index.php/Home/index
INFO: [ app_init ] --START--
INFO: Run Behavior\BuildLiteBehavior [ RunTime:0.000103s ]
INFO: [ app_init ] --END-- [ RunTime:0.000885s ]
INFO: [ app_begin ] --START--
INFO: Run Behavior\ReadHtmlCacheBehavior [ RunTime:0.000630s ]
INFO: [ app_begin ] --END-- [ RunTime:0.001091s ]
INFO: [ app_end ] --START--
INFO: Run Behavior\ShowPageTraceBehavior [ RunTime:0.000615s ]
INFO: [ app_end ] --END-- [ RunTime:0.001086s ]

[ 2016-01-29T01:07:42+08:00 ] ::1 /tp/index.php/Home/aa
INFO: [ app_init ] --START--
INFO: Run Behavior\BuildLiteBehavior [ RunTime:0.000103s ]
INFO: [ app_init ] --END-- [ RunTime:0.000906s ]
INFO: [ app_begin ] --START--
INFO: Run Behavior\ReadHtmlCacheBehavior [ RunTime:0.000662s ]
INFO: [ app_begin ] --END-- [ RunTime:0.001148s ]
ERR: 无法加载控制器:Aa

[ 2016-01-29T01:07:48+08:00 ] ::1 /tp/index.php/Home/test
INFO: [ app_init ] --START--
INFO: Run Behavior\BuildLiteBehavior [ RunTime:0.000123s ]
INFO: [ app_init ] --END-- [ RunTime:0.000999s ]
INFO: [ app_begin ] --START--
INFO: Run Behavior\ReadHtmlCacheBehavior [ RunTime:0.000528s ]
INFO: [ app_begin ] --END-- [ RunTime:0.000963s ]
ERR: 无法加载控制器:Test

[ 2016-01-29T01:08:12+08:00 ] ::1 /tp/index.php/Home/index/index
INFO: [ app_init ] --START--
INFO: Run Behavior\BuildLiteBehavior [ RunTime:0.000105s ]
INFO: [ app_init ] --END-- [ RunTime:0.000914s ]
INFO: [ app_begin ] --START--
INFO: Run Behavior\ReadHtmlCacheBehavior [ RunTime:0.000570s ]
INFO: [ app_begin ] --END-- [ RunTime:0.001029s ]
INFO: [ app_end ] --START--
INFO: Run Behavior\ShowPageTraceBehavior [ RunTime:0.000651s ]
INFO: [ app_end ] --END-- [ RunTime:0.001113s ]

[ 2016-01-29T01:08:16+08:00 ] ::1 /tp/index.php/Home/index/a
INFO: [ app_init ] --START--
INFO: Run Behavior\BuildLiteBehavior [ RunTime:0.000104s ]
INFO: [ app_init ] --END-- [ RunTime:0.001083s ]
INFO: [ app_begin ] --START--
INFO: Run Behavior\ReadHtmlCacheBehavior [ RunTime:0.000595s ]
INFO: [ app_begin ] --END-- [ RunTime:0.001056s ]
ERR: 非法操作:a

[ 2016-01-29T01:08:19+08:00 ] ::1 /tp/index.php/Home/index/aa
INFO: [ app_init ] --START--
INFO: Run Behavior\BuildLiteBehavior [ RunTime:0.000104s ]
INFO: [ app_init ] --END-- [ RunTime:0.000863s ]
INFO: [ app_begin ] --START--
INFO: Run Behavior\ReadHtmlCacheBehavior [ RunTime:0.000556s ]
INFO: [ app_begin ] --END-- [ RunTime:0.001018s ]
ERR: 非法操作:aa

[ 2016-01-29T01:08:26+08:00 ] ::1 /tp/index.php/Home/index/test
INFO: [ app_init ] --START--
INFO: Run Behavior\BuildLiteBehavior [ RunTime:0.000102s ]
INFO: [ app_init ] --END-- [ RunTime:0.000882s ]
INFO: [ app_begin ] --START--
INFO: Run Behavior\ReadHtmlCacheBehavior [ RunTime:0.000566s ]
INFO: [ app_begin ] --END-- [ RunTime:0.001033s ]
INFO: [ app_end ] --START--
INFO: Run Behavior\ShowPageTraceBehavior [ RunTime:0.000629s ]
INFO: [ app_end ] --END-- [ RunTime:0.001096s ]

[ 2016-01-29T01:08:44+08:00 ] ::1 /tp/index.php/Home/index/test/testarg
INFO: [ app_init ] --START--
INFO: Run Behavior\BuildLiteBehavior [ RunTime:0.000104s ]
INFO: [ app_init ] --END-- [ RunTime:0.000887s ]
INFO: [ app_begin ] --START--
INFO: Run Behavior\ReadHtmlCacheBehavior [ RunTime:0.000558s ]
INFO: [ app_begin ] --END-- [ RunTime:0.001019s ]
INFO: [ app_end ] --START--
INFO: Run Behavior\ShowPageTraceBehavior [ RunTime:0.000614s ]
INFO: [ app_end ] --END-- [ RunTime:0.001091s ]

[ 2016-01-29T01:08:46+08:00 ] ::1 /tp/index.php/Home/index/test/testarg
INFO: [ app_init ] --START--
INFO: Run Behavior\BuildLiteBehavior [ RunTime:0.000104s ]
INFO: [ app_init ] --END-- [ RunTime:0.000903s ]
INFO: [ app_begin ] --START--
INFO: Run Behavior\ReadHtmlCacheBehavior [ RunTime:0.000558s ]
INFO: [ app_begin ] --END-- [ RunTime:0.001022s ]
INFO: [ app_end ] --START--
INFO: Run Behavior\ShowPageTraceBehavior [ RunTime:0.000637s ]
INFO: [ app_end ] --END-- [ RunTime:0.001099s ]

[ 2016-01-29T01:08:47+08:00 ] ::1 /tp/index.php/Home/index/test/testarg
INFO: [ app_init ] --START--
INFO: Run Behavior\BuildLiteBehavior [ RunTime:0.000104s ]
INFO: [ app_init ] --END-- [ RunTime:0.000869s ]
INFO: [ app_begin ] --START--
INFO: Run Behavior\ReadHtmlCacheBehavior [ RunTime:0.000564s ]
INFO: [ app_begin ] --END-- [ RunTime:0.001023s ]
INFO: [ app_end ] --START--
INFO: Run Behavior\ShowPageTraceBehavior [ RunTime:0.000624s ]
INFO: [ app_end ] --END-- [ RunTime:0.001087s ]

[ 2016-01-29T01:09:00+08:00 ] ::1 /tp/index.php/Home/index/test/arg/testarg
INFO: [ app_init ] --START--
INFO: Run Behavior\BuildLiteBehavior [ RunTime:0.000092s ]
INFO: [ app_init ] --END-- [ RunTime:0.000866s ]
INFO: [ app_begin ] --START--
INFO: Run Behavior\ReadHtmlCacheBehavior [ RunTime:0.000529s ]
INFO: [ app_begin ] --END-- [ RunTime:0.000998s ]
INFO: [ app_end ] --START--
INFO: Run Behavior\ShowPageTraceBehavior [ RunTime:0.000596s ]
INFO: [ app_end ] --END-- [ RunTime:0.001034s ]

[ 2016-01-29T01:09:02+08:00 ] ::1 /tp/index.php/Home/index/test/arg/testarg
INFO: [ app_init ] --START--
INFO: Run Behavior\BuildLiteBehavior [ RunTime:0.000103s ]
INFO: [ app_init ] --END-- [ RunTime:0.000858s ]
INFO: [ app_begin ] --START--
INFO: Run Behavior\ReadHtmlCacheBehavior [ RunTime:0.000601s ]
INFO: [ app_begin ] --END-- [ RunTime:0.001107s ]
INFO: [ app_end ] --START--
INFO: Run Behavior\ShowPageTraceBehavior [ RunTime:0.000630s ]
INFO: [ app_end ] --END-- [ RunTime:0.001114s ]

[ 2016-01-29T01:15:59+08:00 ] ::1 /tp/index.php/Home/index/test/arg/testarg
INFO: [ app_init ] --START--
INFO: Run Behavior\BuildLiteBehavior [ RunTime:0.000106s ]
INFO: [ app_init ] --END-- [ RunTime:0.000902s ]
INFO: [ app_begin ] --START--
INFO: Run Behavior\ReadHtmlCacheBehavior [ RunTime:0.000620s ]
INFO: [ app_begin ] --END-- [ RunTime:0.001165s ]
INFO: [ view_parse ] --START--
INFO: [ template_filter ] --START--
INFO: Run Behavior\ContentReplaceBehavior [ RunTime:0.005912s ]
INFO: [ template_filter ] --END-- [ RunTime:0.006394s ]
INFO: Run Behavior\ParseTemplateBehavior [ RunTime:0.022803s ]
INFO: [ view_parse ] --END-- [ RunTime:0.023261s ]
INFO: [ view_filter ] --START--
INFO: Run Behavior\WriteHtmlCacheBehavior [ RunTime:0.000487s ]
INFO: [ view_filter ] --END-- [ RunTime:0.000912s ]
INFO: [ app_end ] --START--
INFO: Run Behavior\ShowPageTraceBehavior [ RunTime:0.000778s ]
INFO: [ app_end ] --END-- [ RunTime:0.001210s ]

[ 2016-01-29T01:16:01+08:00 ] ::1 /tp/index.php/Home/index/test/arg/testarg
INFO: [ app_init ] --START--
INFO: Run Behavior\BuildLiteBehavior [ RunTime:0.000116s ]
INFO: [ app_init ] --END-- [ RunTime:0.000880s ]
INFO: [ app_begin ] --START--
INFO: Run Behavior\ReadHtmlCacheBehavior [ RunTime:0.000574s ]
INFO: [ app_begin ] --END-- [ RunTime:0.001110s ]
INFO: [ view_parse ] --START--
INFO: [ template_filter ] --START--
INFO: Run Behavior\ContentReplaceBehavior [ RunTime:0.000243s ]
INFO: [ template_filter ] --END-- [ RunTime:0.000797s ]
INFO: Run Behavior\ParseTemplateBehavior [ RunTime:0.010470s ]
INFO: [ view_parse ] --END-- [ RunTime:0.010928s ]
INFO: [ view_filter ] --START--
INFO: Run Behavior\WriteHtmlCacheBehavior [ RunTime:0.000397s ]
INFO: [ view_filter ] --END-- [ RunTime:0.000843s ]
INFO: [ app_end ] --START--
INFO: Run Behavior\ShowPageTraceBehavior [ RunTime:0.000605s ]
INFO: [ app_end ] --END-- [ RunTime:0.001031s ]

[ 2016-01-29T01:16:03+08:00 ] ::1 /tp/index.php/Home/index/test/arg/ccc
INFO: [ app_init ] --START--
INFO: Run Behavior\BuildLiteBehavior [ RunTime:0.000104s ]
INFO: [ app_init ] --END-- [ RunTime:0.000870s ]
INFO: [ app_begin ] --START--
INFO: Run Behavior\ReadHtmlCacheBehavior [ RunTime:0.000565s ]
INFO: [ app_begin ] --END-- [ RunTime:0.001243s ]
INFO: [ view_parse ] --START--
INFO: [ template_filter ] --START--
INFO: Run Behavior\ContentReplaceBehavior [ RunTime:0.000217s ]
INFO: [ template_filter ] --END-- [ RunTime:0.000703s ]
INFO: Run Behavior\ParseTemplateBehavior [ RunTime:0.008586s ]
INFO: [ view_parse ] --END-- [ RunTime:0.009056s ]
INFO: [ view_filter ] --START--
INFO: Run Behavior\WriteHtmlCacheBehavior [ RunTime:0.000418s ]
INFO: [ view_filter ] --END-- [ RunTime:0.000884s ]
INFO: [ app_end ] --START--
INFO: Run Behavior\ShowPageTraceBehavior [ RunTime:0.000616s ]
INFO: [ app_end ] --END-- [ RunTime:0.001077s ]

[ 2016-01-29T01:16:05+08:00 ] ::1 /tp/index.php/Home/index/test/arg/
INFO: [ app_init ] --START--
INFO: Run Behavior\BuildLiteBehavior [ RunTime:0.000104s ]
INFO: [ app_init ] --END-- [ RunTime:0.000885s ]
INFO: [ app_begin ] --START--
INFO: Run Behavior\ReadHtmlCacheBehavior [ RunTime:0.000553s ]
INFO: [ app_begin ] --END-- [ RunTime:0.001025s ]
INFO: [ view_parse ] --START--
INFO: [ template_filter ] --START--
INFO: Run Behavior\ContentReplaceBehavior [ RunTime:0.000228s ]
INFO: [ template_filter ] --END-- [ RunTime:0.000666s ]
INFO: Run Behavior\ParseTemplateBehavior [ RunTime:0.009313s ]
INFO: [ view_parse ] --END-- [ RunTime:0.009765s ]
INFO: [ view_filter ] --START--
INFO: Run Behavior\WriteHtmlCacheBehavior [ RunTime:0.000395s ]
INFO: [ view_filter ] --END-- [ RunTime:0.000824s ]
INFO: [ app_end ] --START--
INFO: Run Behavior\ShowPageTraceBehavior [ RunTime:0.000596s ]
INFO: [ app_end ] --END-- [ RunTime:0.001013s ]

[ 2016-01-29T01:16:13+08:00 ] ::1 /tp/index.php/Home/index/test/arg/bbdderw
INFO: [ app_init ] --START--
INFO: Run Behavior\BuildLiteBehavior [ RunTime:0.000106s ]
INFO: [ app_init ] --END-- [ RunTime:0.000892s ]
INFO: [ app_begin ] --START--
INFO: Run Behavior\ReadHtmlCacheBehavior [ RunTime:0.000563s ]
INFO: [ app_begin ] --END-- [ RunTime:0.001047s ]
INFO: [ view_parse ] --START--
INFO: [ template_filter ] --START--
INFO: Run Behavior\ContentReplaceBehavior [ RunTime:0.000204s ]
INFO: [ template_filter ] --END-- [ RunTime:0.000637s ]
INFO: Run Behavior\ParseTemplateBehavior [ RunTime:0.009239s ]
INFO: [ view_parse ] --END-- [ RunTime:0.009693s ]
INFO: [ view_filter ] --START--
INFO: Run Behavior\WriteHtmlCacheBehavior [ RunTime:0.000381s ]
INFO: [ view_filter ] --END-- [ RunTime:0.000874s ]
INFO: [ app_end ] --START--
INFO: Run Behavior\ShowPageTraceBehavior [ RunTime:0.000646s ]
INFO: [ app_end ] --END-- [ RunTime:0.001109s ]

[ 2016-01-29T01:21:39+08:00 ] ::1 /tp/index.php/Home/index/test/arg/bbdderw
INFO: [ app_init ] --START--
INFO: Run Behavior\BuildLiteBehavior [ RunTime:0.000104s ]
INFO: [ app_init ] --END-- [ RunTime:0.000884s ]
INFO: [ app_begin ] --START--
INFO: Run Behavior\ReadHtmlCacheBehavior [ RunTime:0.000612s ]
INFO: [ app_begin ] --END-- [ RunTime:0.006527s ]
SQL: SHOW COLUMNS FROM `think_data` [ RunTime:0.0078s ]
SQL: SELECT * FROM `think_data` WHERE `id` = 1 LIMIT 1   [ RunTime:0.0003s ]
INFO: [ view_parse ] --START--
INFO: [ template_filter ] --START--
INFO: Run Behavior\ContentReplaceBehavior [ RunTime:0.000332s ]
INFO: [ template_filter ] --END-- [ RunTime:0.000825s ]
NOTIC: [8] Undefined variable: arg D:\wamp\www\tp\Application\Runtime\Cache\Home\4913b3ab5f520f6dd350e21137b73fb2.php 第 5 行.
NOTIC: [8] Undefined variable: arg D:\wamp\www\tp\Application\Runtime\Cache\Home\4913b3ab5f520f6dd350e21137b73fb2.php 第 8 行.
INFO: Run Behavior\ParseTemplateBehavior [ RunTime:0.012735s ]
INFO: [ view_parse ] --END-- [ RunTime:0.013182s ]
INFO: [ view_filter ] --START--
INFO: Run Behavior\WriteHtmlCacheBehavior [ RunTime:0.000444s ]
INFO: [ view_filter ] --END-- [ RunTime:0.000865s ]
INFO: [ app_end ] --START--
INFO: Run Behavior\ShowPageTraceBehavior [ RunTime:0.000702s ]
INFO: [ app_end ] --END-- [ RunTime:0.001128s ]

[ 2016-01-29T01:21:45+08:00 ] ::1 /tp/index.php/Home/index/test/arg/bbdderw
INFO: [ app_init ] --START--
INFO: Run Behavior\BuildLiteBehavior [ RunTime:0.000096s ]
INFO: [ app_init ] --END-- [ RunTime:0.000835s ]
INFO: [ app_begin ] --START--
INFO: Run Behavior\ReadHtmlCacheBehavior [ RunTime:0.000578s ]
INFO: [ app_begin ] --END-- [ RunTime:0.001045s ]
SQL: SHOW COLUMNS FROM `think_data` [ RunTime:0.0058s ]
SQL: SELECT * FROM `think_data` WHERE `id` = 2 LIMIT 1   [ RunTime:0.0003s ]
INFO: [ view_parse ] --START--
INFO: [ template_filter ] --START--
INFO: Run Behavior\ContentReplaceBehavior [ RunTime:0.000268s ]
INFO: [ template_filter ] --END-- [ RunTime:0.000824s ]
NOTIC: [8] Undefined variable: arg D:\wamp\www\tp\Application\Runtime\Cache\Home\4913b3ab5f520f6dd350e21137b73fb2.php 第 5 行.
NOTIC: [8] Undefined variable: arg D:\wamp\www\tp\Application\Runtime\Cache\Home\4913b3ab5f520f6dd350e21137b73fb2.php 第 8 行.
INFO: Run Behavior\ParseTemplateBehavior [ RunTime:0.010275s ]
INFO: [ view_parse ] --END-- [ RunTime:0.010746s ]
INFO: [ view_filter ] --START--
INFO: Run Behavior\WriteHtmlCacheBehavior [ RunTime:0.000419s ]
INFO: [ view_filter ] --END-- [ RunTime:0.000838s ]
INFO: [ app_end ] --START--
INFO: Run Behavior\ShowPageTraceBehavior [ RunTime:0.000743s ]
INFO: [ app_end ] --END-- [ RunTime:0.001353s ]

[ 2016-01-29T01:21:49+08:00 ] ::1 /tp/index.php/Home/index/test/arg/bbdderw
INFO: [ app_init ] --START--
INFO: Run Behavior\BuildLiteBehavior [ RunTime:0.000103s ]
INFO: [ app_init ] --END-- [ RunTime:0.000864s ]
INFO: [ app_begin ] --START--
INFO: Run Behavior\ReadHtmlCacheBehavior [ RunTime:0.000591s ]
INFO: [ app_begin ] --END-- [ RunTime:0.001092s ]
SQL: SHOW COLUMNS FROM `think_data` [ RunTime:0.0059s ]
SQL: SELECT * FROM `think_data` WHERE `id` = 3 LIMIT 1   [ RunTime:0.0003s ]
INFO: [ view_parse ] --START--
INFO: [ template_filter ] --START--
INFO: Run Behavior\ContentReplaceBehavior [ RunTime:0.000215s ]
INFO: [ template_filter ] --END-- [ RunTime:0.000679s ]
NOTIC: [8] Undefined variable: arg D:\wamp\www\tp\Application\Runtime\Cache\Home\4913b3ab5f520f6dd350e21137b73fb2.php 第 5 行.
NOTIC: [8] Undefined variable: arg D:\wamp\www\tp\Application\Runtime\Cache\Home\4913b3ab5f520f6dd350e21137b73fb2.php 第 8 行.
INFO: Run Behavior\ParseTemplateBehavior [ RunTime:0.009915s ]
INFO: [ view_parse ] --END-- [ RunTime:0.010391s ]
INFO: [ view_filter ] --START--
INFO: Run Behavior\WriteHtmlCacheBehavior [ RunTime:0.000453s ]
INFO: [ view_filter ] --END-- [ RunTime:0.000913s ]
INFO: [ app_end ] --START--
INFO: Run Behavior\ShowPageTraceBehavior [ RunTime:0.000610s ]
INFO: [ app_end ] --END-- [ RunTime:0.001063s ]

[ 2016-01-29T01:21:53+08:00 ] ::1 /tp/index.php/Home/index/test/arg/bbdderw
INFO: [ app_init ] --START--
INFO: Run Behavior\BuildLiteBehavior [ RunTime:0.000104s ]
INFO: [ app_init ] --END-- [ RunTime:0.000880s ]
INFO: [ app_begin ] --START--
INFO: Run Behavior\ReadHtmlCacheBehavior [ RunTime:0.000572s ]
INFO: [ app_begin ] --END-- [ RunTime:0.001082s ]
SQL: SHOW COLUMNS FROM `think_data` [ RunTime:0.0068s ]
SQL: SELECT * FROM `think_data` WHERE `id` = 4 LIMIT 1   [ RunTime:0.0002s ]
INFO: [ view_parse ] --START--
INFO: [ template_filter ] --START--
INFO: Run Behavior\ContentReplaceBehavior [ RunTime:0.000205s ]
INFO: [ template_filter ] --END-- [ RunTime:0.000650s ]
NOTIC: [8] Undefined variable: arg D:\wamp\www\tp\Application\Runtime\Cache\Home\4913b3ab5f520f6dd350e21137b73fb2.php 第 5 行.
NOTIC: [8] Undefined variable: arg D:\wamp\www\tp\Application\Runtime\Cache\Home\4913b3ab5f520f6dd350e21137b73fb2.php 第 8 行.
INFO: Run Behavior\ParseTemplateBehavior [ RunTime:0.011189s ]
INFO: [ view_parse ] --END-- [ RunTime:0.011621s ]
INFO: [ view_filter ] --START--
INFO: Run Behavior\WriteHtmlCacheBehavior [ RunTime:0.000379s ]
INFO: [ view_filter ] --END-- [ RunTime:0.000856s ]
INFO: [ app_end ] --START--
INFO: Run Behavior\ShowPageTraceBehavior [ RunTime:0.000592s ]
INFO: [ app_end ] --END-- [ RunTime:0.001012s ]

[ 2016-01-29T01:21:58+08:00 ] ::1 /tp/index.php/Home/index/test/arg/bbdderw
INFO: [ app_init ] --START--
INFO: Run Behavior\BuildLiteBehavior [ RunTime:0.000104s ]
INFO: [ app_init ] --END-- [ RunTime:0.000886s ]
INFO: [ app_begin ] --START--
INFO: Run Behavior\ReadHtmlCacheBehavior [ RunTime:0.000564s ]
INFO: [ app_begin ] --END-- [ RunTime:0.001058s ]
SQL: SHOW COLUMNS FROM `think_data` [ RunTime:0.0061s ]
SQL: SELECT * FROM `think_data` WHERE `id` = 3 LIMIT 1   [ RunTime:0.0003s ]
INFO: [ view_parse ] --START--
INFO: [ template_filter ] --START--
INFO: Run Behavior\ContentReplaceBehavior [ RunTime:0.000210s ]
INFO: [ template_filter ] --END-- [ RunTime:0.000728s ]
NOTIC: [8] Undefined variable: arg D:\wamp\www\tp\Application\Runtime\Cache\Home\4913b3ab5f520f6dd350e21137b73fb2.php 第 5 行.
NOTIC: [8] Undefined variable: arg D:\wamp\www\tp\Application\Runtime\Cache\Home\4913b3ab5f520f6dd350e21137b73fb2.php 第 8 行.
INFO: Run Behavior\ParseTemplateBehavior [ RunTime:0.009408s ]
INFO: [ view_parse ] --END-- [ RunTime:0.009881s ]
INFO: [ view_filter ] --START--
INFO: Run Behavior\WriteHtmlCacheBehavior [ RunTime:0.000389s ]
INFO: [ view_filter ] --END-- [ RunTime:0.000855s ]
INFO: [ app_end ] --START--
INFO: Run Behavior\ShowPageTraceBehavior [ RunTime:0.000557s ]
INFO: [ app_end ] --END-- [ RunTime:0.000999s ]

[ 2016-01-29T01:22:03+08:00 ] ::1 /tp/index.php/Home/index/test/arg/bbdderw
INFO: [ app_init ] --START--
INFO: Run Behavior\BuildLiteBehavior [ RunTime:0.000148s ]
INFO: [ app_init ] --END-- [ RunTime:0.001256s ]
INFO: [ app_begin ] --START--
INFO: Run Behavior\ReadHtmlCacheBehavior [ RunTime:0.000692s ]
INFO: [ app_begin ] --END-- [ RunTime:0.001270s ]
SQL: SHOW COLUMNS FROM `think_data` [ RunTime:0.0073s ]
SQL: SELECT * FROM `think_data` WHERE `id` = 2 LIMIT 1   [ RunTime:0.0003s ]
INFO: [ view_parse ] --START--
INFO: [ template_filter ] --START--
INFO: Run Behavior\ContentReplaceBehavior [ RunTime:0.000214s ]
INFO: [ template_filter ] --END-- [ RunTime:0.000840s ]
NOTIC: [8] Undefined variable: arg D:\wamp\www\tp\Application\Runtime\Cache\Home\4913b3ab5f520f6dd350e21137b73fb2.php 第 5 行.
NOTIC: [8] Undefined variable: arg D:\wamp\www\tp\Application\Runtime\Cache\Home\4913b3ab5f520f6dd350e21137b73fb2.php 第 8 行.
INFO: Run Behavior\ParseTemplateBehavior [ RunTime:0.009629s ]
INFO: [ view_parse ] --END-- [ RunTime:0.010061s ]
INFO: [ view_filter ] --START--
INFO: Run Behavior\WriteHtmlCacheBehavior [ RunTime:0.000382s ]
INFO: [ view_filter ] --END-- [ RunTime:0.000837s ]
INFO: [ app_end ] --START--
INFO: Run Behavior\ShowPageTraceBehavior [ RunTime:0.000580s ]
INFO: [ app_end ] --END-- [ RunTime:0.000998s ]

[ 2016-01-29T01:22:08+08:00 ] ::1 /tp/index.php/Home/index/test/arg/bbdderw
INFO: [ app_init ] --START--
INFO: Run Behavior\BuildLiteBehavior [ RunTime:0.000102s ]
INFO: [ app_init ] --END-- [ RunTime:0.000867s ]
INFO: [ app_begin ] --START--
INFO: Run Behavior\ReadHtmlCacheBehavior [ RunTime:0.000589s ]
INFO: [ app_begin ] --END-- [ RunTime:0.001093s ]
SQL: SHOW COLUMNS FROM `think_data` [ RunTime:0.0093s ]
SQL: SELECT * FROM `think_data` WHERE `id` = 0 LIMIT 1   [ RunTime:0.0003s ]
INFO: [ view_parse ] --START--
INFO: [ template_filter ] --START--
INFO: Run Behavior\ContentReplaceBehavior [ RunTime:0.000219s ]
INFO: [ template_filter ] --END-- [ RunTime:0.000690s ]
NOTIC: [8] Undefined variable: arg D:\wamp\www\tp\Application\Runtime\Cache\Home\4913b3ab5f520f6dd350e21137b73fb2.php 第 5 行.
NOTIC: [8] Undefined variable: arg D:\wamp\www\tp\Application\Runtime\Cache\Home\4913b3ab5f520f6dd350e21137b73fb2.php 第 8 行.
INFO: Run Behavior\ParseTemplateBehavior [ RunTime:0.009746s ]
INFO: [ view_parse ] --END-- [ RunTime:0.010213s ]
INFO: [ view_filter ] --START--
INFO: Run Behavior\WriteHtmlCacheBehavior [ RunTime:0.000475s ]
INFO: [ view_filter ] --END-- [ RunTime:0.000955s ]
INFO: [ app_end ] --START--
INFO: Run Behavior\ShowPageTraceBehavior [ RunTime:0.000625s ]
INFO: [ app_end ] --END-- [ RunTime:0.001104s ]

[ 2016-01-29T01:22:26+08:00 ] ::1 /tp/index.php/Home/index/test/arg/1
INFO: [ app_init ] --START--
INFO: Run Behavior\BuildLiteBehavior [ RunTime:0.000104s ]
INFO: [ app_init ] --END-- [ RunTime:0.000862s ]
INFO: [ app_begin ] --START--
INFO: Run Behavior\ReadHtmlCacheBehavior [ RunTime:0.000646s ]
INFO: [ app_begin ] --END-- [ RunTime:0.001338s ]
SQL: SHOW COLUMNS FROM `think_data` [ RunTime:0.0077s ]
SQL: SELECT * FROM `think_data` WHERE `id` = 1 LIMIT 1   [ RunTime:0.0004s ]
INFO: [ view_parse ] --START--
INFO: [ template_filter ] --START--
INFO: Run Behavior\ContentReplaceBehavior [ RunTime:0.000222s ]
INFO: [ template_filter ] --END-- [ RunTime:0.000698s ]
NOTIC: [8] Undefined variable: arg D:\wamp\www\tp\Application\Runtime\Cache\Home\4913b3ab5f520f6dd350e21137b73fb2.php 第 5 行.
NOTIC: [8] Undefined variable: arg D:\wamp\www\tp\Application\Runtime\Cache\Home\4913b3ab5f520f6dd350e21137b73fb2.php 第 8 行.
INFO: Run Behavior\ParseTemplateBehavior [ RunTime:0.010156s ]
INFO: [ view_parse ] --END-- [ RunTime:0.010678s ]
INFO: [ view_filter ] --START--
INFO: Run Behavior\WriteHtmlCacheBehavior [ RunTime:0.000422s ]
INFO: [ view_filter ] --END-- [ RunTime:0.000952s ]
INFO: [ app_end ] --START--
INFO: Run Behavior\ShowPageTraceBehavior [ RunTime:0.000612s ]
INFO: [ app_end ] --END-- [ RunTime:0.001075s ]

[ 2016-01-29T01:22:29+08:00 ] ::1 /tp/index.php/Home/index/test/arg/2
INFO: [ app_init ] --START--
INFO: Run Behavior\BuildLiteBehavior [ RunTime:0.000103s ]
INFO: [ app_init ] --END-- [ RunTime:0.000904s ]
INFO: [ app_begin ] --START--
INFO: Run Behavior\ReadHtmlCacheBehavior [ RunTime:0.000557s ]
INFO: [ app_begin ] --END-- [ RunTime:0.001015s ]
SQL: SHOW COLUMNS FROM `think_data` [ RunTime:0.0066s ]
SQL: SELECT * FROM `think_data` WHERE `id` = 2 LIMIT 1   [ RunTime:0.0004s ]
INFO: [ view_parse ] --START--
INFO: [ template_filter ] --START--
INFO: Run Behavior\ContentReplaceBehavior [ RunTime:0.000200s ]
INFO: [ template_filter ] --END-- [ RunTime:0.000625s ]
NOTIC: [8] Undefined variable: arg D:\wamp\www\tp\Application\Runtime\Cache\Home\4913b3ab5f520f6dd350e21137b73fb2.php 第 5 行.
NOTIC: [8] Undefined variable: arg D:\wamp\www\tp\Application\Runtime\Cache\Home\4913b3ab5f520f6dd350e21137b73fb2.php 第 8 行.
INFO: Run Behavior\ParseTemplateBehavior [ RunTime:0.009136s ]
INFO: [ view_parse ] --END-- [ RunTime:0.009601s ]
INFO: [ view_filter ] --START--
INFO: Run Behavior\WriteHtmlCacheBehavior [ RunTime:0.000409s ]
INFO: [ view_filter ] --END-- [ RunTime:0.000860s ]
INFO: [ app_end ] --START--
INFO: Run Behavior\ShowPageTraceBehavior [ RunTime:0.000882s ]
INFO: [ app_end ] --END-- [ RunTime:0.001395s ]

[ 2016-01-29T01:22:33+08:00 ] ::1 /tp/index.php/Home/index/test/arg/3
INFO: [ app_init ] --START--
INFO: Run Behavior\BuildLiteBehavior [ RunTime:0.000104s ]
INFO: [ app_init ] --END-- [ RunTime:0.000888s ]
INFO: [ app_begin ] --START--
INFO: Run Behavior\ReadHtmlCacheBehavior [ RunTime:0.000577s ]
INFO: [ app_begin ] --END-- [ RunTime:0.001061s ]
SQL: SHOW COLUMNS FROM `think_data` [ RunTime:0.0066s ]
SQL: SELECT * FROM `think_data` WHERE `id` = 3 LIMIT 1   [ RunTime:0.0003s ]
INFO: [ view_parse ] --START--
INFO: [ template_filter ] --START--
INFO: Run Behavior\ContentReplaceBehavior [ RunTime:0.000205s ]
INFO: [ template_filter ] --END-- [ RunTime:0.000642s ]
NOTIC: [8] Undefined variable: arg D:\wamp\www\tp\Application\Runtime\Cache\Home\4913b3ab5f520f6dd350e21137b73fb2.php 第 5 行.
NOTIC: [8] Undefined variable: arg D:\wamp\www\tp\Application\Runtime\Cache\Home\4913b3ab5f520f6dd350e21137b73fb2.php 第 8 行.
INFO: Run Behavior\ParseTemplateBehavior [ RunTime:0.009465s ]
INFO: [ view_parse ] --END-- [ RunTime:0.009887s ]
INFO: [ view_filter ] --START--
INFO: Run Behavior\WriteHtmlCacheBehavior [ RunTime:0.000428s ]
INFO: [ view_filter ] --END-- [ RunTime:0.000833s ]
INFO: [ app_end ] --START--
INFO: Run Behavior\ShowPageTraceBehavior [ RunTime:0.000583s ]
INFO: [ app_end ] --END-- [ RunTime:0.000990s ]

[ 2016-01-29T01:26:49+08:00 ] ::1 /tp/index.php/Home/Form/add
INFO: [ app_init ] --START--
INFO: Run Behavior\BuildLiteBehavior [ RunTime:0.000103s ]
INFO: [ app_init ] --END-- [ RunTime:0.000924s ]
INFO: [ app_begin ] --START--
INFO: Run Behavior\ReadHtmlCacheBehavior [ RunTime:0.000649s ]
INFO: [ app_begin ] --END-- [ RunTime:0.001156s ]
INFO: [ view_parse ] --START--
INFO: [ template_filter ] --START--
INFO: Run Behavior\ContentReplaceBehavior [ RunTime:0.000258s ]
INFO: [ template_filter ] --END-- [ RunTime:0.000677s ]
INFO: Run Behavior\ParseTemplateBehavior [ RunTime:0.012363s ]
INFO: [ view_parse ] --END-- [ RunTime:0.012985s ]
INFO: [ view_filter ] --START--
INFO: Run Behavior\WriteHtmlCacheBehavior [ RunTime:0.000493s ]
INFO: [ view_filter ] --END-- [ RunTime:0.000924s ]
INFO: [ app_end ] --START--
INFO: Run Behavior\ShowPageTraceBehavior [ RunTime:0.000598s ]
INFO: [ app_end ] --END-- [ RunTime:0.001041s ]

[ 2016-01-29T01:27:02+08:00 ] ::1 /tp/index.php/Home/Form/insert
INFO: [ app_init ] --START--
INFO: Run Behavior\BuildLiteBehavior [ RunTime:0.000103s ]
INFO: [ app_init ] --END-- [ RunTime:0.000920s ]
INFO: [ app_begin ] --START--
INFO: Run Behavior\ReadHtmlCacheBehavior [ RunTime:0.000528s ]
INFO: [ app_begin ] --END-- [ RunTime:0.000991s ]
ERR: 非法操作:insert

[ 2016-01-29T01:35:48+08:00 ] ::1 /tp/index.php/Home/Form/add
INFO: [ app_init ] --START--
INFO: Run Behavior\BuildLiteBehavior [ RunTime:0.000103s ]
INFO: [ app_init ] --END-- [ RunTime:0.000859s ]
INFO: [ app_begin ] --START--
INFO: Run Behavior\ReadHtmlCacheBehavior [ RunTime:0.000654s ]
INFO: [ app_begin ] --END-- [ RunTime:0.001122s ]
INFO: [ view_parse ] --START--
INFO: [ template_filter ] --START--
INFO: Run Behavior\ContentReplaceBehavior [ RunTime:0.000247s ]
INFO: [ template_filter ] --END-- [ RunTime:0.000717s ]
INFO: Run Behavior\ParseTemplateBehavior [ RunTime:0.008562s ]
INFO: [ view_parse ] --END-- [ RunTime:0.009033s ]
INFO: [ view_filter ] --START--
INFO: Run Behavior\WriteHtmlCacheBehavior [ RunTime:0.000516s ]
INFO: [ view_filter ] --END-- [ RunTime:0.001019s ]
INFO: [ app_end ] --START--
INFO: Run Behavior\ShowPageTraceBehavior [ RunTime:0.000641s ]
INFO: [ app_end ] --END-- [ RunTime:0.001114s ]

[ 2016-01-29T01:35:50+08:00 ] ::1 /tp/index.php/Home/Form/add
INFO: [ app_init ] --START--
INFO: Run Behavior\BuildLiteBehavior [ RunTime:0.000106s ]
INFO: [ app_init ] --END-- [ RunTime:0.000891s ]
INFO: [ app_begin ] --START--
INFO: Run Behavior\ReadHtmlCacheBehavior [ RunTime:0.001005s ]
INFO: [ app_begin ] --END-- [ RunTime:0.001454s ]
INFO: [ view_parse ] --START--
INFO: [ template_filter ] --START--
INFO: Run Behavior\ContentReplaceBehavior [ RunTime:0.000392s ]
INFO: [ template_filter ] --END-- [ RunTime:0.000883s ]
INFO: Run Behavior\ParseTemplateBehavior [ RunTime:0.009037s ]
INFO: [ view_parse ] --END-- [ RunTime:0.009607s ]
INFO: [ view_filter ] --START--
INFO: Run Behavior\WriteHtmlCacheBehavior [ RunTime:0.000438s ]
INFO: [ view_filter ] --END-- [ RunTime:0.000879s ]
INFO: [ app_end ] --START--
INFO: Run Behavior\ShowPageTraceBehavior [ RunTime:0.000577s ]
INFO: [ app_end ] --END-- [ RunTime:0.001012s ]

[ 2016-01-29T01:35:58+08:00 ] ::1 /tp/index.php/Home/Form/insert
INFO: [ app_init ] --START--
INFO: Run Behavior\BuildLiteBehavior [ RunTime:0.000104s ]
INFO: [ app_init ] --END-- [ RunTime:0.000950s ]
INFO: [ app_begin ] --START--
INFO: Run Behavior\ReadHtmlCacheBehavior [ RunTime:0.000514s ]
INFO: [ app_begin ] --END-- [ RunTime:0.000984s ]
SQL: SHOW COLUMNS FROM `think_form` [ RunTime:0.0067s ]
NOTIC: [8] Undefined index: validate D:\wamp\www\tp\ThinkPHP\Library\Think\Model.class.php 第 1185 行.
NOTIC: [8] Undefined index: auto D:\wamp\www\tp\ThinkPHP\Library\Think\Model.class.php 第 1128 行.
SQL: INSERT INTO `think_form` (`title`,`content`,`create_time`) VALUES ('testtest','aabbccdd','1454002557') [ RunTime:0.0005s ]
INFO: [ view_parse ] --START--
INFO: [ template_filter ] --START--
INFO: Run Behavior\ContentReplaceBehavior [ RunTime:0.000214s ]
INFO: [ template_filter ] --END-- [ RunTime:0.000671s ]
INFO: Run Behavior\ParseTemplateBehavior [ RunTime:0.015275s ]
INFO: [ view_parse ] --END-- [ RunTime:0.015729s ]
INFO: [ view_filter ] --START--
INFO: Run Behavior\WriteHtmlCacheBehavior [ RunTime:0.000384s ]
INFO: [ view_filter ] --END-- [ RunTime:0.000838s ]
INFO: [ app_end ] --START--
INFO: Run Behavior\ShowPageTraceBehavior [ RunTime:0.000676s ]
INFO: [ app_end ] --END-- [ RunTime:0.001165s ]

[ 2016-01-29T01:35:59+08:00 ] ::1 /tp/index.php/Home/Form/add
INFO: [ app_init ] --START--
INFO: Run Behavior\BuildLiteBehavior [ RunTime:0.000316s ]
INFO: [ app_init ] --END-- [ RunTime:0.002457s ]
INFO: [ app_begin ] --START--
INFO: Run Behavior\ReadHtmlCacheBehavior [ RunTime:0.000631s ]
INFO: [ app_begin ] --END-- [ RunTime:0.001200s ]
INFO: [ view_parse ] --START--
INFO: [ template_filter ] --START--
INFO: Run Behavior\ContentReplaceBehavior [ RunTime:0.000250s ]
INFO: [ template_filter ] --END-- [ RunTime:0.000776s ]
INFO: Run Behavior\ParseTemplateBehavior [ RunTime:0.010060s ]
INFO: [ view_parse ] --END-- [ RunTime:0.010603s ]
INFO: [ view_filter ] --START--
INFO: Run Behavior\WriteHtmlCacheBehavior [ RunTime:0.000484s ]
INFO: [ view_filter ] --END-- [ RunTime:0.001001s ]
INFO: [ app_end ] --START--
INFO: Run Behavior\ShowPageTraceBehavior [ RunTime:0.000698s ]
INFO: [ app_end ] --END-- [ RunTime:0.001221s ]

[ 2016-01-29T01:37:08+08:00 ] ::1 /tp/index.php/Home/Form/insert
INFO: [ app_init ] --START--
INFO: Run Behavior\BuildLiteBehavior [ RunTime:0.000104s ]
INFO: [ app_init ] --END-- [ RunTime:0.000878s ]
INFO: [ app_begin ] --START--
INFO: Run Behavior\ReadHtmlCacheBehavior [ RunTime:0.000524s ]
INFO: [ app_begin ] --END-- [ RunTime:0.000986s ]
SQL: SHOW COLUMNS FROM `think_form` [ RunTime:0.0058s ]
NOTIC: [8] Undefined index: validate D:\wamp\www\tp\ThinkPHP\Library\Think\Model.class.php 第 1185 行.
INFO: [ view_parse ] --START--
INFO: [ template_filter ] --START--
INFO: Run Behavior\ContentReplaceBehavior [ RunTime:0.000228s ]
INFO: [ template_filter ] --END-- [ RunTime:0.000689s ]
INFO: Run Behavior\ParseTemplateBehavior [ RunTime:0.012092s ]
INFO: [ view_parse ] --END-- [ RunTime:0.012564s ]
INFO: [ view_filter ] --START--
INFO: Run Behavior\WriteHtmlCacheBehavior [ RunTime:0.000410s ]
INFO: [ view_filter ] --END-- [ RunTime:0.000878s ]

[ 2016-01-29T01:37:14+08:00 ] ::1 /tp/index.php/Home/Form/insert
INFO: [ app_init ] --START--
INFO: Run Behavior\BuildLiteBehavior [ RunTime:0.000142s ]
INFO: [ app_init ] --END-- [ RunTime:0.001039s ]
INFO: [ app_begin ] --START--
INFO: Run Behavior\ReadHtmlCacheBehavior [ RunTime:0.000516s ]
INFO: [ app_begin ] --END-- [ RunTime:0.000982s ]
SQL: SHOW COLUMNS FROM `think_form` [ RunTime:0.0063s ]
NOTIC: [8] Undefined index: validate D:\wamp\www\tp\ThinkPHP\Library\Think\Model.class.php 第 1185 行.
INFO: [ view_parse ] --START--
INFO: [ template_filter ] --START--
INFO: Run Behavior\ContentReplaceBehavior [ RunTime:0.000217s ]
INFO: [ template_filter ] --END-- [ RunTime:0.000664s ]
INFO: Run Behavior\ParseTemplateBehavior [ RunTime:0.009351s ]
INFO: [ view_parse ] --END-- [ RunTime:0.009948s ]
INFO: [ view_filter ] --START--
INFO: Run Behavior\WriteHtmlCacheBehavior [ RunTime:0.000376s ]
INFO: [ view_filter ] --END-- [ RunTime:0.000855s ]

[ 2016-01-29T01:37:20+08:00 ] ::1 /tp/index.php/Home/Form/insert
INFO: [ app_init ] --START--
INFO: Run Behavior\BuildLiteBehavior [ RunTime:0.000105s ]
INFO: [ app_init ] --END-- [ RunTime:0.000942s ]
INFO: [ app_begin ] --START--
INFO: Run Behavior\ReadHtmlCacheBehavior [ RunTime:0.000536s ]
INFO: [ app_begin ] --END-- [ RunTime:0.001022s ]
SQL: SHOW COLUMNS FROM `think_form` [ RunTime:0.0079s ]
NOTIC: [8] Undefined index: validate D:\wamp\www\tp\ThinkPHP\Library\Think\Model.class.php 第 1185 行.
INFO: [ view_parse ] --START--
INFO: [ template_filter ] --START--
INFO: Run Behavior\ContentReplaceBehavior [ RunTime:0.000237s ]
INFO: [ template_filter ] --END-- [ RunTime:0.000706s ]
INFO: Run Behavior\ParseTemplateBehavior [ RunTime:0.009936s ]
INFO: [ view_parse ] --END-- [ RunTime:0.010381s ]
INFO: [ view_filter ] --START--
INFO: Run Behavior\WriteHtmlCacheBehavior [ RunTime:0.000447s ]
INFO: [ view_filter ] --END-- [ RunTime:0.000895s ]

[ 2016-01-29T01:39:46+08:00 ] ::1 /tp/index.php/Home/Form/add
INFO: [ app_init ] --START--
INFO: Run Behavior\BuildLiteBehavior [ RunTime:0.000102s ]
INFO: [ app_init ] --END-- [ RunTime:0.000865s ]
INFO: [ app_begin ] --START--
INFO: Run Behavior\ReadHtmlCacheBehavior [ RunTime:0.000644s ]
INFO: [ app_begin ] --END-- [ RunTime:0.001141s ]
INFO: [ view_parse ] --START--
INFO: [ template_filter ] --START--
INFO: Run Behavior\ContentReplaceBehavior [ RunTime:0.000224s ]
INFO: [ template_filter ] --END-- [ RunTime:0.000689s ]
INFO: Run Behavior\ParseTemplateBehavior [ RunTime:0.008526s ]
INFO: [ view_parse ] --END-- [ RunTime:0.008990s ]
INFO: [ view_filter ] --START--
INFO: Run Behavior\WriteHtmlCacheBehavior [ RunTime:0.000475s ]
INFO: [ view_filter ] --END-- [ RunTime:0.000929s ]
INFO: [ app_end ] --START--
INFO: Run Behavior\ShowPageTraceBehavior [ RunTime:0.000623s ]
INFO: [ app_end ] --END-- [ RunTime:0.001082s ]

[ 2016-01-29T01:39:48+08:00 ] ::1 /tp/index.php/Home/Form/insert
INFO: [ app_init ] --START--
INFO: Run Behavior\BuildLiteBehavior [ RunTime:0.000114s ]
INFO: [ app_init ] --END-- [ RunTime:0.000935s ]
INFO: [ app_begin ] --START--
INFO: Run Behavior\ReadHtmlCacheBehavior [ RunTime:0.000529s ]
INFO: [ app_begin ] --END-- [ RunTime:0.001040s ]
SQL: SHOW COLUMNS FROM `think_form` [ RunTime:0.0059s ]
NOTIC: [8] Undefined index: validate D:\wamp\www\tp\ThinkPHP\Library\Think\Model.class.php 第 1185 行.
INFO: [ view_parse ] --START--
INFO: [ template_filter ] --START--
INFO: Run Behavior\ContentReplaceBehavior [ RunTime:0.000211s ]
INFO: [ template_filter ] --END-- [ RunTime:0.000659s ]
INFO: Run Behavior\ParseTemplateBehavior [ RunTime:0.009517s ]
INFO: [ view_parse ] --END-- [ RunTime:0.010028s ]
INFO: [ view_filter ] --START--
INFO: Run Behavior\WriteHtmlCacheBehavior [ RunTime:0.000471s ]
INFO: [ view_filter ] --END-- [ RunTime:0.000983s ]

[ 2016-01-29T01:40:29+08:00 ] ::1 /tp/index.php/Home/Form/insert
INFO: [ app_init ] --START--
INFO: Run Behavior\BuildLiteBehavior [ RunTime:0.000103s ]
INFO: [ app_init ] --END-- [ RunTime:0.000871s ]
INFO: [ app_begin ] --START--
INFO: Run Behavior\ReadHtmlCacheBehavior [ RunTime:0.000512s ]
INFO: [ app_begin ] --END-- [ RunTime:0.000970s ]
SQL: SHOW COLUMNS FROM `think_form` [ RunTime:0.0075s ]
NOTIC: [8] Undefined index: validate D:\wamp\www\tp\ThinkPHP\Library\Think\Model.class.php 第 1185 行.
INFO: [ view_parse ] --START--
INFO: [ template_filter ] --START--
INFO: Run Behavior\ContentReplaceBehavior [ RunTime:0.000212s ]
INFO: [ template_filter ] --END-- [ RunTime:0.000650s ]
INFO: Run Behavior\ParseTemplateBehavior [ RunTime:0.009392s ]
INFO: [ view_parse ] --END-- [ RunTime:0.009824s ]
INFO: [ view_filter ] --START--
INFO: Run Behavior\WriteHtmlCacheBehavior [ RunTime:0.000427s ]
INFO: [ view_filter ] --END-- [ RunTime:0.000871s ]

[ 2016-01-29T01:43:30+08:00 ] ::1 /tp/index.php/Home/Form/read/1
INFO: [ app_init ] --START--
INFO: Run Behavior\BuildLiteBehavior [ RunTime:0.000104s ]
INFO: [ app_init ] --END-- [ RunTime:0.000891s ]
INFO: [ app_begin ] --START--
INFO: Run Behavior\ReadHtmlCacheBehavior [ RunTime:0.000619s ]
INFO: [ app_begin ] --END-- [ RunTime:0.001036s ]
SQL: SHOW COLUMNS FROM `think_form` [ RunTime:0.0070s ]
SQL: SELECT * FROM `think_form` WHERE `id` = 0 LIMIT 1   [ RunTime:0.0003s ]
INFO: [ view_parse ] --START--
INFO: [ template_filter ] --START--
INFO: Run Behavior\ContentReplaceBehavior [ RunTime:0.000279s ]
INFO: [ template_filter ] --END-- [ RunTime:0.000810s ]
INFO: Run Behavior\ParseTemplateBehavior [ RunTime:0.010457s ]
INFO: [ view_parse ] --END-- [ RunTime:0.010904s ]
INFO: [ view_filter ] --START--
INFO: Run Behavior\WriteHtmlCacheBehavior [ RunTime:0.000454s ]
INFO: [ view_filter ] --END-- [ RunTime:0.000884s ]

[ 2016-01-29T01:43:36+08:00 ] ::1 /tp/index.php/Home/Form/read
INFO: [ app_init ] --START--
INFO: Run Behavior\BuildLiteBehavior [ RunTime:0.000122s ]
INFO: [ app_init ] --END-- [ RunTime:0.000850s ]
INFO: [ app_begin ] --START--
INFO: Run Behavior\ReadHtmlCacheBehavior [ RunTime:0.000534s ]
INFO: [ app_begin ] --END-- [ RunTime:0.000958s ]
SQL: SHOW COLUMNS FROM `think_form` [ RunTime:0.0077s ]
SQL: SELECT * FROM `think_form` WHERE `id` = 0 LIMIT 1   [ RunTime:0.0003s ]
INFO: [ view_parse ] --START--
INFO: [ template_filter ] --START--
INFO: Run Behavior\ContentReplaceBehavior [ RunTime:0.000206s ]
INFO: [ template_filter ] --END-- [ RunTime:0.000660s ]
INFO: Run Behavior\ParseTemplateBehavior [ RunTime:0.010491s ]
INFO: [ view_parse ] --END-- [ RunTime:0.011053s ]
INFO: [ view_filter ] --START--
INFO: Run Behavior\WriteHtmlCacheBehavior [ RunTime:0.000386s ]
INFO: [ view_filter ] --END-- [ RunTime:0.000824s ]

[ 2016-01-29T01:43:50+08:00 ] ::1 /tp/index.php/Home/Form/read/id/1
INFO: [ app_init ] --START--
INFO: Run Behavior\BuildLiteBehavior [ RunTime:0.000103s ]
INFO: [ app_init ] --END-- [ RunTime:0.000867s ]
INFO: [ app_begin ] --START--
INFO: Run Behavior\ReadHtmlCacheBehavior [ RunTime:0.000559s ]
INFO: [ app_begin ] --END-- [ RunTime:0.001055s ]
SQL: SHOW COLUMNS FROM `think_form` [ RunTime:0.0073s ]
SQL: SELECT * FROM `think_form` WHERE `id` = 1 LIMIT 1   [ RunTime:0.0003s ]
INFO: [ view_parse ] --START--
INFO: [ template_filter ] --START--
INFO: Run Behavior\ContentReplaceBehavior [ RunTime:0.000204s ]
INFO: [ template_filter ] --END-- [ RunTime:0.000661s ]
INFO: Run Behavior\ParseTemplateBehavior [ RunTime:0.012732s ]
INFO: [ view_parse ] --END-- [ RunTime:0.013180s ]
INFO: [ view_filter ] --START--
INFO: Run Behavior\WriteHtmlCacheBehavior [ RunTime:0.000396s ]
INFO: [ view_filter ] --END-- [ RunTime:0.000840s ]
INFO: [ app_end ] --START--
INFO: Run Behavior\ShowPageTraceBehavior [ RunTime:0.000629s ]
INFO: [ app_end ] --END-- [ RunTime:0.001049s ]

[ 2016-01-29T01:43:53+08:00 ] ::1 /tp/index.php/Home/Form/read/id/
INFO: [ app_init ] --START--
INFO: Run Behavior\BuildLiteBehavior [ RunTime:0.000103s ]
INFO: [ app_init ] --END-- [ RunTime:0.000876s ]
INFO: [ app_begin ] --START--
INFO: Run Behavior\ReadHtmlCacheBehavior [ RunTime:0.000555s ]
INFO: [ app_begin ] --END-- [ RunTime:0.001027s ]
SQL: SHOW COLUMNS FROM `think_form` [ RunTime:0.0070s ]
SQL: SELECT * FROM `think_form` WHERE `id` = 0 LIMIT 1   [ RunTime:0.0004s ]
INFO: [ view_parse ] --START--
INFO: [ template_filter ] --START--
INFO: Run Behavior\ContentReplaceBehavior [ RunTime:0.000209s ]
INFO: [ template_filter ] --END-- [ RunTime:0.000652s ]
INFO: Run Behavior\ParseTemplateBehavior [ RunTime:0.009472s ]
INFO: [ view_parse ] --END-- [ RunTime:0.009932s ]
INFO: [ view_filter ] --START--
INFO: Run Behavior\WriteHtmlCacheBehavior [ RunTime:0.000413s ]
INFO: [ view_filter ] --END-- [ RunTime:0.000924s ]

[ 2016-01-29T01:43:57+08:00 ] ::1 /tp/index.php/Home/Form/read/id/0
INFO: [ app_init ] --START--
INFO: Run Behavior\BuildLiteBehavior [ RunTime:0.000106s ]
INFO: [ app_init ] --END-- [ RunTime:0.000938s ]
INFO: [ app_begin ] --START--
INFO: Run Behavior\ReadHtmlCacheBehavior [ RunTime:0.000587s ]
INFO: [ app_begin ] --END-- [ RunTime:0.001054s ]
SQL: SHOW COLUMNS FROM `think_form` [ RunTime:0.0064s ]
SQL: SELECT * FROM `think_form` WHERE `id` = 0 LIMIT 1   [ RunTime:0.0004s ]
INFO: [ view_parse ] --START--
INFO: [ template_filter ] --START--
INFO: Run Behavior\ContentReplaceBehavior [ RunTime:0.000271s ]
INFO: [ template_filter ] --END-- [ RunTime:0.000721s ]
INFO: Run Behavior\ParseTemplateBehavior [ RunTime:0.009782s ]
INFO: [ view_parse ] --END-- [ RunTime:0.010373s ]
INFO: [ view_filter ] --START--
INFO: Run Behavior\WriteHtmlCacheBehavior [ RunTime:0.000381s ]
INFO: [ view_filter ] --END-- [ RunTime:0.000830s ]

[ 2016-01-29T01:44:00+08:00 ] ::1 /tp/index.php/Home/Form/read/id/2
INFO: [ app_init ] --START--
INFO: Run Behavior\BuildLiteBehavior [ RunTime:0.000104s ]
INFO: [ app_init ] --END-- [ RunTime:0.000874s ]
INFO: [ app_begin ] --START--
INFO: Run Behavior\ReadHtmlCacheBehavior [ RunTime:0.000569s ]
INFO: [ app_begin ] --END-- [ RunTime:0.001057s ]
SQL: SHOW COLUMNS FROM `think_form` [ RunTime:0.0067s ]
SQL: SELECT * FROM `think_form` WHERE `id` = 2 LIMIT 1   [ RunTime:0.0003s ]
INFO: [ view_parse ] --START--
INFO: [ template_filter ] --START--
INFO: Run Behavior\ContentReplaceBehavior [ RunTime:0.000225s ]
INFO: [ template_filter ] --END-- [ RunTime:0.000666s ]
INFO: Run Behavior\ParseTemplateBehavior [ RunTime:0.009819s ]
INFO: [ view_parse ] --END-- [ RunTime:0.010265s ]
INFO: [ view_filter ] --START--
INFO: Run Behavior\WriteHtmlCacheBehavior [ RunTime:0.000688s ]
INFO: [ view_filter ] --END-- [ RunTime:0.001192s ]

[ 2016-01-29T01:44:11+08:00 ] ::1 /tp/index.php/Home/Form/insert
INFO: [ app_init ] --START--
INFO: Run Behavior\BuildLiteBehavior [ RunTime:0.000110s ]
INFO: [ app_init ] --END-- [ RunTime:0.000886s ]
INFO: [ app_begin ] --START--
INFO: Run Behavior\ReadHtmlCacheBehavior [ RunTime:0.000510s ]
INFO: [ app_begin ] --END-- [ RunTime:0.000996s ]
SQL: SHOW COLUMNS FROM `think_form` [ RunTime:0.0079s ]
INFO: [ view_parse ] --START--
INFO: [ template_filter ] --START--
INFO: Run Behavior\ContentReplaceBehavior [ RunTime:0.000212s ]
INFO: [ template_filter ] --END-- [ RunTime:0.000641s ]
INFO: Run Behavior\ParseTemplateBehavior [ RunTime:0.009726s ]
INFO: [ view_parse ] --END-- [ RunTime:0.010165s ]
INFO: [ view_filter ] --START--
INFO: Run Behavior\WriteHtmlCacheBehavior [ RunTime:0.000384s ]
INFO: [ view_filter ] --END-- [ RunTime:0.000874s ]

[ 2016-01-29T01:44:18+08:00 ] ::1 /tp/index.php/Home/Form/
INFO: [ app_init ] --START--
INFO: Run Behavior\BuildLiteBehavior [ RunTime:0.000111s ]
INFO: [ app_init ] --END-- [ RunTime:0.000878s ]
INFO: [ app_begin ] --START--
INFO: Run Behavior\ReadHtmlCacheBehavior [ RunTime:0.000558s ]
INFO: [ app_begin ] --END-- [ RunTime:0.001050s ]
ERR: 非法操作:index

[ 2016-01-29T01:44:30+08:00 ] ::1 /tp/index.php/Home/Form/add
INFO: [ app_init ] --START--
INFO: Run Behavior\BuildLiteBehavior [ RunTime:0.000109s ]
INFO: [ app_init ] --END-- [ RunTime:0.001318s ]
INFO: [ app_begin ] --START--
INFO: Run Behavior\ReadHtmlCacheBehavior [ RunTime:0.000528s ]
INFO: [ app_begin ] --END-- [ RunTime:0.000982s ]
INFO: [ view_parse ] --START--
INFO: [ template_filter ] --START--
INFO: Run Behavior\ContentReplaceBehavior [ RunTime:0.000234s ]
INFO: [ template_filter ] --END-- [ RunTime:0.000665s ]
INFO: Run Behavior\ParseTemplateBehavior [ RunTime:0.009084s ]
INFO: [ view_parse ] --END-- [ RunTime:0.009617s ]
INFO: [ view_filter ] --START--
INFO: Run Behavior\WriteHtmlCacheBehavior [ RunTime:0.000510s ]
INFO: [ view_filter ] --END-- [ RunTime:0.001010s ]
INFO: [ app_end ] --START--
INFO: Run Behavior\ShowPageTraceBehavior [ RunTime:0.000580s ]
INFO: [ app_end ] --END-- [ RunTime:0.001025s ]

[ 2016-01-29T01:44:34+08:00 ] ::1 /tp/index.php/Home/Form/insert
INFO: [ app_init ] --START--
INFO: Run Behavior\BuildLiteBehavior [ RunTime:0.000105s ]
INFO: [ app_init ] --END-- [ RunTime:0.000931s ]
INFO: [ app_begin ] --START--
INFO: Run Behavior\ReadHtmlCacheBehavior [ RunTime:0.000538s ]
INFO: [ app_begin ] --END-- [ RunTime:0.001004s ]
SQL: SHOW COLUMNS FROM `think_form` [ RunTime:0.0073s ]
NOTIC: [8] Undefined index: validate D:\wamp\www\tp\ThinkPHP\Library\Think\Model.class.php 第 1185 行.
NOTIC: [8] Undefined index: auto D:\wamp\www\tp\ThinkPHP\Library\Think\Model.class.php 第 1128 行.
SQL: INSERT INTO `think_form` (`title`,`content`,`create_time`) VALUES ('bbc','bbc','1454003074') [ RunTime:0.0004s ]
INFO: [ view_parse ] --START--
INFO: [ template_filter ] --START--
INFO: Run Behavior\ContentReplaceBehavior [ RunTime:0.000220s ]
INFO: [ template_filter ] --END-- [ RunTime:0.000658s ]
INFO: Run Behavior\ParseTemplateBehavior [ RunTime:0.009412s ]
INFO: [ view_parse ] --END-- [ RunTime:0.009859s ]
INFO: [ view_filter ] --START--
INFO: Run Behavior\WriteHtmlCacheBehavior [ RunTime:0.000374s ]
INFO: [ view_filter ] --END-- [ RunTime:0.000793s ]
INFO: [ app_end ] --START--
INFO: Run Behavior\ShowPageTraceBehavior [ RunTime:0.000618s ]
INFO: [ app_end ] --END-- [ RunTime:0.001050s ]

[ 2016-01-29T01:44:35+08:00 ] ::1 /tp/index.php/Home/Form/add
INFO: [ app_init ] --START--
INFO: Run Behavior\BuildLiteBehavior [ RunTime:0.000100s ]
INFO: [ app_init ] --END-- [ RunTime:0.000825s ]
INFO: [ app_begin ] --START--
INFO: Run Behavior\ReadHtmlCacheBehavior [ RunTime:0.000515s ]
INFO: [ app_begin ] --END-- [ RunTime:0.000991s ]
INFO: [ view_parse ] --START--
INFO: [ template_filter ] --START--
INFO: Run Behavior\ContentReplaceBehavior [ RunTime:0.000268s ]
INFO: [ template_filter ] --END-- [ RunTime:0.000703s ]
INFO: Run Behavior\ParseTemplateBehavior [ RunTime:0.008965s ]
INFO: [ view_parse ] --END-- [ RunTime:0.009441s ]
INFO: [ view_filter ] --START--
INFO: Run Behavior\WriteHtmlCacheBehavior [ RunTime:0.000418s ]
INFO: [ view_filter ] --END-- [ RunTime:0.000825s ]
INFO: [ app_end ] --START--
INFO: Run Behavior\ShowPageTraceBehavior [ RunTime:0.000562s ]
INFO: [ app_end ] --END-- [ RunTime:0.001020s ]

[ 2016-01-29T01:44:41+08:00 ] ::1 /tp/index.php/Home/Form/read
INFO: [ app_init ] --START--
INFO: Run Behavior\BuildLiteBehavior [ RunTime:0.000102s ]
INFO: [ app_init ] --END-- [ RunTime:0.000869s ]
INFO: [ app_begin ] --START--
INFO: Run Behavior\ReadHtmlCacheBehavior [ RunTime:0.000580s ]
INFO: [ app_begin ] --END-- [ RunTime:0.001059s ]
SQL: SHOW COLUMNS FROM `think_form` [ RunTime:0.0069s ]
SQL: SELECT * FROM `think_form` WHERE `id` = 0 LIMIT 1   [ RunTime:0.0003s ]
INFO: [ view_parse ] --START--
INFO: [ template_filter ] --START--
INFO: Run Behavior\ContentReplaceBehavior [ RunTime:0.000264s ]
INFO: [ template_filter ] --END-- [ RunTime:0.000910s ]
INFO: Run Behavior\ParseTemplateBehavior [ RunTime:0.010409s ]
INFO: [ view_parse ] --END-- [ RunTime:0.010845s ]
INFO: [ view_filter ] --START--
INFO: Run Behavior\WriteHtmlCacheBehavior [ RunTime:0.000377s ]
INFO: [ view_filter ] --END-- [ RunTime:0.000826s ]

[ 2016-01-29T01:44:50+08:00 ] ::1 /tp/index.php/Home/Form/read
INFO: [ app_init ] --START--
INFO: Run Behavior\BuildLiteBehavior [ RunTime:0.000095s ]
INFO: [ app_init ] --END-- [ RunTime:0.000829s ]
INFO: [ app_begin ] --START--
INFO: Run Behavior\ReadHtmlCacheBehavior [ RunTime:0.000496s ]
INFO: [ app_begin ] --END-- [ RunTime:0.000962s ]
SQL: SHOW COLUMNS FROM `think_form` [ RunTime:0.0076s ]
SQL: SELECT * FROM `think_form` WHERE `id` = 1 LIMIT 1   [ RunTime:0.0003s ]
INFO: [ view_parse ] --START--
INFO: [ template_filter ] --START--
INFO: Run Behavior\ContentReplaceBehavior [ RunTime:0.000207s ]
INFO: [ template_filter ] --END-- [ RunTime:0.000654s ]
INFO: Run Behavior\ParseTemplateBehavior [ RunTime:0.009912s ]
INFO: [ view_parse ] --END-- [ RunTime:0.010438s ]
INFO: [ view_filter ] --START--
INFO: Run Behavior\WriteHtmlCacheBehavior [ RunTime:0.000411s ]
INFO: [ view_filter ] --END-- [ RunTime:0.000830s ]
INFO: [ app_end ] --START--
INFO: Run Behavior\ShowPageTraceBehavior [ RunTime:0.000562s ]
INFO: [ app_end ] --END-- [ RunTime:0.001013s ]

[ 2016-01-29T20:40:34+08:00 ] ::1 /tp/index.php/Home/Form/edit/id/1
INFO: [ app_init ] --START--
INFO: Run Behavior\BuildLiteBehavior [ RunTime:0.000100s ]
INFO: [ app_init ] --END-- [ RunTime:0.005166s ]
INFO: [ app_begin ] --START--
INFO: Run Behavior\ReadHtmlCacheBehavior [ RunTime:0.005088s ]
INFO: [ app_begin ] --END-- [ RunTime:0.005529s ]
SQL: SHOW COLUMNS FROM `think_form` [ RunTime:0.0078s ]
SQL: SELECT * FROM `think_form` WHERE `id` = 1 LIMIT 1   [ RunTime:0.0003s ]
INFO: [ view_parse ] --START--
INFO: [ template_filter ] --START--
INFO: Run Behavior\ContentReplaceBehavior [ RunTime:0.000216s ]
INFO: [ template_filter ] --END-- [ RunTime:0.000664s ]
INFO: Run Behavior\ParseTemplateBehavior [ RunTime:0.039711s ]
INFO: [ view_parse ] --END-- [ RunTime:0.040257s ]
INFO: [ view_filter ] --START--
INFO: Run Behavior\WriteHtmlCacheBehavior [ RunTime:0.003688s ]
INFO: [ view_filter ] --END-- [ RunTime:0.004207s ]
INFO: [ app_end ] --START--
INFO: Run Behavior\ShowPageTraceBehavior [ RunTime:0.003943s ]
INFO: [ app_end ] --END-- [ RunTime:0.004440s ]

[ 2016-01-29T20:40:39+08:00 ] ::1 /tp/index.php/Home/Form/edit/id/0
INFO: [ app_init ] --START--
INFO: Run Behavior\BuildLiteBehavior [ RunTime:0.000130s ]
INFO: [ app_init ] --END-- [ RunTime:0.000943s ]
INFO: [ app_begin ] --START--
INFO: Run Behavior\ReadHtmlCacheBehavior [ RunTime:0.000676s ]
INFO: [ app_begin ] --END-- [ RunTime:0.001162s ]
SQL: SHOW COLUMNS FROM `think_form` [ RunTime:0.0058s ]
SQL: SELECT * FROM `think_form` WHERE `id` = 0 LIMIT 1   [ RunTime:0.0003s ]
INFO: [ view_parse ] --START--
INFO: [ template_filter ] --START--
INFO: Run Behavior\ContentReplaceBehavior [ RunTime:0.000212s ]
INFO: [ template_filter ] --END-- [ RunTime:0.000659s ]
INFO: Run Behavior\ParseTemplateBehavior [ RunTime:0.014652s ]
INFO: [ view_parse ] --END-- [ RunTime:0.015102s ]
INFO: [ view_filter ] --START--
INFO: Run Behavior\WriteHtmlCacheBehavior [ RunTime:0.000447s ]
INFO: [ view_filter ] --END-- [ RunTime:0.000893s ]
INFO: [ app_end ] --START--
INFO: Run Behavior\ShowPageTraceBehavior [ RunTime:0.000728s ]
INFO: [ app_end ] --END-- [ RunTime:0.001171s ]

[ 2016-01-29T20:40:41+08:00 ] ::1 /tp/index.php/Home/Form/edit/id/3
INFO: [ app_init ] --START--
INFO: Run Behavior\BuildLiteBehavior [ RunTime:0.000103s ]
INFO: [ app_init ] --END-- [ RunTime:0.000883s ]
INFO: [ app_begin ] --START--
INFO: Run Behavior\ReadHtmlCacheBehavior [ RunTime:0.000563s ]
INFO: [ app_begin ] --END-- [ RunTime:0.001033s ]
SQL: SHOW COLUMNS FROM `think_form` [ RunTime:0.0067s ]
SQL: SELECT * FROM `think_form` WHERE `id` = 3 LIMIT 1   [ RunTime:0.0003s ]
INFO: [ view_parse ] --START--
INFO: [ template_filter ] --START--
INFO: Run Behavior\ContentReplaceBehavior [ RunTime:0.000204s ]
INFO: [ template_filter ] --END-- [ RunTime:0.000635s ]
INFO: Run Behavior\ParseTemplateBehavior [ RunTime:0.008835s ]
INFO: [ view_parse ] --END-- [ RunTime:0.009306s ]
INFO: [ view_filter ] --START--
INFO: Run Behavior\WriteHtmlCacheBehavior [ RunTime:0.000381s ]
INFO: [ view_filter ] --END-- [ RunTime:0.000873s ]
INFO: [ app_end ] --START--
INFO: Run Behavior\ShowPageTraceBehavior [ RunTime:0.000757s ]
INFO: [ app_end ] --END-- [ RunTime:0.001276s ]

[ 2016-01-29T20:40:44+08:00 ] ::1 /tp/index.php/Home/Form/edit/id/1
INFO: [ app_init ] --START--
INFO: Run Behavior\BuildLiteBehavior [ RunTime:0.000103s ]
INFO: [ app_init ] --END-- [ RunTime:0.000865s ]
INFO: [ app_begin ] --START--
INFO: Run Behavior\ReadHtmlCacheBehavior [ RunTime:0.000553s ]
INFO: [ app_begin ] --END-- [ RunTime:0.001040s ]
SQL: SHOW COLUMNS FROM `think_form` [ RunTime:0.0077s ]
SQL: SELECT * FROM `think_form` WHERE `id` = 1 LIMIT 1   [ RunTime:0.0003s ]
INFO: [ view_parse ] --START--
INFO: [ template_filter ] --START--
INFO: Run Behavior\ContentReplaceBehavior [ RunTime:0.000209s ]
INFO: [ template_filter ] --END-- [ RunTime:0.000636s ]
INFO: Run Behavior\ParseTemplateBehavior [ RunTime:0.008786s ]
INFO: [ view_parse ] --END-- [ RunTime:0.009269s ]
INFO: [ view_filter ] --START--
INFO: Run Behavior\WriteHtmlCacheBehavior [ RunTime:0.000400s ]
INFO: [ view_filter ] --END-- [ RunTime:0.000894s ]
INFO: [ app_end ] --START--
INFO: Run Behavior\ShowPageTraceBehavior [ RunTime:0.000732s ]
INFO: [ app_end ] --END-- [ RunTime:0.001296s ]

[ 2016-01-29T20:43:05+08:00 ] ::1 /tp/index.php/Home/Form/update
INFO: [ app_init ] --START--
INFO: Run Behavior\BuildLiteBehavior [ RunTime:0.000104s ]
INFO: [ app_init ] --END-- [ RunTime:0.000857s ]
INFO: [ app_begin ] --START--
INFO: Run Behavior\ReadHtmlCacheBehavior [ RunTime:0.000639s ]
INFO: [ app_begin ] --END-- [ RunTime:0.001117s ]
SQL: SHOW COLUMNS FROM `think_form` [ RunTime:0.0061s ]
NOTIC: [8] Undefined index: validate D:\wamp\www\tp\ThinkPHP\Library\Think\Model.class.php 第 1185 行.
NOTIC: [8] Undefined index: auto D:\wamp\www\tp\ThinkPHP\Library\Think\Model.class.php 第 1128 行.
SQL: UPDATE `think_form` SET `title`='testtest',`content`='cc213' WHERE `id` = 1 [ RunTime:0.0018s ]
INFO: [ view_parse ] --START--
INFO: [ template_filter ] --START--
INFO: Run Behavior\ContentReplaceBehavior [ RunTime:0.000221s ]
INFO: [ template_filter ] --END-- [ RunTime:0.000674s ]
INFO: Run Behavior\ParseTemplateBehavior [ RunTime:0.018859s ]
INFO: [ view_parse ] --END-- [ RunTime:0.019435s ]
INFO: [ view_filter ] --START--
INFO: Run Behavior\WriteHtmlCacheBehavior [ RunTime:0.000444s ]
INFO: [ view_filter ] --END-- [ RunTime:0.000863s ]
INFO: [ app_end ] --START--
INFO: Run Behavior\ShowPageTraceBehavior [ RunTime:0.000589s ]
INFO: [ app_end ] --END-- [ RunTime:0.001003s ]

[ 2016-01-29T20:43:06+08:00 ] ::1 /tp/index.php/Home/Form/edit/id/1
INFO: [ app_init ] --START--
INFO: Run Behavior\BuildLiteBehavior [ RunTime:0.000112s ]
INFO: [ app_init ] --END-- [ RunTime:0.000966s ]
INFO: [ app_begin ] --START--
INFO: Run Behavior\ReadHtmlCacheBehavior [ RunTime:0.000637s ]
INFO: [ app_begin ] --END-- [ RunTime:0.001131s ]
SQL: SHOW COLUMNS FROM `think_form` [ RunTime:0.0061s ]
SQL: SELECT * FROM `think_form` WHERE `id` = 1 LIMIT 1   [ RunTime:0.0003s ]
INFO: [ view_parse ] --START--
INFO: [ template_filter ] --START--
INFO: Run Behavior\ContentReplaceBehavior [ RunTime:0.000207s ]
INFO: [ template_filter ] --END-- [ RunTime:0.000648s ]
INFO: Run Behavior\ParseTemplateBehavior [ RunTime:0.009519s ]
INFO: [ view_parse ] --END-- [ RunTime:0.010043s ]
INFO: [ view_filter ] --START--
INFO: Run Behavior\WriteHtmlCacheBehavior [ RunTime:0.000397s ]
INFO: [ view_filter ] --END-- [ RunTime:0.000806s ]
INFO: [ app_end ] --START--
INFO: Run Behavior\ShowPageTraceBehavior [ RunTime:0.000933s ]
INFO: [ app_end ] --END-- [ RunTime:0.001561s ]

[ 2016-01-29T20:56:28+08:00 ] ::1 /tp/index.php/Home/Form/read
INFO: [ app_init ] --START--
INFO: Run Behavior\BuildLiteBehavior [ RunTime:0.000096s ]
INFO: [ app_init ] --END-- [ RunTime:0.000948s ]
INFO: [ app_begin ] --START--
INFO: Run Behavior\ReadHtmlCacheBehavior [ RunTime:0.000611s ]
INFO: [ app_begin ] --END-- [ RunTime:0.001039s ]
SQL: SHOW COLUMNS FROM `think_form` [ RunTime:0.0067s ]
SQL: SELECT `title` FROM `think_form` WHERE ( id=1 ) LIMIT 1   [ RunTime:0.0004s ]
SQL: SELECT * FROM `think_form` WHERE `id` = 1 LIMIT 1   [ RunTime:0.0004s ]
INFO: [ view_parse ] --START--
INFO: [ template_filter ] --START--
INFO: Run Behavior\ContentReplaceBehavior [ RunTime:0.000205s ]
INFO: [ template_filter ] --END-- [ RunTime:0.000664s ]
INFO: Run Behavior\ParseTemplateBehavior [ RunTime:0.012496s ]
INFO: [ view_parse ] --END-- [ RunTime:0.012963s ]
INFO: [ view_filter ] --START--
INFO: Run Behavior\WriteHtmlCacheBehavior [ RunTime:0.000449s ]
INFO: [ view_filter ] --END-- [ RunTime:0.000891s ]
INFO: [ app_end ] --START--
INFO: Run Behavior\ShowPageTraceBehavior [ RunTime:0.000580s ]
INFO: [ app_end ] --END-- [ RunTime:0.001033s ]

[ 2016-01-29T20:56:41+08:00 ] ::1 /tp/index.php/Home/Form/read
INFO: [ app_init ] --START--
INFO: Run Behavior\BuildLiteBehavior [ RunTime:0.000146s ]
INFO: [ app_init ] --END-- [ RunTime:0.001145s ]
INFO: [ app_begin ] --START--
INFO: Run Behavior\ReadHtmlCacheBehavior [ RunTime:0.000788s ]
INFO: [ app_begin ] --END-- [ RunTime:0.001424s ]
SQL: SHOW COLUMNS FROM `think_form` [ RunTime:0.0079s ]
SQL: SELECT `title` FROM `think_form` WHERE ( id=1 ) LIMIT 1   [ RunTime:0.0004s ]
SQL: SELECT * FROM `think_form` WHERE `id` = 1 LIMIT 1   [ RunTime:0.0003s ]
INFO: [ view_parse ] --START--
INFO: [ template_filter ] --START--
INFO: Run Behavior\ContentReplaceBehavior [ RunTime:0.000204s ]
INFO: [ template_filter ] --END-- [ RunTime:0.000671s ]
INFO: Run Behavior\ParseTemplateBehavior [ RunTime:0.009287s ]
INFO: [ view_parse ] --END-- [ RunTime:0.009731s ]
INFO: [ view_filter ] --START--
INFO: Run Behavior\WriteHtmlCacheBehavior [ RunTime:0.000433s ]
INFO: [ view_filter ] --END-- [ RunTime:0.000881s ]
INFO: [ app_end ] --START--
INFO: Run Behavior\ShowPageTraceBehavior [ RunTime:0.000620s ]
INFO: [ app_end ] --END-- [ RunTime:0.001127s ]

[ 2016-01-29T20:56:41+08:00 ] ::1 /tp/index.php/Home/Form/read
INFO: [ app_init ] --START--
INFO: Run Behavior\BuildLiteBehavior [ RunTime:0.000216s ]
INFO: [ app_init ] --END-- [ RunTime:0.001748s ]
INFO: [ app_begin ] --START--
INFO: Run Behavior\ReadHtmlCacheBehavior [ RunTime:0.001127s ]
INFO: [ app_begin ] --END-- [ RunTime:0.002081s ]
SQL: SHOW COLUMNS FROM `think_form` [ RunTime:0.0033s ]
SQL: SELECT `title` FROM `think_form` WHERE ( id=1 ) LIMIT 1   [ RunTime:0.0003s ]
SQL: SELECT * FROM `think_form` WHERE `id` = 1 LIMIT 1   [ RunTime:0.0002s ]
INFO: [ view_parse ] --START--
INFO: [ template_filter ] --START--
INFO: Run Behavior\ContentReplaceBehavior [ RunTime:0.000234s ]
INFO: [ template_filter ] --END-- [ RunTime:0.000743s ]
INFO: Run Behavior\ParseTemplateBehavior [ RunTime:0.009963s ]
INFO: [ view_parse ] --END-- [ RunTime:0.010410s ]
INFO: [ view_filter ] --START--
INFO: Run Behavior\WriteHtmlCacheBehavior [ RunTime:0.000418s ]
INFO: [ view_filter ] --END-- [ RunTime:0.000868s ]
INFO: [ app_end ] --START--
INFO: Run Behavior\ShowPageTraceBehavior [ RunTime:0.000569s ]
INFO: [ app_end ] --END-- [ RunTime:0.001019s ]

[ 2016-01-29T20:56:42+08:00 ] ::1 /tp/index.php/Home/Form/read
INFO: [ app_init ] --START--
INFO: Run Behavior\BuildLiteBehavior [ RunTime:0.000103s ]
INFO: [ app_init ] --END-- [ RunTime:0.000863s ]
INFO: [ app_begin ] --START--
INFO: Run Behavior\ReadHtmlCacheBehavior [ RunTime:0.000551s ]
INFO: [ app_begin ] --END-- [ RunTime:0.001062s ]
SQL: SHOW COLUMNS FROM `think_form` [ RunTime:0.0062s ]
SQL: SELECT `title` FROM `think_form` WHERE ( id=1 ) LIMIT 1   [ RunTime:0.0003s ]
SQL: SELECT * FROM `think_form` WHERE `id` = 1 LIMIT 1   [ RunTime:0.0002s ]
INFO: [ view_parse ] --START--
INFO: [ template_filter ] --START--
INFO: Run Behavior\ContentReplaceBehavior [ RunTime:0.000223s ]
INFO: [ template_filter ] --END-- [ RunTime:0.000740s ]
INFO: Run Behavior\ParseTemplateBehavior [ RunTime:0.009845s ]
INFO: [ view_parse ] --END-- [ RunTime:0.010326s ]
INFO: [ view_filter ] --START--
INFO: Run Behavior\WriteHtmlCacheBehavior [ RunTime:0.000421s ]
INFO: [ view_filter ] --END-- [ RunTime:0.000877s ]
INFO: [ app_end ] --START--
INFO: Run Behavior\ShowPageTraceBehavior [ RunTime:0.000599s ]
INFO: [ app_end ] --END-- [ RunTime:0.001062s ]

[ 2016-01-29T20:56:43+08:00 ] ::1 /tp/index.php/Home/Form/read
INFO: [ app_init ] --START--
INFO: Run Behavior\BuildLiteBehavior [ RunTime:0.000105s ]
INFO: [ app_init ] --END-- [ RunTime:0.000952s ]
INFO: [ app_begin ] --START--
INFO: Run Behavior\ReadHtmlCacheBehavior [ RunTime:0.000563s ]
INFO: [ app_begin ] --END-- [ RunTime:0.001025s ]
SQL: SHOW COLUMNS FROM `think_form` [ RunTime:0.0059s ]
SQL: SELECT `title` FROM `think_form` WHERE ( id=1 ) LIMIT 1   [ RunTime:0.0003s ]
SQL: SELECT * FROM `think_form` WHERE `id` = 1 LIMIT 1   [ RunTime:0.0003s ]
INFO: [ view_parse ] --START--
INFO: [ template_filter ] --START--
INFO: Run Behavior\ContentReplaceBehavior [ RunTime:0.000201s ]
INFO: [ template_filter ] --END-- [ RunTime:0.000627s ]
INFO: Run Behavior\ParseTemplateBehavior [ RunTime:0.009205s ]
INFO: [ view_parse ] --END-- [ RunTime:0.009693s ]
INFO: [ view_filter ] --START--
INFO: Run Behavior\WriteHtmlCacheBehavior [ RunTime:0.000374s ]
INFO: [ view_filter ] --END-- [ RunTime:0.000817s ]
INFO: [ app_end ] --START--
INFO: Run Behavior\ShowPageTraceBehavior [ RunTime:0.000550s ]
INFO: [ app_end ] --END-- [ RunTime:0.001004s ]

[ 2016-01-29T20:56:44+08:00 ] ::1 /tp/index.php/Home/Form/read
INFO: [ app_init ] --START--
INFO: Run Behavior\BuildLiteBehavior [ RunTime:0.000102s ]
INFO: [ app_init ] --END-- [ RunTime:0.000849s ]
INFO: [ app_begin ] --START--
INFO: Run Behavior\ReadHtmlCacheBehavior [ RunTime:0.000555s ]
INFO: [ app_begin ] --END-- [ RunTime:0.001037s ]
SQL: SHOW COLUMNS FROM `think_form` [ RunTime:0.0058s ]
SQL: SELECT `title` FROM `think_form` WHERE ( id=1 ) LIMIT 1   [ RunTime:0.0003s ]
SQL: SELECT * FROM `think_form` WHERE `id` = 1 LIMIT 1   [ RunTime:0.0002s ]
INFO: [ view_parse ] --START--
INFO: [ template_filter ] --START--
INFO: Run Behavior\ContentReplaceBehavior [ RunTime:0.000254s ]
INFO: [ template_filter ] --END-- [ RunTime:0.000886s ]
INFO: Run Behavior\ParseTemplateBehavior [ RunTime:0.009574s ]
INFO: [ view_parse ] --END-- [ RunTime:0.010034s ]
INFO: [ view_filter ] --START--
INFO: Run Behavior\WriteHtmlCacheBehavior [ RunTime:0.000381s ]
INFO: [ view_filter ] --END-- [ RunTime:0.000798s ]
INFO: [ app_end ] --START--
INFO: Run Behavior\ShowPageTraceBehavior [ RunTime:0.000568s ]
INFO: [ app_end ] --END-- [ RunTime:0.000992s ]

[ 2016-01-29T20:57:13+08:00 ] ::1 /tp/index.php/Home/Form/read
INFO: [ app_init ] --START--
INFO: Run Behavior\BuildLiteBehavior [ RunTime:0.000143s ]
INFO: [ app_init ] --END-- [ RunTime:0.001186s ]
INFO: [ app_begin ] --START--
INFO: Run Behavior\ReadHtmlCacheBehavior [ RunTime:0.000959s ]
INFO: [ app_begin ] --END-- [ RunTime:0.001605s ]
SQL: SHOW COLUMNS FROM `think_form` [ RunTime:0.0064s ]
SQL: SELECT `title` FROM `think_form` WHERE ( id=1 ) LIMIT 1   [ RunTime:0.0002s ]
SQL: SELECT * FROM `think_form` WHERE `id` = 1 LIMIT 1   [ RunTime:0.0002s ]
INFO: [ view_parse ] --START--
INFO: [ template_filter ] --START--
INFO: Run Behavior\ContentReplaceBehavior [ RunTime:0.000208s ]
INFO: [ template_filter ] --END-- [ RunTime:0.000642s ]
NOTIC: [8] Undefined variable: data D:\wamp\www\tp\Application\Runtime\Cache\Home\d86ffc4c1353d30d0cfbfd2c48e280b4.php 第 11 行.
NOTIC: [8] Undefined variable: data D:\wamp\www\tp\Application\Runtime\Cache\Home\d86ffc4c1353d30d0cfbfd2c48e280b4.php 第 15 行.
NOTIC: [8] Undefined variable: data D:\wamp\www\tp\Application\Runtime\Cache\Home\d86ffc4c1353d30d0cfbfd2c48e280b4.php 第 23 行.
INFO: Run Behavior\ParseTemplateBehavior [ RunTime:0.015050s ]
INFO: [ view_parse ] --END-- [ RunTime:0.015479s ]
INFO: [ view_filter ] --START--
INFO: Run Behavior\WriteHtmlCacheBehavior [ RunTime:0.000436s ]
INFO: [ view_filter ] --END-- [ RunTime:0.000857s ]
INFO: [ app_end ] --START--
INFO: Run Behavior\ShowPageTraceBehavior [ RunTime:0.000617s ]
INFO: [ app_end ] --END-- [ RunTime:0.001038s ]

[ 2016-01-29T20:57:14+08:00 ] ::1 /tp/index.php/Home/Form/read
INFO: [ app_init ] --START--
INFO: Run Behavior\BuildLiteBehavior [ RunTime:0.000105s ]
INFO: [ app_init ] --END-- [ RunTime:0.000836s ]
INFO: [ app_begin ] --START--
INFO: Run Behavior\ReadHtmlCacheBehavior [ RunTime:0.000591s ]
INFO: [ app_begin ] --END-- [ RunTime:0.001056s ]
SQL: SHOW COLUMNS FROM `think_form` [ RunTime:0.0059s ]
SQL: SELECT `title` FROM `think_form` WHERE ( id=1 ) LIMIT 1   [ RunTime:0.0003s ]
SQL: SELECT * FROM `think_form` WHERE `id` = 1 LIMIT 1   [ RunTime:0.0002s ]
INFO: [ view_parse ] --START--
INFO: [ template_filter ] --START--
INFO: Run Behavior\ContentReplaceBehavior [ RunTime:0.000200s ]
INFO: [ template_filter ] --END-- [ RunTime:0.000639s ]
NOTIC: [8] Undefined variable: data D:\wamp\www\tp\Application\Runtime\Cache\Home\d86ffc4c1353d30d0cfbfd2c48e280b4.php 第 11 行.
NOTIC: [8] Undefined variable: data D:\wamp\www\tp\Application\Runtime\Cache\Home\d86ffc4c1353d30d0cfbfd2c48e280b4.php 第 15 行.
NOTIC: [8] Undefined variable: data D:\wamp\www\tp\Application\Runtime\Cache\Home\d86ffc4c1353d30d0cfbfd2c48e280b4.php 第 23 行.
INFO: Run Behavior\ParseTemplateBehavior [ RunTime:0.010130s ]
INFO: [ view_parse ] --END-- [ RunTime:0.010581s ]
INFO: [ view_filter ] --START--
INFO: Run Behavior\WriteHtmlCacheBehavior [ RunTime:0.000396s ]
INFO: [ view_filter ] --END-- [ RunTime:0.000839s ]
INFO: [ app_end ] --START--
INFO: Run Behavior\ShowPageTraceBehavior [ RunTime:0.000539s ]
INFO: [ app_end ] --END-- [ RunTime:0.000979s ]

[ 2016-01-29T20:57:47+08:00 ] ::1 /tp/index.php/Home/Form/read
INFO: [ app_init ] --START--
INFO: Run Behavior\BuildLiteBehavior [ RunTime:0.000149s ]
INFO: [ app_init ] --END-- [ RunTime:0.001245s ]
INFO: [ app_begin ] --START--
INFO: Run Behavior\ReadHtmlCacheBehavior [ RunTime:0.000772s ]
INFO: [ app_begin ] --END-- [ RunTime:0.001404s ]
SQL: SHOW COLUMNS FROM `think_form` [ RunTime:0.0067s ]
SQL: SELECT `title` FROM `think_form` WHERE ( id=1 ) LIMIT 1   [ RunTime:0.0002s ]
SQL: SELECT * FROM `think_form` WHERE `id` = 1 LIMIT 1   [ RunTime:0.0002s ]
INFO: [ view_parse ] --START--
INFO: [ template_filter ] --START--
INFO: Run Behavior\ContentReplaceBehavior [ RunTime:0.000210s ]
INFO: [ template_filter ] --END-- [ RunTime:0.000647s ]
INFO: Run Behavior\ParseTemplateBehavior [ RunTime:0.012382s ]
INFO: [ view_parse ] --END-- [ RunTime:0.012875s ]
INFO: [ view_filter ] --START--
INFO: Run Behavior\WriteHtmlCacheBehavior [ RunTime:0.000397s ]
INFO: [ view_filter ] --END-- [ RunTime:0.000817s ]
INFO: [ app_end ] --START--
INFO: Run Behavior\ShowPageTraceBehavior [ RunTime:0.000565s ]
INFO: [ app_end ] --END-- [ RunTime:0.000988s ]

[ 2016-01-29T20:57:48+08:00 ] ::1 /tp/index.php/Home/Form/read
INFO: [ app_init ] --START--
INFO: Run Behavior\BuildLiteBehavior [ RunTime:0.000096s ]
INFO: [ app_init ] --END-- [ RunTime:0.000788s ]
INFO: [ app_begin ] --START--
INFO: Run Behavior\ReadHtmlCacheBehavior [ RunTime:0.000789s ]
INFO: [ app_begin ] --END-- [ RunTime:0.001426s ]
SQL: SHOW COLUMNS FROM `think_form` [ RunTime:0.0064s ]
SQL: SELECT `title` FROM `think_form` WHERE ( id=1 ) LIMIT 1   [ RunTime:0.0003s ]
SQL: SELECT * FROM `think_form` WHERE `id` = 1 LIMIT 1   [ RunTime:0.0002s ]
INFO: [ view_parse ] --START--
INFO: [ template_filter ] --START--
INFO: Run Behavior\ContentReplaceBehavior [ RunTime:0.000206s ]
INFO: [ template_filter ] --END-- [ RunTime:0.000673s ]
INFO: Run Behavior\ParseTemplateBehavior [ RunTime:0.010028s ]
INFO: [ view_parse ] --END-- [ RunTime:0.010497s ]
INFO: [ view_filter ] --START--
INFO: Run Behavior\WriteHtmlCacheBehavior [ RunTime:0.000413s ]
INFO: [ view_filter ] --END-- [ RunTime:0.000845s ]
INFO: [ app_end ] --START--
INFO: Run Behavior\ShowPageTraceBehavior [ RunTime:0.000580s ]
INFO: [ app_end ] --END-- [ RunTime:0.001012s ]

[ 2016-01-29T20:57:56+08:00 ] ::1 /tp/index.php/Home/Form/read
INFO: [ app_init ] --START--
INFO: Run Behavior\BuildLiteBehavior [ RunTime:0.000079s ]
INFO: [ app_init ] --END-- [ RunTime:0.000774s ]
INFO: [ app_begin ] --START--
INFO: Run Behavior\ReadHtmlCacheBehavior [ RunTime:0.000570s ]
INFO: [ app_begin ] --END-- [ RunTime:0.000979s ]
SQL: SHOW COLUMNS FROM `think_form` [ RunTime:0.0074s ]
SQL: SELECT `title` FROM `think_form` WHERE ( id=1 ) LIMIT 1   [ RunTime:0.0003s ]
SQL: SELECT * FROM `think_form` WHERE `id` = 1 LIMIT 1   [ RunTime:0.0002s ]
INFO: [ view_parse ] --START--
INFO: [ template_filter ] --START--
INFO: Run Behavior\ContentReplaceBehavior [ RunTime:0.000435s ]
INFO: [ template_filter ] --END-- [ RunTime:0.001123s ]
NOTIC: [8] Undefined variable: title2 D:\wamp\www\tp\Application\Runtime\Cache\Home\d86ffc4c1353d30d0cfbfd2c48e280b4.php 第 19 行.
INFO: Run Behavior\ParseTemplateBehavior [ RunTime:0.010133s ]
INFO: [ view_parse ] --END-- [ RunTime:0.010534s ]
INFO: [ view_filter ] --START--
INFO: Run Behavior\WriteHtmlCacheBehavior [ RunTime:0.000410s ]
INFO: [ view_filter ] --END-- [ RunTime:0.000808s ]
INFO: [ app_end ] --START--
INFO: Run Behavior\ShowPageTraceBehavior [ RunTime:0.000557s ]
INFO: [ app_end ] --END-- [ RunTime:0.000950s ]

[ 2016-01-29T20:57:59+08:00 ] ::1 /tp/index.php/Home/Form/read
INFO: [ app_init ] --START--
INFO: Run Behavior\BuildLiteBehavior [ RunTime:0.000251s ]
INFO: [ app_init ] --END-- [ RunTime:0.002008s ]
INFO: [ app_begin ] --START--
INFO: Run Behavior\ReadHtmlCacheBehavior [ RunTime:0.001253s ]
INFO: [ app_begin ] --END-- [ RunTime:0.002370s ]
SQL: SHOW COLUMNS FROM `think_form` [ RunTime:0.0119s ]
SQL: SELECT `title` FROM `think_form` WHERE ( id=1 ) LIMIT 1   [ RunTime:0.0004s ]
SQL: SELECT * FROM `think_form` WHERE `id` = 1 LIMIT 1   [ RunTime:0.0003s ]
INFO: [ view_parse ] --START--
INFO: [ template_filter ] --START--
INFO: Run Behavior\ContentReplaceBehavior [ RunTime:0.000341s ]
INFO: [ template_filter ] --END-- [ RunTime:0.000972s ]
INFO: Run Behavior\ParseTemplateBehavior [ RunTime:0.013312s ]
INFO: [ view_parse ] --END-- [ RunTime:0.014140s ]
INFO: [ view_filter ] --START--
INFO: Run Behavior\WriteHtmlCacheBehavior [ RunTime:0.000550s ]
INFO: [ view_filter ] --END-- [ RunTime:0.001170s ]
INFO: [ app_end ] --START--
INFO: Run Behavior\ShowPageTraceBehavior [ RunTime:0.000840s ]
INFO: [ app_end ] --END-- [ RunTime:0.001502s ]

[ 2016-01-29T21:07:30+08:00 ] ::1 /tp/index.php/Home/Form/insert
INFO: [ app_init ] --START--
INFO: Run Behavior\BuildLiteBehavior [ RunTime:0.000104s ]
INFO: [ app_init ] --END-- [ RunTime:0.000878s ]
INFO: [ app_begin ] --START--
INFO: Run Behavior\ReadHtmlCacheBehavior [ RunTime:0.000641s ]
INFO: [ app_begin ] --END-- [ RunTime:0.001102s ]
SQL: SHOW COLUMNS FROM `think_form` [ RunTime:0.0057s ]
INFO: [ view_parse ] --START--
INFO: [ template_filter ] --START--
INFO: Run Behavior\ContentReplaceBehavior [ RunTime:0.000210s ]
INFO: [ template_filter ] --END-- [ RunTime:0.000677s ]
INFO: Run Behavior\ParseTemplateBehavior [ RunTime:0.009755s ]
INFO: [ view_parse ] --END-- [ RunTime:0.010357s ]
INFO: [ view_filter ] --START--
INFO: Run Behavior\WriteHtmlCacheBehavior [ RunTime:0.000469s ]
INFO: [ view_filter ] --END-- [ RunTime:0.000899s ]

[ 2016-01-29T21:07:45+08:00 ] ::1 /tp/index.php/Home/Form/insert
INFO: [ app_init ] --START--
INFO: Run Behavior\BuildLiteBehavior [ RunTime:0.000086s ]
INFO: [ app_init ] --END-- [ RunTime:0.000808s ]
INFO: [ app_begin ] --START--
INFO: Run Behavior\ReadHtmlCacheBehavior [ RunTime:0.000597s ]
INFO: [ app_begin ] --END-- [ RunTime:0.001023s ]
SQL: SHOW COLUMNS FROM `think_form` [ RunTime:0.0087s ]
INFO: [ view_parse ] --START--
INFO: [ template_filter ] --START--
INFO: Run Behavior\ContentReplaceBehavior [ RunTime:0.000188s ]
INFO: [ template_filter ] --END-- [ RunTime:0.000614s ]
INFO: Run Behavior\ParseTemplateBehavior [ RunTime:0.008889s ]
INFO: [ view_parse ] --END-- [ RunTime:0.009284s ]
INFO: [ view_filter ] --START--
INFO: Run Behavior\WriteHtmlCacheBehavior [ RunTime:0.000384s ]
INFO: [ view_filter ] --END-- [ RunTime:0.000766s ]

[ 2016-01-29T21:08:08+08:00 ] ::1 /tp/index.php/Home/Form/add
INFO: [ app_init ] --START--
INFO: Run Behavior\BuildLiteBehavior [ RunTime:0.000146s ]
INFO: [ app_init ] --END-- [ RunTime:0.000878s ]
INFO: [ app_begin ] --START--
INFO: Run Behavior\ReadHtmlCacheBehavior [ RunTime:0.000523s ]
INFO: [ app_begin ] --END-- [ RunTime:0.000952s ]
INFO: [ view_parse ] --START--
INFO: [ template_filter ] --START--
INFO: Run Behavior\ContentReplaceBehavior [ RunTime:0.000217s ]
INFO: [ template_filter ] --END-- [ RunTime:0.000630s ]
INFO: Run Behavior\ParseTemplateBehavior [ RunTime:0.011981s ]
INFO: [ view_parse ] --END-- [ RunTime:0.012389s ]
INFO: [ view_filter ] --START--
INFO: Run Behavior\WriteHtmlCacheBehavior [ RunTime:0.000344s ]
INFO: [ view_filter ] --END-- [ RunTime:0.000765s ]
INFO: [ app_end ] --START--
INFO: Run Behavior\ShowPageTraceBehavior [ RunTime:0.000568s ]
INFO: [ app_end ] --END-- [ RunTime:0.000958s ]

[ 2016-01-29T21:09:32+08:00 ] ::1 /tp/index.php/Home/Form/insert
INFO: [ app_init ] --START--
INFO: Run Behavior\BuildLiteBehavior [ RunTime:0.000086s ]
INFO: [ app_init ] --END-- [ RunTime:0.000790s ]
INFO: [ app_begin ] --START--
INFO: Run Behavior\ReadHtmlCacheBehavior [ RunTime:0.000501s ]
INFO: [ app_begin ] --END-- [ RunTime:0.000938s ]
SQL: SHOW COLUMNS FROM `think_form` [ RunTime:0.0061s ]
NOTIC: [8] Undefined index: validate D:\wamp\www\tp\ThinkPHP\Library\Think\Model.class.php 第 1185 行.
NOTIC: [8] Undefined index: auto D:\wamp\www\tp\ThinkPHP\Library\Think\Model.class.php 第 1128 行.
SQL: INSERT INTO `think_form` (`title`,`content`,`create_time`) VALUES ('thinphp','thinkphp','1454072972') [ RunTime:0.0004s ]
INFO: [ view_parse ] --START--
INFO: [ template_filter ] --START--
INFO: Run Behavior\ContentReplaceBehavior [ RunTime:0.000200s ]
INFO: [ template_filter ] --END-- [ RunTime:0.000628s ]
INFO: Run Behavior\ParseTemplateBehavior [ RunTime:0.008750s ]
INFO: [ view_parse ] --END-- [ RunTime:0.009181s ]
INFO: [ view_filter ] --START--
INFO: Run Behavior\WriteHtmlCacheBehavior [ RunTime:0.000373s ]
INFO: [ view_filter ] --END-- [ RunTime:0.000792s ]
INFO: [ app_end ] --START--
INFO: Run Behavior\ShowPageTraceBehavior [ RunTime:0.000521s ]
INFO: [ app_end ] --END-- [ RunTime:0.000942s ]

[ 2016-01-29T21:09:33+08:00 ] ::1 /tp/index.php/Home/Form/add
INFO: [ app_init ] --START--
INFO: Run Behavior\BuildLiteBehavior [ RunTime:0.000114s ]
INFO: [ app_init ] --END-- [ RunTime:0.000986s ]
INFO: [ app_begin ] --START--
INFO: Run Behavior\ReadHtmlCacheBehavior [ RunTime:0.000649s ]
INFO: [ app_begin ] --END-- [ RunTime:0.001210s ]
INFO: [ view_parse ] --START--
INFO: [ template_filter ] --START--
INFO: Run Behavior\ContentReplaceBehavior [ RunTime:0.000241s ]
INFO: [ template_filter ] --END-- [ RunTime:0.000776s ]
INFO: Run Behavior\ParseTemplateBehavior [ RunTime:0.009480s ]
INFO: [ view_parse ] --END-- [ RunTime:0.010050s ]
INFO: [ view_filter ] --START--
INFO: Run Behavior\WriteHtmlCacheBehavior [ RunTime:0.000459s ]
INFO: [ view_filter ] --END-- [ RunTime:0.000986s ]
INFO: [ app_end ] --START--
INFO: Run Behavior\ShowPageTraceBehavior [ RunTime:0.000670s ]
INFO: [ app_end ] --END-- [ RunTime:0.001262s ]

[ 2016-01-29T21:09:48+08:00 ] ::1 /tp/index.php/Home/Form/update/id/1
INFO: [ app_init ] --START--
INFO: Run Behavior\BuildLiteBehavior [ RunTime:0.000088s ]
INFO: [ app_init ] --END-- [ RunTime:0.000867s ]
INFO: [ app_begin ] --START--
INFO: Run Behavior\ReadHtmlCacheBehavior [ RunTime:0.000536s ]
INFO: [ app_begin ] --END-- [ RunTime:0.000974s ]
SQL: SHOW COLUMNS FROM `think_form` [ RunTime:0.0069s ]
INFO: [ view_parse ] --START--
INFO: [ template_filter ] --START--
INFO: Run Behavior\ContentReplaceBehavior [ RunTime:0.000186s ]
INFO: [ template_filter ] --END-- [ RunTime:0.000615s ]
INFO: Run Behavior\ParseTemplateBehavior [ RunTime:0.008706s ]
INFO: [ view_parse ] --END-- [ RunTime:0.009146s ]
INFO: [ view_filter ] --START--
INFO: Run Behavior\WriteHtmlCacheBehavior [ RunTime:0.000500s ]
INFO: [ view_filter ] --END-- [ RunTime:0.000878s ]

[ 2016-01-29T21:09:57+08:00 ] ::1 /tp/index.php/Home/edit
INFO: [ app_init ] --START--
INFO: Run Behavior\BuildLiteBehavior [ RunTime:0.000085s ]
INFO: [ app_init ] --END-- [ RunTime:0.000760s ]
INFO: [ app_begin ] --START--
INFO: Run Behavior\ReadHtmlCacheBehavior [ RunTime:0.000527s ]
INFO: [ app_begin ] --END-- [ RunTime:0.000981s ]
ERR: 无法加载控制器:Edit

[ 2016-01-29T21:10:10+08:00 ] ::1 /tp/index.php/Home/edit/id/1
INFO: [ app_init ] --START--
INFO: Run Behavior\BuildLiteBehavior [ RunTime:0.000086s ]
INFO: [ app_init ] --END-- [ RunTime:0.000758s ]
INFO: [ app_begin ] --START--
INFO: Run Behavior\ReadHtmlCacheBehavior [ RunTime:0.000516s ]
INFO: [ app_begin ] --END-- [ RunTime:0.000951s ]
ERR: 无法加载控制器:Edit

[ 2016-01-29T21:10:12+08:00 ] ::1 /tp/index.php/Home/edit/id/1
INFO: [ app_init ] --START--
INFO: Run Behavior\BuildLiteBehavior [ RunTime:0.000087s ]
INFO: [ app_init ] --END-- [ RunTime:0.000777s ]
INFO: [ app_begin ] --START--
INFO: Run Behavior\ReadHtmlCacheBehavior [ RunTime:0.000513s ]
INFO: [ app_begin ] --END-- [ RunTime:0.000957s ]
ERR: 无法加载控制器:Edit

[ 2016-01-29T21:10:28+08:00 ] ::1 /tp/index.php/Home/read
INFO: [ app_init ] --START--
INFO: Run Behavior\BuildLiteBehavior [ RunTime:0.000085s ]
INFO: [ app_init ] --END-- [ RunTime:0.000749s ]
INFO: [ app_begin ] --START--
INFO: Run Behavior\ReadHtmlCacheBehavior [ RunTime:0.000516s ]
INFO: [ app_begin ] --END-- [ RunTime:0.000974s ]
ERR: 无法加载控制器:Read

[ 2016-01-29T21:10:34+08:00 ] ::1 /tp/index.php/Home/Form/read
INFO: [ app_init ] --START--
INFO: Run Behavior\BuildLiteBehavior [ RunTime:0.000085s ]
INFO: [ app_init ] --END-- [ RunTime:0.000776s ]
INFO: [ app_begin ] --START--
INFO: Run Behavior\ReadHtmlCacheBehavior [ RunTime:0.000509s ]
INFO: [ app_begin ] --END-- [ RunTime:0.000933s ]
SQL: SHOW COLUMNS FROM `think_form` [ RunTime:0.0064s ]
SQL: SELECT `title` FROM `think_form` WHERE ( id=1 ) LIMIT 1   [ RunTime:0.0003s ]
SQL: SELECT * FROM `think_form` WHERE `id` = 1 LIMIT 1   [ RunTime:0.0002s ]
INFO: [ view_parse ] --START--
INFO: [ template_filter ] --START--
INFO: Run Behavior\ContentReplaceBehavior [ RunTime:0.000186s ]
INFO: [ template_filter ] --END-- [ RunTime:0.000607s ]
INFO: Run Behavior\ParseTemplateBehavior [ RunTime:0.008648s ]
INFO: [ view_parse ] --END-- [ RunTime:0.009331s ]
INFO: [ view_filter ] --START--
INFO: Run Behavior\WriteHtmlCacheBehavior [ RunTime:0.000374s ]
INFO: [ view_filter ] --END-- [ RunTime:0.000813s ]
INFO: [ app_end ] --START--
INFO: Run Behavior\ShowPageTraceBehavior [ RunTime:0.000639s ]
INFO: [ app_end ] --END-- [ RunTime:0.001154s ]

[ 2016-01-29T21:10:40+08:00 ] ::1 /tp/index.php/Home/Form/read/id/2
INFO: [ app_init ] --START--
INFO: Run Behavior\BuildLiteBehavior [ RunTime:0.000084s ]
INFO: [ app_init ] --END-- [ RunTime:0.000775s ]
INFO: [ app_begin ] --START--
INFO: Run Behavior\ReadHtmlCacheBehavior [ RunTime:0.000509s ]
INFO: [ app_begin ] --END-- [ RunTime:0.000933s ]
SQL: SHOW COLUMNS FROM `think_form` [ RunTime:0.0064s ]
SQL: SELECT `title` FROM `think_form` WHERE ( id=2 ) LIMIT 1   [ RunTime:0.0003s ]
SQL: SELECT * FROM `think_form` WHERE `id` = 2 LIMIT 1   [ RunTime:0.0002s ]
INFO: [ view_parse ] --START--
INFO: [ template_filter ] --START--
INFO: Run Behavior\ContentReplaceBehavior [ RunTime:0.000195s ]
INFO: [ template_filter ] --END-- [ RunTime:0.000588s ]
INFO: Run Behavior\ParseTemplateBehavior [ RunTime:0.008585s ]
INFO: [ view_parse ] --END-- [ RunTime:0.008976s ]
INFO: [ view_filter ] --START--
INFO: Run Behavior\WriteHtmlCacheBehavior [ RunTime:0.000498s ]
INFO: [ view_filter ] --END-- [ RunTime:0.000924s ]
INFO: [ app_end ] --START--
INFO: Run Behavior\ShowPageTraceBehavior [ RunTime:0.000468s ]
INFO: [ app_end ] --END-- [ RunTime:0.000843s ]

[ 2016-01-29T21:10:50+08:00 ] ::1 /tp/index.php/Home/Form/edit/id/1
INFO: [ app_init ] --START--
INFO: Run Behavior\BuildLiteBehavior [ RunTime:0.000162s ]
INFO: [ app_init ] --END-- [ RunTime:0.001426s ]
INFO: [ app_begin ] --START--
INFO: Run Behavior\ReadHtmlCacheBehavior [ RunTime:0.000649s ]
INFO: [ app_begin ] --END-- [ RunTime:0.001109s ]
SQL: SHOW COLUMNS FROM `think_form` [ RunTime:0.0071s ]
SQL: SELECT * FROM `think_form` WHERE `id` = 1 LIMIT 1   [ RunTime:0.0004s ]
INFO: [ view_parse ] --START--
INFO: [ template_filter ] --START--
INFO: Run Behavior\ContentReplaceBehavior [ RunTime:0.000481s ]
INFO: [ template_filter ] --END-- [ RunTime:0.001302s ]
INFO: Run Behavior\ParseTemplateBehavior [ RunTime:0.010146s ]
INFO: [ view_parse ] --END-- [ RunTime:0.010621s ]
INFO: [ view_filter ] --START--
INFO: Run Behavior\WriteHtmlCacheBehavior [ RunTime:0.000409s ]
INFO: [ view_filter ] --END-- [ RunTime:0.000849s ]
INFO: [ app_end ] --START--
INFO: Run Behavior\ShowPageTraceBehavior [ RunTime:0.000783s ]
INFO: [ app_end ] --END-- [ RunTime:0.001365s ]

[ 2016-01-29T21:10:52+08:00 ] ::1 /tp/index.php/Home/Form/edit/id/2
INFO: [ app_init ] --START--
INFO: Run Behavior\BuildLiteBehavior [ RunTime:0.000085s ]
INFO: [ app_init ] --END-- [ RunTime:0.000753s ]
INFO: [ app_begin ] --START--
INFO: Run Behavior\ReadHtmlCacheBehavior [ RunTime:0.000515s ]
INFO: [ app_begin ] --END-- [ RunTime:0.000967s ]
SQL: SHOW COLUMNS FROM `think_form` [ RunTime:0.0061s ]
SQL: SELECT * FROM `think_form` WHERE `id` = 2 LIMIT 1   [ RunTime:0.0003s ]
INFO: [ view_parse ] --START--
INFO: [ template_filter ] --START--
INFO: Run Behavior\ContentReplaceBehavior [ RunTime:0.000210s ]
INFO: [ template_filter ] --END-- [ RunTime:0.000604s ]
INFO: Run Behavior\ParseTemplateBehavior [ RunTime:0.008512s ]
INFO: [ view_parse ] --END-- [ RunTime:0.008957s ]
INFO: [ view_filter ] --START--
INFO: Run Behavior\WriteHtmlCacheBehavior [ RunTime:0.000385s ]
INFO: [ view_filter ] --END-- [ RunTime:0.000804s ]
INFO: [ app_end ] --START--
INFO: Run Behavior\ShowPageTraceBehavior [ RunTime:0.000477s ]
INFO: [ app_end ] --END-- [ RunTime:0.000896s ]

[ 2016-01-29T21:16:40+08:00 ] ::1 /tp/index.php/Home/Form/update2
INFO: [ app_init ] --START--
INFO: Run Behavior\BuildLiteBehavior [ RunTime:0.000086s ]
INFO: [ app_init ] --END-- [ RunTime:0.000789s ]
INFO: [ app_begin ] --START--
INFO: Run Behavior\ReadHtmlCacheBehavior [ RunTime:0.000591s ]
INFO: [ app_begin ] --END-- [ RunTime:0.001019s ]
SQL: SHOW COLUMNS FROM `think_form` [ RunTime:0.0063s ]
SQL: UPDATE `think_form` SET `title`='test think php' WHERE ( id=2 ) [ RunTime:0.0004s ]
SQL: SELECT `title` FROM `think_form` WHERE ( id=2 ) LIMIT 1   [ RunTime:0.0002s ]
SQL: SELECT * FROM `think_form` WHERE `id` = 2 LIMIT 1   [ RunTime:0.0002s ]
ERR: 模板不存在:./Application/Home/View/Form/update2.html

[ 2016-01-29T21:18:38+08:00 ] ::1 /tp/index.php/Home/Form/update2
INFO: [ app_init ] --START--
INFO: Run Behavior\BuildLiteBehavior [ RunTime:0.000088s ]
INFO: [ app_init ] --END-- [ RunTime:0.000854s ]
INFO: [ app_begin ] --START--
INFO: Run Behavior\ReadHtmlCacheBehavior [ RunTime:0.000529s ]
INFO: [ app_begin ] --END-- [ RunTime:0.000979s ]
SQL: SHOW COLUMNS FROM `think_form` [ RunTime:0.0066s ]
SQL: UPDATE `think_form` SET `title`='test think php' WHERE ( id=2 ) [ RunTime:0.0003s ]
INFO: [ view_parse ] --START--
INFO: [ template_filter ] --START--
INFO: Run Behavior\ContentReplaceBehavior [ RunTime:0.000182s ]
INFO: [ template_filter ] --END-- [ RunTime:0.000625s ]
INFO: Run Behavior\ParseTemplateBehavior [ RunTime:0.014014s ]
INFO: [ view_parse ] --END-- [ RunTime:0.014512s ]
INFO: [ view_filter ] --START--
INFO: Run Behavior\WriteHtmlCacheBehavior [ RunTime:0.000461s ]
INFO: [ view_filter ] --END-- [ RunTime:0.000850s ]

[ 2016-01-29T21:18:57+08:00 ] ::1 /tp/index.php/Home/Form/edit/id/2
INFO: [ app_init ] --START--
INFO: Run Behavior\BuildLiteBehavior [ RunTime:0.000088s ]
INFO: [ app_init ] --END-- [ RunTime:0.000799s ]
INFO: [ app_begin ] --START--
INFO: Run Behavior\ReadHtmlCacheBehavior [ RunTime:0.000596s ]
INFO: [ app_begin ] --END-- [ RunTime:0.001025s ]
SQL: SHOW COLUMNS FROM `think_form` [ RunTime:0.0063s ]
SQL: SELECT * FROM `think_form` WHERE `id` = 2 LIMIT 1   [ RunTime:0.0003s ]
INFO: [ view_parse ] --START--
INFO: [ template_filter ] --START--
INFO: Run Behavior\ContentReplaceBehavior [ RunTime:0.000193s ]
INFO: [ template_filter ] --END-- [ RunTime:0.000610s ]
INFO: Run Behavior\ParseTemplateBehavior [ RunTime:0.011553s ]
INFO: [ view_parse ] --END-- [ RunTime:0.011993s ]
INFO: [ view_filter ] --START--
INFO: Run Behavior\WriteHtmlCacheBehavior [ RunTime:0.000381s ]
INFO: [ view_filter ] --END-- [ RunTime:0.000766s ]
INFO: [ app_end ] --START--
INFO: Run Behavior\ShowPageTraceBehavior [ RunTime:0.000545s ]
INFO: [ app_end ] --END-- [ RunTime:0.000960s ]

[ 2016-01-29T21:18:59+08:00 ] ::1 /tp/index.php/Home/Form/edit/id/2
INFO: [ app_init ] --START--
INFO: Run Behavior\BuildLiteBehavior [ RunTime:0.000086s ]
INFO: [ app_init ] --END-- [ RunTime:0.000785s ]
INFO: [ app_begin ] --START--
INFO: Run Behavior\ReadHtmlCacheBehavior [ RunTime:0.000543s ]
INFO: [ app_begin ] --END-- [ RunTime:0.001037s ]
SQL: SHOW COLUMNS FROM `think_form` [ RunTime:0.0057s ]
SQL: SELECT * FROM `think_form` WHERE `id` = 2 LIMIT 1   [ RunTime:0.0003s ]
INFO: [ view_parse ] --START--
INFO: [ template_filter ] --START--
INFO: Run Behavior\ContentReplaceBehavior [ RunTime:0.000202s ]
INFO: [ template_filter ] --END-- [ RunTime:0.000636s ]
INFO: Run Behavior\ParseTemplateBehavior [ RunTime:0.009003s ]
INFO: [ view_parse ] --END-- [ RunTime:0.009482s ]
INFO: [ view_filter ] --START--
INFO: Run Behavior\WriteHtmlCacheBehavior [ RunTime:0.000447s ]
INFO: [ view_filter ] --END-- [ RunTime:0.000887s ]
INFO: [ app_end ] --START--
INFO: Run Behavior\ShowPageTraceBehavior [ RunTime:0.000539s ]
INFO: [ app_end ] --END-- [ RunTime:0.000964s ]

[ 2016-01-29T21:19:34+08:00 ] ::1 /tp/index.php/Home/Form/update2
INFO: [ app_init ] --START--
INFO: Run Behavior\BuildLiteBehavior [ RunTime:0.000086s ]
INFO: [ app_init ] --END-- [ RunTime:0.000753s ]
INFO: [ app_begin ] --START--
INFO: Run Behavior\ReadHtmlCacheBehavior [ RunTime:0.000521s ]
INFO: [ app_begin ] --END-- [ RunTime:0.000973s ]
SQL: SHOW COLUMNS FROM `think_form` [ RunTime:0.0062s ]
SQL: UPDATE `think_form` SET `title`='test think p3hp' WHERE ( id=2 ) [ RunTime:0.0003s ]
SQL: SELECT `title` FROM `think_form` WHERE ( id=2 ) LIMIT 1   [ RunTime:0.0002s ]
SQL: SELECT * FROM `think_form` WHERE `id` = 2 LIMIT 1   [ RunTime:0.0002s ]
INFO: [ view_parse ] --START--
INFO: [ template_filter ] --START--
INFO: Run Behavior\ContentReplaceBehavior [ RunTime:0.000211s ]
INFO: [ template_filter ] --END-- [ RunTime:0.000630s ]
INFO: Run Behavior\ParseTemplateBehavior [ RunTime:0.010141s ]
INFO: [ view_parse ] --END-- [ RunTime:0.010591s ]
INFO: [ view_filter ] --START--
INFO: Run Behavior\WriteHtmlCacheBehavior [ RunTime:0.000389s ]
INFO: [ view_filter ] --END-- [ RunTime:0.000782s ]
INFO: [ app_end ] --START--
INFO: Run Behavior\ShowPageTraceBehavior [ RunTime:0.000812s ]
INFO: [ app_end ] --END-- [ RunTime:0.001396s ]

[ 2016-01-29T21:19:37+08:00 ] ::1 /tp/index.php/Home/Form/update2
INFO: [ app_init ] --START--
INFO: Run Behavior\BuildLiteBehavior [ RunTime:0.000087s ]
INFO: [ app_init ] --END-- [ RunTime:0.000883s ]
INFO: [ app_begin ] --START--
INFO: Run Behavior\ReadHtmlCacheBehavior [ RunTime:0.000564s ]
INFO: [ app_begin ] --END-- [ RunTime:0.000987s ]
SQL: SHOW COLUMNS FROM `think_form` [ RunTime:0.0066s ]
SQL: UPDATE `think_form` SET `title`='test think p3hp' WHERE ( id=2 ) [ RunTime:0.0003s ]
SQL: SELECT `title` FROM `think_form` WHERE ( id=2 ) LIMIT 1   [ RunTime:0.0002s ]
SQL: SELECT * FROM `think_form` WHERE `id` = 2 LIMIT 1   [ RunTime:0.0003s ]
INFO: [ view_parse ] --START--
INFO: [ template_filter ] --START--
INFO: Run Behavior\ContentReplaceBehavior [ RunTime:0.000200s ]
INFO: [ template_filter ] --END-- [ RunTime:0.000640s ]
INFO: Run Behavior\ParseTemplateBehavior [ RunTime:0.009997s ]
INFO: [ view_parse ] --END-- [ RunTime:0.010546s ]
INFO: [ view_filter ] --START--
INFO: Run Behavior\WriteHtmlCacheBehavior [ RunTime:0.000385s ]
INFO: [ view_filter ] --END-- [ RunTime:0.000789s ]
INFO: [ app_end ] --START--
INFO: Run Behavior\ShowPageTraceBehavior [ RunTime:0.000552s ]
INFO: [ app_end ] --END-- [ RunTime:0.000964s ]

[ 2016-01-29T21:19:53+08:00 ] ::1 /tp/index.php/Home/Form/read/id/2
INFO: [ app_init ] --START--
INFO: Run Behavior\BuildLiteBehavior [ RunTime:0.000095s ]
INFO: [ app_init ] --END-- [ RunTime:0.000764s ]
INFO: [ app_begin ] --START--
INFO: Run Behavior\ReadHtmlCacheBehavior [ RunTime:0.000536s ]
INFO: [ app_begin ] --END-- [ RunTime:0.000966s ]
SQL: SHOW COLUMNS FROM `think_form` [ RunTime:0.0061s ]
SQL: SELECT `title` FROM `think_form` WHERE ( id=2 ) LIMIT 1   [ RunTime:0.0003s ]
SQL: SELECT * FROM `think_form` WHERE `id` = 2 LIMIT 1   [ RunTime:0.0003s ]
INFO: [ view_parse ] --START--
INFO: [ template_filter ] --START--
INFO: Run Behavior\ContentReplaceBehavior [ RunTime:0.000215s ]
INFO: [ template_filter ] --END-- [ RunTime:0.000608s ]
INFO: Run Behavior\ParseTemplateBehavior [ RunTime:0.008434s ]
INFO: [ view_parse ] --END-- [ RunTime:0.008840s ]
INFO: [ view_filter ] --START--
INFO: Run Behavior\WriteHtmlCacheBehavior [ RunTime:0.000370s ]
INFO: [ view_filter ] --END-- [ RunTime:0.000753s ]
INFO: [ app_end ] --START--
INFO: Run Behavior\ShowPageTraceBehavior [ RunTime:0.000483s ]
INFO: [ app_end ] --END-- [ RunTime:0.000928s ]

[ 2016-01-29T21:33:26+08:00 ] ::1 /tp/index.php/Home/Form/read/id/2
INFO: [ app_init ] --START--
INFO: Run Behavior\BuildLiteBehavior [ RunTime:0.000086s ]
INFO: [ app_init ] --END-- [ RunTime:0.000794s ]
INFO: [ app_begin ] --START--
INFO: Run Behavior\ReadHtmlCacheBehavior [ RunTime:0.000578s ]
INFO: [ app_begin ] --END-- [ RunTime:0.001025s ]
SQL: SHOW COLUMNS FROM `think_form` [ RunTime:0.0064s ]
SQL: SELECT `title` FROM `think_form` WHERE `id` = 2 LIMIT 1   [ RunTime:0.0003s ]
SQL: SELECT * FROM `think_form` WHERE `id` = 2 LIMIT 1   [ RunTime:0.0002s ]
INFO: [ view_parse ] --START--
INFO: [ template_filter ] --START--
INFO: Run Behavior\ContentReplaceBehavior [ RunTime:0.000182s ]
INFO: [ template_filter ] --END-- [ RunTime:0.000609s ]
INFO: Run Behavior\ParseTemplateBehavior [ RunTime:0.009229s ]
INFO: [ view_parse ] --END-- [ RunTime:0.009662s ]
INFO: [ view_filter ] --START--
INFO: Run Behavior\WriteHtmlCacheBehavior [ RunTime:0.000421s ]
INFO: [ view_filter ] --END-- [ RunTime:0.000805s ]
INFO: [ app_end ] --START--
INFO: Run Behavior\ShowPageTraceBehavior [ RunTime:0.000536s ]
INFO: [ app_end ] --END-- [ RunTime:0.000949s ]

[ 2016-01-29T21:33:28+08:00 ] ::1 /tp/index.php/Home/Form/read/id/1
INFO: [ app_init ] --START--
INFO: Run Behavior\BuildLiteBehavior [ RunTime:0.000082s ]
INFO: [ app_init ] --END-- [ RunTime:0.000786s ]
INFO: [ app_begin ] --START--
INFO: Run Behavior\ReadHtmlCacheBehavior [ RunTime:0.000568s ]
INFO: [ app_begin ] --END-- [ RunTime:0.001116s ]
SQL: SHOW COLUMNS FROM `think_form` [ RunTime:0.0071s ]
SQL: SELECT `title` FROM `think_form` WHERE `id` = 1 LIMIT 1   [ RunTime:0.0003s ]
SQL: SELECT * FROM `think_form` WHERE `id` = 1 LIMIT 1   [ RunTime:0.0002s ]
INFO: [ view_parse ] --START--
INFO: [ template_filter ] --START--
INFO: Run Behavior\ContentReplaceBehavior [ RunTime:0.000183s ]
INFO: [ template_filter ] --END-- [ RunTime:0.000963s ]
INFO: Run Behavior\ParseTemplateBehavior [ RunTime:0.009132s ]
INFO: [ view_parse ] --END-- [ RunTime:0.009531s ]
INFO: [ view_filter ] --START--
INFO: Run Behavior\WriteHtmlCacheBehavior [ RunTime:0.000344s ]
INFO: [ view_filter ] --END-- [ RunTime:0.000731s ]
INFO: [ app_end ] --START--
INFO: Run Behavior\ShowPageTraceBehavior [ RunTime:0.000524s ]
INFO: [ app_end ] --END-- [ RunTime:0.000912s ]

