[ 2016-08-13T22:34:52+08:00 ] ::1 /favicon.ico
ERR: 无法加载模块:Favicon

[ 2016-08-13T22:38:59+08:00 ] ::1 /Public/asset/css/main.css.map
ERR: 无法加载模块:Public

[ 2016-08-13T22:40:14+08:00 ] ::1 /Public/asset/css/main.css.map
ERR: 无法加载模块:Public

[ 2016-08-13T22:40:43+08:00 ] ::1 /Public/asset/css/main.css.map
ERR: 无法加载模块:Public

[ 2016-08-13T22:41:33+08:00 ] ::1 /Public/asset/css/main.css.map
ERR: 无法加载模块:Public

[ 2016-08-13T22:41:36+08:00 ] ::1 /Public/asset/css/main.css.map
ERR: 无法加载模块:Public

[ 2016-08-13T22:41:44+08:00 ] ::1 /Public/asset/css/main.css.map
ERR: 无法加载模块:Public

[ 2016-08-13T22:43:13+08:00 ] ::1 /Public/asset/css/main.css.map
ERR: 无法加载模块:Public

[ 2016-08-13T22:43:33+08:00 ] ::1 /Public/asset/css/main.css.map
ERR: 无法加载模块:Public

[ 2016-08-13T22:43:37+08:00 ] ::1 /Public/asset/css/main.css.map
ERR: 无法加载模块:Public

[ 2016-08-13T22:43:58+08:00 ] ::1 /Public/asset/css/main.css.map
ERR: 无法加载模块:Public

[ 2016-08-13T22:44:01+08:00 ] ::1 /Public/asset/css/main.css.map
ERR: 无法加载模块:Public

[ 2016-08-13T22:44:03+08:00 ] ::1 /Public/asset/css/main.css.map
ERR: 无法加载模块:Public

[ 2016-08-13T22:44:07+08:00 ] ::1 /Public/asset/css/main.css.map
ERR: 无法加载模块:Public

[ 2016-08-13T22:44:08+08:00 ] ::1 /Public/asset/css/main.css.map
ERR: 无法加载模块:Public

[ 2016-08-13T22:44:13+08:00 ] ::1 /Public/asset/css/main.css.map
ERR: 无法加载模块:Public

[ 2016-08-13T22:44:14+08:00 ] ::1 /Public/asset/css/main.css.map
ERR: 无法加载模块:Public

[ 2016-08-13T22:46:26+08:00 ] ::1 /Public/asset/css/main.css.map
ERR: 无法加载模块:Public

[ 2016-08-13T22:46:27+08:00 ] ::1 /Public/asset/css/main.css.map
ERR: 无法加载模块:Public

[ 2016-08-13T22:47:43+08:00 ] ::1 /Public/asset/css/main.css.map
ERR: 无法加载模块:Public

[ 2016-08-13T22:48:16+08:00 ] ::1 /Public/asset/css/main.css.map
ERR: 无法加载模块:Public

[ 2016-08-13T22:48:21+08:00 ] ::1 /Public/asset/css/main.css.map
ERR: 无法加载模块:Public

[ 2016-08-13T22:48:23+08:00 ] ::1 /Public/asset/css/main.css.map
ERR: 无法加载模块:Public

[ 2016-08-13T22:48:24+08:00 ] ::1 /Public/asset/css/main.css.map
ERR: 无法加载模块:Public

[ 2016-08-13T22:48:26+08:00 ] ::1 /Public/asset/css/main.css.map
ERR: 无法加载模块:Public

[ 2016-08-13T22:48:27+08:00 ] ::1 /Public/asset/css/main.css.map
ERR: 无法加载模块:Public

[ 2016-08-13T22:48:30+08:00 ] ::1 /Public/asset/css/main.css.map
ERR: 无法加载模块:Public

[ 2016-08-13T22:48:31+08:00 ] ::1 /Public/asset/css/main.css.map
ERR: 无法加载模块:Public

[ 2016-08-13T22:48:39+08:00 ] ::1 /Public/asset/css/main.css.map
ERR: 无法加载模块:Public

[ 2016-08-13T22:48:41+08:00 ] ::1 /Public/asset/css/main.css.map
ERR: 无法加载模块:Public

[ 2016-08-13T22:48:43+08:00 ] ::1 /Public/asset/css/main.css.map
ERR: 无法加载模块:Public

[ 2016-08-13T22:48:46+08:00 ] ::1 /Public/asset/css/main.css.map
ERR: 无法加载模块:Public

[ 2016-08-13T22:48:50+08:00 ] ::1 /Public/asset/css/main.css.map
ERR: 无法加载模块:Public

[ 2016-08-13T22:48:56+08:00 ] ::1 /Public/asset/css/main.css.map
ERR: 无法加载模块:Public

[ 2016-08-13T22:48:57+08:00 ] ::1 /Public/asset/css/main.css.map
ERR: 无法加载模块:Public

[ 2016-08-13T22:49:00+08:00 ] ::1 /Public/asset/css/main.css.map
ERR: 无法加载模块:Public

[ 2016-08-13T22:49:03+08:00 ] ::1 /Public/asset/css/main.css.map
ERR: 无法加载模块:Public

[ 2016-08-13T22:49:05+08:00 ] ::1 /Public/asset/css/main.css.map
ERR: 无法加载模块:Public

[ 2016-08-13T22:51:30+08:00 ] ::1 /Public/asset/css/main.css.map
ERR: 无法加载模块:Public

[ 2016-08-13T22:53:44+08:00 ] ::1 /Public/asset/css/main.css.map
ERR: 无法加载模块:Public

[ 2016-08-13T22:53:48+08:00 ] ::1 /Public/asset/css/main.css.map
ERR: 无法加载模块:Public

[ 2016-08-13T23:50:04+08:00 ] ::1 /Public/asset/css/main.css.map
INFO: [ app_init ] --START--
INFO: Run Behavior\BuildLiteBehavior [ RunTime:0.000102s ]
INFO: [ app_init ] --END-- [ RunTime:0.001085s ]
ERR: 无法加载模块:Public

[ 2016-08-13T23:50:08+08:00 ] ::1 /Public/asset/css/main.css.map
INFO: [ app_init ] --START--
INFO: Run Behavior\BuildLiteBehavior [ RunTime:0.000097s ]
INFO: [ app_init ] --END-- [ RunTime:0.000964s ]
ERR: 无法加载模块:Public

[ 2016-08-13T23:50:11+08:00 ] ::1 /Public/asset/css/main.css.map
INFO: [ app_init ] --START--
INFO: Run Behavior\BuildLiteBehavior [ RunTime:0.000094s ]
INFO: [ app_init ] --END-- [ RunTime:0.000834s ]
ERR: 无法加载模块:Public

