[ 2016-07-23T00:00:08+08:00 ] ::1 /Public/asset/css/main.css.map
INFO: [ app_init ] --START--
INFO: Run Behavior\BuildLiteBehavior [ RunTime:0.000192s ]
INFO: [ app_init ] --END-- [ RunTime:0.001449s ]
ERR: 无法加载模块:Public

[ 2016-07-23T00:00:10+08:00 ] ::1 /Public/asset/css/main.css.map
INFO: [ app_init ] --START--
INFO: Run Behavior\BuildLiteBehavior [ RunTime:0.000175s ]
INFO: [ app_init ] --END-- [ RunTime:0.001615s ]
ERR: 无法加载模块:Public

[ 2016-07-23T00:00:14+08:00 ] ::1 /Public/asset/css/main.css.map
INFO: [ app_init ] --START--
INFO: Run Behavior\BuildLiteBehavior [ RunTime:0.000154s ]
INFO: [ app_init ] --END-- [ RunTime:0.001106s ]
ERR: 无法加载模块:Public

[ 2016-07-23T00:00:15+08:00 ] ::1 /Public/asset/css/main.css.map
INFO: [ app_init ] --START--
INFO: Run Behavior\BuildLiteBehavior [ RunTime:0.000143s ]
INFO: [ app_init ] --END-- [ RunTime:0.000963s ]
ERR: 无法加载模块:Public

[ 2016-07-23T00:01:26+08:00 ] ::1 /Public/asset/css/main.css.map
INFO: [ app_init ] --START--
INFO: Run Behavior\BuildLiteBehavior [ RunTime:0.000286s ]
INFO: [ app_init ] --END-- [ RunTime:0.001712s ]
ERR: 无法加载模块:Public

[ 2016-07-23T00:01:31+08:00 ] ::1 /Public/asset/css/main.css.map
INFO: [ app_init ] --START--
INFO: Run Behavior\BuildLiteBehavior [ RunTime:0.000094s ]
INFO: [ app_init ] --END-- [ RunTime:0.000911s ]
ERR: 无法加载模块:Public

[ 2016-07-23T00:01:32+08:00 ] ::1 /Public/asset/css/main.css.map
INFO: [ app_init ] --START--
INFO: Run Behavior\BuildLiteBehavior [ RunTime:0.000123s ]
INFO: [ app_init ] --END-- [ RunTime:0.001063s ]
ERR: 无法加载模块:Public

[ 2016-07-23T00:01:38+08:00 ] ::1 /Public/asset/css/main.css.map
INFO: [ app_init ] --START--
INFO: Run Behavior\BuildLiteBehavior [ RunTime:0.000094s ]
INFO: [ app_init ] --END-- [ RunTime:0.000861s ]
ERR: 无法加载模块:Public

[ 2016-07-23T00:01:40+08:00 ] ::1 /Public/asset/css/main.css.map
INFO: [ app_init ] --START--
INFO: Run Behavior\BuildLiteBehavior [ RunTime:0.000095s ]
INFO: [ app_init ] --END-- [ RunTime:0.000843s ]
ERR: 无法加载模块:Public

[ 2016-07-23T00:01:48+08:00 ] ::1 /Public/asset/css/main.css.map
INFO: [ app_init ] --START--
INFO: Run Behavior\BuildLiteBehavior [ RunTime:0.000110s ]
INFO: [ app_init ] --END-- [ RunTime:0.000785s ]
ERR: 无法加载模块:Public

[ 2016-07-23T00:01:55+08:00 ] ::1 /Public/asset/css/main.css.map
INFO: [ app_init ] --START--
INFO: Run Behavior\BuildLiteBehavior [ RunTime:0.000113s ]
INFO: [ app_init ] --END-- [ RunTime:0.000826s ]
ERR: 无法加载模块:Public

[ 2016-07-23T00:02:57+08:00 ] ::1 /Public/asset/css/main.css.map
INFO: [ app_init ] --START--
INFO: Run Behavior\BuildLiteBehavior [ RunTime:0.000210s ]
INFO: [ app_init ] --END-- [ RunTime:0.001629s ]
ERR: 无法加载模块:Public

[ 2016-07-23T00:03:00+08:00 ] ::1 /Public/asset/css/main.css.map
INFO: [ app_init ] --START--
INFO: Run Behavior\BuildLiteBehavior [ RunTime:0.000186s ]
INFO: [ app_init ] --END-- [ RunTime:0.001636s ]
ERR: 无法加载模块:Public

[ 2016-07-23T00:04:04+08:00 ] ::1 /Public/asset/css/main.css.map
INFO: [ app_init ] --START--
INFO: Run Behavior\BuildLiteBehavior [ RunTime:0.000101s ]
INFO: [ app_init ] --END-- [ RunTime:0.000898s ]
ERR: 无法加载模块:Public

[ 2016-07-23T00:04:31+08:00 ] ::1 /Public/asset/css/main.css.map
INFO: [ app_init ] --START--
INFO: Run Behavior\BuildLiteBehavior [ RunTime:0.000101s ]
INFO: [ app_init ] --END-- [ RunTime:0.000983s ]
ERR: 无法加载模块:Public

[ 2016-07-23T00:04:32+08:00 ] ::1 /Public/asset/css/main.css.map
INFO: [ app_init ] --START--
INFO: Run Behavior\BuildLiteBehavior [ RunTime:0.000093s ]
INFO: [ app_init ] --END-- [ RunTime:0.000879s ]
ERR: 无法加载模块:Public

[ 2016-07-23T00:04:53+08:00 ] ::1 /Public/asset/css/main.css.map
INFO: [ app_init ] --START--
INFO: Run Behavior\BuildLiteBehavior [ RunTime:0.000221s ]
INFO: [ app_init ] --END-- [ RunTime:0.001520s ]
ERR: 无法加载模块:Public

[ 2016-07-23T00:04:58+08:00 ] ::1 /Public/asset/css/main.css.map
INFO: [ app_init ] --START--
INFO: Run Behavior\BuildLiteBehavior [ RunTime:0.000094s ]
INFO: [ app_init ] --END-- [ RunTime:0.000812s ]
ERR: 无法加载模块:Public

[ 2016-07-23T00:05:02+08:00 ] ::1 /Public/asset/css/main.css.map
INFO: [ app_init ] --START--
INFO: Run Behavior\BuildLiteBehavior [ RunTime:0.000095s ]
INFO: [ app_init ] --END-- [ RunTime:0.000808s ]
ERR: 无法加载模块:Public

[ 2016-07-23T00:07:43+08:00 ] ::1 /Public/asset/css/main.css.map
INFO: [ app_init ] --START--
INFO: Run Behavior\BuildLiteBehavior [ RunTime:0.000094s ]
INFO: [ app_init ] --END-- [ RunTime:0.000824s ]
ERR: 无法加载模块:Public

[ 2016-07-23T00:08:02+08:00 ] ::1 /Public/asset/css/main.css.map
INFO: [ app_init ] --START--
INFO: Run Behavior\BuildLiteBehavior [ RunTime:0.000098s ]
INFO: [ app_init ] --END-- [ RunTime:0.000840s ]
ERR: 无法加载模块:Public

[ 2016-07-23T00:08:47+08:00 ] ::1 /Public/asset/css/main.css.map
INFO: [ app_init ] --START--
INFO: Run Behavior\BuildLiteBehavior [ RunTime:0.000131s ]
INFO: [ app_init ] --END-- [ RunTime:0.000855s ]
ERR: 无法加载模块:Public

[ 2016-07-23T00:09:15+08:00 ] ::1 /Public/asset/css/main.css.map
INFO: [ app_init ] --START--
INFO: Run Behavior\BuildLiteBehavior [ RunTime:0.000123s ]
INFO: [ app_init ] --END-- [ RunTime:0.001041s ]
ERR: 无法加载模块:Public

[ 2016-07-23T00:09:38+08:00 ] ::1 /Public/asset/css/main.css.map
INFO: [ app_init ] --START--
INFO: Run Behavior\BuildLiteBehavior [ RunTime:0.000124s ]
INFO: [ app_init ] --END-- [ RunTime:0.000973s ]
ERR: 无法加载模块:Public

[ 2016-07-23T00:09:42+08:00 ] ::1 /Public/asset/css/main.css.map
INFO: [ app_init ] --START--
INFO: Run Behavior\BuildLiteBehavior [ RunTime:0.000105s ]
INFO: [ app_init ] --END-- [ RunTime:0.000820s ]
ERR: 无法加载模块:Public

[ 2016-07-23T00:09:50+08:00 ] ::1 /Public/asset/css/main.css.map
INFO: [ app_init ] --START--
INFO: Run Behavior\BuildLiteBehavior [ RunTime:0.000259s ]
INFO: [ app_init ] --END-- [ RunTime:0.001595s ]
ERR: 无法加载模块:Public

[ 2016-07-23T00:11:10+08:00 ] ::1 /Public/asset/css/main.css.map
INFO: [ app_init ] --START--
INFO: Run Behavior\BuildLiteBehavior [ RunTime:0.000183s ]
INFO: [ app_init ] --END-- [ RunTime:0.001506s ]
ERR: 无法加载模块:Public

[ 2016-07-23T00:13:56+08:00 ] ::1 /Public/asset/css/main.css.map
INFO: [ app_init ] --START--
INFO: Run Behavior\BuildLiteBehavior [ RunTime:0.000124s ]
INFO: [ app_init ] --END-- [ RunTime:0.000893s ]
ERR: 无法加载模块:Public

[ 2016-07-23T00:13:59+08:00 ] ::1 /Public/asset/css/main.css.map
INFO: [ app_init ] --START--
INFO: Run Behavior\BuildLiteBehavior [ RunTime:0.000103s ]
INFO: [ app_init ] --END-- [ RunTime:0.001077s ]
ERR: 无法加载模块:Public

[ 2016-07-23T00:14:08+08:00 ] ::1 /Public/asset/css/main.css.map
INFO: [ app_init ] --START--
INFO: Run Behavior\BuildLiteBehavior [ RunTime:0.000210s ]
INFO: [ app_init ] --END-- [ RunTime:0.001519s ]
ERR: 无法加载模块:Public

[ 2016-07-23T00:14:13+08:00 ] ::1 /Public/asset/css/main.css.map
INFO: [ app_init ] --START--
INFO: Run Behavior\BuildLiteBehavior [ RunTime:0.000124s ]
INFO: [ app_init ] --END-- [ RunTime:0.000861s ]
ERR: 无法加载模块:Public

[ 2016-07-23T00:14:18+08:00 ] ::1 /Public/asset/css/main.css.map
INFO: [ app_init ] --START--
INFO: Run Behavior\BuildLiteBehavior [ RunTime:0.000159s ]
INFO: [ app_init ] --END-- [ RunTime:0.001194s ]
ERR: 无法加载模块:Public

[ 2016-07-23T00:14:19+08:00 ] ::1 /Public/asset/css/main.css.map
INFO: [ app_init ] --START--
INFO: Run Behavior\BuildLiteBehavior [ RunTime:0.000096s ]
INFO: [ app_init ] --END-- [ RunTime:0.000813s ]
ERR: 无法加载模块:Public

[ 2016-07-23T00:14:24+08:00 ] ::1 /Public/asset/css/main.css.map
INFO: [ app_init ] --START--
INFO: Run Behavior\BuildLiteBehavior [ RunTime:0.000091s ]
INFO: [ app_init ] --END-- [ RunTime:0.000807s ]
ERR: 无法加载模块:Public

[ 2016-07-23T00:14:32+08:00 ] ::1 /Public/asset/css/main.css.map
INFO: [ app_init ] --START--
INFO: Run Behavior\BuildLiteBehavior [ RunTime:0.000116s ]
INFO: [ app_init ] --END-- [ RunTime:0.000828s ]
ERR: 无法加载模块:Public

[ 2016-07-23T00:14:34+08:00 ] ::1 /Public/asset/css/main.css.map
INFO: [ app_init ] --START--
INFO: Run Behavior\BuildLiteBehavior [ RunTime:0.000161s ]
INFO: [ app_init ] --END-- [ RunTime:0.001269s ]
ERR: 无法加载模块:Public

[ 2016-07-23T00:14:36+08:00 ] ::1 /Public/asset/css/main.css.map
INFO: [ app_init ] --START--
INFO: Run Behavior\BuildLiteBehavior [ RunTime:0.000095s ]
INFO: [ app_init ] --END-- [ RunTime:0.000879s ]
ERR: 无法加载模块:Public

[ 2016-07-23T00:14:37+08:00 ] ::1 /Public/asset/css/main.css.map
INFO: [ app_init ] --START--
INFO: Run Behavior\BuildLiteBehavior [ RunTime:0.000230s ]
INFO: [ app_init ] --END-- [ RunTime:0.001605s ]
ERR: 无法加载模块:Public

[ 2016-07-23T00:14:43+08:00 ] ::1 /Public/asset/css/main.css.map
INFO: [ app_init ] --START--
INFO: Run Behavior\BuildLiteBehavior [ RunTime:0.000094s ]
INFO: [ app_init ] --END-- [ RunTime:0.000886s ]
ERR: 无法加载模块:Public

[ 2016-07-23T00:15:15+08:00 ] ::1 /Public/asset/css/main.css.map
INFO: [ app_init ] --START--
INFO: Run Behavior\BuildLiteBehavior [ RunTime:0.000168s ]
INFO: [ app_init ] --END-- [ RunTime:0.001217s ]
ERR: 无法加载模块:Public

[ 2016-07-23T00:15:17+08:00 ] ::1 /Public/asset/css/main.css.map
INFO: [ app_init ] --START--
INFO: Run Behavior\BuildLiteBehavior [ RunTime:0.000145s ]
INFO: [ app_init ] --END-- [ RunTime:0.000861s ]
ERR: 无法加载模块:Public

[ 2016-07-23T00:15:21+08:00 ] ::1 /Public/asset/css/main.css.map
INFO: [ app_init ] --START--
INFO: Run Behavior\BuildLiteBehavior [ RunTime:0.000097s ]
INFO: [ app_init ] --END-- [ RunTime:0.000881s ]
ERR: 无法加载模块:Public

[ 2016-07-23T00:32:18+08:00 ] ::1 /Public/asset/css/main.css.map
ERR: 无法加载模块:Public

[ 2016-07-23T00:32:20+08:00 ] ::1 /Public/asset/css/main.css.map
ERR: 无法加载模块:Public

[ 2016-07-23T00:32:21+08:00 ] ::1 /Public/asset/css/main.css.map
ERR: 无法加载模块:Public

[ 2016-07-23T00:32:24+08:00 ] ::1 /Public/asset/css/main.css.map
ERR: 无法加载模块:Public

[ 2016-07-23T00:32:26+08:00 ] ::1 /Public/asset/css/main.css.map
ERR: 无法加载模块:Public

[ 2016-07-23T00:32:28+08:00 ] ::1 /Public/asset/css/main.css.map
ERR: 无法加载模块:Public

[ 2016-07-23T00:32:29+08:00 ] ::1 /Public/asset/css/main.css.map
ERR: 无法加载模块:Public

[ 2016-07-23T00:32:36+08:00 ] ::1 /Public/asset/css/main.css.map
ERR: 无法加载模块:Public

[ 2016-07-23T00:32:38+08:00 ] ::1 /Public/asset/css/main.css.map
ERR: 无法加载模块:Public

[ 2016-07-23T00:32:39+08:00 ] ::1 /Public/asset/css/main.css.map
ERR: 无法加载模块:Public

[ 2016-07-23T00:32:40+08:00 ] ::1 /Public/asset/css/main.css.map
ERR: 无法加载模块:Public

[ 2016-07-23T00:32:42+08:00 ] ::1 /Public/asset/css/main.css.map
ERR: 无法加载模块:Public

[ 2016-07-23T00:32:43+08:00 ] ::1 /Public/asset/css/main.css.map
ERR: 无法加载模块:Public

[ 2016-07-23T00:32:44+08:00 ] ::1 /Public/asset/css/main.css.map
ERR: 无法加载模块:Public

[ 2016-07-23T00:32:46+08:00 ] ::1 /Public/asset/css/main.css.map
ERR: 无法加载模块:Public

[ 2016-07-23T00:32:48+08:00 ] ::1 /Public/asset/css/main.css.map
ERR: 无法加载模块:Public

[ 2016-07-23T00:32:49+08:00 ] ::1 /Public/asset/css/main.css.map
ERR: 无法加载模块:Public

[ 2016-07-23T00:32:50+08:00 ] ::1 /Public/asset/css/main.css.map
ERR: 无法加载模块:Public

[ 2016-07-23T00:32:53+08:00 ] ::1 /Public/asset/css/main.css.map
ERR: 无法加载模块:Public

[ 2016-07-23T00:32:54+08:00 ] ::1 /Public/asset/css/main.css.map
ERR: 无法加载模块:Public

[ 2016-07-23T00:32:55+08:00 ] ::1 /Public/asset/css/main.css.map
ERR: 无法加载模块:Public

[ 2016-07-23T13:08:40+08:00 ] ::1 /Public/asset/css/main.css.map
ERR: 无法加载模块:Public

[ 2016-07-23T13:08:51+08:00 ] ::1 /Public/asset/css/main.css.map
ERR: 无法加载模块:Public

[ 2016-07-23T13:09:42+08:00 ] ::1 /Public/asset/css/main.css.map
ERR: 无法加载模块:Public

[ 2016-07-23T13:09:44+08:00 ] ::1 /Public/asset/css/main.css.map
ERR: 无法加载模块:Public

[ 2016-07-23T13:09:45+08:00 ] ::1 /Public/asset/css/main.css.map
ERR: 无法加载模块:Public

[ 2016-07-23T13:09:47+08:00 ] ::1 /Public/asset/css/main.css.map
ERR: 无法加载模块:Public

[ 2016-07-23T13:09:48+08:00 ] ::1 /Public/asset/css/main.css.map
ERR: 无法加载模块:Public

[ 2016-07-23T13:09:49+08:00 ] ::1 /Public/asset/css/main.css.map
ERR: 无法加载模块:Public

[ 2016-07-23T13:09:50+08:00 ] ::1 /Public/asset/css/main.css.map
ERR: 无法加载模块:Public

[ 2016-07-23T13:09:52+08:00 ] ::1 /Public/asset/css/main.css.map
ERR: 无法加载模块:Public

[ 2016-07-23T13:09:53+08:00 ] ::1 /Public/asset/css/main.css.map
ERR: 无法加载模块:Public

[ 2016-07-23T13:09:58+08:00 ] ::1 /Public/asset/css/main.css.map
ERR: 无法加载模块:Public

[ 2016-07-23T13:09:59+08:00 ] ::1 /Public/asset/css/main.css.map
ERR: 无法加载模块:Public

[ 2016-07-23T13:13:12+08:00 ] ::1 /Public/asset/css/main.css.map
ERR: 无法加载模块:Public

[ 2016-07-23T13:13:31+08:00 ] ::1 /Public/asset/css/main.css.map
ERR: 无法加载模块:Public

[ 2016-07-23T13:13:51+08:00 ] ::1 /Public/asset/css/main.css.map
ERR: 无法加载模块:Public

[ 2016-07-23T13:14:18+08:00 ] ::1 /Public/asset/css/main.css.map
ERR: 无法加载模块:Public

[ 2016-07-23T13:14:37+08:00 ] ::1 /Public/asset/css/main.css.map
ERR: 无法加载模块:Public

[ 2016-07-23T13:15:00+08:00 ] ::1 /Public/asset/css/main.css.map
ERR: 无法加载模块:Public

[ 2016-07-23T13:15:13+08:00 ] ::1 /Public/asset/css/main.css.map
ERR: 无法加载模块:Public

[ 2016-07-23T13:15:27+08:00 ] ::1 /Public/asset/css/main.css.map
ERR: 无法加载模块:Public

[ 2016-07-23T13:15:32+08:00 ] ::1 /Public/asset/css/main.css.map
ERR: 无法加载模块:Public

[ 2016-07-23T13:15:43+08:00 ] ::1 /Public/asset/css/main.css.map
ERR: 无法加载模块:Public

[ 2016-07-23T13:15:47+08:00 ] ::1 /Public/asset/css/main.css.map
ERR: 无法加载模块:Public

[ 2016-07-23T13:15:49+08:00 ] ::1 /Public/asset/css/main.css.map
ERR: 无法加载模块:Public

[ 2016-07-23T13:15:50+08:00 ] ::1 /Public/asset/css/main.css.map
ERR: 无法加载模块:Public

[ 2016-07-23T13:15:51+08:00 ] ::1 /Public/asset/css/main.css.map
ERR: 无法加载模块:Public

[ 2016-07-23T13:15:53+08:00 ] ::1 /Public/asset/css/main.css.map
ERR: 无法加载模块:Public

[ 2016-07-23T13:15:54+08:00 ] ::1 /Public/asset/css/main.css.map
ERR: 无法加载模块:Public

[ 2016-07-23T13:15:55+08:00 ] ::1 /Public/asset/css/main.css.map
ERR: 无法加载模块:Public

[ 2016-07-23T13:15:58+08:00 ] ::1 /Public/asset/css/main.css.map
ERR: 无法加载模块:Public

[ 2016-07-23T13:16:01+08:00 ] ::1 /Public/asset/css/main.css.map
ERR: 无法加载模块:Public

[ 2016-07-23T13:16:02+08:00 ] ::1 /Public/asset/css/main.css.map
ERR: 无法加载模块:Public

[ 2016-07-23T13:16:12+08:00 ] ::1 /Public/asset/css/main.css.map
ERR: 无法加载模块:Public

[ 2016-07-23T13:16:18+08:00 ] ::1 /Public/asset/css/main.css.map
ERR: 无法加载模块:Public

[ 2016-07-23T13:17:20+08:00 ] ::1 /Public/asset/css/main.css.map
ERR: 无法加载模块:Public

[ 2016-07-23T13:17:22+08:00 ] ::1 /Public/asset/css/main.css.map
ERR: 无法加载模块:Public

[ 2016-07-23T13:17:24+08:00 ] ::1 /Public/asset/css/main.css.map
ERR: 无法加载模块:Public

[ 2016-07-23T13:18:07+08:00 ] ::1 /Public/asset/css/main.css.map
ERR: 无法加载模块:Public

[ 2016-07-23T13:18:10+08:00 ] ::1 /Public/asset/css/main.css.map
ERR: 无法加载模块:Public

[ 2016-07-23T13:18:33+08:00 ] ::1 /Public/asset/css/main.css.map
ERR: 无法加载模块:Public

[ 2016-07-23T13:18:41+08:00 ] ::1 /Public/asset/css/main.css.map
ERR: 无法加载模块:Public

[ 2016-07-23T13:18:42+08:00 ] ::1 /Public/asset/css/main.css.map
ERR: 无法加载模块:Public

[ 2016-07-23T13:18:44+08:00 ] ::1 /Public/asset/css/main.css.map
ERR: 无法加载模块:Public

[ 2016-07-23T13:18:45+08:00 ] ::1 /Public/asset/css/main.css.map
ERR: 无法加载模块:Public

[ 2016-07-23T13:20:47+08:00 ] ::1 /Public/asset/css/main.css.map
ERR: 无法加载模块:Public

[ 2016-07-23T13:20:51+08:00 ] ::1 /Public/asset/css/main.css.map
ERR: 无法加载模块:Public

[ 2016-07-23T13:20:53+08:00 ] ::1 /Public/asset/css/main.css.map
ERR: 无法加载模块:Public

[ 2016-07-23T13:20:54+08:00 ] ::1 /Public/asset/css/main.css.map
ERR: 无法加载模块:Public

[ 2016-07-23T13:20:56+08:00 ] ::1 /Public/asset/css/main.css.map
ERR: 无法加载模块:Public

[ 2016-07-23T13:20:57+08:00 ] ::1 /Public/asset/css/main.css.map
ERR: 无法加载模块:Public

[ 2016-07-23T13:20:59+08:00 ] ::1 /Public/asset/css/main.css.map
ERR: 无法加载模块:Public

[ 2016-07-23T13:21:00+08:00 ] ::1 /Public/asset/css/main.css.map
ERR: 无法加载模块:Public

[ 2016-07-23T13:21:17+08:00 ] ::1 /Public/asset/css/main.css.map
ERR: 无法加载模块:Public

[ 2016-07-23T13:21:17+08:00 ] ::1 /Public/asset/css/main.css.map
ERR: 无法加载模块:Public

[ 2016-07-23T13:21:20+08:00 ] ::1 /Public/asset/css/main.css.map
ERR: 无法加载模块:Public

[ 2016-07-23T13:21:21+08:00 ] ::1 /Public/asset/css/main.css.map
ERR: 无法加载模块:Public

[ 2016-07-23T13:29:27+08:00 ] ::1 /Public/asset/css/main.css.map
ERR: 无法加载模块:Public

[ 2016-07-23T13:30:26+08:00 ] ::1 /Public/asset/css/main.css.map
ERR: 无法加载模块:Public

[ 2016-07-23T13:35:44+08:00 ] ::1 /Public/asset/css/main.css.map
ERR: 无法加载模块:Public

[ 2016-07-23T13:39:41+08:00 ] ::1 /Public/asset/css/main.css.map
ERR: 无法加载模块:Public

[ 2016-07-23T13:40:58+08:00 ] ::1 /Public/asset/css/main.css.map
ERR: 无法加载模块:Public

[ 2016-07-23T13:41:02+08:00 ] ::1 /Public/asset/css/main.css.map
ERR: 无法加载模块:Public

[ 2016-07-23T13:41:03+08:00 ] ::1 /Public/asset/css/main.css.map
ERR: 无法加载模块:Public

[ 2016-07-23T13:41:08+08:00 ] ::1 /Public/asset/css/main.css.map
ERR: 无法加载模块:Public

[ 2016-07-23T13:41:19+08:00 ] ::1 /Public/asset/css/main.css.map
ERR: 无法加载模块:Public

[ 2016-07-23T13:41:22+08:00 ] ::1 /Public/asset/css/main.css.map
ERR: 无法加载模块:Public

[ 2016-07-23T13:41:23+08:00 ] ::1 /Public/asset/css/main.css.map
ERR: 无法加载模块:Public

[ 2016-07-23T13:41:33+08:00 ] ::1 /Public/asset/css/main.css.map
ERR: 无法加载模块:Public

[ 2016-07-23T13:41:51+08:00 ] ::1 /Public/asset/css/main.css.map
ERR: 无法加载模块:Public

[ 2016-07-23T13:42:09+08:00 ] ::1 /Public/asset/css/main.css.map
ERR: 无法加载模块:Public

[ 2016-07-23T13:42:27+08:00 ] ::1 /Public/asset/css/main.css.map
ERR: 无法加载模块:Public

[ 2016-07-23T13:44:12+08:00 ] ::1 /Public/asset/css/main.css.map
ERR: 无法加载模块:Public

[ 2016-07-23T13:44:40+08:00 ] ::1 /Public/asset/css/main.css.map
ERR: 无法加载模块:Public

[ 2016-07-23T13:46:48+08:00 ] ::1 /Public/asset/css/main.css.map
ERR: 无法加载模块:Public

[ 2016-07-23T13:47:01+08:00 ] ::1 /Public/asset/css/main.css.map
ERR: 无法加载模块:Public

[ 2016-07-23T13:47:27+08:00 ] ::1 /Public/asset/css/main.css.map
ERR: 无法加载模块:Public

[ 2016-07-23T13:54:20+08:00 ] ::1 /Public/asset/css/main.css.map
ERR: 无法加载模块:Public

[ 2016-07-23T13:54:31+08:00 ] ::1 /Public/asset/css/main.css.map
ERR: 无法加载模块:Public

[ 2016-07-23T13:56:23+08:00 ] ::1 /Public/asset/css/main.css.map
ERR: 无法加载模块:Public

[ 2016-07-23T13:57:46+08:00 ] ::1 /Public/asset/css/main.css.map
ERR: 无法加载模块:Public

[ 2016-07-23T14:00:15+08:00 ] ::1 /Public/asset/css/main.css.map
ERR: 无法加载模块:Public

[ 2016-07-23T14:04:38+08:00 ] ::1 /Public/asset/css/main.css.map
ERR: 无法加载模块:Public

[ 2016-07-23T14:05:54+08:00 ] ::1 /Public/asset/css/main.css.map
ERR: 无法加载模块:Public

[ 2016-07-23T14:06:27+08:00 ] ::1 /Public/asset/css/main.css.map
ERR: 无法加载模块:Public

[ 2016-07-23T14:08:24+08:00 ] ::1 /Public/asset/css/main.css.map
ERR: 无法加载模块:Public

[ 2016-07-23T14:08:28+08:00 ] ::1 /Public/asset/css/main.css.map
ERR: 无法加载模块:Public

[ 2016-07-23T14:08:29+08:00 ] ::1 /Public/asset/css/main.css.map
ERR: 无法加载模块:Public

[ 2016-07-23T14:08:30+08:00 ] ::1 /Public/asset/css/main.css.map
ERR: 无法加载模块:Public

[ 2016-07-23T14:08:41+08:00 ] ::1 /Public/asset/css/main.css.map
ERR: 无法加载模块:Public

[ 2016-07-23T14:08:42+08:00 ] ::1 /Public/asset/css/main.css.map
ERR: 无法加载模块:Public

[ 2016-07-23T14:08:45+08:00 ] ::1 /Public/asset/css/main.css.map
ERR: 无法加载模块:Public

[ 2016-07-23T14:08:47+08:00 ] ::1 /Public/asset/css/main.css.map
ERR: 无法加载模块:Public

[ 2016-07-23T14:08:49+08:00 ] ::1 /Public/asset/css/main.css.map
ERR: 无法加载模块:Public

[ 2016-07-23T14:08:51+08:00 ] ::1 /Public/asset/css/main.css.map
ERR: 无法加载模块:Public

[ 2016-07-23T14:10:08+08:00 ] ::1 /Public/asset/css/main.css.map
ERR: 无法加载模块:Public

[ 2016-07-23T14:10:11+08:00 ] ::1 /Public/asset/css/main.css.map
ERR: 无法加载模块:Public

[ 2016-07-23T14:10:13+08:00 ] ::1 /Public/asset/css/main.css.map
ERR: 无法加载模块:Public

[ 2016-07-23T14:10:14+08:00 ] ::1 /Public/asset/css/main.css.map
ERR: 无法加载模块:Public

[ 2016-07-23T14:10:15+08:00 ] ::1 /Public/asset/css/main.css.map
ERR: 无法加载模块:Public

[ 2016-07-23T14:10:16+08:00 ] ::1 /Public/asset/css/main.css.map
ERR: 无法加载模块:Public

