[ 2016-03-22T14:48:44+08:00 ] ::1 /imglist/%E6%98%8E%E6%98%9F%E3%83%AD%E3%82%B1%E3%83%83%E3%83%88.png
INFO: [ app_init ] --START--
INFO: Run Behavior\BuildLiteBehavior [ RunTime:0.000088s ]
INFO: [ app_init ] --END-- [ RunTime:0.000755s ]
ERR: 无法加载模块:Imglist

[ 2016-03-22T14:48:45+08:00 ] ::1 /favicon.ico
INFO: [ app_init ] --START--
INFO: Run Behavior\BuildLiteBehavior [ RunTime:0.000087s ]
INFO: [ app_init ] --END-- [ RunTime:0.000780s ]
ERR: 无法加载模块:Favicon

[ 2016-03-22T14:48:45+08:00 ] ::1 /Public/imglist/Yet%20Another
INFO: [ app_init ] --START--
INFO: Run Behavior\BuildLiteBehavior [ RunTime:0.000163s ]
INFO: [ app_init ] --END-- [ RunTime:0.001218s ]
ERR: 无法加载模块:Public

[ 2016-03-22T14:48:45+08:00 ] ::1 /Public/imglist/L'%C3%A9pilogue.png
INFO: [ app_init ] --START--
INFO: Run Behavior\BuildLiteBehavior [ RunTime:0.000098s ]
INFO: [ app_init ] --END-- [ RunTime:0.000805s ]
ERR: 无法加载模块:Public

[ 2016-03-22T14:48:45+08:00 ] ::1 /Public/imglist/Air's%20gravity.png
INFO: [ app_init ] --START--
INFO: Run Behavior\BuildLiteBehavior [ RunTime:0.000156s ]
INFO: [ app_init ] --END-- [ RunTime:0.001257s ]
ERR: 无法加载模块:Public

[ 2016-03-22T14:48:45+08:00 ] ::1 /Public/imglist/%EF%BC%8A%E3%83%8F%E3%83%AD%E3%83%BC%E3%80%81%E3%83%97%E3%83%A9%E3%83%8D%E3%83%83%E3%83%88%E3%80%82.png
INFO: [ app_init ] --START--
INFO: Run Behavior\BuildLiteBehavior [ RunTime:0.000167s ]
INFO: [ app_init ] --END-- [ RunTime:0.001366s ]
ERR: 无法加载模块:Public

[ 2016-03-22T14:48:45+08:00 ] ::1 /Public/imglist/%E6%82%AA%E6%88%B1.png
INFO: [ app_init ] --START--
INFO: Run Behavior\BuildLiteBehavior [ RunTime:0.000162s ]
INFO: [ app_init ] --END-- [ RunTime:0.001366s ]
ERR: 无法加载模块:Public

[ 2016-03-22T14:48:45+08:00 ] ::1 /Public/imglist/%E3%81%A4%E3%81%91%E3%81%BE%E3%81%A4%E3%81%91%E3%82%8B.png
INFO: [ app_init ] --START--
INFO: Run Behavior\BuildLiteBehavior [ RunTime:0.000171s ]
INFO: [ app_init ] --END-- [ RunTime:0.001890s ]
ERR: 无法加载模块:Public

[ 2016-03-22T14:48:45+08:00 ] ::1 /Public/imglist/1/3%E3%81%AE%E7%B4%94%E6%83%85%E3%81%AA%E6%84%9F%E6%83%85.png
INFO: [ app_init ] --START--
INFO: Run Behavior\BuildLiteBehavior [ RunTime:0.000192s ]
INFO: [ app_init ] --END-- [ RunTime:0.002370s ]
ERR: 无法加载模块:Public

[ 2016-03-22T14:48:45+08:00 ] ::1 /Public/imglist/CANDY%20CANDY.png
INFO: [ app_init ] --START--
INFO: Run Behavior\BuildLiteBehavior [ RunTime:0.000140s ]
INFO: [ app_init ] --END-- [ RunTime:0.001300s ]
ERR: 无法加载模块:Public

[ 2016-03-22T14:48:45+08:00 ] ::1 /Public/imglist/SPELL%20MAGIC.png
INFO: [ app_init ] --START--
INFO: Run Behavior\BuildLiteBehavior [ RunTime:0.000162s ]
INFO: [ app_init ] --END-- [ RunTime:0.001150s ]
ERR: 无法加载模块:Public

[ 2016-03-22T14:49:53+08:00 ] ::1 /imglist/%E6%98%8E%E6%98%9F%E3%83%AD%E3%82%B1%E3%83%83%E3%83%88.png
INFO: [ app_init ] --START--
INFO: Run Behavior\BuildLiteBehavior [ RunTime:0.000109s ]
INFO: [ app_init ] --END-- [ RunTime:0.000819s ]
ERR: 无法加载模块:Imglist

[ 2016-03-22T14:49:53+08:00 ] ::1 /Public/imglist/Yet%20Another
INFO: [ app_init ] --START--
INFO: Run Behavior\BuildLiteBehavior [ RunTime:0.000149s ]
INFO: [ app_init ] --END-- [ RunTime:0.000982s ]
ERR: 无法加载模块:Public

[ 2016-03-22T14:49:53+08:00 ] ::1 /Public/imglist/Air's%20gravity.png
INFO: [ app_init ] --START--
INFO: Run Behavior\BuildLiteBehavior [ RunTime:0.000159s ]
INFO: [ app_init ] --END-- [ RunTime:0.001219s ]
ERR: 无法加载模块:Public

[ 2016-03-22T14:49:53+08:00 ] ::1 /Public/imglist/L'%C3%A9pilogue.png
INFO: [ app_init ] --START--
INFO: Run Behavior\BuildLiteBehavior [ RunTime:0.000169s ]
INFO: [ app_init ] --END-- [ RunTime:0.001305s ]
ERR: 无法加载模块:Public

[ 2016-03-22T14:49:53+08:00 ] ::1 /Public/imglist/%E6%82%AA%E6%88%B1.png
INFO: [ app_init ] --START--
INFO: Run Behavior\BuildLiteBehavior [ RunTime:0.000088s ]
INFO: [ app_init ] --END-- [ RunTime:0.000877s ]
ERR: 无法加载模块:Public

[ 2016-03-22T14:49:53+08:00 ] ::1 /Public/imglist/%EF%BC%8A%E3%83%8F%E3%83%AD%E3%83%BC%E3%80%81%E3%83%97%E3%83%A9%E3%83%8D%E3%83%83%E3%83%88%E3%80%82.png
INFO: [ app_init ] --START--
INFO: Run Behavior\BuildLiteBehavior [ RunTime:0.000210s ]
INFO: [ app_init ] --END-- [ RunTime:0.001395s ]
ERR: 无法加载模块:Public

[ 2016-03-22T14:49:53+08:00 ] ::1 /Public/imglist/1/3%E3%81%AE%E7%B4%94%E6%83%85%E3%81%AA%E6%84%9F%E6%83%85.png
INFO: [ app_init ] --START--
INFO: Run Behavior\BuildLiteBehavior [ RunTime:0.000144s ]
INFO: [ app_init ] --END-- [ RunTime:0.001113s ]
ERR: 无法加载模块:Public

[ 2016-03-22T14:49:53+08:00 ] ::1 /Public/imglist/CANDY%20CANDY.png
INFO: [ app_init ] --START--
INFO: Run Behavior\BuildLiteBehavior [ RunTime:0.000122s ]
INFO: [ app_init ] --END-- [ RunTime:0.001164s ]
ERR: 无法加载模块:Public

[ 2016-03-22T14:49:53+08:00 ] ::1 /Public/imglist/SPELL%20MAGIC.png
INFO: [ app_init ] --START--
INFO: Run Behavior\BuildLiteBehavior [ RunTime:0.000098s ]
INFO: [ app_init ] --END-- [ RunTime:0.001264s ]
ERR: 无法加载模块:Public

[ 2016-03-22T14:49:53+08:00 ] ::1 /Public/imglist/%E3%81%A4%E3%81%91%E3%81%BE%E3%81%A4%E3%81%91%E3%82%8B.png
INFO: [ app_init ] --START--
INFO: Run Behavior\BuildLiteBehavior [ RunTime:0.000188s ]
INFO: [ app_init ] --END-- [ RunTime:0.001361s ]
ERR: 无法加载模块:Public

[ 2016-03-22T14:50:06+08:00 ] ::1 /Public/asset/css/main.css.map
INFO: [ app_init ] --START--
INFO: Run Behavior\BuildLiteBehavior [ RunTime:0.000097s ]
INFO: [ app_init ] --END-- [ RunTime:0.000822s ]
ERR: 无法加载模块:Public

[ 2016-03-22T14:50:08+08:00 ] ::1 /Public/asset/css/main.css.map
INFO: [ app_init ] --START--
INFO: Run Behavior\BuildLiteBehavior [ RunTime:0.000088s ]
INFO: [ app_init ] --END-- [ RunTime:0.000737s ]
ERR: 无法加载模块:Public

[ 2016-03-22T14:50:31+08:00 ] ::1 /Public/asset/css/main.css.map
INFO: [ app_init ] --START--
INFO: Run Behavior\BuildLiteBehavior [ RunTime:0.000110s ]
INFO: [ app_init ] --END-- [ RunTime:0.000738s ]
ERR: 无法加载模块:Public

[ 2016-03-22T14:51:38+08:00 ] 192.168.3.44 /imglist/%E6%98%8E%E6%98%9F%E3%83%AD%E3%82%B1%E3%83%83%E3%83%88.png
INFO: [ app_init ] --START--
INFO: Run Behavior\BuildLiteBehavior [ RunTime:0.000149s ]
INFO: [ app_init ] --END-- [ RunTime:0.001251s ]
ERR: 无法加载模块:Imglist

[ 2016-03-22T14:51:39+08:00 ] 192.168.3.44 /favicon.ico
INFO: [ app_init ] --START--
INFO: Run Behavior\BuildLiteBehavior [ RunTime:0.000090s ]
INFO: [ app_init ] --END-- [ RunTime:0.001186s ]
ERR: 无法加载模块:Favicon

[ 2016-03-22T14:51:39+08:00 ] 192.168.3.44 /Public/imglist/Yet%20Another
INFO: [ app_init ] --START--
INFO: Run Behavior\BuildLiteBehavior [ RunTime:0.000089s ]
INFO: [ app_init ] --END-- [ RunTime:0.000807s ]
ERR: 无法加载模块:Public

[ 2016-03-22T14:51:40+08:00 ] 192.168.3.44 /Public/imglist/%EF%BC%8A%E3%83%8F%E3%83%AD%E3%83%BC%E3%80%81%E3%83%97%E3%83%A9%E3%83%8D%E3%83%83%E3%83%88%E3%80%82.png
INFO: [ app_init ] --START--
INFO: Run Behavior\BuildLiteBehavior [ RunTime:0.000166s ]
INFO: [ app_init ] --END-- [ RunTime:0.001396s ]
ERR: 无法加载模块:Public

[ 2016-03-22T14:51:40+08:00 ] 192.168.3.44 /Public/imglist/L'%C3%A9pilogue.png
INFO: [ app_init ] --START--
INFO: Run Behavior\BuildLiteBehavior [ RunTime:0.000104s ]
INFO: [ app_init ] --END-- [ RunTime:0.000886s ]
ERR: 无法加载模块:Public

[ 2016-03-22T14:51:40+08:00 ] 192.168.3.44 /Public/imglist/Air's%20gravity.png
INFO: [ app_init ] --START--
INFO: Run Behavior\BuildLiteBehavior [ RunTime:0.000312s ]
INFO: [ app_init ] --END-- [ RunTime:0.002655s ]
ERR: 无法加载模块:Public

[ 2016-03-22T14:51:41+08:00 ] 192.168.3.44 /Public/imglist/%E6%82%AA%E6%88%B1.png
INFO: [ app_init ] --START--
INFO: Run Behavior\BuildLiteBehavior [ RunTime:0.000200s ]
INFO: [ app_init ] --END-- [ RunTime:0.001578s ]
ERR: 无法加载模块:Public

[ 2016-03-22T14:51:41+08:00 ] 192.168.3.44 /Public/imglist/1/3%E3%81%AE%E7%B4%94%E6%83%85%E3%81%AA%E6%84%9F%E6%83%85.png
INFO: [ app_init ] --START--
INFO: Run Behavior\BuildLiteBehavior [ RunTime:0.000192s ]
INFO: [ app_init ] --END-- [ RunTime:0.001452s ]
ERR: 无法加载模块:Public

[ 2016-03-22T14:51:41+08:00 ] 192.168.3.44 /Public/imglist/CANDY%20CANDY.png
INFO: [ app_init ] --START--
INFO: Run Behavior\BuildLiteBehavior [ RunTime:0.000137s ]
INFO: [ app_init ] --END-- [ RunTime:0.001220s ]
ERR: 无法加载模块:Public

[ 2016-03-22T14:51:41+08:00 ] 192.168.3.44 /Public/imglist/%E3%81%A4%E3%81%91%E3%81%BE%E3%81%A4%E3%81%91%E3%82%8B.png
INFO: [ app_init ] --START--
INFO: Run Behavior\BuildLiteBehavior [ RunTime:0.000207s ]
INFO: [ app_init ] --END-- [ RunTime:0.001482s ]
ERR: 无法加载模块:Public

[ 2016-03-22T14:51:41+08:00 ] 192.168.3.44 /Public/imglist/SPELL%20MAGIC.png
INFO: [ app_init ] --START--
INFO: Run Behavior\BuildLiteBehavior [ RunTime:0.000127s ]
INFO: [ app_init ] --END-- [ RunTime:0.001101s ]
ERR: 无法加载模块:Public

[ 2016-03-22T14:53:37+08:00 ] 192.168.3.44 /imglist/%E6%98%8E%E6%98%9F%E3%83%AD%E3%82%B1%E3%83%83%E3%83%88.png
INFO: [ app_init ] --START--
INFO: Run Behavior\BuildLiteBehavior [ RunTime:0.000146s ]
INFO: [ app_init ] --END-- [ RunTime:0.001241s ]
ERR: 无法加载模块:Imglist

[ 2016-03-22T14:53:37+08:00 ] 192.168.3.44 /Public/imglist/Yet%20Another
INFO: [ app_init ] --START--
INFO: Run Behavior\BuildLiteBehavior [ RunTime:0.000080s ]
INFO: [ app_init ] --END-- [ RunTime:0.000764s ]
ERR: 无法加载模块:Public

[ 2016-03-22T14:53:37+08:00 ] 192.168.3.44 /favicon.ico
INFO: [ app_init ] --START--
INFO: Run Behavior\BuildLiteBehavior [ RunTime:0.000093s ]
INFO: [ app_init ] --END-- [ RunTime:0.000775s ]
ERR: 无法加载模块:Favicon

[ 2016-03-22T14:53:38+08:00 ] 192.168.3.44 /Public/imglist/%EF%BC%8A%E3%83%8F%E3%83%AD%E3%83%BC%E3%80%81%E3%83%97%E3%83%A9%E3%83%8D%E3%83%83%E3%83%88%E3%80%82.png
INFO: [ app_init ] --START--
INFO: Run Behavior\BuildLiteBehavior [ RunTime:0.000427s ]
INFO: [ app_init ] --END-- [ RunTime:0.003396s ]
ERR: 无法加载模块:Public

[ 2016-03-22T14:53:38+08:00 ] 192.168.3.44 /Public/imglist/L'%C3%A9pilogue.png
INFO: [ app_init ] --START--
INFO: Run Behavior\BuildLiteBehavior [ RunTime:0.000092s ]
INFO: [ app_init ] --END-- [ RunTime:0.000744s ]
ERR: 无法加载模块:Public

[ 2016-03-22T14:53:38+08:00 ] 192.168.3.44 /Public/imglist/Air's%20gravity.png
INFO: [ app_init ] --START--
INFO: Run Behavior\BuildLiteBehavior [ RunTime:0.000427s ]
INFO: [ app_init ] --END-- [ RunTime:0.003642s ]
ERR: 无法加载模块:Public

[ 2016-03-22T14:53:39+08:00 ] 192.168.3.44 /Public/imglist/%E6%82%AA%E6%88%B1.png
INFO: [ app_init ] --START--
INFO: Run Behavior\BuildLiteBehavior [ RunTime:0.000223s ]
INFO: [ app_init ] --END-- [ RunTime:0.001846s ]
ERR: 无法加载模块:Public

[ 2016-03-22T14:53:39+08:00 ] 192.168.3.44 /Public/imglist/1/3%E3%81%AE%E7%B4%94%E6%83%85%E3%81%AA%E6%84%9F%E6%83%85.png
INFO: [ app_init ] --START--
INFO: Run Behavior\BuildLiteBehavior [ RunTime:0.000081s ]
INFO: [ app_init ] --END-- [ RunTime:0.000728s ]
ERR: 无法加载模块:Public

[ 2016-03-22T14:53:39+08:00 ] 192.168.3.44 /Public/imglist/CANDY%20CANDY.png
INFO: [ app_init ] --START--
INFO: Run Behavior\BuildLiteBehavior [ RunTime:0.000091s ]
INFO: [ app_init ] --END-- [ RunTime:0.000838s ]
ERR: 无法加载模块:Public

[ 2016-03-22T14:53:39+08:00 ] 192.168.3.44 /Public/imglist/%E3%81%A4%E3%81%91%E3%81%BE%E3%81%A4%E3%81%91%E3%82%8B.png
INFO: [ app_init ] --START--
INFO: Run Behavior\BuildLiteBehavior [ RunTime:0.000118s ]
INFO: [ app_init ] --END-- [ RunTime:0.000963s ]
ERR: 无法加载模块:Public

[ 2016-03-22T14:53:39+08:00 ] 192.168.3.44 /Public/imglist/SPELL%20MAGIC.png
INFO: [ app_init ] --START--
INFO: Run Behavior\BuildLiteBehavior [ RunTime:0.000086s ]
INFO: [ app_init ] --END-- [ RunTime:0.000734s ]
ERR: 无法加载模块:Public

[ 2016-03-22T15:20:15+08:00 ] ::1 /aa.php
INFO: [ app_init ] --START--
INFO: Run Behavior\BuildLiteBehavior [ RunTime:0.000194s ]
INFO: [ app_init ] --END-- [ RunTime:0.001125s ]
ERR: 无法加载模块:Aa

[ 2016-03-22T15:21:28+08:00 ] ::1 /imglist/%E6%98%8E%E6%98%9F%E3%83%AD%E3%82%B1%E3%83%83%E3%83%88.png
INFO: [ app_init ] --START--
INFO: Run Behavior\BuildLiteBehavior [ RunTime:0.000098s ]
INFO: [ app_init ] --END-- [ RunTime:0.000907s ]
ERR: 无法加载模块:Imglist

[ 2016-03-22T15:21:29+08:00 ] ::1 /Public/imglist/%EF%BC%8A%E3%83%8F%E3%83%AD%E3%83%BC%E3%80%81%E3%83%97%E3%83%A9%E3%83%8D%E3%83%83%E3%83%88%E3%80%82.png
INFO: [ app_init ] --START--
INFO: Run Behavior\BuildLiteBehavior [ RunTime:0.000128s ]
INFO: [ app_init ] --END-- [ RunTime:0.001259s ]
ERR: 无法加载模块:Public

[ 2016-03-22T15:21:29+08:00 ] ::1 /Public/imglist/Yet%20Another
INFO: [ app_init ] --START--
INFO: Run Behavior\BuildLiteBehavior [ RunTime:0.000093s ]
INFO: [ app_init ] --END-- [ RunTime:0.000786s ]
ERR: 无法加载模块:Public

[ 2016-03-22T15:21:29+08:00 ] ::1 /Public/imglist/L'%C3%A9pilogue.png
INFO: [ app_init ] --START--
INFO: Run Behavior\BuildLiteBehavior [ RunTime:0.000100s ]
INFO: [ app_init ] --END-- [ RunTime:0.000964s ]
ERR: 无法加载模块:Public

[ 2016-03-22T15:21:29+08:00 ] ::1 /Public/imglist/Air's%20gravity.png
INFO: [ app_init ] --START--
INFO: Run Behavior\BuildLiteBehavior [ RunTime:0.000152s ]
INFO: [ app_init ] --END-- [ RunTime:0.001070s ]
ERR: 无法加载模块:Public

[ 2016-03-22T15:21:29+08:00 ] ::1 /Public/imglist/%E6%82%AA%E6%88%B1.png
INFO: [ app_init ] --START--
INFO: Run Behavior\BuildLiteBehavior [ RunTime:0.000117s ]
INFO: [ app_init ] --END-- [ RunTime:0.001247s ]
ERR: 无法加载模块:Public

[ 2016-03-22T15:21:29+08:00 ] ::1 /Public/imglist/1/3%E3%81%AE%E7%B4%94%E6%83%85%E3%81%AA%E6%84%9F%E6%83%85.png
INFO: [ app_init ] --START--
INFO: Run Behavior\BuildLiteBehavior [ RunTime:0.000139s ]
INFO: [ app_init ] --END-- [ RunTime:0.001221s ]
ERR: 无法加载模块:Public

[ 2016-03-22T15:21:29+08:00 ] ::1 /Public/imglist/CANDY%20CANDY.png
INFO: [ app_init ] --START--
INFO: Run Behavior\BuildLiteBehavior [ RunTime:0.000181s ]
INFO: [ app_init ] --END-- [ RunTime:0.001368s ]
ERR: 无法加载模块:Public

[ 2016-03-22T15:21:29+08:00 ] ::1 /Public/imglist/%E3%81%A4%E3%81%91%E3%81%BE%E3%81%A4%E3%81%91%E3%82%8B.png
INFO: [ app_init ] --START--
INFO: Run Behavior\BuildLiteBehavior [ RunTime:0.000097s ]
INFO: [ app_init ] --END-- [ RunTime:0.000812s ]
ERR: 无法加载模块:Public

[ 2016-03-22T15:21:29+08:00 ] ::1 /Public/imglist/SPELL%20MAGIC.png
INFO: [ app_init ] --START--
INFO: Run Behavior\BuildLiteBehavior [ RunTime:0.000166s ]
INFO: [ app_init ] --END-- [ RunTime:0.001326s ]
ERR: 无法加载模块:Public

[ 2016-03-22T15:21:30+08:00 ] ::1 /panel
INFO: [ app_init ] --START--
INFO: Run Behavior\BuildLiteBehavior [ RunTime:0.000084s ]
INFO: [ app_init ] --END-- [ RunTime:0.000733s ]
ERR: 无法加载模块:Panel

[ 2016-03-22T15:32:15+08:00 ] ::1 /imglist/%E6%98%8E%E6%98%9F%E3%83%AD%E3%82%B1%E3%83%83%E3%83%88.png
INFO: [ app_init ] --START--
INFO: Run Behavior\BuildLiteBehavior [ RunTime:0.000110s ]
INFO: [ app_init ] --END-- [ RunTime:0.000783s ]
ERR: 无法加载模块:Imglist

[ 2016-03-22T15:32:16+08:00 ] ::1 /Public/imglist/Yet%20Another
INFO: [ app_init ] --START--
INFO: Run Behavior\BuildLiteBehavior [ RunTime:0.000134s ]
INFO: [ app_init ] --END-- [ RunTime:0.001161s ]
ERR: 无法加载模块:Public

[ 2016-03-22T15:32:16+08:00 ] ::1 /Public/imglist/L'%C3%A9pilogue.png
INFO: [ app_init ] --START--
INFO: Run Behavior\BuildLiteBehavior [ RunTime:0.000083s ]
INFO: [ app_init ] --END-- [ RunTime:0.000805s ]
ERR: 无法加载模块:Public

[ 2016-03-22T15:32:16+08:00 ] ::1 /Public/imglist/Air's%20gravity.png
INFO: [ app_init ] --START--
INFO: Run Behavior\BuildLiteBehavior [ RunTime:0.000147s ]
INFO: [ app_init ] --END-- [ RunTime:0.001233s ]
ERR: 无法加载模块:Public

[ 2016-03-22T15:32:16+08:00 ] ::1 /Public/imglist/%EF%BC%8A%E3%83%8F%E3%83%AD%E3%83%BC%E3%80%81%E3%83%97%E3%83%A9%E3%83%8D%E3%83%83%E3%83%88%E3%80%82.png
INFO: [ app_init ] --START--
INFO: Run Behavior\BuildLiteBehavior [ RunTime:0.000132s ]
INFO: [ app_init ] --END-- [ RunTime:0.001055s ]
ERR: 无法加载模块:Public

[ 2016-03-22T15:32:17+08:00 ] ::1 /Public/imglist/%E6%82%AA%E6%88%B1.png
INFO: [ app_init ] --START--
INFO: Run Behavior\BuildLiteBehavior [ RunTime:0.000091s ]
INFO: [ app_init ] --END-- [ RunTime:0.000792s ]
ERR: 无法加载模块:Public

[ 2016-03-22T15:32:17+08:00 ] ::1 /Public/imglist/SPELL%20MAGIC.png
INFO: [ app_init ] --START--
INFO: Run Behavior\BuildLiteBehavior [ RunTime:0.000192s ]
INFO: [ app_init ] --END-- [ RunTime:0.001392s ]
ERR: 无法加载模块:Public

[ 2016-03-22T15:32:17+08:00 ] ::1 /Public/imglist/1/3%E3%81%AE%E7%B4%94%E6%83%85%E3%81%AA%E6%84%9F%E6%83%85.png
INFO: [ app_init ] --START--
INFO: Run Behavior\BuildLiteBehavior [ RunTime:0.000162s ]
INFO: [ app_init ] --END-- [ RunTime:0.001367s ]
ERR: 无法加载模块:Public

[ 2016-03-22T15:32:17+08:00 ] ::1 /Public/imglist/%E3%81%A4%E3%81%91%E3%81%BE%E3%81%A4%E3%81%91%E3%82%8B.png
INFO: [ app_init ] --START--
INFO: Run Behavior\BuildLiteBehavior [ RunTime:0.000142s ]
INFO: [ app_init ] --END-- [ RunTime:0.001264s ]
ERR: 无法加载模块:Public

[ 2016-03-22T15:32:17+08:00 ] ::1 /Public/imglist/CANDY%20CANDY.png
INFO: [ app_init ] --START--
INFO: Run Behavior\BuildLiteBehavior [ RunTime:0.000153s ]
INFO: [ app_init ] --END-- [ RunTime:0.001299s ]
ERR: 无法加载模块:Public

[ 2016-03-22T15:32:23+08:00 ] ::1 /Public/asset/css/main.css.map
INFO: [ app_init ] --START--
INFO: Run Behavior\BuildLiteBehavior [ RunTime:0.000132s ]
INFO: [ app_init ] --END-- [ RunTime:0.000807s ]
ERR: 无法加载模块:Public

[ 2016-03-22T15:32:30+08:00 ] ::1 /Public/asset/css/main.css.map
INFO: [ app_init ] --START--
INFO: Run Behavior\BuildLiteBehavior [ RunTime:0.000111s ]
INFO: [ app_init ] --END-- [ RunTime:0.000793s ]
ERR: 无法加载模块:Public

[ 2016-03-22T15:43:34+08:00 ] ::1 /imglist/%E6%98%8E%E6%98%9F%E3%83%AD%E3%82%B1%E3%83%83%E3%83%88.png
INFO: [ app_init ] --START--
INFO: Run Behavior\BuildLiteBehavior [ RunTime:0.000111s ]
INFO: [ app_init ] --END-- [ RunTime:0.001134s ]
ERR: 无法加载模块:Imglist

[ 2016-03-22T15:43:34+08:00 ] ::1 /Public/imglist/Yet%20Another
INFO: [ app_init ] --START--
INFO: Run Behavior\BuildLiteBehavior [ RunTime:0.000083s ]
INFO: [ app_init ] --END-- [ RunTime:0.000893s ]
ERR: 无法加载模块:Public

[ 2016-03-22T15:43:34+08:00 ] ::1 /Public/imglist/L'%C3%A9pilogue.png
INFO: [ app_init ] --START--
INFO: Run Behavior\BuildLiteBehavior [ RunTime:0.000149s ]
INFO: [ app_init ] --END-- [ RunTime:0.001119s ]
ERR: 无法加载模块:Public

[ 2016-03-22T15:43:34+08:00 ] ::1 /Public/imglist/Air's%20gravity.png
INFO: [ app_init ] --START--
INFO: Run Behavior\BuildLiteBehavior [ RunTime:0.000105s ]
INFO: [ app_init ] --END-- [ RunTime:0.001123s ]
ERR: 无法加载模块:Public

[ 2016-03-22T15:43:34+08:00 ] ::1 /Public/imglist/%EF%BC%8A%E3%83%8F%E3%83%AD%E3%83%BC%E3%80%81%E3%83%97%E3%83%A9%E3%83%8D%E3%83%83%E3%83%88%E3%80%82.png
INFO: [ app_init ] --START--
INFO: Run Behavior\BuildLiteBehavior [ RunTime:0.000147s ]
INFO: [ app_init ] --END-- [ RunTime:0.001262s ]
ERR: 无法加载模块:Public

[ 2016-03-22T15:43:34+08:00 ] ::1 /Public/imglist/%E6%82%AA%E6%88%B1.png
INFO: [ app_init ] --START--
INFO: Run Behavior\BuildLiteBehavior [ RunTime:0.000081s ]
INFO: [ app_init ] --END-- [ RunTime:0.000745s ]
ERR: 无法加载模块:Public

[ 2016-03-22T15:43:34+08:00 ] ::1 /Public/imglist/1/3%E3%81%AE%E7%B4%94%E6%83%85%E3%81%AA%E6%84%9F%E6%83%85.png
INFO: [ app_init ] --START--
INFO: Run Behavior\BuildLiteBehavior [ RunTime:0.000280s ]
INFO: [ app_init ] --END-- [ RunTime:0.001769s ]
ERR: 无法加载模块:Public

[ 2016-03-22T15:43:34+08:00 ] ::1 /Public/imglist/%E3%81%A4%E3%81%91%E3%81%BE%E3%81%A4%E3%81%91%E3%82%8B.png
INFO: [ app_init ] --START--
INFO: Run Behavior\BuildLiteBehavior [ RunTime:0.000252s ]
INFO: [ app_init ] --END-- [ RunTime:0.002162s ]
ERR: 无法加载模块:Public

[ 2016-03-22T15:43:34+08:00 ] ::1 /Public/imglist/SPELL%20MAGIC.png
INFO: [ app_init ] --START--
INFO: Run Behavior\BuildLiteBehavior [ RunTime:0.001244s ]
INFO: [ app_init ] --END-- [ RunTime:0.003080s ]
ERR: 无法加载模块:Public

[ 2016-03-22T15:43:34+08:00 ] ::1 /Public/imglist/CANDY%20CANDY.png
INFO: [ app_init ] --START--
INFO: Run Behavior\BuildLiteBehavior [ RunTime:0.000375s ]
INFO: [ app_init ] --END-- [ RunTime:0.002249s ]
ERR: 无法加载模块:Public

[ 2016-03-22T15:59:36+08:00 ] ::1 /Public/upload/127.mp4
INFO: [ app_init ] --START--
INFO: Run Behavior\BuildLiteBehavior [ RunTime:0.000095s ]
INFO: [ app_init ] --END-- [ RunTime:0.000859s ]
ERR: 无法加载模块:Public

[ 2016-03-22T16:00:08+08:00 ] ::1 /Public/asset/css/main.css.map
INFO: [ app_init ] --START--
INFO: Run Behavior\BuildLiteBehavior [ RunTime:0.000204s ]
INFO: [ app_init ] --END-- [ RunTime:0.000985s ]
ERR: 无法加载模块:Public

[ 2016-03-22T16:00:13+08:00 ] ::1 /Public/asset/css/main.css.map
INFO: [ app_init ] --START--
INFO: Run Behavior\BuildLiteBehavior [ RunTime:0.000116s ]
INFO: [ app_init ] --END-- [ RunTime:0.001066s ]
ERR: 无法加载模块:Public

[ 2016-03-22T16:39:50+08:00 ] ::1 /imglist/%E6%98%8E%E6%98%9F%E3%83%AD%E3%82%B1%E3%83%83%E3%83%88.png
INFO: [ app_init ] --START--
INFO: Run Behavior\BuildLiteBehavior [ RunTime:0.000088s ]
INFO: [ app_init ] --END-- [ RunTime:0.000742s ]
ERR: 无法加载模块:Imglist

[ 2016-03-22T16:39:51+08:00 ] ::1 /Public/imglist/Yet%20Another
INFO: [ app_init ] --START--
INFO: Run Behavior\BuildLiteBehavior [ RunTime:0.000088s ]
INFO: [ app_init ] --END-- [ RunTime:0.000766s ]
ERR: 无法加载模块:Public

[ 2016-03-22T16:39:51+08:00 ] ::1 /Public/imglist/%EF%BC%8A%E3%83%8F%E3%83%AD%E3%83%BC%E3%80%81%E3%83%97%E3%83%A9%E3%83%8D%E3%83%83%E3%83%88%E3%80%82.png
INFO: [ app_init ] --START--
INFO: Run Behavior\BuildLiteBehavior [ RunTime:0.000089s ]
INFO: [ app_init ] --END-- [ RunTime:0.000736s ]
ERR: 无法加载模块:Public

[ 2016-03-22T16:39:51+08:00 ] ::1 /Public/imglist/L'%C3%A9pilogue.png
INFO: [ app_init ] --START--
INFO: Run Behavior\BuildLiteBehavior [ RunTime:0.000123s ]
INFO: [ app_init ] --END-- [ RunTime:0.000957s ]
ERR: 无法加载模块:Public

[ 2016-03-22T16:39:51+08:00 ] ::1 /Public/imglist/Air's%20gravity.png
INFO: [ app_init ] --START--
INFO: Run Behavior\BuildLiteBehavior [ RunTime:0.000085s ]
INFO: [ app_init ] --END-- [ RunTime:0.000754s ]
ERR: 无法加载模块:Public

[ 2016-03-22T16:39:51+08:00 ] ::1 /Public/imglist/%E3%81%A4%E3%81%91%E3%81%BE%E3%81%A4%E3%81%91%E3%82%8B.png
INFO: [ app_init ] --START--
INFO: Run Behavior\BuildLiteBehavior [ RunTime:0.000094s ]
INFO: [ app_init ] --END-- [ RunTime:0.000775s ]
ERR: 无法加载模块:Public

[ 2016-03-22T16:39:51+08:00 ] ::1 /Public/imglist/%E6%82%AA%E6%88%B1.png
INFO: [ app_init ] --START--
INFO: Run Behavior\BuildLiteBehavior [ RunTime:0.000161s ]
INFO: [ app_init ] --END-- [ RunTime:0.001336s ]
ERR: 无法加载模块:Public

[ 2016-03-22T16:39:51+08:00 ] ::1 /Public/imglist/CANDY%20CANDY.png
INFO: [ app_init ] --START--
INFO: Run Behavior\BuildLiteBehavior [ RunTime:0.000159s ]
INFO: [ app_init ] --END-- [ RunTime:0.001367s ]
ERR: 无法加载模块:Public

[ 2016-03-22T16:39:51+08:00 ] ::1 /Public/imglist/1/3%E3%81%AE%E7%B4%94%E6%83%85%E3%81%AA%E6%84%9F%E6%83%85.png
INFO: [ app_init ] --START--
INFO: Run Behavior\BuildLiteBehavior [ RunTime:0.000089s ]
INFO: [ app_init ] --END-- [ RunTime:0.000956s ]
ERR: 无法加载模块:Public

[ 2016-03-22T16:39:51+08:00 ] ::1 /Public/imglist/SPELL%20MAGIC.png
INFO: [ app_init ] --START--
INFO: Run Behavior\BuildLiteBehavior [ RunTime:0.000147s ]
INFO: [ app_init ] --END-- [ RunTime:0.001270s ]
ERR: 无法加载模块:Public

[ 2016-03-22T16:39:58+08:00 ] ::1 /Public/asset/css/main.css.map
INFO: [ app_init ] --START--
INFO: Run Behavior\BuildLiteBehavior [ RunTime:0.000088s ]
INFO: [ app_init ] --END-- [ RunTime:0.000762s ]
ERR: 无法加载模块:Public

[ 2016-03-22T16:40:42+08:00 ] ::1 /Public/asset/css/main.css.map
INFO: [ app_init ] --START--
INFO: Run Behavior\BuildLiteBehavior [ RunTime:0.000093s ]
INFO: [ app_init ] --END-- [ RunTime:0.001163s ]
ERR: 无法加载模块:Public

[ 2016-03-22T17:06:28+08:00 ] ::1 /imglist/%E6%98%8E%E6%98%9F%E3%83%AD%E3%82%B1%E3%83%83%E3%83%88.png
INFO: [ app_init ] --START--
INFO: Run Behavior\BuildLiteBehavior [ RunTime:0.000119s ]
INFO: [ app_init ] --END-- [ RunTime:0.001004s ]
ERR: 无法加载模块:Imglist

[ 2016-03-22T17:06:28+08:00 ] ::1 /Public/imglist/L'%C3%A9pilogue.png
INFO: [ app_init ] --START--
INFO: Run Behavior\BuildLiteBehavior [ RunTime:0.000267s ]
INFO: [ app_init ] --END-- [ RunTime:0.001536s ]
ERR: 无法加载模块:Public

[ 2016-03-22T17:06:28+08:00 ] ::1 /Public/imglist/Air's%20gravity.png
INFO: [ app_init ] --START--
INFO: Run Behavior\BuildLiteBehavior [ RunTime:0.000092s ]
INFO: [ app_init ] --END-- [ RunTime:0.000784s ]
ERR: 无法加载模块:Public

[ 2016-03-22T17:06:29+08:00 ] ::1 /Public/imglist/Yet%20Another
INFO: [ app_init ] --START--
INFO: Run Behavior\BuildLiteBehavior [ RunTime:0.000136s ]
INFO: [ app_init ] --END-- [ RunTime:0.001028s ]
ERR: 无法加载模块:Public

[ 2016-03-22T17:06:29+08:00 ] ::1 /Public/imglist/%EF%BC%8A%E3%83%8F%E3%83%AD%E3%83%BC%E3%80%81%E3%83%97%E3%83%A9%E3%83%8D%E3%83%83%E3%83%88%E3%80%82.png
INFO: [ app_init ] --START--
INFO: Run Behavior\BuildLiteBehavior [ RunTime:0.000088s ]
INFO: [ app_init ] --END-- [ RunTime:0.000765s ]
ERR: 无法加载模块:Public

[ 2016-03-22T17:06:29+08:00 ] ::1 /Public/imglist/%E6%82%AA%E6%88%B1.png
INFO: [ app_init ] --START--
INFO: Run Behavior\BuildLiteBehavior [ RunTime:0.000091s ]
INFO: [ app_init ] --END-- [ RunTime:0.000788s ]
ERR: 无法加载模块:Public

[ 2016-03-22T17:06:29+08:00 ] ::1 /Public/imglist/CANDY%20CANDY.png
INFO: [ app_init ] --START--
INFO: Run Behavior\BuildLiteBehavior [ RunTime:0.000136s ]
INFO: [ app_init ] --END-- [ RunTime:0.001122s ]
ERR: 无法加载模块:Public

[ 2016-03-22T17:06:29+08:00 ] ::1 /Public/imglist/%E3%81%A4%E3%81%91%E3%81%BE%E3%81%A4%E3%81%91%E3%82%8B.png
INFO: [ app_init ] --START--
INFO: Run Behavior\BuildLiteBehavior [ RunTime:0.000193s ]
INFO: [ app_init ] --END-- [ RunTime:0.001368s ]
ERR: 无法加载模块:Public

[ 2016-03-22T17:06:29+08:00 ] ::1 /Public/imglist/1/3%E3%81%AE%E7%B4%94%E6%83%85%E3%81%AA%E6%84%9F%E6%83%85.png
INFO: [ app_init ] --START--
INFO: Run Behavior\BuildLiteBehavior [ RunTime:0.000121s ]
INFO: [ app_init ] --END-- [ RunTime:0.001103s ]
ERR: 无法加载模块:Public

[ 2016-03-22T17:06:29+08:00 ] ::1 /Public/imglist/SPELL%20MAGIC.png
INFO: [ app_init ] --START--
INFO: Run Behavior\BuildLiteBehavior [ RunTime:0.000130s ]
INFO: [ app_init ] --END-- [ RunTime:0.000914s ]
ERR: 无法加载模块:Public

[ 2016-03-22T17:06:31+08:00 ] ::1 /imglist/%E6%98%8E%E6%98%9F%E3%83%AD%E3%82%B1%E3%83%83%E3%83%88.png
INFO: [ app_init ] --START--
INFO: Run Behavior\BuildLiteBehavior [ RunTime:0.000108s ]
INFO: [ app_init ] --END-- [ RunTime:0.000845s ]
ERR: 无法加载模块:Imglist

[ 2016-03-22T17:06:31+08:00 ] ::1 /Public/imglist/Yet%20Another
INFO: [ app_init ] --START--
INFO: Run Behavior\BuildLiteBehavior [ RunTime:0.000083s ]
INFO: [ app_init ] --END-- [ RunTime:0.000858s ]
ERR: 无法加载模块:Public

[ 2016-03-22T17:06:31+08:00 ] ::1 /Public/imglist/L'%C3%A9pilogue.png
INFO: [ app_init ] --START--
INFO: Run Behavior\BuildLiteBehavior [ RunTime:0.000168s ]
INFO: [ app_init ] --END-- [ RunTime:0.001408s ]
ERR: 无法加载模块:Public

[ 2016-03-22T17:06:31+08:00 ] ::1 /Public/imglist/Air's%20gravity.png
INFO: [ app_init ] --START--
INFO: Run Behavior\BuildLiteBehavior [ RunTime:0.000105s ]
INFO: [ app_init ] --END-- [ RunTime:0.000887s ]
ERR: 无法加载模块:Public

[ 2016-03-22T17:06:32+08:00 ] ::1 /Public/imglist/%EF%BC%8A%E3%83%8F%E3%83%AD%E3%83%BC%E3%80%81%E3%83%97%E3%83%A9%E3%83%8D%E3%83%83%E3%83%88%E3%80%82.png
INFO: [ app_init ] --START--
INFO: Run Behavior\BuildLiteBehavior [ RunTime:0.000146s ]
INFO: [ app_init ] --END-- [ RunTime:0.001027s ]
ERR: 无法加载模块:Public

[ 2016-03-22T17:06:32+08:00 ] ::1 /Public/imglist/%E6%82%AA%E6%88%B1.png
INFO: [ app_init ] --START--
INFO: Run Behavior\BuildLiteBehavior [ RunTime:0.000089s ]
INFO: [ app_init ] --END-- [ RunTime:0.000797s ]
ERR: 无法加载模块:Public

[ 2016-03-22T17:06:32+08:00 ] ::1 /Public/imglist/1/3%E3%81%AE%E7%B4%94%E6%83%85%E3%81%AA%E6%84%9F%E6%83%85.png
INFO: [ app_init ] --START--
INFO: Run Behavior\BuildLiteBehavior [ RunTime:0.000168s ]
INFO: [ app_init ] --END-- [ RunTime:0.001388s ]
ERR: 无法加载模块:Public

[ 2016-03-22T17:06:32+08:00 ] ::1 /Public/imglist/CANDY%20CANDY.png
INFO: [ app_init ] --START--
INFO: Run Behavior\BuildLiteBehavior [ RunTime:0.000129s ]
INFO: [ app_init ] --END-- [ RunTime:0.001141s ]
ERR: 无法加载模块:Public

[ 2016-03-22T17:06:32+08:00 ] ::1 /Public/imglist/%E3%81%A4%E3%81%91%E3%81%BE%E3%81%A4%E3%81%91%E3%82%8B.png
INFO: [ app_init ] --START--
INFO: Run Behavior\BuildLiteBehavior [ RunTime:0.000090s ]
INFO: [ app_init ] --END-- [ RunTime:0.000938s ]
ERR: 无法加载模块:Public

[ 2016-03-22T17:06:32+08:00 ] ::1 /Public/imglist/SPELL%20MAGIC.png
INFO: [ app_init ] --START--
INFO: Run Behavior\BuildLiteBehavior [ RunTime:0.000224s ]
INFO: [ app_init ] --END-- [ RunTime:0.001494s ]
ERR: 无法加载模块:Public

[ 2016-03-22T17:16:15+08:00 ] ::1 /Public/asset/css/main.css.map
INFO: [ app_init ] --START--
INFO: Run Behavior\BuildLiteBehavior [ RunTime:0.000109s ]
INFO: [ app_init ] --END-- [ RunTime:0.001039s ]
ERR: 无法加载模块:Public

[ 2016-03-22T17:16:25+08:00 ] ::1 /Public/asset/css/main.css.map
INFO: [ app_init ] --START--
INFO: Run Behavior\BuildLiteBehavior [ RunTime:0.000153s ]
INFO: [ app_init ] --END-- [ RunTime:0.001230s ]
ERR: 无法加载模块:Public

[ 2016-03-22T17:17:34+08:00 ] ::1 /Public/asset/css/main.css.map
INFO: [ app_init ] --START--
INFO: Run Behavior\BuildLiteBehavior [ RunTime:0.000175s ]
INFO: [ app_init ] --END-- [ RunTime:0.000956s ]
ERR: 无法加载模块:Public

[ 2016-03-22T17:18:47+08:00 ] ::1 /Public/asset/css/main.css.map
INFO: [ app_init ] --START--
INFO: Run Behavior\BuildLiteBehavior [ RunTime:0.000146s ]
INFO: [ app_init ] --END-- [ RunTime:0.000987s ]
ERR: 无法加载模块:Public

[ 2016-03-22T17:19:16+08:00 ] ::1 /Public/asset/css/main.css.map
INFO: [ app_init ] --START--
INFO: Run Behavior\BuildLiteBehavior [ RunTime:0.000136s ]
INFO: [ app_init ] --END-- [ RunTime:0.001053s ]
ERR: 无法加载模块:Public

[ 2016-03-22T17:19:31+08:00 ] ::1 /Public/asset/css/main.css.map
INFO: [ app_init ] --START--
INFO: Run Behavior\BuildLiteBehavior [ RunTime:0.000093s ]
INFO: [ app_init ] --END-- [ RunTime:0.000863s ]
ERR: 无法加载模块:Public

[ 2016-03-22T17:20:37+08:00 ] ::1 /Public/asset/css/main.css.map
INFO: [ app_init ] --START--
INFO: Run Behavior\BuildLiteBehavior [ RunTime:0.000132s ]
INFO: [ app_init ] --END-- [ RunTime:0.000981s ]
ERR: 无法加载模块:Public

[ 2016-03-22T17:20:52+08:00 ] ::1 /Public/asset/css/main.css.map
INFO: [ app_init ] --START--
INFO: Run Behavior\BuildLiteBehavior [ RunTime:0.000103s ]
INFO: [ app_init ] --END-- [ RunTime:0.000749s ]
ERR: 无法加载模块:Public

[ 2016-03-22T17:21:11+08:00 ] ::1 /Public/asset/css/main.css.map
INFO: [ app_init ] --START--
INFO: Run Behavior\BuildLiteBehavior [ RunTime:0.000120s ]
INFO: [ app_init ] --END-- [ RunTime:0.000796s ]
ERR: 无法加载模块:Public

[ 2016-03-22T17:25:22+08:00 ] ::1 /Public/asset/css/main.css.map
INFO: [ app_init ] --START--
INFO: Run Behavior\BuildLiteBehavior [ RunTime:0.000210s ]
INFO: [ app_init ] --END-- [ RunTime:0.001210s ]
ERR: 无法加载模块:Public

[ 2016-03-22T17:26:15+08:00 ] ::1 /Public/asset/css/main.css.map
INFO: [ app_init ] --START--
INFO: Run Behavior\BuildLiteBehavior [ RunTime:0.000178s ]
INFO: [ app_init ] --END-- [ RunTime:0.001375s ]
ERR: 无法加载模块:Public

[ 2016-03-22T17:26:25+08:00 ] ::1 /Public/asset/css/main.css.map
INFO: [ app_init ] --START--
INFO: Run Behavior\BuildLiteBehavior [ RunTime:0.000109s ]
INFO: [ app_init ] --END-- [ RunTime:0.000913s ]
ERR: 无法加载模块:Public

[ 2016-03-22T17:31:32+08:00 ] ::1 /Public/asset/css/main.css.map
INFO: [ app_init ] --START--
INFO: Run Behavior\BuildLiteBehavior [ RunTime:0.000160s ]
INFO: [ app_init ] --END-- [ RunTime:0.001526s ]
ERR: 无法加载模块:Public

[ 2016-03-22T17:58:16+08:00 ] 192.168.3.44 /imglist/%E6%98%8E%E6%98%9F%E3%83%AD%E3%82%B1%E3%83%83%E3%83%88.png
INFO: [ app_init ] --START--
INFO: Run Behavior\BuildLiteBehavior [ RunTime:0.000119s ]
INFO: [ app_init ] --END-- [ RunTime:0.000864s ]
ERR: 无法加载模块:Imglist

[ 2016-03-22T17:58:17+08:00 ] 192.168.3.44 /Public/imglist/L'%C3%A9pilogue.png
INFO: [ app_init ] --START--
INFO: Run Behavior\BuildLiteBehavior [ RunTime:0.000114s ]
INFO: [ app_init ] --END-- [ RunTime:0.000991s ]
ERR: 无法加载模块:Public

[ 2016-03-22T17:58:17+08:00 ] 192.168.3.44 /Public/imglist/Air's%20gravity.png
INFO: [ app_init ] --START--
INFO: Run Behavior\BuildLiteBehavior [ RunTime:0.000109s ]
INFO: [ app_init ] --END-- [ RunTime:0.000973s ]
ERR: 无法加载模块:Public

[ 2016-03-22T17:58:17+08:00 ] 192.168.3.44 /Public/imglist/Yet%20Another
INFO: [ app_init ] --START--
INFO: Run Behavior\BuildLiteBehavior [ RunTime:0.000080s ]
INFO: [ app_init ] --END-- [ RunTime:0.000729s ]
ERR: 无法加载模块:Public

[ 2016-03-22T17:58:17+08:00 ] 192.168.3.44 /Public/imglist/%EF%BC%8A%E3%83%8F%E3%83%AD%E3%83%BC%E3%80%81%E3%83%97%E3%83%A9%E3%83%8D%E3%83%83%E3%83%88%E3%80%82.png
INFO: [ app_init ] --START--
INFO: Run Behavior\BuildLiteBehavior [ RunTime:0.000182s ]
INFO: [ app_init ] --END-- [ RunTime:0.001595s ]
ERR: 无法加载模块:Public

[ 2016-03-22T17:58:17+08:00 ] 192.168.3.44 /Public/imglist/CANDY%20CANDY.png
INFO: [ app_init ] --START--
INFO: Run Behavior\BuildLiteBehavior [ RunTime:0.000146s ]
INFO: [ app_init ] --END-- [ RunTime:0.001884s ]
ERR: 无法加载模块:Public

[ 2016-03-22T17:58:17+08:00 ] 192.168.3.44 /Public/imglist/%E3%81%A4%E3%81%91%E3%81%BE%E3%81%A4%E3%81%91%E3%82%8B.png
INFO: [ app_init ] --START--
INFO: Run Behavior\BuildLiteBehavior [ RunTime:0.000143s ]
INFO: [ app_init ] --END-- [ RunTime:0.001575s ]
ERR: 无法加载模块:Public

[ 2016-03-22T17:58:17+08:00 ] 192.168.3.44 /Public/imglist/SPELL%20MAGIC.png
INFO: [ app_init ] --START--
INFO: Run Behavior\BuildLiteBehavior [ RunTime:0.000156s ]
INFO: [ app_init ] --END-- [ RunTime:0.001323s ]
ERR: 无法加载模块:Public

[ 2016-03-22T17:58:17+08:00 ] 192.168.3.44 /Public/imglist/1/3%E3%81%AE%E7%B4%94%E6%83%85%E3%81%AA%E6%84%9F%E6%83%85.png
INFO: [ app_init ] --START--
INFO: Run Behavior\BuildLiteBehavior [ RunTime:0.000153s ]
INFO: [ app_init ] --END-- [ RunTime:0.001710s ]
ERR: 无法加载模块:Public

[ 2016-03-22T17:58:18+08:00 ] 192.168.3.44 /Public/imglist/%E6%82%AA%E6%88%B1.png
INFO: [ app_init ] --START--
INFO: Run Behavior\BuildLiteBehavior [ RunTime:0.000123s ]
INFO: [ app_init ] --END-- [ RunTime:0.001065s ]
ERR: 无法加载模块:Public

[ 2016-03-22T17:58:59+08:00 ] 192.168.3.44 /imglist/%E6%98%8E%E6%98%9F%E3%83%AD%E3%82%B1%E3%83%83%E3%83%88.png
INFO: [ app_init ] --START--
INFO: Run Behavior\BuildLiteBehavior [ RunTime:0.000313s ]
INFO: [ app_init ] --END-- [ RunTime:0.002246s ]
ERR: 无法加载模块:Imglist

[ 2016-03-22T17:59:00+08:00 ] 192.168.3.44 /Public/imglist/Yet%20Another
INFO: [ app_init ] --START--
INFO: Run Behavior\BuildLiteBehavior [ RunTime:0.000090s ]
INFO: [ app_init ] --END-- [ RunTime:0.000980s ]
ERR: 无法加载模块:Public

[ 2016-03-22T17:59:00+08:00 ] 192.168.3.44 /Public/imglist/Air's%20gravity.png
INFO: [ app_init ] --START--
INFO: Run Behavior\BuildLiteBehavior [ RunTime:0.000162s ]
INFO: [ app_init ] --END-- [ RunTime:0.001464s ]
ERR: 无法加载模块:Public

[ 2016-03-22T17:59:00+08:00 ] 192.168.3.44 /Public/imglist/L'%C3%A9pilogue.png
INFO: [ app_init ] --START--
INFO: Run Behavior\BuildLiteBehavior [ RunTime:0.000155s ]
INFO: [ app_init ] --END-- [ RunTime:0.001409s ]
ERR: 无法加载模块:Public

[ 2016-03-22T17:59:00+08:00 ] 192.168.3.44 /Public/imglist/%EF%BC%8A%E3%83%8F%E3%83%AD%E3%83%BC%E3%80%81%E3%83%97%E3%83%A9%E3%83%8D%E3%83%83%E3%83%88%E3%80%82.png
INFO: [ app_init ] --START--
INFO: Run Behavior\BuildLiteBehavior [ RunTime:0.000150s ]
INFO: [ app_init ] --END-- [ RunTime:0.001255s ]
ERR: 无法加载模块:Public

[ 2016-03-22T17:59:00+08:00 ] 192.168.3.44 /Public/imglist/%E6%82%AA%E6%88%B1.png
INFO: [ app_init ] --START--
INFO: Run Behavior\BuildLiteBehavior [ RunTime:0.000085s ]
INFO: [ app_init ] --END-- [ RunTime:0.000770s ]
ERR: 无法加载模块:Public

[ 2016-03-22T17:59:00+08:00 ] 192.168.3.44 /Public/imglist/1/3%E3%81%AE%E7%B4%94%E6%83%85%E3%81%AA%E6%84%9F%E6%83%85.png
INFO: [ app_init ] --START--
INFO: Run Behavior\BuildLiteBehavior [ RunTime:0.000262s ]
INFO: [ app_init ] --END-- [ RunTime:0.001634s ]
ERR: 无法加载模块:Public

[ 2016-03-22T17:59:00+08:00 ] 192.168.3.44 /Public/imglist/%E3%81%A4%E3%81%91%E3%81%BE%E3%81%A4%E3%81%91%E3%82%8B.png
INFO: [ app_init ] --START--
INFO: Run Behavior\BuildLiteBehavior [ RunTime:0.000330s ]
INFO: [ app_init ] --END-- [ RunTime:0.001851s ]
ERR: 无法加载模块:Public

[ 2016-03-22T17:59:00+08:00 ] 192.168.3.44 /Public/imglist/SPELL%20MAGIC.png
INFO: [ app_init ] --START--
INFO: Run Behavior\BuildLiteBehavior [ RunTime:0.000173s ]
INFO: [ app_init ] --END-- [ RunTime:0.001403s ]
ERR: 无法加载模块:Public

[ 2016-03-22T17:59:00+08:00 ] 192.168.3.44 /Public/imglist/CANDY%20CANDY.png
INFO: [ app_init ] --START--
INFO: Run Behavior\BuildLiteBehavior [ RunTime:0.000169s ]
INFO: [ app_init ] --END-- [ RunTime:0.001544s ]
ERR: 无法加载模块:Public

[ 2016-03-22T18:03:38+08:00 ] ::1 /Public/asset/css/main.css.map
INFO: [ app_init ] --START--
INFO: Run Behavior\BuildLiteBehavior [ RunTime:0.000092s ]
INFO: [ app_init ] --END-- [ RunTime:0.000847s ]
ERR: 无法加载模块:Public

[ 2016-03-22T18:04:00+08:00 ] ::1 /Public/asset/css/main.css.map
INFO: [ app_init ] --START--
INFO: Run Behavior\BuildLiteBehavior [ RunTime:0.000205s ]
INFO: [ app_init ] --END-- [ RunTime:0.001431s ]
ERR: 无法加载模块:Public

[ 2016-03-22T18:10:58+08:00 ] ::1 /imglist/%E6%98%8E%E6%98%9F%E3%83%AD%E3%82%B1%E3%83%83%E3%83%88.png
INFO: [ app_init ] --START--
INFO: Run Behavior\BuildLiteBehavior [ RunTime:0.000137s ]
INFO: [ app_init ] --END-- [ RunTime:0.000861s ]
ERR: 无法加载模块:Imglist

[ 2016-03-22T18:10:58+08:00 ] ::1 /Public/imglist/Yet%20Another
INFO: [ app_init ] --START--
INFO: Run Behavior\BuildLiteBehavior [ RunTime:0.000084s ]
INFO: [ app_init ] --END-- [ RunTime:0.000730s ]
ERR: 无法加载模块:Public

[ 2016-03-22T18:10:58+08:00 ] ::1 /Public/imglist/L'%C3%A9pilogue.png
INFO: [ app_init ] --START--
INFO: Run Behavior\BuildLiteBehavior [ RunTime:0.000082s ]
INFO: [ app_init ] --END-- [ RunTime:0.000750s ]
ERR: 无法加载模块:Public

[ 2016-03-22T18:10:58+08:00 ] ::1 /Public/imglist/Air's%20gravity.png
INFO: [ app_init ] --START--
INFO: Run Behavior\BuildLiteBehavior [ RunTime:0.000086s ]
INFO: [ app_init ] --END-- [ RunTime:0.001000s ]
ERR: 无法加载模块:Public

[ 2016-03-22T18:10:58+08:00 ] ::1 /Public/imglist/%EF%BC%8A%E3%83%8F%E3%83%AD%E3%83%BC%E3%80%81%E3%83%97%E3%83%A9%E3%83%8D%E3%83%83%E3%83%88%E3%80%82.png
INFO: [ app_init ] --START--
INFO: Run Behavior\BuildLiteBehavior [ RunTime:0.000088s ]
INFO: [ app_init ] --END-- [ RunTime:0.000835s ]
ERR: 无法加载模块:Public

[ 2016-03-22T18:10:58+08:00 ] ::1 /Public/imglist/%E6%82%AA%E6%88%B1.png
INFO: [ app_init ] --START--
INFO: Run Behavior\BuildLiteBehavior [ RunTime:0.000147s ]
INFO: [ app_init ] --END-- [ RunTime:0.001215s ]
ERR: 无法加载模块:Public

[ 2016-03-22T18:10:58+08:00 ] ::1 /Public/imglist/1/3%E3%81%AE%E7%B4%94%E6%83%85%E3%81%AA%E6%84%9F%E6%83%85.png
INFO: [ app_init ] --START--
INFO: Run Behavior\BuildLiteBehavior [ RunTime:0.000214s ]
INFO: [ app_init ] --END-- [ RunTime:0.001410s ]
ERR: 无法加载模块:Public

[ 2016-03-22T18:10:58+08:00 ] ::1 /Public/imglist/%E3%81%A4%E3%81%91%E3%81%BE%E3%81%A4%E3%81%91%E3%82%8B.png
INFO: [ app_init ] --START--
INFO: Run Behavior\BuildLiteBehavior [ RunTime:0.000111s ]
INFO: [ app_init ] --END-- [ RunTime:0.001318s ]
ERR: 无法加载模块:Public

[ 2016-03-22T18:10:58+08:00 ] ::1 /Public/imglist/CANDY%20CANDY.png
INFO: [ app_init ] --START--
INFO: Run Behavior\BuildLiteBehavior [ RunTime:0.000160s ]
INFO: [ app_init ] --END-- [ RunTime:0.001369s ]
ERR: 无法加载模块:Public

[ 2016-03-22T18:10:58+08:00 ] ::1 /Public/imglist/SPELL%20MAGIC.png
INFO: [ app_init ] --START--
INFO: Run Behavior\BuildLiteBehavior [ RunTime:0.000151s ]
INFO: [ app_init ] --END-- [ RunTime:0.001236s ]
ERR: 无法加载模块:Public

[ 2016-03-22T18:16:14+08:00 ] 192.168.3.44 /imglist/%E6%98%8E%E6%98%9F%E3%83%AD%E3%82%B1%E3%83%83%E3%83%88.png
INFO: [ app_init ] --START--
INFO: Run Behavior\BuildLiteBehavior [ RunTime:0.000182s ]
INFO: [ app_init ] --END-- [ RunTime:0.001601s ]
ERR: 无法加载模块:Imglist

[ 2016-03-22T18:16:14+08:00 ] 192.168.3.44 /Public/imglist/Yet%20Another
INFO: [ app_init ] --START--
INFO: Run Behavior\BuildLiteBehavior [ RunTime:0.000084s ]
INFO: [ app_init ] --END-- [ RunTime:0.000774s ]
ERR: 无法加载模块:Public

[ 2016-03-22T18:16:14+08:00 ] 192.168.3.44 /Public/imglist/L'%C3%A9pilogue.png
INFO: [ app_init ] --START--
INFO: Run Behavior\BuildLiteBehavior [ RunTime:0.000164s ]
INFO: [ app_init ] --END-- [ RunTime:0.001263s ]
ERR: 无法加载模块:Public

[ 2016-03-22T18:16:14+08:00 ] 192.168.3.44 /Public/imglist/%EF%BC%8A%E3%83%8F%E3%83%AD%E3%83%BC%E3%80%81%E3%83%97%E3%83%A9%E3%83%8D%E3%83%83%E3%83%88%E3%80%82.png
INFO: [ app_init ] --START--
INFO: Run Behavior\BuildLiteBehavior [ RunTime:0.000334s ]
INFO: [ app_init ] --END-- [ RunTime:0.003500s ]
ERR: 无法加载模块:Public

[ 2016-03-22T18:16:14+08:00 ] 192.168.3.44 /Public/imglist/%E6%82%AA%E6%88%B1.png
INFO: [ app_init ] --START--
INFO: Run Behavior\BuildLiteBehavior [ RunTime:0.000353s ]
INFO: [ app_init ] --END-- [ RunTime:0.003111s ]
ERR: 无法加载模块:Public

[ 2016-03-22T18:16:14+08:00 ] 192.168.3.44 /Public/imglist/1/3%E3%81%AE%E7%B4%94%E6%83%85%E3%81%AA%E6%84%9F%E6%83%85.png
INFO: [ app_init ] --START--
INFO: Run Behavior\BuildLiteBehavior [ RunTime:0.000193s ]
INFO: [ app_init ] --END-- [ RunTime:0.001556s ]
ERR: 无法加载模块:Public

[ 2016-03-22T18:16:14+08:00 ] 192.168.3.44 /Public/imglist/CANDY%20CANDY.png
INFO: [ app_init ] --START--
INFO: Run Behavior\BuildLiteBehavior [ RunTime:0.000165s ]
INFO: [ app_init ] --END-- [ RunTime:0.001589s ]
ERR: 无法加载模块:Public

[ 2016-03-22T18:16:14+08:00 ] 192.168.3.44 /Public/imglist/%E3%81%A4%E3%81%91%E3%81%BE%E3%81%A4%E3%81%91%E3%82%8B.png
INFO: [ app_init ] --START--
INFO: Run Behavior\BuildLiteBehavior [ RunTime:0.000179s ]
INFO: [ app_init ] --END-- [ RunTime:0.001497s ]
ERR: 无法加载模块:Public

[ 2016-03-22T18:20:55+08:00 ] ::1 /Public/asset/css/main.css.map
INFO: [ app_init ] --START--
INFO: Run Behavior\BuildLiteBehavior [ RunTime:0.000087s ]
INFO: [ app_init ] --END-- [ RunTime:0.000777s ]
ERR: 无法加载模块:Public

[ 2016-03-22T18:20:57+08:00 ] ::1 /imglist/%E6%98%8E%E6%98%9F%E3%83%AD%E3%82%B1%E3%83%83%E3%83%88.png
INFO: [ app_init ] --START--
INFO: Run Behavior\BuildLiteBehavior [ RunTime:0.000119s ]
INFO: [ app_init ] --END-- [ RunTime:0.000973s ]
ERR: 无法加载模块:Imglist

[ 2016-03-22T18:20:57+08:00 ] ::1 /Public/asset/css/main.css.map
INFO: [ app_init ] --START--
INFO: Run Behavior\BuildLiteBehavior [ RunTime:0.000165s ]
INFO: [ app_init ] --END-- [ RunTime:0.001390s ]
ERR: 无法加载模块:Public

[ 2016-03-22T18:20:57+08:00 ] ::1 /Public/imglist/L'%C3%A9pilogue.png
INFO: [ app_init ] --START--
INFO: Run Behavior\BuildLiteBehavior [ RunTime:0.000146s ]
INFO: [ app_init ] --END-- [ RunTime:0.001285s ]
ERR: 无法加载模块:Public

[ 2016-03-22T18:20:57+08:00 ] ::1 /Public/imglist/Air's%20gravity.png
INFO: [ app_init ] --START--
INFO: Run Behavior\BuildLiteBehavior [ RunTime:0.000145s ]
INFO: [ app_init ] --END-- [ RunTime:0.001314s ]
ERR: 无法加载模块:Public

[ 2016-03-22T18:20:57+08:00 ] ::1 /Public/imglist/%EF%BC%8A%E3%83%8F%E3%83%AD%E3%83%BC%E3%80%81%E3%83%97%E3%83%A9%E3%83%8D%E3%83%83%E3%83%88%E3%80%82.png
INFO: [ app_init ] --START--
INFO: Run Behavior\BuildLiteBehavior [ RunTime:0.000117s ]
INFO: [ app_init ] --END-- [ RunTime:0.001137s ]
ERR: 无法加载模块:Public

[ 2016-03-22T18:20:57+08:00 ] ::1 /Public/imglist/Yet%20Another
INFO: [ app_init ] --START--
INFO: Run Behavior\BuildLiteBehavior [ RunTime:0.000091s ]
INFO: [ app_init ] --END-- [ RunTime:0.000780s ]
ERR: 无法加载模块:Public

[ 2016-03-22T18:20:57+08:00 ] ::1 /Public/imglist/%E6%82%AA%E6%88%B1.png
INFO: [ app_init ] --START--
INFO: Run Behavior\BuildLiteBehavior [ RunTime:0.000090s ]
INFO: [ app_init ] --END-- [ RunTime:0.000899s ]
ERR: 无法加载模块:Public

[ 2016-03-22T18:20:57+08:00 ] ::1 /Public/imglist/%E3%81%A4%E3%81%91%E3%81%BE%E3%81%A4%E3%81%91%E3%82%8B.png
INFO: [ app_init ] --START--
INFO: Run Behavior\BuildLiteBehavior [ RunTime:0.000190s ]
INFO: [ app_init ] --END-- [ RunTime:0.001397s ]
ERR: 无法加载模块:Public

[ 2016-03-22T18:20:57+08:00 ] ::1 /Public/imglist/1/3%E3%81%AE%E7%B4%94%E6%83%85%E3%81%AA%E6%84%9F%E6%83%85.png
INFO: [ app_init ] --START--
INFO: Run Behavior\BuildLiteBehavior [ RunTime:0.000158s ]
INFO: [ app_init ] --END-- [ RunTime:0.001787s ]
ERR: 无法加载模块:Public

[ 2016-03-22T18:20:57+08:00 ] ::1 /Public/imglist/CANDY%20CANDY.png
INFO: [ app_init ] --START--
INFO: Run Behavior\BuildLiteBehavior [ RunTime:0.000165s ]
INFO: [ app_init ] --END-- [ RunTime:0.001419s ]
ERR: 无法加载模块:Public

[ 2016-03-22T18:20:57+08:00 ] ::1 /Public/imglist/SPELL%20MAGIC.png
INFO: [ app_init ] --START--
INFO: Run Behavior\BuildLiteBehavior [ RunTime:0.000093s ]
INFO: [ app_init ] --END-- [ RunTime:0.000968s ]
ERR: 无法加载模块:Public

[ 2016-03-22T18:21:07+08:00 ] ::1 /imglist/%E6%98%8E%E6%98%9F%E3%83%AD%E3%82%B1%E3%83%83%E3%83%88.png
INFO: [ app_init ] --START--
INFO: Run Behavior\BuildLiteBehavior [ RunTime:0.000086s ]
INFO: [ app_init ] --END-- [ RunTime:0.000756s ]
ERR: 无法加载模块:Imglist

[ 2016-03-22T18:35:21+08:00 ] ::1 /Public/imglist/%E5%9B%9B%E6%AC%A1%E5%85%83%E8%B7%B3%E8%BA%8D%E6%A9%9F%E9%96%A2.png
INFO: [ app_init ] --START--
INFO: Run Behavior\BuildLiteBehavior [ RunTime:0.000097s ]
INFO: [ app_init ] --END-- [ RunTime:0.001090s ]
ERR: 无法加载模块:Public

[ 2016-03-22T18:36:48+08:00 ] ::1 /Public/imglist/%E5%9B%9B%E6%AC%A1%E5%85%83%E8%B7%B3%E8%BA%8D%E6%A9%9F%E9%96%A2.png
INFO: [ app_init ] --START--
INFO: Run Behavior\BuildLiteBehavior [ RunTime:0.000099s ]
INFO: [ app_init ] --END-- [ RunTime:0.000919s ]
ERR: 无法加载模块:Public

[ 2016-03-22T18:36:50+08:00 ] ::1 /imglist/%E6%98%8E%E6%98%9F%E3%83%AD%E3%82%B1%E3%83%83%E3%83%88.png
INFO: [ app_init ] --START--
INFO: Run Behavior\BuildLiteBehavior [ RunTime:0.000112s ]
INFO: [ app_init ] --END-- [ RunTime:0.001099s ]
ERR: 无法加载模块:Imglist

[ 2016-03-22T18:36:50+08:00 ] ::1 /Public/asset/css/main.css.map
INFO: [ app_init ] --START--
INFO: Run Behavior\BuildLiteBehavior [ RunTime:0.000092s ]
INFO: [ app_init ] --END-- [ RunTime:0.001031s ]
ERR: 无法加载模块:Public

[ 2016-03-22T18:36:50+08:00 ] ::1 /Public/imglist/L'%C3%A9pilogue.png
INFO: [ app_init ] --START--
INFO: Run Behavior\BuildLiteBehavior [ RunTime:0.000102s ]
INFO: [ app_init ] --END-- [ RunTime:0.001167s ]
ERR: 无法加载模块:Public

[ 2016-03-22T18:36:50+08:00 ] ::1 /Public/imglist/Air's%20gravity.png
INFO: [ app_init ] --START--
INFO: Run Behavior\BuildLiteBehavior [ RunTime:0.000120s ]
INFO: [ app_init ] --END-- [ RunTime:0.001018s ]
ERR: 无法加载模块:Public

[ 2016-03-22T18:36:50+08:00 ] ::1 /Public/imglist/%EF%BC%8A%E3%83%8F%E3%83%AD%E3%83%BC%E3%80%81%E3%83%97%E3%83%A9%E3%83%8D%E3%83%83%E3%83%88%E3%80%82.png
INFO: [ app_init ] --START--
INFO: Run Behavior\BuildLiteBehavior [ RunTime:0.000100s ]
INFO: [ app_init ] --END-- [ RunTime:0.000962s ]
ERR: 无法加载模块:Public

[ 2016-03-22T18:36:50+08:00 ] ::1 /Public/imglist/Yet%20Another
INFO: [ app_init ] --START--
INFO: Run Behavior\BuildLiteBehavior [ RunTime:0.000200s ]
INFO: [ app_init ] --END-- [ RunTime:0.001379s ]
ERR: 无法加载模块:Public

[ 2016-03-22T18:36:50+08:00 ] ::1 /Public/imglist/%E5%9B%9B%E6%AC%A1%E5%85%83%E8%B7%B3%E8%BA%8D%E6%A9%9F%E9%96%A2.png
INFO: [ app_init ] --START--
INFO: Run Behavior\BuildLiteBehavior [ RunTime:0.000154s ]
INFO: [ app_init ] --END-- [ RunTime:0.001604s ]
ERR: 无法加载模块:Public

[ 2016-03-22T18:36:51+08:00 ] ::1 /Public/imglist/%E6%82%AA%E6%88%B1.png
INFO: [ app_init ] --START--
INFO: Run Behavior\BuildLiteBehavior [ RunTime:0.000089s ]
INFO: [ app_init ] --END-- [ RunTime:0.000789s ]
ERR: 无法加载模块:Public

[ 2016-03-22T18:36:51+08:00 ] ::1 /Public/imglist/%E3%81%A4%E3%81%91%E3%81%BE%E3%81%A4%E3%81%91%E3%82%8B.png
INFO: [ app_init ] --START--
INFO: Run Behavior\BuildLiteBehavior [ RunTime:0.000100s ]
INFO: [ app_init ] --END-- [ RunTime:0.000893s ]
ERR: 无法加载模块:Public

[ 2016-03-22T18:36:51+08:00 ] ::1 /Public/imglist/CANDY%20CANDY.png
INFO: [ app_init ] --START--
INFO: Run Behavior\BuildLiteBehavior [ RunTime:0.000125s ]
INFO: [ app_init ] --END-- [ RunTime:0.001003s ]
ERR: 无法加载模块:Public

[ 2016-03-22T18:36:51+08:00 ] ::1 /Public/imglist/SPELL%20MAGIC.png
INFO: [ app_init ] --START--
INFO: Run Behavior\BuildLiteBehavior [ RunTime:0.000158s ]
INFO: [ app_init ] --END-- [ RunTime:0.001361s ]
ERR: 无法加载模块:Public

[ 2016-03-22T18:36:51+08:00 ] ::1 /Public/imglist/1/3%E3%81%AE%E7%B4%94%E6%83%85%E3%81%AA%E6%84%9F%E6%83%85.png
INFO: [ app_init ] --START--
INFO: Run Behavior\BuildLiteBehavior [ RunTime:0.000174s ]
INFO: [ app_init ] --END-- [ RunTime:0.001372s ]
ERR: 无法加载模块:Public

[ 2016-03-22T18:36:54+08:00 ] ::1 /Public/imglist/%E5%9B%9B%E6%AC%A1%E5%85%83%E8%B7%B3%E8%BA%8D%E6%A9%9F%E9%96%A2.png
INFO: [ app_init ] --START--
INFO: Run Behavior\BuildLiteBehavior [ RunTime:0.000149s ]
INFO: [ app_init ] --END-- [ RunTime:0.001414s ]
ERR: 无法加载模块:Public

[ 2016-03-22T18:37:19+08:00 ] ::1 /Public/imglist/%E8%A8%80%E3%83%8E%E8%91%89%E3%82%AB%E3%83%AB%E3%83%9E.png
INFO: [ app_init ] --START--
INFO: Run Behavior\BuildLiteBehavior [ RunTime:0.000146s ]
INFO: [ app_init ] --END-- [ RunTime:0.000898s ]
ERR: 无法加载模块:Public

[ 2016-03-22T18:38:25+08:00 ] ::1 /Public/imglist/%E8%A8%80%E3%83%8E%E8%91%89%E3%82%AB%E3%83%AB%E3%83%9E.png
INFO: [ app_init ] --START--
INFO: Run Behavior\BuildLiteBehavior [ RunTime:0.000103s ]
INFO: [ app_init ] --END-- [ RunTime:0.000907s ]
ERR: 无法加载模块:Public

[ 2016-03-22T18:38:28+08:00 ] ::1 /Public/asset/css/main.css.map
INFO: [ app_init ] --START--
INFO: Run Behavior\BuildLiteBehavior [ RunTime:0.000086s ]
INFO: [ app_init ] --END-- [ RunTime:0.000927s ]
ERR: 无法加载模块:Public

[ 2016-03-22T18:38:58+08:00 ] ::1 /Public/asset/css/main.css.map
INFO: [ app_init ] --START--
INFO: Run Behavior\BuildLiteBehavior [ RunTime:0.000095s ]
INFO: [ app_init ] --END-- [ RunTime:0.001053s ]
ERR: 无法加载模块:Public

[ 2016-03-22T18:44:53+08:00 ] ::1 /imglist/%E6%98%8E%E6%98%9F%E3%83%AD%E3%82%B1%E3%83%83%E3%83%88.png
INFO: [ app_init ] --START--
INFO: Run Behavior\BuildLiteBehavior [ RunTime:0.000098s ]
INFO: [ app_init ] --END-- [ RunTime:0.000838s ]
ERR: 无法加载模块:Imglist

[ 2016-03-22T18:44:53+08:00 ] ::1 /Public/asset/css/main.css.map
INFO: [ app_init ] --START--
INFO: Run Behavior\BuildLiteBehavior [ RunTime:0.000160s ]
INFO: [ app_init ] --END-- [ RunTime:0.001302s ]
ERR: 无法加载模块:Public

[ 2016-03-22T18:47:06+08:00 ] ::1 /imglist/%E6%98%8E%E6%98%9F%E3%83%AD%E3%82%B1%E3%83%83%E3%83%88.png
INFO: [ app_init ] --START--
INFO: Run Behavior\BuildLiteBehavior [ RunTime:0.000167s ]
INFO: [ app_init ] --END-- [ RunTime:0.001062s ]
ERR: 无法加载模块:Imglist

[ 2016-03-22T18:47:06+08:00 ] ::1 /Public/asset/css/main.css.map
INFO: [ app_init ] --START--
INFO: Run Behavior\BuildLiteBehavior [ RunTime:0.000108s ]
INFO: [ app_init ] --END-- [ RunTime:0.000801s ]
ERR: 无法加载模块:Public

[ 2016-03-22T18:47:16+08:00 ] ::1 /Public/asset/css/main.css.map
INFO: [ app_init ] --START--
INFO: Run Behavior\BuildLiteBehavior [ RunTime:0.000184s ]
INFO: [ app_init ] --END-- [ RunTime:0.001357s ]
ERR: 无法加载模块:Public

[ 2016-03-22T18:47:18+08:00 ] ::1 /imglist/%E6%98%8E%E6%98%9F%E3%83%AD%E3%82%B1%E3%83%83%E3%83%88.png
INFO: [ app_init ] --START--
INFO: Run Behavior\BuildLiteBehavior [ RunTime:0.000132s ]
INFO: [ app_init ] --END-- [ RunTime:0.000797s ]
ERR: 无法加载模块:Imglist

[ 2016-03-22T18:47:30+08:00 ] ::1 /imglist/%E6%98%8E%E6%98%9F%E3%83%AD%E3%82%B1%E3%83%83%E3%83%88.png
INFO: [ app_init ] --START--
INFO: Run Behavior\BuildLiteBehavior [ RunTime:0.000274s ]
INFO: [ app_init ] --END-- [ RunTime:0.001633s ]
ERR: 无法加载模块:Imglist

[ 2016-03-22T18:47:30+08:00 ] ::1 /Public/asset/css/main.css.map
INFO: [ app_init ] --START--
INFO: Run Behavior\BuildLiteBehavior [ RunTime:0.000090s ]
INFO: [ app_init ] --END-- [ RunTime:0.000788s ]
ERR: 无法加载模块:Public

[ 2016-03-22T18:47:33+08:00 ] ::1 /imglist/%E6%98%8E%E6%98%9F%E3%83%AD%E3%82%B1%E3%83%83%E3%83%88.png
INFO: [ app_init ] --START--
INFO: Run Behavior\BuildLiteBehavior [ RunTime:0.000141s ]
INFO: [ app_init ] --END-- [ RunTime:0.001244s ]
ERR: 无法加载模块:Imglist

[ 2016-03-22T18:47:33+08:00 ] ::1 /Public/asset/css/main.css.map
INFO: [ app_init ] --START--
INFO: Run Behavior\BuildLiteBehavior [ RunTime:0.000092s ]
INFO: [ app_init ] --END-- [ RunTime:0.001035s ]
ERR: 无法加载模块:Public

[ 2016-03-22T18:47:50+08:00 ] ::1 /imglist/%E6%98%8E%E6%98%9F%E3%83%AD%E3%82%B1%E3%83%83%E3%83%88.png
INFO: [ app_init ] --START--
INFO: Run Behavior\BuildLiteBehavior [ RunTime:0.000098s ]
INFO: [ app_init ] --END-- [ RunTime:0.000826s ]
ERR: 无法加载模块:Imglist

[ 2016-03-22T18:47:57+08:00 ] ::1 /imglist/%E6%98%8E%E6%98%9F%E3%83%AD%E3%82%B1%E3%83%83%E3%83%88.png
INFO: [ app_init ] --START--
INFO: Run Behavior\BuildLiteBehavior [ RunTime:0.000198s ]
INFO: [ app_init ] --END-- [ RunTime:0.001430s ]
ERR: 无法加载模块:Imglist

[ 2016-03-22T18:47:57+08:00 ] ::1 /Public/asset/css/main.css.map
INFO: [ app_init ] --START--
INFO: Run Behavior\BuildLiteBehavior [ RunTime:0.000089s ]
INFO: [ app_init ] --END-- [ RunTime:0.000767s ]
ERR: 无法加载模块:Public

[ 2016-03-22T18:48:10+08:00 ] ::1 /imglist/%E6%98%8E%E6%98%9F%E3%83%AD%E3%82%B1%E3%83%83%E3%83%88.png
INFO: [ app_init ] --START--
INFO: Run Behavior\BuildLiteBehavior [ RunTime:0.000109s ]
INFO: [ app_init ] --END-- [ RunTime:0.000926s ]
ERR: 无法加载模块:Imglist

[ 2016-03-22T18:49:04+08:00 ] ::1 /imglist/%E6%98%8E%E6%98%9F%E3%83%AD%E3%82%B1%E3%83%83%E3%83%88.png
INFO: [ app_init ] --START--
INFO: Run Behavior\BuildLiteBehavior [ RunTime:0.000141s ]
INFO: [ app_init ] --END-- [ RunTime:0.000848s ]
ERR: 无法加载模块:Imglist

[ 2016-03-22T18:49:04+08:00 ] ::1 /Public/asset/css/main.css.map
INFO: [ app_init ] --START--
INFO: Run Behavior\BuildLiteBehavior [ RunTime:0.000180s ]
INFO: [ app_init ] --END-- [ RunTime:0.001302s ]
ERR: 无法加载模块:Public

[ 2016-03-22T18:50:32+08:00 ] ::1 /imglist/%E6%98%8E%E6%98%9F%E3%83%AD%E3%82%B1%E3%83%83%E3%83%88.png
INFO: [ app_init ] --START--
INFO: Run Behavior\BuildLiteBehavior [ RunTime:0.000134s ]
INFO: [ app_init ] --END-- [ RunTime:0.000956s ]
ERR: 无法加载模块:Imglist

[ 2016-03-22T18:52:42+08:00 ] ::1 /imglist/%E6%98%8E%E6%98%9F%E3%83%AD%E3%82%B1%E3%83%83%E3%83%88.png
INFO: [ app_init ] --START--
INFO: Run Behavior\BuildLiteBehavior [ RunTime:0.000152s ]
INFO: [ app_init ] --END-- [ RunTime:0.000984s ]
ERR: 无法加载模块:Imglist

[ 2016-03-22T19:03:37+08:00 ] ::1 /imglist/%E6%98%8E%E6%98%9F%E3%83%AD%E3%82%B1%E3%83%83%E3%83%88.png
INFO: [ app_init ] --START--
INFO: Run Behavior\BuildLiteBehavior [ RunTime:0.000194s ]
INFO: [ app_init ] --END-- [ RunTime:0.001250s ]
ERR: 无法加载模块:Imglist

[ 2016-03-22T19:03:41+08:00 ] ::1 /imglist/%E6%98%8E%E6%98%9F%E3%83%AD%E3%82%B1%E3%83%83%E3%83%88.png
INFO: [ app_init ] --START--
INFO: Run Behavior\BuildLiteBehavior [ RunTime:0.000099s ]
INFO: [ app_init ] --END-- [ RunTime:0.000891s ]
ERR: 无法加载模块:Imglist

[ 2016-03-22T19:03:46+08:00 ] ::1 /Public/asset/css/main.css.map
INFO: [ app_init ] --START--
INFO: Run Behavior\BuildLiteBehavior [ RunTime:0.000168s ]
INFO: [ app_init ] --END-- [ RunTime:0.003358s ]
ERR: 无法加载模块:Public

[ 2016-03-22T19:03:55+08:00 ] ::1 /imglist/%E6%98%8E%E6%98%9F%E3%83%AD%E3%82%B1%E3%83%83%E3%83%88.png
INFO: [ app_init ] --START--
INFO: Run Behavior\BuildLiteBehavior [ RunTime:0.000098s ]
INFO: [ app_init ] --END-- [ RunTime:0.000887s ]
ERR: 无法加载模块:Imglist

[ 2016-03-22T19:03:55+08:00 ] ::1 /Public/asset/css/main.css.map
INFO: [ app_init ] --START--
INFO: Run Behavior\BuildLiteBehavior [ RunTime:0.000093s ]
INFO: [ app_init ] --END-- [ RunTime:0.000816s ]
ERR: 无法加载模块:Public

[ 2016-03-22T19:04:02+08:00 ] ::1 /imglist/%E6%98%8E%E6%98%9F%E3%83%AD%E3%82%B1%E3%83%83%E3%83%88.png
INFO: [ app_init ] --START--
INFO: Run Behavior\BuildLiteBehavior [ RunTime:0.000236s ]
INFO: [ app_init ] --END-- [ RunTime:0.002564s ]
ERR: 无法加载模块:Imglist

[ 2016-03-22T19:04:38+08:00 ] ::1 /imglist/%E6%98%8E%E6%98%9F%E3%83%AD%E3%82%B1%E3%83%83%E3%83%88.png
INFO: [ app_init ] --START--
INFO: Run Behavior\BuildLiteBehavior [ RunTime:0.000130s ]
INFO: [ app_init ] --END-- [ RunTime:0.001187s ]
ERR: 无法加载模块:Imglist

[ 2016-03-22T19:04:38+08:00 ] ::1 /Public/asset/css/main.css.map
INFO: [ app_init ] --START--
INFO: Run Behavior\BuildLiteBehavior [ RunTime:0.000093s ]
INFO: [ app_init ] --END-- [ RunTime:0.000918s ]
ERR: 无法加载模块:Public

[ 2016-03-22T19:06:48+08:00 ] ::1 /imglist/%E6%98%8E%E6%98%9F%E3%83%AD%E3%82%B1%E3%83%83%E3%83%88.png
INFO: [ app_init ] --START--
INFO: Run Behavior\BuildLiteBehavior [ RunTime:0.000090s ]
INFO: [ app_init ] --END-- [ RunTime:0.000772s ]
ERR: 无法加载模块:Imglist

[ 2016-03-22T19:06:48+08:00 ] ::1 /Public/asset/css/main.css.map
INFO: [ app_init ] --START--
INFO: Run Behavior\BuildLiteBehavior [ RunTime:0.000084s ]
INFO: [ app_init ] --END-- [ RunTime:0.000751s ]
ERR: 无法加载模块:Public

[ 2016-03-22T19:08:02+08:00 ] ::1 /imglist/%E6%98%8E%E6%98%9F%E3%83%AD%E3%82%B1%E3%83%83%E3%83%88.png
INFO: [ app_init ] --START--
INFO: Run Behavior\BuildLiteBehavior [ RunTime:0.000099s ]
INFO: [ app_init ] --END-- [ RunTime:0.000798s ]
ERR: 无法加载模块:Imglist

[ 2016-03-22T19:08:02+08:00 ] ::1 /Public/asset/css/main.css.map
INFO: [ app_init ] --START--
INFO: Run Behavior\BuildLiteBehavior [ RunTime:0.000087s ]
INFO: [ app_init ] --END-- [ RunTime:0.000881s ]
ERR: 无法加载模块:Public

[ 2016-03-22T19:10:07+08:00 ] ::1 /imglist/%E6%98%8E%E6%98%9F%E3%83%AD%E3%82%B1%E3%83%83%E3%83%88.png
INFO: [ app_init ] --START--
INFO: Run Behavior\BuildLiteBehavior [ RunTime:0.000088s ]
INFO: [ app_init ] --END-- [ RunTime:0.000932s ]
ERR: 无法加载模块:Imglist

[ 2016-03-22T19:10:41+08:00 ] 192.168.3.44 /Public/imglist/Yet%20Another
INFO: [ app_init ] --START--
INFO: Run Behavior\BuildLiteBehavior [ RunTime:0.000081s ]
INFO: [ app_init ] --END-- [ RunTime:0.000814s ]
ERR: 无法加载模块:Public

[ 2016-03-22T19:10:42+08:00 ] 192.168.3.44 /Public/imglist/L'%C3%A9pilogue.png
INFO: [ app_init ] --START--
INFO: Run Behavior\BuildLiteBehavior [ RunTime:0.000393s ]
INFO: [ app_init ] --END-- [ RunTime:0.002130s ]
ERR: 无法加载模块:Public

[ 2016-03-22T19:10:42+08:00 ] 192.168.3.44 /Public/imglist/1/3%E3%81%AE%E7%B4%94%E6%83%85%E3%81%AA%E6%84%9F%E6%83%85.png
INFO: [ app_init ] --START--
INFO: Run Behavior\BuildLiteBehavior [ RunTime:0.000122s ]
INFO: [ app_init ] --END-- [ RunTime:0.001105s ]
ERR: 无法加载模块:Public

[ 2016-03-22T19:10:42+08:00 ] 192.168.3.44 /Public/imglist/Air's%20gravity.png
INFO: [ app_init ] --START--
INFO: Run Behavior\BuildLiteBehavior [ RunTime:0.000120s ]
INFO: [ app_init ] --END-- [ RunTime:0.001041s ]
ERR: 无法加载模块:Public

[ 2016-03-22T19:10:42+08:00 ] 192.168.3.44 /Public/imglist/%E6%82%AA%E6%88%B1.png
INFO: [ app_init ] --START--
INFO: Run Behavior\BuildLiteBehavior [ RunTime:0.000134s ]
INFO: [ app_init ] --END-- [ RunTime:0.001162s ]
ERR: 无法加载模块:Public

[ 2016-03-22T19:10:42+08:00 ] 192.168.3.44 /Public/imglist/%EF%BC%8A%E3%83%8F%E3%83%AD%E3%83%BC%E3%80%81%E3%83%97%E3%83%A9%E3%83%8D%E3%83%83%E3%83%88%E3%80%82.png
INFO: [ app_init ] --START--
INFO: Run Behavior\BuildLiteBehavior [ RunTime:0.000208s ]
INFO: [ app_init ] --END-- [ RunTime:0.001792s ]
ERR: 无法加载模块:Public

[ 2016-03-22T19:10:54+08:00 ] 192.168.3.44 /imglist/%E6%98%8E%E6%98%9F%E3%83%AD%E3%82%B1%E3%83%83%E3%83%88.png
INFO: [ app_init ] --START--
INFO: Run Behavior\BuildLiteBehavior [ RunTime:0.000149s ]
INFO: [ app_init ] --END-- [ RunTime:0.001277s ]
ERR: 无法加载模块:Imglist

[ 2016-03-22T19:11:02+08:00 ] 192.168.3.44 /imglist/%E6%98%8E%E6%98%9F%E3%83%AD%E3%82%B1%E3%83%83%E3%83%88.png
INFO: [ app_init ] --START--
INFO: Run Behavior\BuildLiteBehavior [ RunTime:0.000163s ]
INFO: [ app_init ] --END-- [ RunTime:0.001400s ]
ERR: 无法加载模块:Imglist

[ 2016-03-22T19:11:52+08:00 ] ::1 /imglist/%E6%98%8E%E6%98%9F%E3%83%AD%E3%82%B1%E3%83%83%E3%83%88.png
INFO: [ app_init ] --START--
INFO: Run Behavior\BuildLiteBehavior [ RunTime:0.000214s ]
INFO: [ app_init ] --END-- [ RunTime:0.001841s ]
ERR: 无法加载模块:Imglist

[ 2016-03-22T19:12:34+08:00 ] ::1 /imglist/%E6%98%8E%E6%98%9F%E3%83%AD%E3%82%B1%E3%83%83%E3%83%88.png
INFO: [ app_init ] --START--
INFO: Run Behavior\BuildLiteBehavior [ RunTime:0.000153s ]
INFO: [ app_init ] --END-- [ RunTime:0.001171s ]
ERR: 无法加载模块:Imglist

[ 2016-03-22T19:14:18+08:00 ] ::1 /imglist/%E6%98%8E%E6%98%9F%E3%83%AD%E3%82%B1%E3%83%83%E3%83%88.png
INFO: [ app_init ] --START--
INFO: Run Behavior\BuildLiteBehavior [ RunTime:0.000117s ]
INFO: [ app_init ] --END-- [ RunTime:0.001057s ]
ERR: 无法加载模块:Imglist

[ 2016-03-22T19:14:53+08:00 ] ::1 /imglist/%E6%98%8E%E6%98%9F%E3%83%AD%E3%82%B1%E3%83%83%E3%83%88.png
INFO: [ app_init ] --START--
INFO: Run Behavior\BuildLiteBehavior [ RunTime:0.000085s ]
INFO: [ app_init ] --END-- [ RunTime:0.000844s ]
ERR: 无法加载模块:Imglist

[ 2016-03-22T19:14:58+08:00 ] ::1 /imglist/%E6%98%8E%E6%98%9F%E3%83%AD%E3%82%B1%E3%83%83%E3%83%88.png
INFO: [ app_init ] --START--
INFO: Run Behavior\BuildLiteBehavior [ RunTime:0.000135s ]
INFO: [ app_init ] --END-- [ RunTime:0.000943s ]
ERR: 无法加载模块:Imglist

[ 2016-03-22T19:15:02+08:00 ] ::1 /Public/asset/css/main.css.map
INFO: [ app_init ] --START--
INFO: Run Behavior\BuildLiteBehavior [ RunTime:0.000149s ]
INFO: [ app_init ] --END-- [ RunTime:0.001312s ]
ERR: 无法加载模块:Public

[ 2016-03-22T19:15:06+08:00 ] ::1 /Public/asset/css/main.css.map
INFO: [ app_init ] --START--
INFO: Run Behavior\BuildLiteBehavior [ RunTime:0.000424s ]
INFO: [ app_init ] --END-- [ RunTime:0.002161s ]
ERR: 无法加载模块:Public

[ 2016-03-22T19:15:14+08:00 ] ::1 /imglist/%E6%98%8E%E6%98%9F%E3%83%AD%E3%82%B1%E3%83%83%E3%83%88.png
INFO: [ app_init ] --START--
INFO: Run Behavior\BuildLiteBehavior [ RunTime:0.000196s ]
INFO: [ app_init ] --END-- [ RunTime:0.001512s ]
ERR: 无法加载模块:Imglist

[ 2016-03-22T19:15:14+08:00 ] ::1 /Public/asset/css/main.css.map
INFO: [ app_init ] --START--
INFO: Run Behavior\BuildLiteBehavior [ RunTime:0.000086s ]
INFO: [ app_init ] --END-- [ RunTime:0.000769s ]
ERR: 无法加载模块:Public

[ 2016-03-22T19:16:42+08:00 ] ::1 /imglist/%E6%98%8E%E6%98%9F%E3%83%AD%E3%82%B1%E3%83%83%E3%83%88.png
INFO: [ app_init ] --START--
INFO: Run Behavior\BuildLiteBehavior [ RunTime:0.000138s ]
INFO: [ app_init ] --END-- [ RunTime:0.001266s ]
ERR: 无法加载模块:Imglist

[ 2016-03-22T19:18:07+08:00 ] ::1 /imglist/%E6%98%8E%E6%98%9F%E3%83%AD%E3%82%B1%E3%83%83%E3%83%88.png
INFO: [ app_init ] --START--
INFO: Run Behavior\BuildLiteBehavior [ RunTime:0.000114s ]
INFO: [ app_init ] --END-- [ RunTime:0.000910s ]
ERR: 无法加载模块:Imglist

[ 2016-03-22T19:24:37+08:00 ] ::1 /imglist/%E6%98%8E%E6%98%9F%E3%83%AD%E3%82%B1%E3%83%83%E3%83%88.png
INFO: [ app_init ] --START--
INFO: Run Behavior\BuildLiteBehavior [ RunTime:0.000086s ]
INFO: [ app_init ] --END-- [ RunTime:0.000748s ]
ERR: 无法加载模块:Imglist

[ 2016-03-22T19:24:41+08:00 ] ::1 /imglist/%E6%98%8E%E6%98%9F%E3%83%AD%E3%82%B1%E3%83%83%E3%83%88.png
INFO: [ app_init ] --START--
INFO: Run Behavior\BuildLiteBehavior [ RunTime:0.000087s ]
INFO: [ app_init ] --END-- [ RunTime:0.000852s ]
ERR: 无法加载模块:Imglist

[ 2016-03-22T19:24:45+08:00 ] ::1 /Public/asset/css/main.css.map
INFO: [ app_init ] --START--
INFO: Run Behavior\BuildLiteBehavior [ RunTime:0.000186s ]
INFO: [ app_init ] --END-- [ RunTime:0.001443s ]
ERR: 无法加载模块:Public

[ 2016-03-22T19:24:45+08:00 ] ::1 /Public/asset/css/main.css.map
INFO: [ app_init ] --START--
INFO: Run Behavior\BuildLiteBehavior [ RunTime:0.000105s ]
INFO: [ app_init ] --END-- [ RunTime:0.001010s ]
ERR: 无法加载模块:Public

[ 2016-03-22T19:24:48+08:00 ] ::1 /imglist/%E6%98%8E%E6%98%9F%E3%83%AD%E3%82%B1%E3%83%83%E3%83%88.png
INFO: [ app_init ] --START--
INFO: Run Behavior\BuildLiteBehavior [ RunTime:0.000088s ]
INFO: [ app_init ] --END-- [ RunTime:0.000736s ]
ERR: 无法加载模块:Imglist

[ 2016-03-22T19:25:32+08:00 ] ::1 /Public/asset/css/main.css.map
INFO: [ app_init ] --START--
INFO: Run Behavior\BuildLiteBehavior [ RunTime:0.000167s ]
INFO: [ app_init ] --END-- [ RunTime:0.001359s ]
ERR: 无法加载模块:Public

[ 2016-03-22T19:25:32+08:00 ] ::1 /imglist/%E6%98%8E%E6%98%9F%E3%83%AD%E3%82%B1%E3%83%83%E3%83%88.png
INFO: [ app_init ] --START--
INFO: Run Behavior\BuildLiteBehavior [ RunTime:0.000180s ]
INFO: [ app_init ] --END-- [ RunTime:0.001295s ]
ERR: 无法加载模块:Imglist

[ 2016-03-22T19:36:38+08:00 ] ::1 /imglist/%E6%98%8E%E6%98%9F%E3%83%AD%E3%82%B1%E3%83%83%E3%83%88.png
INFO: [ app_init ] --START--
INFO: Run Behavior\BuildLiteBehavior [ RunTime:0.000191s ]
INFO: [ app_init ] --END-- [ RunTime:0.002047s ]
ERR: 无法加载模块:Imglist

[ 2016-03-22T19:36:47+08:00 ] ::1 /imglist/%E6%98%8E%E6%98%9F%E3%83%AD%E3%82%B1%E3%83%83%E3%83%88.png
INFO: [ app_init ] --START--
INFO: Run Behavior\BuildLiteBehavior [ RunTime:0.000119s ]
INFO: [ app_init ] --END-- [ RunTime:0.001049s ]
ERR: 无法加载模块:Imglist

[ 2016-03-22T19:37:13+08:00 ] ::1 /favicon.ico
INFO: [ app_init ] --START--
INFO: Run Behavior\BuildLiteBehavior [ RunTime:0.000436s ]
INFO: [ app_init ] --END-- [ RunTime:0.003242s ]
ERR: 无法加载模块:Favicon

[ 2016-03-22T19:37:45+08:00 ] ::1 /imglist/%E6%98%8E%E6%98%9F%E3%83%AD%E3%82%B1%E3%83%83%E3%83%88.png
INFO: [ app_init ] --START--
INFO: Run Behavior\BuildLiteBehavior [ RunTime:0.000085s ]
INFO: [ app_init ] --END-- [ RunTime:0.000788s ]
ERR: 无法加载模块:Imglist

[ 2016-03-22T19:37:50+08:00 ] ::1 /Public/asset/css/main.css.map
INFO: [ app_init ] --START--
INFO: Run Behavior\BuildLiteBehavior [ RunTime:0.000091s ]
INFO: [ app_init ] --END-- [ RunTime:0.000857s ]
ERR: 无法加载模块:Public

[ 2016-03-22T19:38:06+08:00 ] ::1 /imglist/%E6%98%8E%E6%98%9F%E3%83%AD%E3%82%B1%E3%83%83%E3%83%88.png
INFO: [ app_init ] --START--
INFO: Run Behavior\BuildLiteBehavior [ RunTime:0.000149s ]
INFO: [ app_init ] --END-- [ RunTime:0.001441s ]
ERR: 无法加载模块:Imglist

[ 2016-03-22T19:38:06+08:00 ] ::1 /Public/asset/css/main.css.map
INFO: [ app_init ] --START--
INFO: Run Behavior\BuildLiteBehavior [ RunTime:0.000171s ]
INFO: [ app_init ] --END-- [ RunTime:0.001420s ]
ERR: 无法加载模块:Public

[ 2016-03-22T19:56:38+08:00 ] ::1 /imglist/%E6%98%8E%E6%98%9F%E3%83%AD%E3%82%B1%E3%83%83%E3%83%88.png
INFO: [ app_init ] --START--
INFO: Run Behavior\BuildLiteBehavior [ RunTime:0.000092s ]
INFO: [ app_init ] --END-- [ RunTime:0.000981s ]
ERR: 无法加载模块:Imglist

[ 2016-03-22T19:56:38+08:00 ] ::1 /Public/asset/css/main.css.map
INFO: [ app_init ] --START--
INFO: Run Behavior\BuildLiteBehavior [ RunTime:0.000118s ]
INFO: [ app_init ] --END-- [ RunTime:0.000906s ]
ERR: 无法加载模块:Public

[ 2016-03-22T19:56:45+08:00 ] ::1 /Public/asset/css/main.css.map
INFO: [ app_init ] --START--
INFO: Run Behavior\BuildLiteBehavior [ RunTime:0.000493s ]
INFO: [ app_init ] --END-- [ RunTime:0.002089s ]
ERR: 无法加载模块:Public

[ 2016-03-22T19:56:50+08:00 ] ::1 /imglist/%E6%98%8E%E6%98%9F%E3%83%AD%E3%82%B1%E3%83%83%E3%83%88.png
INFO: [ app_init ] --START--
INFO: Run Behavior\BuildLiteBehavior [ RunTime:0.000131s ]
INFO: [ app_init ] --END-- [ RunTime:0.001119s ]
ERR: 无法加载模块:Imglist

[ 2016-03-22T19:56:50+08:00 ] ::1 /Public/asset/css/main.css.map
INFO: [ app_init ] --START--
INFO: Run Behavior\BuildLiteBehavior [ RunTime:0.000084s ]
INFO: [ app_init ] --END-- [ RunTime:0.000790s ]
ERR: 无法加载模块:Public

[ 2016-03-22T19:57:05+08:00 ] ::1 /imglist/%E6%98%8E%E6%98%9F%E3%83%AD%E3%82%B1%E3%83%83%E3%83%88.png
INFO: [ app_init ] --START--
INFO: Run Behavior\BuildLiteBehavior [ RunTime:0.000153s ]
INFO: [ app_init ] --END-- [ RunTime:0.001219s ]
ERR: 无法加载模块:Imglist

[ 2016-03-22T19:57:05+08:00 ] ::1 /Public/asset/css/main.css.map
INFO: [ app_init ] --START--
INFO: Run Behavior\BuildLiteBehavior [ RunTime:0.000086s ]
INFO: [ app_init ] --END-- [ RunTime:0.000750s ]
ERR: 无法加载模块:Public

[ 2016-03-22T19:57:28+08:00 ] ::1 /imglist/%E6%98%8E%E6%98%9F%E3%83%AD%E3%82%B1%E3%83%83%E3%83%88.png
INFO: [ app_init ] --START--
INFO: Run Behavior\BuildLiteBehavior [ RunTime:0.000182s ]
INFO: [ app_init ] --END-- [ RunTime:0.001493s ]
ERR: 无法加载模块:Imglist

[ 2016-03-22T19:57:59+08:00 ] ::1 /imglist/%E6%98%8E%E6%98%9F%E3%83%AD%E3%82%B1%E3%83%83%E3%83%88.png
INFO: [ app_init ] --START--
INFO: Run Behavior\BuildLiteBehavior [ RunTime:0.000226s ]
INFO: [ app_init ] --END-- [ RunTime:0.002088s ]
ERR: 无法加载模块:Imglist

[ 2016-03-22T19:59:34+08:00 ] ::1 /imglist/%E6%98%8E%E6%98%9F%E3%83%AD%E3%82%B1%E3%83%83%E3%83%88.png
INFO: [ app_init ] --START--
INFO: Run Behavior\BuildLiteBehavior [ RunTime:0.000083s ]
INFO: [ app_init ] --END-- [ RunTime:0.000790s ]
ERR: 无法加载模块:Imglist

[ 2016-03-22T19:59:35+08:00 ] ::1 /Public/asset/css/main.css.map
INFO: [ app_init ] --START--
INFO: Run Behavior\BuildLiteBehavior [ RunTime:0.000087s ]
INFO: [ app_init ] --END-- [ RunTime:0.000738s ]
ERR: 无法加载模块:Public

[ 2016-03-22T19:59:35+08:00 ] ::1 /Public/imglist/Yet%20Another
INFO: [ app_init ] --START--
INFO: Run Behavior\BuildLiteBehavior [ RunTime:0.000168s ]
INFO: [ app_init ] --END-- [ RunTime:0.001720s ]
ERR: 无法加载模块:Public

[ 2016-03-22T19:59:35+08:00 ] ::1 /Public/imglist/L'%C3%A9pilogue.png
INFO: [ app_init ] --START--
INFO: Run Behavior\BuildLiteBehavior [ RunTime:0.000124s ]
INFO: [ app_init ] --END-- [ RunTime:0.001411s ]
ERR: 无法加载模块:Public

[ 2016-03-22T19:59:35+08:00 ] ::1 /Public/imglist/Air's%20gravity.png
INFO: [ app_init ] --START--
INFO: Run Behavior\BuildLiteBehavior [ RunTime:0.000163s ]
INFO: [ app_init ] --END-- [ RunTime:0.001461s ]
ERR: 无法加载模块:Public

[ 2016-03-22T19:59:35+08:00 ] ::1 /Public/imglist/%EF%BC%8A%E3%83%8F%E3%83%AD%E3%83%BC%E3%80%81%E3%83%97%E3%83%A9%E3%83%8D%E3%83%83%E3%83%88%E3%80%82.png
INFO: [ app_init ] --START--
INFO: Run Behavior\BuildLiteBehavior [ RunTime:0.000092s ]
INFO: [ app_init ] --END-- [ RunTime:0.000788s ]
ERR: 无法加载模块:Public

[ 2016-03-22T19:59:35+08:00 ] ::1 /Public/imglist/%E6%82%AA%E6%88%B1.png
INFO: [ app_init ] --START--
INFO: Run Behavior\BuildLiteBehavior [ RunTime:0.000091s ]
INFO: [ app_init ] --END-- [ RunTime:0.000776s ]
ERR: 无法加载模块:Public

[ 2016-03-22T19:59:35+08:00 ] ::1 /Public/imglist/1/3%E3%81%AE%E7%B4%94%E6%83%85%E3%81%AA%E6%84%9F%E6%83%85.png
INFO: [ app_init ] --START--
INFO: Run Behavior\BuildLiteBehavior [ RunTime:0.000089s ]
INFO: [ app_init ] --END-- [ RunTime:0.000798s ]
ERR: 无法加载模块:Public

[ 2016-03-22T19:59:45+08:00 ] ::1 /imglist/%E6%98%8E%E6%98%9F%E3%83%AD%E3%82%B1%E3%83%83%E3%83%88.png
INFO: [ app_init ] --START--
INFO: Run Behavior\BuildLiteBehavior [ RunTime:0.000153s ]
INFO: [ app_init ] --END-- [ RunTime:0.001123s ]
ERR: 无法加载模块:Imglist

[ 2016-03-22T19:59:45+08:00 ] ::1 /Public/asset/css/main.css.map
INFO: [ app_init ] --START--
INFO: Run Behavior\BuildLiteBehavior [ RunTime:0.000085s ]
INFO: [ app_init ] --END-- [ RunTime:0.000795s ]
ERR: 无法加载模块:Public

[ 2016-03-22T19:59:45+08:00 ] ::1 /Public/imglist/Yet%20Another
INFO: [ app_init ] --START--
INFO: Run Behavior\BuildLiteBehavior [ RunTime:0.000086s ]
INFO: [ app_init ] --END-- [ RunTime:0.000954s ]
ERR: 无法加载模块:Public

[ 2016-03-22T19:59:45+08:00 ] ::1 /Public/imglist/%E6%82%AA%E6%88%B1.png
INFO: [ app_init ] --START--
INFO: Run Behavior\BuildLiteBehavior [ RunTime:0.000188s ]
INFO: [ app_init ] --END-- [ RunTime:0.001603s ]
ERR: 无法加载模块:Public

[ 2016-03-22T19:59:46+08:00 ] ::1 /Public/imglist/L'%C3%A9pilogue.png
INFO: [ app_init ] --START--
INFO: Run Behavior\BuildLiteBehavior [ RunTime:0.000089s ]
INFO: [ app_init ] --END-- [ RunTime:0.000901s ]
ERR: 无法加载模块:Public

[ 2016-03-22T19:59:46+08:00 ] ::1 /Public/imglist/Air's%20gravity.png
INFO: [ app_init ] --START--
INFO: Run Behavior\BuildLiteBehavior [ RunTime:0.000138s ]
INFO: [ app_init ] --END-- [ RunTime:0.001324s ]
ERR: 无法加载模块:Public

[ 2016-03-22T19:59:46+08:00 ] ::1 /Public/imglist/%EF%BC%8A%E3%83%8F%E3%83%AD%E3%83%BC%E3%80%81%E3%83%97%E3%83%A9%E3%83%8D%E3%83%83%E3%83%88%E3%80%82.png
INFO: [ app_init ] --START--
INFO: Run Behavior\BuildLiteBehavior [ RunTime:0.000114s ]
INFO: [ app_init ] --END-- [ RunTime:0.000796s ]
ERR: 无法加载模块:Public

[ 2016-03-22T19:59:46+08:00 ] ::1 /Public/imglist/1/3%E3%81%AE%E7%B4%94%E6%83%85%E3%81%AA%E6%84%9F%E6%83%85.png
INFO: [ app_init ] --START--
INFO: Run Behavior\BuildLiteBehavior [ RunTime:0.000108s ]
INFO: [ app_init ] --END-- [ RunTime:0.000808s ]
ERR: 无法加载模块:Public

[ 2016-03-22T19:59:54+08:00 ] ::1 /imglist/%E6%98%8E%E6%98%9F%E3%83%AD%E3%82%B1%E3%83%83%E3%83%88.png
INFO: [ app_init ] --START--
INFO: Run Behavior\BuildLiteBehavior [ RunTime:0.000227s ]
INFO: [ app_init ] --END-- [ RunTime:0.001948s ]
ERR: 无法加载模块:Imglist

[ 2016-03-22T20:03:52+08:00 ] ::1 /imglist/%E6%98%8E%E6%98%9F%E3%83%AD%E3%82%B1%E3%83%83%E3%83%88.png
INFO: [ app_init ] --START--
INFO: Run Behavior\BuildLiteBehavior [ RunTime:0.000124s ]
INFO: [ app_init ] --END-- [ RunTime:0.000838s ]
ERR: 无法加载模块:Imglist

[ 2016-03-22T20:03:52+08:00 ] ::1 /Public/asset/css/main.css.map
INFO: [ app_init ] --START--
INFO: Run Behavior\BuildLiteBehavior [ RunTime:0.000084s ]
INFO: [ app_init ] --END-- [ RunTime:0.000753s ]
ERR: 无法加载模块:Public

[ 2016-03-22T20:03:53+08:00 ] ::1 /Public/imglist/Yet%20Another
INFO: [ app_init ] --START--
INFO: Run Behavior\BuildLiteBehavior [ RunTime:0.000086s ]
INFO: [ app_init ] --END-- [ RunTime:0.001276s ]
ERR: 无法加载模块:Public

[ 2016-03-22T20:03:53+08:00 ] ::1 /Public/imglist/L'%C3%A9pilogue.png
INFO: [ app_init ] --START--
INFO: Run Behavior\BuildLiteBehavior [ RunTime:0.000110s ]
INFO: [ app_init ] --END-- [ RunTime:0.001005s ]
ERR: 无法加载模块:Public

[ 2016-03-22T20:03:53+08:00 ] ::1 /Public/imglist/Air's%20gravity.png
INFO: [ app_init ] --START--
INFO: Run Behavior\BuildLiteBehavior [ RunTime:0.000184s ]
INFO: [ app_init ] --END-- [ RunTime:0.001160s ]
ERR: 无法加载模块:Public

[ 2016-03-22T20:03:53+08:00 ] ::1 /Public/imglist/%EF%BC%8A%E3%83%8F%E3%83%AD%E3%83%BC%E3%80%81%E3%83%97%E3%83%A9%E3%83%8D%E3%83%83%E3%83%88%E3%80%82.png
INFO: [ app_init ] --START--
INFO: Run Behavior\BuildLiteBehavior [ RunTime:0.000120s ]
INFO: [ app_init ] --END-- [ RunTime:0.001368s ]
ERR: 无法加载模块:Public

[ 2016-03-22T20:03:53+08:00 ] ::1 /Public/imglist/%E6%82%AA%E6%88%B1.png
INFO: [ app_init ] --START--
INFO: Run Behavior\BuildLiteBehavior [ RunTime:0.000125s ]
INFO: [ app_init ] --END-- [ RunTime:0.001003s ]
ERR: 无法加载模块:Public

[ 2016-03-22T20:03:53+08:00 ] ::1 /Public/imglist/1/3%E3%81%AE%E7%B4%94%E6%83%85%E3%81%AA%E6%84%9F%E6%83%85.png
INFO: [ app_init ] --START--
INFO: Run Behavior\BuildLiteBehavior [ RunTime:0.000103s ]
INFO: [ app_init ] --END-- [ RunTime:0.000767s ]
ERR: 无法加载模块:Public

[ 2016-03-22T20:04:02+08:00 ] ::1 /imglist/%E6%98%8E%E6%98%9F%E3%83%AD%E3%82%B1%E3%83%83%E3%83%88.png
INFO: [ app_init ] --START--
INFO: Run Behavior\BuildLiteBehavior [ RunTime:0.000288s ]
INFO: [ app_init ] --END-- [ RunTime:0.001959s ]
ERR: 无法加载模块:Imglist

[ 2016-03-22T20:04:02+08:00 ] ::1 /Public/asset/css/main.css.map
INFO: [ app_init ] --START--
INFO: Run Behavior\BuildLiteBehavior [ RunTime:0.000084s ]
INFO: [ app_init ] --END-- [ RunTime:0.000730s ]
ERR: 无法加载模块:Public

[ 2016-03-22T20:04:02+08:00 ] ::1 /Public/imglist/Yet%20Another
INFO: [ app_init ] --START--
INFO: Run Behavior\BuildLiteBehavior [ RunTime:0.000095s ]
INFO: [ app_init ] --END-- [ RunTime:0.000971s ]
ERR: 无法加载模块:Public

[ 2016-03-22T20:04:02+08:00 ] ::1 /Public/imglist/Air's%20gravity.png
INFO: [ app_init ] --START--
INFO: Run Behavior\BuildLiteBehavior [ RunTime:0.000144s ]
INFO: [ app_init ] --END-- [ RunTime:0.001139s ]
ERR: 无法加载模块:Public

[ 2016-03-22T20:04:02+08:00 ] ::1 /Public/imglist/L'%C3%A9pilogue.png
INFO: [ app_init ] --START--
INFO: Run Behavior\BuildLiteBehavior [ RunTime:0.000189s ]
INFO: [ app_init ] --END-- [ RunTime:0.001192s ]
ERR: 无法加载模块:Public

[ 2016-03-22T20:04:02+08:00 ] ::1 /Public/imglist/%EF%BC%8A%E3%83%8F%E3%83%AD%E3%83%BC%E3%80%81%E3%83%97%E3%83%A9%E3%83%8D%E3%83%83%E3%83%88%E3%80%82.png
INFO: [ app_init ] --START--
INFO: Run Behavior\BuildLiteBehavior [ RunTime:0.000165s ]
INFO: [ app_init ] --END-- [ RunTime:0.001036s ]
ERR: 无法加载模块:Public

[ 2016-03-22T20:04:02+08:00 ] ::1 /Public/imglist/%E6%82%AA%E6%88%B1.png
INFO: [ app_init ] --START--
INFO: Run Behavior\BuildLiteBehavior [ RunTime:0.000085s ]
INFO: [ app_init ] --END-- [ RunTime:0.000764s ]
ERR: 无法加载模块:Public

[ 2016-03-22T20:04:02+08:00 ] ::1 /Public/imglist/1/3%E3%81%AE%E7%B4%94%E6%83%85%E3%81%AA%E6%84%9F%E6%83%85.png
INFO: [ app_init ] --START--
INFO: Run Behavior\BuildLiteBehavior [ RunTime:0.000118s ]
INFO: [ app_init ] --END-- [ RunTime:0.000796s ]
ERR: 无法加载模块:Public

[ 2016-03-22T20:06:36+08:00 ] ::1 /Public/asset/css/main.css.map
INFO: [ app_init ] --START--
INFO: Run Behavior\BuildLiteBehavior [ RunTime:0.000197s ]
INFO: [ app_init ] --END-- [ RunTime:0.001630s ]
ERR: 无法加载模块:Public

[ 2016-03-22T20:07:55+08:00 ] ::1 /Public/asset/css/main.css.map
INFO: [ app_init ] --START--
INFO: Run Behavior\BuildLiteBehavior [ RunTime:0.000085s ]
INFO: [ app_init ] --END-- [ RunTime:0.000773s ]
ERR: 无法加载模块:Public

[ 2016-03-22T20:09:18+08:00 ] ::1 /Public/asset/css/main.css.map
INFO: [ app_init ] --START--
INFO: Run Behavior\BuildLiteBehavior [ RunTime:0.000128s ]
INFO: [ app_init ] --END-- [ RunTime:0.000912s ]
ERR: 无法加载模块:Public

[ 2016-03-22T20:09:47+08:00 ] ::1 /Public/asset/css/main.css.map
INFO: [ app_init ] --START--
INFO: Run Behavior\BuildLiteBehavior [ RunTime:0.000102s ]
INFO: [ app_init ] --END-- [ RunTime:0.000792s ]
ERR: 无法加载模块:Public

[ 2016-03-22T20:10:25+08:00 ] ::1 /Public/asset/css/main.css.map
INFO: [ app_init ] --START--
INFO: Run Behavior\BuildLiteBehavior [ RunTime:0.000213s ]
INFO: [ app_init ] --END-- [ RunTime:0.001693s ]
ERR: 无法加载模块:Public

[ 2016-03-22T20:10:52+08:00 ] ::1 /Public/asset/css/main.css.map
INFO: [ app_init ] --START--
INFO: Run Behavior\BuildLiteBehavior [ RunTime:0.000088s ]
INFO: [ app_init ] --END-- [ RunTime:0.000758s ]
ERR: 无法加载模块:Public

[ 2016-03-22T20:11:19+08:00 ] ::1 /Public/asset/css/main.css.map
INFO: [ app_init ] --START--
INFO: Run Behavior\BuildLiteBehavior [ RunTime:0.000082s ]
INFO: [ app_init ] --END-- [ RunTime:0.000767s ]
ERR: 无法加载模块:Public

[ 2016-03-22T20:12:57+08:00 ] 192.168.3.45 /imglist/%E6%98%8E%E6%98%9F%E3%83%AD%E3%82%B1%E3%83%83%E3%83%88.png
INFO: [ app_init ] --START--
INFO: Run Behavior\BuildLiteBehavior [ RunTime:0.000404s ]
INFO: [ app_init ] --END-- [ RunTime:0.003387s ]
ERR: 无法加载模块:Imglist

[ 2016-03-22T20:12:58+08:00 ] 192.168.3.45 /Public/imglist/Yet%20Another
INFO: [ app_init ] --START--
INFO: Run Behavior\BuildLiteBehavior [ RunTime:0.000182s ]
INFO: [ app_init ] --END-- [ RunTime:0.001578s ]
ERR: 无法加载模块:Public

[ 2016-03-22T20:12:58+08:00 ] 192.168.3.45 /Public/imglist/%EF%BC%8A%E3%83%8F%E3%83%AD%E3%83%BC%E3%80%81%E3%83%97%E3%83%A9%E3%83%8D%E3%83%83%E3%83%88%E3%80%82.png
INFO: [ app_init ] --START--
INFO: Run Behavior\BuildLiteBehavior [ RunTime:0.000244s ]
INFO: [ app_init ] --END-- [ RunTime:0.001988s ]
ERR: 无法加载模块:Public

[ 2016-03-22T20:12:58+08:00 ] 192.168.3.45 /Public/imglist/L'%C3%A9pilogue.png
INFO: [ app_init ] --START--
INFO: Run Behavior\BuildLiteBehavior [ RunTime:0.000133s ]
INFO: [ app_init ] --END-- [ RunTime:0.001048s ]
ERR: 无法加载模块:Public

[ 2016-03-22T20:12:59+08:00 ] 192.168.3.45 /Public/imglist/Air's%20gravity.png
INFO: [ app_init ] --START--
INFO: Run Behavior\BuildLiteBehavior [ RunTime:0.000134s ]
INFO: [ app_init ] --END-- [ RunTime:0.000842s ]
ERR: 无法加载模块:Public

[ 2016-03-22T20:12:59+08:00 ] 192.168.3.45 /Public/imglist/%E6%82%AA%E6%88%B1.png
INFO: [ app_init ] --START--
INFO: Run Behavior\BuildLiteBehavior [ RunTime:0.000328s ]
INFO: [ app_init ] --END-- [ RunTime:0.002715s ]
ERR: 无法加载模块:Public

[ 2016-03-22T20:12:59+08:00 ] 192.168.3.45 /Public/imglist/1/3%E3%81%AE%E7%B4%94%E6%83%85%E3%81%AA%E6%84%9F%E6%83%85.png
INFO: [ app_init ] --START--
INFO: Run Behavior\BuildLiteBehavior [ RunTime:0.000434s ]
INFO: [ app_init ] --END-- [ RunTime:0.003045s ]
ERR: 无法加载模块:Public

[ 2016-03-22T20:12:59+08:00 ] 192.168.3.45 /favicon.ico
INFO: [ app_init ] --START--
INFO: Run Behavior\BuildLiteBehavior [ RunTime:0.000221s ]
INFO: [ app_init ] --END-- [ RunTime:0.001902s ]
ERR: 无法加载模块:Favicon

[ 2016-03-22T20:14:05+08:00 ] 192.168.3.44 /imglist/%E6%98%8E%E6%98%9F%E3%83%AD%E3%82%B1%E3%83%83%E3%83%88.png
INFO: [ app_init ] --START--
INFO: Run Behavior\BuildLiteBehavior [ RunTime:0.000148s ]
INFO: [ app_init ] --END-- [ RunTime:0.001278s ]
ERR: 无法加载模块:Imglist

[ 2016-03-22T20:14:05+08:00 ] 192.168.3.44 /Public/imglist/Yet%20Another
INFO: [ app_init ] --START--
INFO: Run Behavior\BuildLiteBehavior [ RunTime:0.000095s ]
INFO: [ app_init ] --END-- [ RunTime:0.000872s ]
ERR: 无法加载模块:Public

[ 2016-03-22T20:14:05+08:00 ] 192.168.3.44 /Public/imglist/%EF%BC%8A%E3%83%8F%E3%83%AD%E3%83%BC%E3%80%81%E3%83%97%E3%83%A9%E3%83%8D%E3%83%83%E3%83%88%E3%80%82.png
INFO: [ app_init ] --START--
INFO: Run Behavior\BuildLiteBehavior [ RunTime:0.000102s ]
INFO: [ app_init ] --END-- [ RunTime:0.000771s ]
ERR: 无法加载模块:Public

[ 2016-03-22T20:14:05+08:00 ] 192.168.3.44 /Public/imglist/L'%C3%A9pilogue.png
INFO: [ app_init ] --START--
INFO: Run Behavior\BuildLiteBehavior [ RunTime:0.000225s ]
INFO: [ app_init ] --END-- [ RunTime:0.001962s ]
ERR: 无法加载模块:Public

[ 2016-03-22T20:14:05+08:00 ] 192.168.3.44 /Public/imglist/Air's%20gravity.png
INFO: [ app_init ] --START--
INFO: Run Behavior\BuildLiteBehavior [ RunTime:0.000126s ]
INFO: [ app_init ] --END-- [ RunTime:0.001117s ]
ERR: 无法加载模块:Public

[ 2016-03-22T20:14:05+08:00 ] 192.168.3.44 /Public/imglist/%E6%82%AA%E6%88%B1.png
INFO: [ app_init ] --START--
INFO: Run Behavior\BuildLiteBehavior [ RunTime:0.000123s ]
INFO: [ app_init ] --END-- [ RunTime:0.001065s ]
ERR: 无法加载模块:Public

[ 2016-03-22T20:14:05+08:00 ] 192.168.3.44 /Public/imglist/1/3%E3%81%AE%E7%B4%94%E6%83%85%E3%81%AA%E6%84%9F%E6%83%85.png
INFO: [ app_init ] --START--
INFO: Run Behavior\BuildLiteBehavior [ RunTime:0.000082s ]
INFO: [ app_init ] --END-- [ RunTime:0.000735s ]
ERR: 无法加载模块:Public

[ 2016-03-22T20:17:14+08:00 ] ::1 /imglist/%E6%98%8E%E6%98%9F%E3%83%AD%E3%82%B1%E3%83%83%E3%83%88.png
INFO: [ app_init ] --START--
INFO: Run Behavior\BuildLiteBehavior [ RunTime:0.000107s ]
INFO: [ app_init ] --END-- [ RunTime:0.000842s ]
ERR: 无法加载模块:Imglist

[ 2016-03-22T20:17:14+08:00 ] ::1 /Public/asset/css/main.css.map
INFO: [ app_init ] --START--
INFO: Run Behavior\BuildLiteBehavior [ RunTime:0.000184s ]
INFO: [ app_init ] --END-- [ RunTime:0.001298s ]
ERR: 无法加载模块:Public

[ 2016-03-22T20:17:14+08:00 ] ::1 /Public/imglist/Yet%20Another
INFO: [ app_init ] --START--
INFO: Run Behavior\BuildLiteBehavior [ RunTime:0.000094s ]
INFO: [ app_init ] --END-- [ RunTime:0.000950s ]
ERR: 无法加载模块:Public

[ 2016-03-22T20:17:14+08:00 ] ::1 /Public/imglist/L'%C3%A9pilogue.png
INFO: [ app_init ] --START--
INFO: Run Behavior\BuildLiteBehavior [ RunTime:0.000087s ]
INFO: [ app_init ] --END-- [ RunTime:0.000835s ]
ERR: 无法加载模块:Public

[ 2016-03-22T20:17:14+08:00 ] ::1 /Public/imglist/Air's%20gravity.png
INFO: [ app_init ] --START--
INFO: Run Behavior\BuildLiteBehavior [ RunTime:0.000087s ]
INFO: [ app_init ] --END-- [ RunTime:0.000843s ]
ERR: 无法加载模块:Public

[ 2016-03-22T20:17:14+08:00 ] ::1 /Public/imglist/%EF%BC%8A%E3%83%8F%E3%83%AD%E3%83%BC%E3%80%81%E3%83%97%E3%83%A9%E3%83%8D%E3%83%83%E3%83%88%E3%80%82.png
INFO: [ app_init ] --START--
INFO: Run Behavior\BuildLiteBehavior [ RunTime:0.000080s ]
INFO: [ app_init ] --END-- [ RunTime:0.000789s ]
ERR: 无法加载模块:Public

[ 2016-03-22T20:17:14+08:00 ] ::1 /Public/imglist/%E6%82%AA%E6%88%B1.png
INFO: [ app_init ] --START--
INFO: Run Behavior\BuildLiteBehavior [ RunTime:0.000118s ]
INFO: [ app_init ] --END-- [ RunTime:0.000776s ]
ERR: 无法加载模块:Public

[ 2016-03-22T20:17:14+08:00 ] ::1 /Public/imglist/1/3%E3%81%AE%E7%B4%94%E6%83%85%E3%81%AA%E6%84%9F%E6%83%85.png
INFO: [ app_init ] --START--
INFO: Run Behavior\BuildLiteBehavior [ RunTime:0.000128s ]
INFO: [ app_init ] --END-- [ RunTime:0.000769s ]
ERR: 无法加载模块:Public

[ 2016-03-22T20:17:35+08:00 ] ::1 /imglist/%E6%98%8E%E6%98%9F%E3%83%AD%E3%82%B1%E3%83%83%E3%83%88.png
INFO: [ app_init ] --START--
INFO: Run Behavior\BuildLiteBehavior [ RunTime:0.000193s ]
INFO: [ app_init ] --END-- [ RunTime:0.001393s ]
ERR: 无法加载模块:Imglist

[ 2016-03-22T20:17:35+08:00 ] ::1 /Public/imglist/Yet%20Another
INFO: [ app_init ] --START--
INFO: Run Behavior\BuildLiteBehavior [ RunTime:0.000094s ]
INFO: [ app_init ] --END-- [ RunTime:0.000917s ]
ERR: 无法加载模块:Public

[ 2016-03-22T20:17:35+08:00 ] ::1 /Public/imglist/L'%C3%A9pilogue.png
INFO: [ app_init ] --START--
INFO: Run Behavior\BuildLiteBehavior [ RunTime:0.000159s ]
INFO: [ app_init ] --END-- [ RunTime:0.001073s ]
ERR: 无法加载模块:Public

[ 2016-03-22T20:17:35+08:00 ] ::1 /Public/imglist/Air's%20gravity.png
INFO: [ app_init ] --START--
INFO: Run Behavior\BuildLiteBehavior [ RunTime:0.000092s ]
INFO: [ app_init ] --END-- [ RunTime:0.000808s ]
ERR: 无法加载模块:Public

[ 2016-03-22T20:17:36+08:00 ] ::1 /Public/imglist/%EF%BC%8A%E3%83%8F%E3%83%AD%E3%83%BC%E3%80%81%E3%83%97%E3%83%A9%E3%83%8D%E3%83%83%E3%83%88%E3%80%82.png
INFO: [ app_init ] --START--
INFO: Run Behavior\BuildLiteBehavior [ RunTime:0.000088s ]
INFO: [ app_init ] --END-- [ RunTime:0.000770s ]
ERR: 无法加载模块:Public

[ 2016-03-22T20:17:36+08:00 ] ::1 /Public/imglist/%E6%82%AA%E6%88%B1.png
INFO: [ app_init ] --START--
INFO: Run Behavior\BuildLiteBehavior [ RunTime:0.000079s ]
INFO: [ app_init ] --END-- [ RunTime:0.000734s ]
ERR: 无法加载模块:Public

[ 2016-03-22T20:17:36+08:00 ] ::1 /Public/imglist/1/3%E3%81%AE%E7%B4%94%E6%83%85%E3%81%AA%E6%84%9F%E6%83%85.png
INFO: [ app_init ] --START--
INFO: Run Behavior\BuildLiteBehavior [ RunTime:0.000084s ]
INFO: [ app_init ] --END-- [ RunTime:0.000747s ]
ERR: 无法加载模块:Public

[ 2016-03-22T20:18:35+08:00 ] ::1 /imglist/%E6%98%8E%E6%98%9F%E3%83%AD%E3%82%B1%E3%83%83%E3%83%88.png
INFO: [ app_init ] --START--
INFO: Run Behavior\BuildLiteBehavior [ RunTime:0.000090s ]
INFO: [ app_init ] --END-- [ RunTime:0.000902s ]
ERR: 无法加载模块:Imglist

[ 2016-03-22T20:18:36+08:00 ] ::1 /favicon.ico
INFO: [ app_init ] --START--
INFO: Run Behavior\BuildLiteBehavior [ RunTime:0.000114s ]
INFO: [ app_init ] --END-- [ RunTime:0.001000s ]
ERR: 无法加载模块:Favicon

[ 2016-03-22T20:18:36+08:00 ] ::1 /Public/imglist/Yet%20Another
INFO: [ app_init ] --START--
INFO: Run Behavior\BuildLiteBehavior [ RunTime:0.000089s ]
INFO: [ app_init ] --END-- [ RunTime:0.000770s ]
ERR: 无法加载模块:Public

[ 2016-03-22T20:18:36+08:00 ] ::1 /Public/imglist/L'%C3%A9pilogue.png
INFO: [ app_init ] --START--
INFO: Run Behavior\BuildLiteBehavior [ RunTime:0.000090s ]
INFO: [ app_init ] --END-- [ RunTime:0.000776s ]
ERR: 无法加载模块:Public

[ 2016-03-22T20:18:36+08:00 ] ::1 /Public/imglist/Air's%20gravity.png
INFO: [ app_init ] --START--
INFO: Run Behavior\BuildLiteBehavior [ RunTime:0.000142s ]
INFO: [ app_init ] --END-- [ RunTime:0.001213s ]
ERR: 无法加载模块:Public

[ 2016-03-22T20:18:36+08:00 ] ::1 /Public/imglist/%EF%BC%8A%E3%83%8F%E3%83%AD%E3%83%BC%E3%80%81%E3%83%97%E3%83%A9%E3%83%8D%E3%83%83%E3%83%88%E3%80%82.png
INFO: [ app_init ] --START--
INFO: Run Behavior\BuildLiteBehavior [ RunTime:0.000157s ]
INFO: [ app_init ] --END-- [ RunTime:0.001334s ]
ERR: 无法加载模块:Public

[ 2016-03-22T20:18:36+08:00 ] ::1 /Public/imglist/%E6%82%AA%E6%88%B1.png
INFO: [ app_init ] --START--
INFO: Run Behavior\BuildLiteBehavior [ RunTime:0.000092s ]
INFO: [ app_init ] --END-- [ RunTime:0.000823s ]
ERR: 无法加载模块:Public

[ 2016-03-22T20:18:36+08:00 ] ::1 /Public/imglist/1/3%E3%81%AE%E7%B4%94%E6%83%85%E3%81%AA%E6%84%9F%E6%83%85.png
INFO: [ app_init ] --START--
INFO: Run Behavior\BuildLiteBehavior [ RunTime:0.000089s ]
INFO: [ app_init ] --END-- [ RunTime:0.000766s ]
ERR: 无法加载模块:Public

[ 2016-03-22T20:18:39+08:00 ] ::1 /Public/imglist/Yet%20Another
INFO: [ app_init ] --START--
INFO: Run Behavior\BuildLiteBehavior [ RunTime:0.000095s ]
INFO: [ app_init ] --END-- [ RunTime:0.000822s ]
ERR: 无法加载模块:Public

[ 2016-03-22T20:20:51+08:00 ] ::1 /Public/imglist/Yet%20Another
INFO: [ app_init ] --START--
INFO: Run Behavior\BuildLiteBehavior [ RunTime:0.000116s ]
INFO: [ app_init ] --END-- [ RunTime:0.000994s ]
ERR: 无法加载模块:Public

[ 2016-03-22T20:22:01+08:00 ] ::1 /Public/imglist/Yet%20Another
INFO: [ app_init ] --START--
INFO: Run Behavior\BuildLiteBehavior [ RunTime:0.000090s ]
INFO: [ app_init ] --END-- [ RunTime:0.000836s ]
ERR: 无法加载模块:Public

[ 2016-03-22T20:22:14+08:00 ] ::1 /Public/imglist/Yet%20Another
INFO: [ app_init ] --START--
INFO: Run Behavior\BuildLiteBehavior [ RunTime:0.000104s ]
INFO: [ app_init ] --END-- [ RunTime:0.000838s ]
ERR: 无法加载模块:Public

[ 2016-03-22T20:22:17+08:00 ] ::1 /Public/imglist/Yet%20Another
INFO: [ app_init ] --START--
INFO: Run Behavior\BuildLiteBehavior [ RunTime:0.000085s ]
INFO: [ app_init ] --END-- [ RunTime:0.000771s ]
ERR: 无法加载模块:Public

[ 2016-03-22T20:22:32+08:00 ] ::1 /Public/imglist/Yet%20Another
INFO: [ app_init ] --START--
INFO: Run Behavior\BuildLiteBehavior [ RunTime:0.000086s ]
INFO: [ app_init ] --END-- [ RunTime:0.000793s ]
ERR: 无法加载模块:Public

[ 2016-03-22T20:22:50+08:00 ] ::1 /imglist/%E6%98%8E%E6%98%9F%E3%83%AD%E3%82%B1%E3%83%83%E3%83%88.png
INFO: [ app_init ] --START--
INFO: Run Behavior\BuildLiteBehavior [ RunTime:0.000104s ]
INFO: [ app_init ] --END-- [ RunTime:0.000910s ]
ERR: 无法加载模块:Imglist

[ 2016-03-22T20:22:50+08:00 ] ::1 /Public/imglist/Yet%20Another
INFO: [ app_init ] --START--
INFO: Run Behavior\BuildLiteBehavior [ RunTime:0.000086s ]
INFO: [ app_init ] --END-- [ RunTime:0.000762s ]
ERR: 无法加载模块:Public

[ 2016-03-22T20:22:50+08:00 ] ::1 /Public/imglist/L'%C3%A9pilogue.png
INFO: [ app_init ] --START--
INFO: Run Behavior\BuildLiteBehavior [ RunTime:0.000089s ]
INFO: [ app_init ] --END-- [ RunTime:0.000835s ]
ERR: 无法加载模块:Public

[ 2016-03-22T20:22:50+08:00 ] ::1 /Public/imglist/Air's%20gravity.png
INFO: [ app_init ] --START--
INFO: Run Behavior\BuildLiteBehavior [ RunTime:0.000084s ]
INFO: [ app_init ] --END-- [ RunTime:0.000870s ]
ERR: 无法加载模块:Public

[ 2016-03-22T20:22:50+08:00 ] ::1 /Public/imglist/%EF%BC%8A%E3%83%8F%E3%83%AD%E3%83%BC%E3%80%81%E3%83%97%E3%83%A9%E3%83%8D%E3%83%83%E3%83%88%E3%80%82.png
INFO: [ app_init ] --START--
INFO: Run Behavior\BuildLiteBehavior [ RunTime:0.000089s ]
INFO: [ app_init ] --END-- [ RunTime:0.000820s ]
ERR: 无法加载模块:Public

[ 2016-03-22T20:22:50+08:00 ] ::1 /Public/imglist/%E6%82%AA%E6%88%B1.png
INFO: [ app_init ] --START--
INFO: Run Behavior\BuildLiteBehavior [ RunTime:0.000092s ]
INFO: [ app_init ] --END-- [ RunTime:0.000824s ]
ERR: 无法加载模块:Public

[ 2016-03-22T20:22:50+08:00 ] ::1 /Public/imglist/1/3%E3%81%AE%E7%B4%94%E6%83%85%E3%81%AA%E6%84%9F%E6%83%85.png
INFO: [ app_init ] --START--
INFO: Run Behavior\BuildLiteBehavior [ RunTime:0.000089s ]
INFO: [ app_init ] --END-- [ RunTime:0.000810s ]
ERR: 无法加载模块:Public

[ 2016-03-22T20:22:54+08:00 ] ::1 /Public/imglist/Yet%20Another
INFO: [ app_init ] --START--
INFO: Run Behavior\BuildLiteBehavior [ RunTime:0.000088s ]
INFO: [ app_init ] --END-- [ RunTime:0.000872s ]
ERR: 无法加载模块:Public

[ 2016-03-22T20:24:19+08:00 ] ::1 /imglist/%E6%98%8E%E6%98%9F%E3%83%AD%E3%82%B1%E3%83%83%E3%83%88.png
INFO: [ app_init ] --START--
INFO: Run Behavior\BuildLiteBehavior [ RunTime:0.000138s ]
INFO: [ app_init ] --END-- [ RunTime:0.000805s ]
ERR: 无法加载模块:Imglist

[ 2016-03-22T20:24:19+08:00 ] ::1 /Public/imglist/%EF%BC%8A%E3%83%8F%E3%83%AD%E3%83%BC%E3%80%81%E3%83%97%E3%83%A9%E3%83%8D%E3%83%83%E3%83%88%E3%80%82.png
INFO: [ app_init ] --START--
INFO: Run Behavior\BuildLiteBehavior [ RunTime:0.000093s ]
INFO: [ app_init ] --END-- [ RunTime:0.000819s ]
ERR: 无法加载模块:Public

[ 2016-03-22T20:24:19+08:00 ] ::1 /Public/imglist/L'%C3%A9pilogue.png
INFO: [ app_init ] --START--
INFO: Run Behavior\BuildLiteBehavior [ RunTime:0.000115s ]
INFO: [ app_init ] --END-- [ RunTime:0.000877s ]
ERR: 无法加载模块:Public

[ 2016-03-22T20:24:19+08:00 ] ::1 /Public/imglist/Air's%20gravity.png
INFO: [ app_init ] --START--
INFO: Run Behavior\BuildLiteBehavior [ RunTime:0.000137s ]
INFO: [ app_init ] --END-- [ RunTime:0.000861s ]
ERR: 无法加载模块:Public

[ 2016-03-22T20:24:19+08:00 ] ::1 /Public/imglist/%E6%82%AA%E6%88%B1.png
INFO: [ app_init ] --START--
INFO: Run Behavior\BuildLiteBehavior [ RunTime:0.000188s ]
INFO: [ app_init ] --END-- [ RunTime:0.001259s ]
ERR: 无法加载模块:Public

[ 2016-03-22T20:24:19+08:00 ] ::1 /Public/imglist/1/3%E3%81%AE%E7%B4%94%E6%83%85%E3%81%AA%E6%84%9F%E6%83%85.png
INFO: [ app_init ] --START--
INFO: Run Behavior\BuildLiteBehavior [ RunTime:0.000082s ]
INFO: [ app_init ] --END-- [ RunTime:0.000746s ]
ERR: 无法加载模块:Public

[ 2016-03-22T20:24:35+08:00 ] ::1 /Public/asset/css/main.css.map
INFO: [ app_init ] --START--
INFO: Run Behavior\BuildLiteBehavior [ RunTime:0.000090s ]
INFO: [ app_init ] --END-- [ RunTime:0.000810s ]
ERR: 无法加载模块:Public

[ 2016-03-22T20:24:53+08:00 ] ::1 /Public/imglist/%E6%82%AA%E6%88%B1.png
INFO: [ app_init ] --START--
INFO: Run Behavior\BuildLiteBehavior [ RunTime:0.000088s ]
INFO: [ app_init ] --END-- [ RunTime:0.000761s ]
ERR: 无法加载模块:Public

[ 2016-03-22T20:26:48+08:00 ] ::1 /imglist/%E6%98%8E%E6%98%9F%E3%83%AD%E3%82%B1%E3%83%83%E3%83%88.png
INFO: [ app_init ] --START--
INFO: Run Behavior\BuildLiteBehavior [ RunTime:0.000095s ]
INFO: [ app_init ] --END-- [ RunTime:0.000923s ]
ERR: 无法加载模块:Imglist

[ 2016-03-22T20:26:48+08:00 ] ::1 /Public/asset/css/main.css.map
INFO: [ app_init ] --START--
INFO: Run Behavior\BuildLiteBehavior [ RunTime:0.000145s ]
INFO: [ app_init ] --END-- [ RunTime:0.001348s ]
ERR: 无法加载模块:Public

[ 2016-03-22T20:26:48+08:00 ] ::1 /Public/imglist/%EF%BC%8A%E3%83%8F%E3%83%AD%E3%83%BC%E3%80%81%E3%83%97%E3%83%A9%E3%83%8D%E3%83%83%E3%83%88%E3%80%82.png
INFO: [ app_init ] --START--
INFO: Run Behavior\BuildLiteBehavior [ RunTime:0.000087s ]
INFO: [ app_init ] --END-- [ RunTime:0.000800s ]
ERR: 无法加载模块:Public

[ 2016-03-22T20:26:48+08:00 ] ::1 /Public/imglist/L'%C3%A9pilogue.png
INFO: [ app_init ] --START--
INFO: Run Behavior\BuildLiteBehavior [ RunTime:0.000088s ]
INFO: [ app_init ] --END-- [ RunTime:0.000826s ]
ERR: 无法加载模块:Public

[ 2016-03-22T20:26:48+08:00 ] ::1 /Public/imglist/Air's%20gravity.png
INFO: [ app_init ] --START--
INFO: Run Behavior\BuildLiteBehavior [ RunTime:0.000146s ]
INFO: [ app_init ] --END-- [ RunTime:0.001235s ]
ERR: 无法加载模块:Public

[ 2016-03-22T20:26:48+08:00 ] ::1 /Public/imglist/1/3%E3%81%AE%E7%B4%94%E6%83%85%E3%81%AA%E6%84%9F%E6%83%85.png
INFO: [ app_init ] --START--
INFO: Run Behavior\BuildLiteBehavior [ RunTime:0.000109s ]
INFO: [ app_init ] --END-- [ RunTime:0.000804s ]
ERR: 无法加载模块:Public

[ 2016-03-22T20:27:12+08:00 ] ::1 /Public/imglist/%EF%BC%8A%E3%83%8F%E3%83%AD%E3%83%BC%E3%80%81%E3%83%97%E3%83%A9%E3%83%8D%E3%83%83%E3%83%88%E3%80%82.png
INFO: [ app_init ] --START--
INFO: Run Behavior\BuildLiteBehavior [ RunTime:0.000088s ]
INFO: [ app_init ] --END-- [ RunTime:0.000793s ]
ERR: 无法加载模块:Public

[ 2016-03-22T20:28:05+08:00 ] ::1 /Public/imglist/%EF%BC%8A%E3%83%8F%E3%83%AD%E3%83%BC%E3%80%81%E3%83%97%E3%83%A9%E3%83%8D%E3%83%83%E3%83%88%E3%80%82.png
INFO: [ app_init ] --START--
INFO: Run Behavior\BuildLiteBehavior [ RunTime:0.000090s ]
INFO: [ app_init ] --END-- [ RunTime:0.000795s ]
ERR: 无法加载模块:Public

[ 2016-03-22T20:28:37+08:00 ] ::1 /imglist/%E6%98%8E%E6%98%9F%E3%83%AD%E3%82%B1%E3%83%83%E3%83%88.png
INFO: [ app_init ] --START--
INFO: Run Behavior\BuildLiteBehavior [ RunTime:0.000142s ]
INFO: [ app_init ] --END-- [ RunTime:0.000818s ]
ERR: 无法加载模块:Imglist

[ 2016-03-22T20:28:37+08:00 ] ::1 /Public/asset/css/main.css.map
INFO: [ app_init ] --START--
INFO: Run Behavior\BuildLiteBehavior [ RunTime:0.000087s ]
INFO: [ app_init ] --END-- [ RunTime:0.000797s ]
ERR: 无法加载模块:Public

[ 2016-03-22T20:28:38+08:00 ] ::1 /Public/imglist/L'%C3%A9pilogue.png
INFO: [ app_init ] --START--
INFO: Run Behavior\BuildLiteBehavior [ RunTime:0.000147s ]
INFO: [ app_init ] --END-- [ RunTime:0.001341s ]
ERR: 无法加载模块:Public

[ 2016-03-22T20:28:38+08:00 ] ::1 /Public/imglist/Air's%20gravity.png
INFO: [ app_init ] --START--
INFO: Run Behavior\BuildLiteBehavior [ RunTime:0.000129s ]
INFO: [ app_init ] --END-- [ RunTime:0.000900s ]
ERR: 无法加载模块:Public

[ 2016-03-22T20:28:38+08:00 ] ::1 /Public/imglist/1/3%E3%81%AE%E7%B4%94%E6%83%85%E3%81%AA%E6%84%9F%E6%83%85.png
INFO: [ app_init ] --START--
INFO: Run Behavior\BuildLiteBehavior [ RunTime:0.000094s ]
INFO: [ app_init ] --END-- [ RunTime:0.000951s ]
ERR: 无法加载模块:Public

[ 2016-03-22T20:28:59+08:00 ] ::1 /Public/imglist/Air's%20gravity.png
INFO: [ app_init ] --START--
INFO: Run Behavior\BuildLiteBehavior [ RunTime:0.000127s ]
INFO: [ app_init ] --END-- [ RunTime:0.000822s ]
ERR: 无法加载模块:Public

[ 2016-03-22T20:29:44+08:00 ] ::1 /Public/imglist/L'%C3%A9pilogue.png
INFO: [ app_init ] --START--
INFO: Run Behavior\BuildLiteBehavior [ RunTime:0.000177s ]
INFO: [ app_init ] --END-- [ RunTime:0.001298s ]
ERR: 无法加载模块:Public

[ 2016-03-22T20:31:44+08:00 ] ::1 /Public/imglist/1/3%E3%81%AE%E7%B4%94%E6%83%85%E3%81%AA%E6%84%9F%E6%83%85.png
INFO: [ app_init ] --START--
INFO: Run Behavior\BuildLiteBehavior [ RunTime:0.000090s ]
INFO: [ app_init ] --END-- [ RunTime:0.000898s ]
ERR: 无法加载模块:Public

[ 2016-03-22T20:32:58+08:00 ] ::1 /imglist/%E6%98%8E%E6%98%9F%E3%83%AD%E3%82%B1%E3%83%83%E3%83%88.png
INFO: [ app_init ] --START--
INFO: Run Behavior\BuildLiteBehavior [ RunTime:0.000085s ]
INFO: [ app_init ] --END-- [ RunTime:0.000780s ]
ERR: 无法加载模块:Imglist

[ 2016-03-22T20:32:58+08:00 ] ::1 /Public/asset/css/main.css.map
INFO: [ app_init ] --START--
INFO: Run Behavior\BuildLiteBehavior [ RunTime:0.000085s ]
INFO: [ app_init ] --END-- [ RunTime:0.000863s ]
ERR: 无法加载模块:Public

[ 2016-03-22T20:34:00+08:00 ] ::1 /Public/asset/css/main.css.map
INFO: [ app_init ] --START--
INFO: Run Behavior\BuildLiteBehavior [ RunTime:0.000218s ]
INFO: [ app_init ] --END-- [ RunTime:0.001290s ]
ERR: 无法加载模块:Public

[ 2016-03-22T20:34:06+08:00 ] ::1 /imglist/%E6%98%8E%E6%98%9F%E3%83%AD%E3%82%B1%E3%83%83%E3%83%88.png
INFO: [ app_init ] --START--
INFO: Run Behavior\BuildLiteBehavior [ RunTime:0.000098s ]
INFO: [ app_init ] --END-- [ RunTime:0.000952s ]
ERR: 无法加载模块:Imglist

[ 2016-03-22T20:34:43+08:00 ] ::1 /Public/asset/css/main.css.map
INFO: [ app_init ] --START--
INFO: Run Behavior\BuildLiteBehavior [ RunTime:0.000089s ]
INFO: [ app_init ] --END-- [ RunTime:0.000831s ]
ERR: 无法加载模块:Public

[ 2016-03-22T20:34:48+08:00 ] ::1 /Public/asset/css/main.css.map
INFO: [ app_init ] --START--
INFO: Run Behavior\BuildLiteBehavior [ RunTime:0.000088s ]
INFO: [ app_init ] --END-- [ RunTime:0.000762s ]
ERR: 无法加载模块:Public

[ 2016-03-22T20:35:42+08:00 ] ::1 /Public/asset/css/main.css.map
INFO: [ app_init ] --START--
INFO: Run Behavior\BuildLiteBehavior [ RunTime:0.000089s ]
INFO: [ app_init ] --END-- [ RunTime:0.000768s ]
ERR: 无法加载模块:Public

[ 2016-03-22T20:39:54+08:00 ] ::1 /Public/asset/css/main.css.map
INFO: [ app_init ] --START--
INFO: Run Behavior\BuildLiteBehavior [ RunTime:0.000159s ]
INFO: [ app_init ] --END-- [ RunTime:0.001353s ]
ERR: 无法加载模块:Public

[ 2016-03-22T20:48:40+08:00 ] 192.168.3.44 /cameo/admin/index.html
INFO: [ app_init ] --START--
INFO: Run Behavior\BuildLiteBehavior [ RunTime:0.000206s ]
INFO: [ app_init ] --END-- [ RunTime:0.001755s ]
ERR: 无法加载模块:Cameo

[ 2016-03-22T20:49:37+08:00 ] ::1 /Public/asset/css/main.css.map
INFO: [ app_init ] --START--
INFO: Run Behavior\BuildLiteBehavior [ RunTime:0.000097s ]
INFO: [ app_init ] --END-- [ RunTime:0.000814s ]
ERR: 无法加载模块:Public

[ 2016-03-22T20:49:38+08:00 ] ::1 /Public/asset/css/main.css.map
INFO: [ app_init ] --START--
INFO: Run Behavior\BuildLiteBehavior [ RunTime:0.000086s ]
INFO: [ app_init ] --END-- [ RunTime:0.000762s ]
ERR: 无法加载模块:Public

[ 2016-03-22T20:49:40+08:00 ] ::1 /Public/asset/css/main.css.map
INFO: [ app_init ] --START--
INFO: Run Behavior\BuildLiteBehavior [ RunTime:0.000084s ]
INFO: [ app_init ] --END-- [ RunTime:0.000754s ]
ERR: 无法加载模块:Public

[ 2016-03-22T20:49:47+08:00 ] ::1 /Public/asset/css/main.css.map
INFO: [ app_init ] --START--
INFO: Run Behavior\BuildLiteBehavior [ RunTime:0.000085s ]
INFO: [ app_init ] --END-- [ RunTime:0.000763s ]
ERR: 无法加载模块:Public

[ 2016-03-22T20:49:50+08:00 ] ::1 /Public/asset/css/main.css.map
INFO: [ app_init ] --START--
INFO: Run Behavior\BuildLiteBehavior [ RunTime:0.000113s ]
INFO: [ app_init ] --END-- [ RunTime:0.000796s ]
ERR: 无法加载模块:Public

[ 2016-03-22T20:49:52+08:00 ] ::1 /Public/asset/css/main.css.map
INFO: [ app_init ] --START--
INFO: Run Behavior\BuildLiteBehavior [ RunTime:0.000086s ]
INFO: [ app_init ] --END-- [ RunTime:0.000742s ]
ERR: 无法加载模块:Public

[ 2016-03-22T20:49:52+08:00 ] ::1 /Public/asset/css/main.css.map
INFO: [ app_init ] --START--
INFO: Run Behavior\BuildLiteBehavior [ RunTime:0.000096s ]
INFO: [ app_init ] --END-- [ RunTime:0.000844s ]
ERR: 无法加载模块:Public

[ 2016-03-22T20:49:54+08:00 ] ::1 /Public/asset/css/main.css.map
INFO: [ app_init ] --START--
INFO: Run Behavior\BuildLiteBehavior [ RunTime:0.000126s ]
INFO: [ app_init ] --END-- [ RunTime:0.000933s ]
ERR: 无法加载模块:Public

[ 2016-03-22T20:50:31+08:00 ] ::1 /Public/asset/css/main.css.map
INFO: [ app_init ] --START--
INFO: Run Behavior\BuildLiteBehavior [ RunTime:0.000088s ]
INFO: [ app_init ] --END-- [ RunTime:0.000809s ]
ERR: 无法加载模块:Public

