[ 2016-02-23T16:39:19+08:00 ] ::1 /mailist_tp/imglist/%E6%98%8E%E6%98%9F%E3%83%AD%E3%82%B1%E3%83%83%E3%83%88.png
INFO: [ app_init ] --START--
INFO: Run Behavior\BuildLiteBehavior [ RunTime:0.000116s ]
INFO: [ app_init ] --END-- [ RunTime:0.000749s ]
ERR: 无法加载模块:Imglist

[ 2016-02-23T16:39:19+08:00 ] ::1 /mailist_tp/Public/imglist/Yet%20Another
INFO: [ app_init ] --START--
INFO: Run Behavior\BuildLiteBehavior [ RunTime:0.000165s ]
INFO: [ app_init ] --END-- [ RunTime:0.001303s ]
ERR: 无法加载模块:Public

[ 2016-02-23T16:39:20+08:00 ] ::1 /mailist_tp/Public/imglist/L'%C3%A9pilogue.png
INFO: [ app_init ] --START--
INFO: Run Behavior\BuildLiteBehavior [ RunTime:0.000155s ]
INFO: [ app_init ] --END-- [ RunTime:0.001327s ]
ERR: 无法加载模块:Public

[ 2016-02-23T16:39:20+08:00 ] ::1 /mailist_tp/Public/imglist/Air's%20gravity.png
INFO: [ app_init ] --START--
INFO: Run Behavior\BuildLiteBehavior [ RunTime:0.000108s ]
INFO: [ app_init ] --END-- [ RunTime:0.000931s ]
ERR: 无法加载模块:Public

[ 2016-02-23T16:39:20+08:00 ] ::1 /mailist_tp/Public/imglist/%EF%BC%8A%E3%83%8F%E3%83%AD%E3%83%BC%E3%80%81%E3%83%97%E3%83%A9%E3%83%8D%E3%83%83%E3%83%88%E3%80%82.png
INFO: [ app_init ] --START--
INFO: Run Behavior\BuildLiteBehavior [ RunTime:0.000134s ]
INFO: [ app_init ] --END-- [ RunTime:0.001147s ]
ERR: 无法加载模块:Public

[ 2016-02-23T16:39:20+08:00 ] ::1 /mailist_tp/Public/imglist/%E6%82%AA%E6%88%B1.png
INFO: [ app_init ] --START--
INFO: Run Behavior\BuildLiteBehavior [ RunTime:0.000099s ]
INFO: [ app_init ] --END-- [ RunTime:0.000987s ]
ERR: 无法加载模块:Public

[ 2016-02-23T16:39:20+08:00 ] ::1 /mailist_tp/Public/imglist/1/3%E3%81%AE%E7%B4%94%E6%83%85%E3%81%AA%E6%84%9F%E6%83%85.png
INFO: [ app_init ] --START--
INFO: Run Behavior\BuildLiteBehavior [ RunTime:0.000182s ]
INFO: [ app_init ] --END-- [ RunTime:0.001373s ]
ERR: 无法加载模块:Public

[ 2016-02-23T16:39:20+08:00 ] ::1 /mailist_tp/Public/imglist/%E3%81%A4%E3%81%91%E3%81%BE%E3%81%A4%E3%81%91%E3%82%8B.png
INFO: [ app_init ] --START--
INFO: Run Behavior\BuildLiteBehavior [ RunTime:0.000176s ]
INFO: [ app_init ] --END-- [ RunTime:0.001357s ]
ERR: 无法加载模块:Public

[ 2016-02-23T16:39:20+08:00 ] ::1 /mailist_tp/Public/imglist/CANDY%20CANDY.png
INFO: [ app_init ] --START--
INFO: Run Behavior\BuildLiteBehavior [ RunTime:0.000159s ]
INFO: [ app_init ] --END-- [ RunTime:0.001342s ]
ERR: 无法加载模块:Public

[ 2016-02-23T16:39:20+08:00 ] ::1 /mailist_tp/Public/imglist/SPELL%20MAGIC.png
INFO: [ app_init ] --START--
INFO: Run Behavior\BuildLiteBehavior [ RunTime:0.000196s ]
INFO: [ app_init ] --END-- [ RunTime:0.001515s ]
ERR: 无法加载模块:Public

[ 2016-02-23T17:22:50+08:00 ] ::1 /mailist_tp/imglist/%E6%98%8E%E6%98%9F%E3%83%AD%E3%82%B1%E3%83%83%E3%83%88.png
INFO: [ app_init ] --START--
INFO: Run Behavior\BuildLiteBehavior [ RunTime:0.000086s ]
INFO: [ app_init ] --END-- [ RunTime:0.000757s ]
ERR: 无法加载模块:Imglist

[ 2016-02-23T17:22:50+08:00 ] ::1 /mailist_tp/Public/imglist/Yet%20Another
INFO: [ app_init ] --START--
INFO: Run Behavior\BuildLiteBehavior [ RunTime:0.000112s ]
INFO: [ app_init ] --END-- [ RunTime:0.000928s ]
ERR: 无法加载模块:Public

[ 2016-02-23T17:22:50+08:00 ] ::1 /mailist_tp/Public/imglist/L'%C3%A9pilogue.png
INFO: [ app_init ] --START--
INFO: Run Behavior\BuildLiteBehavior [ RunTime:0.000154s ]
INFO: [ app_init ] --END-- [ RunTime:0.001283s ]
ERR: 无法加载模块:Public

[ 2016-02-23T17:22:50+08:00 ] ::1 /mailist_tp/Public/imglist/Air's%20gravity.png
INFO: [ app_init ] --START--
INFO: Run Behavior\BuildLiteBehavior [ RunTime:0.000130s ]
INFO: [ app_init ] --END-- [ RunTime:0.000828s ]
ERR: 无法加载模块:Public

[ 2016-02-23T17:22:50+08:00 ] ::1 /mailist_tp/Public/imglist/%EF%BC%8A%E3%83%8F%E3%83%AD%E3%83%BC%E3%80%81%E3%83%97%E3%83%A9%E3%83%8D%E3%83%83%E3%83%88%E3%80%82.png
INFO: [ app_init ] --START--
INFO: Run Behavior\BuildLiteBehavior [ RunTime:0.000153s ]
INFO: [ app_init ] --END-- [ RunTime:0.001289s ]
ERR: 无法加载模块:Public

[ 2016-02-23T17:22:50+08:00 ] ::1 /mailist_tp/Public/imglist/%E6%82%AA%E6%88%B1.png
INFO: [ app_init ] --START--
INFO: Run Behavior\BuildLiteBehavior [ RunTime:0.000145s ]
INFO: [ app_init ] --END-- [ RunTime:0.001200s ]
ERR: 无法加载模块:Public

[ 2016-02-23T17:22:50+08:00 ] ::1 /mailist_tp/Public/imglist/1/3%E3%81%AE%E7%B4%94%E6%83%85%E3%81%AA%E6%84%9F%E6%83%85.png
INFO: [ app_init ] --START--
INFO: Run Behavior\BuildLiteBehavior [ RunTime:0.000148s ]
INFO: [ app_init ] --END-- [ RunTime:0.001428s ]
ERR: 无法加载模块:Public

[ 2016-02-23T17:22:50+08:00 ] ::1 /mailist_tp/Public/imglist/CANDY%20CANDY.png
INFO: [ app_init ] --START--
INFO: Run Behavior\BuildLiteBehavior [ RunTime:0.000153s ]
INFO: [ app_init ] --END-- [ RunTime:0.001246s ]
ERR: 无法加载模块:Public

[ 2016-02-23T17:22:50+08:00 ] ::1 /mailist_tp/Public/imglist/SPELL%20MAGIC.png
INFO: [ app_init ] --START--
INFO: Run Behavior\BuildLiteBehavior [ RunTime:0.000131s ]
INFO: [ app_init ] --END-- [ RunTime:0.001149s ]
ERR: 无法加载模块:Public

[ 2016-02-23T17:22:50+08:00 ] ::1 /mailist_tp/Public/imglist/%E3%81%A4%E3%81%91%E3%81%BE%E3%81%A4%E3%81%91%E3%82%8B.png
INFO: [ app_init ] --START--
INFO: Run Behavior\BuildLiteBehavior [ RunTime:0.000142s ]
INFO: [ app_init ] --END-- [ RunTime:0.001257s ]
ERR: 无法加载模块:Public

[ 2016-02-23T18:34:52+08:00 ] ::1 /mailist_tp/imglist/%E6%98%8E%E6%98%9F%E3%83%AD%E3%82%B1%E3%83%83%E3%83%88.png
INFO: [ app_init ] --START--
INFO: Run Behavior\BuildLiteBehavior [ RunTime:0.000150s ]
INFO: [ app_init ] --END-- [ RunTime:0.001355s ]
ERR: 无法加载模块:Imglist

[ 2016-02-23T18:34:53+08:00 ] ::1 /mailist_tp/Public/imglist/Yet%20Another
INFO: [ app_init ] --START--
INFO: Run Behavior\BuildLiteBehavior [ RunTime:0.000154s ]
INFO: [ app_init ] --END-- [ RunTime:0.001324s ]
ERR: 无法加载模块:Public

[ 2016-02-23T18:34:53+08:00 ] ::1 /mailist_tp/Public/imglist/L'%C3%A9pilogue.png
INFO: [ app_init ] --START--
INFO: Run Behavior\BuildLiteBehavior [ RunTime:0.000091s ]
INFO: [ app_init ] --END-- [ RunTime:0.000784s ]
ERR: 无法加载模块:Public

[ 2016-02-23T18:34:53+08:00 ] ::1 /mailist_tp/Public/imglist/Air's%20gravity.png
INFO: [ app_init ] --START--
INFO: Run Behavior\BuildLiteBehavior [ RunTime:0.000163s ]
INFO: [ app_init ] --END-- [ RunTime:0.001097s ]
ERR: 无法加载模块:Public

[ 2016-02-23T18:34:53+08:00 ] ::1 /mailist_tp/Public/imglist/%EF%BC%8A%E3%83%8F%E3%83%AD%E3%83%BC%E3%80%81%E3%83%97%E3%83%A9%E3%83%8D%E3%83%83%E3%83%88%E3%80%82.png
INFO: [ app_init ] --START--
INFO: Run Behavior\BuildLiteBehavior [ RunTime:0.000155s ]
INFO: [ app_init ] --END-- [ RunTime:0.001268s ]
ERR: 无法加载模块:Public

[ 2016-02-23T18:34:53+08:00 ] ::1 /mailist_tp/Public/imglist/%E6%82%AA%E6%88%B1.png
INFO: [ app_init ] --START--
INFO: Run Behavior\BuildLiteBehavior [ RunTime:0.000182s ]
INFO: [ app_init ] --END-- [ RunTime:0.001301s ]
ERR: 无法加载模块:Public

[ 2016-02-23T18:34:53+08:00 ] ::1 /mailist_tp/Public/imglist/%E3%81%A4%E3%81%91%E3%81%BE%E3%81%A4%E3%81%91%E3%82%8B.png
INFO: [ app_init ] --START--
INFO: Run Behavior\BuildLiteBehavior [ RunTime:0.000142s ]
INFO: [ app_init ] --END-- [ RunTime:0.001237s ]
ERR: 无法加载模块:Public

[ 2016-02-23T18:34:53+08:00 ] ::1 /mailist_tp/Public/imglist/1/3%E3%81%AE%E7%B4%94%E6%83%85%E3%81%AA%E6%84%9F%E6%83%85.png
INFO: [ app_init ] --START--
INFO: Run Behavior\BuildLiteBehavior [ RunTime:0.000158s ]
INFO: [ app_init ] --END-- [ RunTime:0.002812s ]
ERR: 无法加载模块:Public

[ 2016-02-23T18:34:53+08:00 ] ::1 /mailist_tp/Public/imglist/SPELL%20MAGIC.png
INFO: [ app_init ] --START--
INFO: Run Behavior\BuildLiteBehavior [ RunTime:0.000155s ]
INFO: [ app_init ] --END-- [ RunTime:0.001336s ]
ERR: 无法加载模块:Public

[ 2016-02-23T18:34:53+08:00 ] ::1 /mailist_tp/Public/imglist/CANDY%20CANDY.png
INFO: [ app_init ] --START--
INFO: Run Behavior\BuildLiteBehavior [ RunTime:0.000089s ]
INFO: [ app_init ] --END-- [ RunTime:0.001089s ]
ERR: 无法加载模块:Public

[ 2016-02-23T18:46:31+08:00 ] ::1 /mailist_tp/imglist/%E6%98%8E%E6%98%9F%E3%83%AD%E3%82%B1%E3%83%83%E3%83%88.png
INFO: [ app_init ] --START--
INFO: Run Behavior\BuildLiteBehavior [ RunTime:0.000108s ]
INFO: [ app_init ] --END-- [ RunTime:0.000774s ]
ERR: 无法加载模块:Imglist

[ 2016-02-23T18:46:31+08:00 ] ::1 /mailist_tp/Public/imglist/Yet%20Another
INFO: [ app_init ] --START--
INFO: Run Behavior\BuildLiteBehavior [ RunTime:0.000078s ]
INFO: [ app_init ] --END-- [ RunTime:0.000683s ]
ERR: 无法加载模块:Public

[ 2016-02-23T18:46:32+08:00 ] ::1 /mailist_tp/Public/imglist/%EF%BC%8A%E3%83%8F%E3%83%AD%E3%83%BC%E3%80%81%E3%83%97%E3%83%A9%E3%83%8D%E3%83%83%E3%83%88%E3%80%82.png
INFO: [ app_init ] --START--
INFO: Run Behavior\BuildLiteBehavior [ RunTime:0.000092s ]
INFO: [ app_init ] --END-- [ RunTime:0.000924s ]
ERR: 无法加载模块:Public

[ 2016-02-23T18:46:32+08:00 ] ::1 /mailist_tp/Public/imglist/L'%C3%A9pilogue.png
INFO: [ app_init ] --START--
INFO: Run Behavior\BuildLiteBehavior [ RunTime:0.000188s ]
INFO: [ app_init ] --END-- [ RunTime:0.001276s ]
ERR: 无法加载模块:Public

[ 2016-02-23T18:46:32+08:00 ] ::1 /mailist_tp/Public/imglist/Air's%20gravity.png
INFO: [ app_init ] --START--
INFO: Run Behavior\BuildLiteBehavior [ RunTime:0.000149s ]
INFO: [ app_init ] --END-- [ RunTime:0.001326s ]
ERR: 无法加载模块:Public

[ 2016-02-23T18:46:32+08:00 ] ::1 /mailist_tp/Public/imglist/%E6%82%AA%E6%88%B1.png
INFO: [ app_init ] --START--
INFO: Run Behavior\BuildLiteBehavior [ RunTime:0.000141s ]
INFO: [ app_init ] --END-- [ RunTime:0.001241s ]
ERR: 无法加载模块:Public

[ 2016-02-23T18:46:32+08:00 ] ::1 /mailist_tp/Public/imglist/1/3%E3%81%AE%E7%B4%94%E6%83%85%E3%81%AA%E6%84%9F%E6%83%85.png
INFO: [ app_init ] --START--
INFO: Run Behavior\BuildLiteBehavior [ RunTime:0.000162s ]
INFO: [ app_init ] --END-- [ RunTime:0.001388s ]
ERR: 无法加载模块:Public

[ 2016-02-23T18:46:32+08:00 ] ::1 /mailist_tp/Public/imglist/%E3%81%A4%E3%81%91%E3%81%BE%E3%81%A4%E3%81%91%E3%82%8B.png
INFO: [ app_init ] --START--
INFO: Run Behavior\BuildLiteBehavior [ RunTime:0.000168s ]
INFO: [ app_init ] --END-- [ RunTime:0.001586s ]
ERR: 无法加载模块:Public

[ 2016-02-23T18:46:32+08:00 ] ::1 /mailist_tp/Public/imglist/CANDY%20CANDY.png
INFO: [ app_init ] --START--
INFO: Run Behavior\BuildLiteBehavior [ RunTime:0.000147s ]
INFO: [ app_init ] --END-- [ RunTime:0.001316s ]
ERR: 无法加载模块:Public

[ 2016-02-23T18:46:32+08:00 ] ::1 /mailist_tp/Public/imglist/SPELL%20MAGIC.png
INFO: [ app_init ] --START--
INFO: Run Behavior\BuildLiteBehavior [ RunTime:0.000184s ]
INFO: [ app_init ] --END-- [ RunTime:0.001578s ]
ERR: 无法加载模块:Public

[ 2016-02-23T18:47:01+08:00 ] ::1 /mailist_tp/imglist/%E6%98%8E%E6%98%9F%E3%83%AD%E3%82%B1%E3%83%83%E3%83%88.png
INFO: [ app_init ] --START--
INFO: Run Behavior\BuildLiteBehavior [ RunTime:0.000184s ]
INFO: [ app_init ] --END-- [ RunTime:0.001408s ]
ERR: 无法加载模块:Imglist

[ 2016-02-23T18:47:01+08:00 ] ::1 /mailist_tp/Public/imglist/Yet%20Another
INFO: [ app_init ] --START--
INFO: Run Behavior\BuildLiteBehavior [ RunTime:0.000180s ]
INFO: [ app_init ] --END-- [ RunTime:0.001631s ]
ERR: 无法加载模块:Public

[ 2016-02-23T18:47:01+08:00 ] ::1 /mailist_tp/Public/imglist/L'%C3%A9pilogue.png
INFO: [ app_init ] --START--
INFO: Run Behavior\BuildLiteBehavior [ RunTime:0.000191s ]
INFO: [ app_init ] --END-- [ RunTime:0.001317s ]
ERR: 无法加载模块:Public

[ 2016-02-23T18:47:01+08:00 ] ::1 /mailist_tp/Public/imglist/Air's%20gravity.png
INFO: [ app_init ] --START--
INFO: Run Behavior\BuildLiteBehavior [ RunTime:0.000144s ]
INFO: [ app_init ] --END-- [ RunTime:0.001126s ]
ERR: 无法加载模块:Public

[ 2016-02-23T18:47:01+08:00 ] ::1 /mailist_tp/Public/imglist/%EF%BC%8A%E3%83%8F%E3%83%AD%E3%83%BC%E3%80%81%E3%83%97%E3%83%A9%E3%83%8D%E3%83%83%E3%83%88%E3%80%82.png
INFO: [ app_init ] --START--
INFO: Run Behavior\BuildLiteBehavior [ RunTime:0.000149s ]
INFO: [ app_init ] --END-- [ RunTime:0.001110s ]
ERR: 无法加载模块:Public

[ 2016-02-23T18:47:01+08:00 ] ::1 /mailist_tp/Public/imglist/%E6%82%AA%E6%88%B1.png
INFO: [ app_init ] --START--
INFO: Run Behavior\BuildLiteBehavior [ RunTime:0.000184s ]
INFO: [ app_init ] --END-- [ RunTime:0.001331s ]
ERR: 无法加载模块:Public

[ 2016-02-23T18:47:01+08:00 ] ::1 /mailist_tp/Public/imglist/CANDY%20CANDY.png
INFO: [ app_init ] --START--
INFO: Run Behavior\BuildLiteBehavior [ RunTime:0.000234s ]
INFO: [ app_init ] --END-- [ RunTime:0.001531s ]
ERR: 无法加载模块:Public

[ 2016-02-23T18:47:01+08:00 ] ::1 /mailist_tp/Public/imglist/SPELL%20MAGIC.png
INFO: [ app_init ] --START--
INFO: Run Behavior\BuildLiteBehavior [ RunTime:0.000189s ]
INFO: [ app_init ] --END-- [ RunTime:0.001434s ]
ERR: 无法加载模块:Public

[ 2016-02-23T18:47:01+08:00 ] ::1 /mailist_tp/Public/imglist/1/3%E3%81%AE%E7%B4%94%E6%83%85%E3%81%AA%E6%84%9F%E6%83%85.png
INFO: [ app_init ] --START--
INFO: Run Behavior\BuildLiteBehavior [ RunTime:0.000199s ]
INFO: [ app_init ] --END-- [ RunTime:0.001594s ]
ERR: 无法加载模块:Public

[ 2016-02-23T18:47:01+08:00 ] ::1 /mailist_tp/Public/imglist/%E3%81%A4%E3%81%91%E3%81%BE%E3%81%A4%E3%81%91%E3%82%8B.png
INFO: [ app_init ] --START--
INFO: Run Behavior\BuildLiteBehavior [ RunTime:0.000181s ]
INFO: [ app_init ] --END-- [ RunTime:0.001572s ]
ERR: 无法加载模块:Public

[ 2016-02-23T19:01:54+08:00 ] ::1 /mailist_tp/imglist/%E6%98%8E%E6%98%9F%E3%83%AD%E3%82%B1%E3%83%83%E3%83%88.png
INFO: [ app_init ] --START--
INFO: Run Behavior\BuildLiteBehavior [ RunTime:0.000110s ]
INFO: [ app_init ] --END-- [ RunTime:0.000768s ]
ERR: 无法加载模块:Imglist

[ 2016-02-23T19:01:55+08:00 ] ::1 /mailist_tp/Public/imglist/Yet%20Another
INFO: [ app_init ] --START--
INFO: Run Behavior\BuildLiteBehavior [ RunTime:0.000185s ]
INFO: [ app_init ] --END-- [ RunTime:0.001368s ]
ERR: 无法加载模块:Public

[ 2016-02-23T19:01:55+08:00 ] ::1 /mailist_tp/Public/imglist/L'%C3%A9pilogue.png
INFO: [ app_init ] --START--
INFO: Run Behavior\BuildLiteBehavior [ RunTime:0.000156s ]
INFO: [ app_init ] --END-- [ RunTime:0.001352s ]
ERR: 无法加载模块:Public

[ 2016-02-23T19:01:55+08:00 ] ::1 /mailist_tp/Public/imglist/Air's%20gravity.png
INFO: [ app_init ] --START--
INFO: Run Behavior\BuildLiteBehavior [ RunTime:0.000159s ]
INFO: [ app_init ] --END-- [ RunTime:0.001375s ]
ERR: 无法加载模块:Public

[ 2016-02-23T19:01:55+08:00 ] ::1 /mailist_tp/Public/imglist/%EF%BC%8A%E3%83%8F%E3%83%AD%E3%83%BC%E3%80%81%E3%83%97%E3%83%A9%E3%83%8D%E3%83%83%E3%83%88%E3%80%82.png
INFO: [ app_init ] --START--
INFO: Run Behavior\BuildLiteBehavior [ RunTime:0.000140s ]
INFO: [ app_init ] --END-- [ RunTime:0.001043s ]
ERR: 无法加载模块:Public

[ 2016-02-23T19:01:55+08:00 ] ::1 /mailist_tp/Public/imglist/%E6%82%AA%E6%88%B1.png
INFO: [ app_init ] --START--
INFO: Run Behavior\BuildLiteBehavior [ RunTime:0.000166s ]
INFO: [ app_init ] --END-- [ RunTime:0.001429s ]
ERR: 无法加载模块:Public

[ 2016-02-23T19:01:55+08:00 ] ::1 /mailist_tp/Public/imglist/1/3%E3%81%AE%E7%B4%94%E6%83%85%E3%81%AA%E6%84%9F%E6%83%85.png
INFO: [ app_init ] --START--
INFO: Run Behavior\BuildLiteBehavior [ RunTime:0.000143s ]
INFO: [ app_init ] --END-- [ RunTime:0.001180s ]
ERR: 无法加载模块:Public

[ 2016-02-23T19:01:55+08:00 ] ::1 /mailist_tp/Public/imglist/%E3%81%A4%E3%81%91%E3%81%BE%E3%81%A4%E3%81%91%E3%82%8B.png
INFO: [ app_init ] --START--
INFO: Run Behavior\BuildLiteBehavior [ RunTime:0.000164s ]
INFO: [ app_init ] --END-- [ RunTime:0.001343s ]
ERR: 无法加载模块:Public

[ 2016-02-23T19:01:55+08:00 ] ::1 /mailist_tp/Public/imglist/CANDY%20CANDY.png
INFO: [ app_init ] --START--
INFO: Run Behavior\BuildLiteBehavior [ RunTime:0.000176s ]
INFO: [ app_init ] --END-- [ RunTime:0.001435s ]
ERR: 无法加载模块:Public

[ 2016-02-23T19:01:55+08:00 ] ::1 /mailist_tp/Public/imglist/SPELL%20MAGIC.png
INFO: [ app_init ] --START--
INFO: Run Behavior\BuildLiteBehavior [ RunTime:0.000171s ]
INFO: [ app_init ] --END-- [ RunTime:0.001413s ]
ERR: 无法加载模块:Public

